Log file open, 10/19/18 15:08:10
LogInit:Display: Running engine for game: fps
LogPlatformFile: Not using cached read wrapper
LogInit:Display: RandInit(-1430331064) SRandInit(-1430331063).
LogTaskGraph: Started task graph with 5 named threads and 6 total threads with 1 sets of task threads.
LogStats: Stats thread started at 5.484424
LogInit: Using libcurl 7.47.1
LogInit:  - built for x86_64-pc-win32
LogInit:  - supports SSL with OpenSSL/1.0.2g
LogInit:  - supports HTTP deflate (compression) using libz 1.2.8
LogInit:  - other features:
LogInit:      CURL_VERSION_SSL
LogInit:      CURL_VERSION_LIBZ
LogInit:      CURL_VERSION_IPV6
LogInit:      CURL_VERSION_ASYNCHDNS
LogInit:      CURL_VERSION_LARGEFILE
LogInit:      CURL_VERSION_IDN
LogInit:  CurlRequestOptions (configurable via config and command line):
LogInit:  - bVerifyPeer = false  - Libcurl will NOT verify peer certificate
LogInit:  - bUseHttpProxy = false  - Libcurl will NOT use HTTP proxy
LogInit:  - bDontReuseConnections = false  - Libcurl will reuse connections
LogInit:  - CertBundlePath = nullptr  - Libcurl will use whatever was configured at build time.
LogInit: Build: ++UE4+Release-4.16-CL-3466753
LogInit: Engine Version: 4.16.1-3466753+++UE4+Release-4.16
LogInit: Compatible Engine Version: 4.16.0-3452394+++UE4+Release-4.16
LogInit: Net CL: 3452394
LogDevObjectVersion: Number of dev versions registered: 16
LogDevObjectVersion:   Dev-Blueprints (B0D832E4-1F89-4F0D-ACCF-7EB736FD4AA2): 9
LogDevObjectVersion:   Dev-Build (E1C64328-A22C-4D53-A36C-8E866417BD8C): 0
LogDevObjectVersion:   Dev-Core (375EC13C-06E4-48FB-B500-84F0262A717E): 2
LogDevObjectVersion:   Dev-Editor (E4B068ED-F494-42E9-A231-DA0B2E46BB41): 17
LogDevObjectVersion:   Dev-Framework (CFFC743F-43B0-4480-9391-14DF171D2073): 23
LogDevObjectVersion:   Dev-Mobile (B02B49B5-BB20-44E9-A304-32B752E40360): 0
LogDevObjectVersion:   Dev-Networking (A4E4105C-59A1-49B5-A7C5-40C4547EDFEE): 0
LogDevObjectVersion:   Dev-Online (39C831C9-5AE6-47DC-9A44-9C173E1C8E7C): 0
LogDevObjectVersion:   Dev-Physics (78F01B33-EBEA-4F98-B9B4-84EACCB95AA2): 0
LogDevObjectVersion:   Dev-Platform (6631380F-2D4D-43E0-8009-CF276956A95A): 0
LogDevObjectVersion:   Dev-Rendering (12F88B9F-8875-4AFC-A67C-D90C383ABD29): 15
LogDevObjectVersion:   Dev-Sequencer (7B5AE74C-D270-4C10-A958-57980B212A5A): 4
LogDevObjectVersion:   Dev-VR (D7296918-1DD6-4BDD-9DE2-64A83CC13884): 0
LogDevObjectVersion:   Dev-LoadTimes (C2A15278-BFE7-4AFE-6C17-90FF531DF755): 1
LogDevObjectVersion:   Private-Geometry (6EACA3D4-40EC-4CC1-B786-8BED09428FC5): 1
LogDevObjectVersion:   Dev-AnimPhys (29E575DD-E0A3-4627-9D10-D276232CDCEA): 3
LogInit: Compiled (64-bit): May 31 2017 02:03:30
LogInit: Compiled with Visual C++: 19.00.24215.01
LogInit: Build Configuration: Development
LogInit: Branch Name: ++UE4+Release-4.16
LogInit: Command line:  
LogInit: Base directory: C:/Program Files/Epic Games/UE_4.16/Engine/Binaries/Win64/
LogInit: Installed Engine Build: 1
LogInit: Presizing for max 8388607 objects, including 0 objects not considered by GC, pre-allocating 0 bytes for permanent pool.
LogInit: Object subsystem initialized
[2018.10.19-22.08.13:009][  0]LogInit: Selected Device Profile: [Windows]
[2018.10.19-22.08.13:009][  0]LogInit: Applying CVar settings loaded from the selected device profile: [Windows]
[2018.10.19-22.08.13:265][  0]LogInit: Computer: DESKTOP-B3GUKJU
[2018.10.19-22.08.13:265][  0]LogInit: User: HP
[2018.10.19-22.08.13:265][  0]LogInit: CPU Page size=4096, Cores=2
[2018.10.19-22.08.13:265][  0]LogInit: High frequency timer resolution =1.851181 MHz
[2018.10.19-22.08.13:266][  0]LogMemory: Memory total: Physical=5.9GB (6GB approx)
[2018.10.19-22.08.13:266][  0]LogMemory: Platform Memory Stats for Windows
[2018.10.19-22.08.13:266][  0]LogMemory: Process Physical Memory: 274.70 MB used, 274.70 MB peak
[2018.10.19-22.08.13:266][  0]LogMemory: Process Virtual Memory: 266.40 MB used, 266.40 MB peak
[2018.10.19-22.08.13:266][  0]LogMemory: Physical Memory: 2457.81 MB used,  3616.34 MB free, 6074.15 MB total
[2018.10.19-22.08.13:266][  0]LogMemory: Virtual Memory: 680.66 MB used,  3616.34 MB free, 134217728.00 MB total
[2018.10.19-22.08.14:970][  0]LogInit: Using OS detected language (en-US).
[2018.10.19-22.08.14:980][  0]LogInit: Using OS detected locale (en-US).
[2018.10.19-22.08.15:850][  0]LogTextLocalizationManager: No specific localization for 'en-US' exists, so the 'en' localization will be used.
[2018.10.19-22.08.30:634][  0]LogD3D11RHI: D3D11 adapters:
[2018.10.19-22.08.30:644][  0]LogD3D11RHI:    0. 'Intel(R) HD Graphics Family' (Feature Level 11_0)
[2018.10.19-22.08.30:644][  0]LogD3D11RHI:       112/0/2048 MB DedicatedVideo/DedicatedSystem/SharedSystem, Outputs:1, VendorId:0x8086
[2018.10.19-22.08.30:647][  0]LogD3D11RHI:    1. 'Microsoft Basic Render Driver' (Feature Level 11_0)
[2018.10.19-22.08.30:647][  0]LogD3D11RHI:       0/0/3037 MB DedicatedVideo/DedicatedSystem/SharedSystem, Outputs:0, VendorId:0x1414
[2018.10.19-22.08.30:647][  0]LogD3D11RHI: Chosen D3D11 Adapter: 0
[2018.10.19-22.08.30:667][  0]LogD3D11RHI: Creating new Direct3DDevice
[2018.10.19-22.08.30:667][  0]LogD3D11RHI:     GPU DeviceId: 0xa16 (for the marketing name, search the web for "GPU Device Id")
[2018.10.19-22.08.30:667][  0]LogWindows: EnumDisplayDevices:
[2018.10.19-22.08.30:667][  0]LogWindows:    0. 'Intel(R) HD Graphics Family' (P:1 D:1)
[2018.10.19-22.08.30:667][  0]LogWindows:    1. 'Intel(R) HD Graphics Family' (P:0 D:0)
[2018.10.19-22.08.30:667][  0]LogWindows:    2. 'Intel(R) HD Graphics Family' (P:0 D:0)
[2018.10.19-22.08.30:667][  0]LogWindows: DebugString: GetVideoDriverDetailsInvalid PrimaryIsNotTheChoosenAdapter GetVideoDriverDetailsInvalid PrimaryIsNotTheChoosenAdapter GetVideoDriverDetailsInvalid PrimaryIsNotTheChoosenAdapter FoundDriverCount:0 
[2018.10.19-22.08.30:667][  0]LogD3D11RHI:     Adapter Name: Intel(R) HD Graphics Family
[2018.10.19-22.08.30:667][  0]LogD3D11RHI:   Driver Version: Unknown (internal:Unknown, unified:Unknown)
[2018.10.19-22.08.30:667][  0]LogD3D11RHI:      Driver Date: Unknown
[2018.10.19-22.08.30:668][  0]LogRHI: Texture pool is 795 MB (70% of 1136 MB)
[2018.10.19-22.08.30:675][  0]LogD3D11RHI: Async texture creation enabled
[2018.10.19-22.08.30:975][  0]LogD3D11RHI: GPU Timing Frequency: 12.500000 (Debug: 2 0)
[2018.10.19-22.08.31:121][  0]LogShaderCompilers: Guid format shader working directory is -18 characters bigger than the processId version (../../../../../../Users/HP/Documents/Unreal Projects/fps 4.16/Intermediate/Shaders/WorkingDirectory/9040/).
[2018.10.19-22.08.31:121][  0]LogShaderCompilers: Cleaned the shader compiler working directory 'C:/Users/HP/AppData/Local/Temp/UnrealShaderWorkingDir/41AAC2054AE2EB43B4B8C68D418A15AA/'.
[2018.10.19-22.08.31:130][  0]LogShaderCompilers:Display: Using Local Shader Compiler.
[2018.10.19-22.08.47:672][  0]LogTemp:Display: Loaded TP AllDesktopTargetPlatform
[2018.10.19-22.08.47:779][  0]LogTemp:Display: Loaded TP MacClientTargetPlatform
[2018.10.19-22.08.47:894][  0]LogTemp:Display: Loaded TP MacNoEditorTargetPlatform
[2018.10.19-22.08.48:009][  0]LogTemp:Display: Loaded TP MacServerTargetPlatform
[2018.10.19-22.08.48:151][  0]LogTemp:Display: Loaded TP MacTargetPlatform
[2018.10.19-22.08.48:268][  0]LogTemp:Display: Loaded TP WindowsClientTargetPlatform
[2018.10.19-22.08.48:381][  0]LogTemp:Display: Loaded TP WindowsNoEditorTargetPlatform
[2018.10.19-22.08.48:538][  0]LogTemp:Display: Loaded TP WindowsServerTargetPlatform
[2018.10.19-22.08.48:651][  0]LogTemp:Display: Loaded TP WindowsTargetPlatform
[2018.10.19-22.08.48:801][  0]LogTemp:Display: Loaded TP AndroidTargetPlatform
[2018.10.19-22.08.48:941][  0]LogTemp:Display: Loaded TP Android_ASTCTargetPlatform
[2018.10.19-22.08.49:049][  0]LogTemp:Display: Loaded TP Android_ATCTargetPlatform
[2018.10.19-22.08.49:160][  0]LogTemp:Display: Loaded TP Android_DXTTargetPlatform
[2018.10.19-22.08.49:272][  0]LogTemp:Display: Loaded TP Android_ETC1TargetPlatform
[2018.10.19-22.08.49:382][  0]LogTemp:Display: Loaded TP Android_ETC2TargetPlatform
[2018.10.19-22.08.49:657][  0]LogTemp:Display: Loaded TP Android_MultiTargetPlatform
[2018.10.19-22.08.49:658][  0]LogTemp:Display: Loaded TP Android_PVRTCTargetPlatform
[2018.10.19-22.08.49:767][  0]LogTemp:Display: Loaded TP HTML5TargetPlatform
[2018.10.19-22.08.50:044][  0]LogTemp:Display: Loaded TP IOSTargetPlatform
[2018.10.19-22.08.50:103][  0]LogTemp:Display: Loaded TP TVOSTargetPlatform
[2018.10.19-22.08.50:220][  0]LogTemp:Display: Loaded TP LinuxClientTargetPlatform
[2018.10.19-22.08.50:328][  0]LogTemp:Display: Loaded TP LinuxNoEditorTargetPlatform
[2018.10.19-22.08.50:433][  0]LogTemp:Display: Loaded TP LinuxServerTargetPlatform
[2018.10.19-22.08.50:566][  0]LogTemp:Display: Loaded TP LinuxTargetPlatform
[2018.10.19-22.08.50:566][  0]LogTargetPlatformManager:Display: Building Assets For Windows
[2018.10.19-22.08.53:482][  0]LogDerivedDataCache:Display: Max Cache Size: 512 MB
[2018.10.19-22.08.54:466][  0]LogDerivedDataCache: Loaded boot cache 0.98s 90MB C:/Users/HP/AppData/Local/UnrealEngine/4.16/DerivedDataCache/Boot.ddc.
[2018.10.19-22.08.54:466][  0]LogDerivedDataCache:Display: Loaded Boot cache: C:/Users/HP/AppData/Local/UnrealEngine/4.16/DerivedDataCache/Boot.ddc
[2018.10.19-22.08.54:466][  0]LogDerivedDataCache: FDerivedDataBackendGraph:  Pak pak cache file ../../../../../../Users/HP/Documents/Unreal Projects/fps 4.16/DerivedDataCache/DDC.ddp not found, will not use a pak cache.
[2018.10.19-22.08.54:466][  0]LogDerivedDataCache: Unable to find inner node Pak for hierarchical cache Hierarchy.
[2018.10.19-22.08.54:466][  0]LogDerivedDataCache: FDerivedDataBackendGraph:  CompressedPak pak cache file ../../../../../../Users/HP/Documents/Unreal Projects/fps 4.16/DerivedDataCache/Compressed.ddp not found, will not use a pak cache.
[2018.10.19-22.08.54:466][  0]LogDerivedDataCache: Unable to find inner node CompressedPak for hierarchical cache Hierarchy.
[2018.10.19-22.08.54:608][  0]LogDerivedDataCache:Display: Pak cache opened for reading ../../../Engine/DerivedDataCache/Compressed.ddp.
[2018.10.19-22.08.54:636][  0]LogDerivedDataCache: Using Local data cache path C:/Users/HP/AppData/Local/UnrealEngine/Common/DerivedDataCache: Writable
[2018.10.19-22.08.54:721][  0]LogMaterial: Verifying Global Shaders for PCD3D_SM5
[2018.10.19-22.08.54:792][  0]LogSlate: Using Freetype 2.6.0
[2018.10.19-22.08.54:887][  0]LogSlate: SlateFontCache - WITH_FREETYPE: 1, WITH_HARFBUZZ: 1
[2018.10.19-22.08.54:887][  0]LogSlate: SlateFontCache - WITH_FREETYPE: 1, WITH_HARFBUZZ: 1
[2018.10.19-22.09.05:323][  0]LogInit: Selected Device Profile: [Windows]
[2018.10.19-22.09.06:895][  0]LogContentStreaming: Texture pool size is 0.00 MB
[2018.10.19-22.09.08:281][  0]LogMeshUtilities: Using QuadricMeshReduction for automatic static mesh reduction
[2018.10.19-22.09.08:647][  0]LogSimplygon: Simplygon DLL not present - disabling.
[2018.10.19-22.09.08:818][  0]LogMeshUtilities: Using SimplygonSwarm for distributed automatic mesh merging
[2018.10.19-22.09.08:818][  0]LogMeshUtilities: No automatic skeletal mesh reduction module available
[2018.10.19-22.09.08:818][  0]LogMeshUtilities: No automatic mesh merging module available
[2018.10.19-22.09.18:146][  0]LogNetVersion: fps , NetCL: 3452394, EngineNetVer: 2, GameNetVer: 0 (Checksum: 1528635445)
[2018.10.19-22.09.18:546][  0]LogAssetRegistry: FAssetRegistry took 0.0672 seconds to start up
[2018.10.19-22.09.19:037][  0]LogPackageLocalizationCache: Processed 4 localized package path(s) for 2 prioritized culture(s) in 0.248969 seconds
[2018.10.19-22.09.19:047][  0]LogUObjectArray: 34194 objects as part of root set at end of initial load.
[2018.10.19-22.09.19:047][  0]LogUObjectAllocator: 7260424 out of 0 bytes used by permanent object pool.
[2018.10.19-22.09.19:047][  0]LogUObjectArray: CloseDisregardForGC: 0/0 objects in disregard for GC pool
[2018.10.19-22.09.19:219][  0]LogInit: WinSock: version 1.1 (2.2), MaxSocks=32767, MaxUdp=65467
[2018.10.19-22.09.54:584][  0]LogTcpMessaging: Initializing TcpMessaging bridge
[2018.10.19-22.09.54:709][  0]LogUdpMessaging: Initializing bridge on interface 0.0.0.0:0 to multicast group 230.0.0.1:6666.
[2018.10.19-22.09.57:576][  0]LogMaterial: Uniform references updated for custom material expression Custom.
[2018.10.19-22.09.59:522][  0]SourceControl: Info Source control is disabled
[2018.10.19-22.10.00:482][  0]SourceControl: Info Source control is disabled
[2018.10.19-22.10.00:895][  0]SourceControl: Info Source control is disabled
[2018.10.19-22.10.01:100][  0]SourceControl: Info Source control is disabled
[2018.10.19-22.10.03:784][  0]LogAndroidPermission: UAndroidPermissionCallbackProxy::GetInstance
[2018.10.19-22.10.05:726][  0]LogEngine: Initializing Engine...
[2018.10.19-22.10.05:778][  0]LogHMD: Failed to initialize OpenVR with code 110
[2018.10.19-22.10.07:035][  0]LogStats: UGameplayTagsManager::ConstructGameplayTagTree: Construct from data asset -  0.000 s
[2018.10.19-22.10.07:035][  0]LogStats: UGameplayTagsManager::ConstructGameplayTagTree: GameplayTagTreeChangedEvent.Broadcast -  0.000 s
[2018.10.19-22.10.07:637][  0]LogAIModule: Creating AISystem for world Untitled
[2018.10.19-22.10.07:843][  0]LogInit: XAudio2 using 'Speaker/HP (Realtek High Definition Audio)' : 2 channels at 48 kHz using 32 bits per sample (channel mask 0x3)
[2018.10.19-22.10.08:392][  0]LogInit: FAudioDevice initialized.
[2018.10.19-22.10.08:465][  0]LogDerivedDataCache: Saved boot cache 0.07s 90MB C:/Users/HP/AppData/Local/UnrealEngine/4.16/DerivedDataCache/Boot.ddc.
[2018.10.19-22.10.08:488][  0]LogInit: Texture streaming: Enabled
[2018.10.19-22.10.08:997][  0]LogEngineSessionManager: EngineSessionManager initialized
[2018.10.19-22.10.10:117][  0]LogInit: Transaction tracking system initialized
[2018.10.19-22.10.11:139][  0]BlueprintLog: New page: Editor Load
[2018.10.19-22.10.14:869][  0]LocalizationService: Info Localization service is disabled
[2018.10.19-22.10.17:241][  0]LogConsoleResponse:Display: 
[2018.10.19-22.10.20:803][  0]LogFileCache: Scanning file cache for directory 'C:/Users/HP/Documents/Unreal Projects/fps 4.16/Content/' took 0.03s
[2018.10.19-22.10.20:803][  0]LogCook:Display: Max memory allowance for cook 16384mb min free memory 0mb
[2018.10.19-22.10.20:803][  0]LogCook:Display: Mobile HDR setting 1
[2018.10.19-22.10.26:176][  0]SourceControl: Info Source control is disabled
[2018.10.19-22.10.26:219][  0]Cmd: MAP LOAD FILE="../../../../../../Users/HP/Documents/Unreal Projects/fps 4.16/Content/StarterContent/Maps/Minimal_Default.umap" TEMPLATE=0 SHOWPROGRESS=1 FEATURELEVEL=3
[2018.10.19-22.10.26:293][  0]LightingResults: New page: Lighting Build
[2018.10.19-22.10.26:526][  0]MapCheck: New page: Map Check
[2018.10.19-22.10.26:526][  0]LightingResults: New page: Lighting Build
[2018.10.19-22.10.30:386][  0]LogAIModule: Creating AISystem for world Minimal_Default
[2018.10.19-22.10.30:889][  0]LogEditorServer: Finished looking for orphan Actors (0.000 secs)
[2018.10.19-22.10.31:004][  0]Cmd: MAP CHECKDEP NOCLEARLOG
[2018.10.19-22.10.31:100][  0]MapCheck: Info Map check complete: 0 Error(s), 0 Warning(s), took 96.196ms to complete.
[2018.10.19-22.10.31:100][  0]LogFileHelpers: Loading map 'Minimal_Default' took 4.891
[2018.10.19-22.10.33:129][  0]LogCollectionManager: Loaded 0 collections in 0.002589 seconds
[2018.10.19-22.10.33:515][  0]LogFileCache: Scanning file cache for directory 'C:/Users/HP/Documents/Unreal Projects/fps 4.16/Saved/Collections/' took 0.01s
[2018.10.19-22.10.33:515][  0]LogFileCache: Scanning file cache for directory 'C:/Users/HP/Documents/Unreal Projects/fps 4.16/Content/Developers/HP/Collections/' took 0.01s
[2018.10.19-22.10.33:515][  0]LogFileCache: Scanning file cache for directory 'C:/Users/HP/Documents/Unreal Projects/fps 4.16/Content/Collections/' took 0.01s
[2018.10.19-22.10.33:515][  0]LogCollectionManager: Rebuilt the GUID cache for 0 collections in 0.000006 seconds
[2018.10.19-22.10.33:554][  0]LogContentBrowser: Native class hierarchy populated in 0.0366 seconds. Added 2329 classes and 491 folders.
[2018.10.19-22.10.33:807][  0]LogContentBrowser: Native class hierarchy updated for 'WidgetCarousel' in 0.0009 seconds. Added 0 classes and 0 folders.
[2018.10.19-22.10.36:023][  0]LogContentBrowser: Native class hierarchy updated for 'AddContentDialog' in 0.0009 seconds. Added 0 classes and 0 folders.
[2018.10.19-22.10.36:260][  0]LogContentBrowser: Native class hierarchy updated for 'SceneOutliner' in 0.0009 seconds. Added 1 classes and 2 folders.
[2018.10.19-22.10.37:003][  0]LogCrashTracker: Crashtracker disabled due to settings.
[2018.10.19-22.10.37:119][  0]LogUObjectGlobals:Warning: Failed to find object 'Class None.'
[2018.10.19-22.10.37:318][  0]LogContentBrowser: Native class hierarchy updated for 'HierarchicalLODOutliner' in 0.0010 seconds. Added 1 classes and 2 folders.
[2018.10.19-22.10.37:318][  0]LogLoad: (Engine Initialization) Total time: 166.08 seconds
[2018.10.19-22.10.37:318][  0]LogLoad: (Engine Initialization) Total Blueprint compile time: 1.38 seconds
[2018.10.19-22.10.37:318][  0]LogExternalProfiler: No external profilers were discovered.  External profiling features will not be available.
[2018.10.19-22.10.37:365][  0]LogOcInput: OculusInput pre-init called
[2018.10.19-22.10.37:365][  0]LogHMD: Starting GearVRController plugin
[2018.10.19-22.10.37:560][  0]LogContentStreaming: Texture pool size now 800 MB
[2018.10.19-22.10.37:654][  0]LogSlate: Took 0.020385 seconds to synchronously load lazily loaded font '../../../Engine/Content/Slate/Fonts/Roboto-Regular.ttf' (155K)
[2018.10.19-22.10.37:675][  0]LogSlate: Took 0.018394 seconds to synchronously load lazily loaded font '../../../Engine/Content/Slate/Fonts/Roboto-Bold.ttf' (160K)
[2018.10.19-22.10.37:740][  0]LogSlate: Took 0.019195 seconds to synchronously load lazily loaded font '../../../Engine/Content/Editor/Slate/Fonts/FontAwesome.ttf' (139K)
[2018.10.19-22.10.38:874][  2]LogRenderer: Reallocating scene render targets to support 760x360 NumSamples 1 (Frame:1).
[2018.10.19-22.10.40:350][  3]LogSlate: Took 0.021561 seconds to synchronously load lazily loaded font '../../../Engine/Content/Slate/Fonts/Roboto-Light.ttf' (159K)
[2018.10.19-22.10.40:876][  4]LogAssetRegistry: Asset discovery search completed in 82.3546 seconds
[2018.10.19-22.10.40:882][  4]LogCollectionManager: Rebuilt the object cache for 0 collections in 0.000001 seconds (found 0 objects)
[2018.10.19-22.10.40:882][  4]LogCollectionManager: Fixed up redirectors for 0 collections in 0.000072 seconds (updated 0 objects)
