Log file open, 10/19/18 21:11:31
LogInit:Display: Running engine for game: fps
LogPlatformFile: Not using cached read wrapper
LogInit:Display: RandInit(292242118) SRandInit(292242118).
LogTaskGraph: Started task graph with 5 named threads and 6 total threads with 1 sets of task threads.
LogStats: Stats thread started at 0.109808
LogInit: Using libcurl 7.47.1
LogInit:  - built for x86_64-pc-win32
LogInit:  - supports SSL with OpenSSL/1.0.2g
LogInit:  - supports HTTP deflate (compression) using libz 1.2.8
LogInit:  - other features:
LogInit:      CURL_VERSION_SSL
LogInit:      CURL_VERSION_LIBZ
LogInit:      CURL_VERSION_IPV6
LogInit:      CURL_VERSION_ASYNCHDNS
LogInit:      CURL_VERSION_LARGEFILE
LogInit:      CURL_VERSION_IDN
LogInit:  CurlRequestOptions (configurable via config and command line):
LogInit:  - bVerifyPeer = false  - Libcurl will NOT verify peer certificate
LogInit:  - bUseHttpProxy = false  - Libcurl will NOT use HTTP proxy
LogInit:  - bDontReuseConnections = false  - Libcurl will reuse connections
LogInit:  - CertBundlePath = nullptr  - Libcurl will use whatever was configured at build time.
LogInit: Build: ++UE4+Release-4.16-CL-3466753
LogInit: Engine Version: 4.16.1-3466753+++UE4+Release-4.16
LogInit: Compatible Engine Version: 4.16.0-3452394+++UE4+Release-4.16
LogInit: Net CL: 3452394
LogDevObjectVersion: Number of dev versions registered: 16
LogDevObjectVersion:   Dev-Blueprints (B0D832E4-1F89-4F0D-ACCF-7EB736FD4AA2): 9
LogDevObjectVersion:   Dev-Build (E1C64328-A22C-4D53-A36C-8E866417BD8C): 0
LogDevObjectVersion:   Dev-Core (375EC13C-06E4-48FB-B500-84F0262A717E): 2
LogDevObjectVersion:   Dev-Editor (E4B068ED-F494-42E9-A231-DA0B2E46BB41): 17
LogDevObjectVersion:   Dev-Framework (CFFC743F-43B0-4480-9391-14DF171D2073): 23
LogDevObjectVersion:   Dev-Mobile (B02B49B5-BB20-44E9-A304-32B752E40360): 0
LogDevObjectVersion:   Dev-Networking (A4E4105C-59A1-49B5-A7C5-40C4547EDFEE): 0
LogDevObjectVersion:   Dev-Online (39C831C9-5AE6-47DC-9A44-9C173E1C8E7C): 0
LogDevObjectVersion:   Dev-Physics (78F01B33-EBEA-4F98-B9B4-84EACCB95AA2): 0
LogDevObjectVersion:   Dev-Platform (6631380F-2D4D-43E0-8009-CF276956A95A): 0
LogDevObjectVersion:   Dev-Rendering (12F88B9F-8875-4AFC-A67C-D90C383ABD29): 15
LogDevObjectVersion:   Dev-Sequencer (7B5AE74C-D270-4C10-A958-57980B212A5A): 4
LogDevObjectVersion:   Dev-VR (D7296918-1DD6-4BDD-9DE2-64A83CC13884): 0
LogDevObjectVersion:   Dev-LoadTimes (C2A15278-BFE7-4AFE-6C17-90FF531DF755): 1
LogDevObjectVersion:   Private-Geometry (6EACA3D4-40EC-4CC1-B786-8BED09428FC5): 1
LogDevObjectVersion:   Dev-AnimPhys (29E575DD-E0A3-4627-9D10-D276232CDCEA): 3
LogInit: Compiled (64-bit): May 31 2017 02:03:30
LogInit: Compiled with Visual C++: 19.00.24215.01
LogInit: Build Configuration: Development
LogInit: Branch Name: ++UE4+Release-4.16
LogInit: Command line:  
LogInit: Base directory: C:/Program Files/Epic Games/UE_4.16/Engine/Binaries/Win64/
LogInit: Installed Engine Build: 1
LogInit: Presizing for max 8388607 objects, including 0 objects not considered by GC, pre-allocating 0 bytes for permanent pool.
LogInit: Object subsystem initialized
[2018.10.20-04.11.32:635][  0]LogInit: Selected Device Profile: [Windows]
[2018.10.20-04.11.32:635][  0]LogInit: Applying CVar settings loaded from the selected device profile: [Windows]
[2018.10.20-04.11.32:707][  0]LogInit: Computer: DESKTOP-B3GUKJU
[2018.10.20-04.11.32:707][  0]LogInit: User: HP
[2018.10.20-04.11.32:707][  0]LogInit: CPU Page size=4096, Cores=2
[2018.10.20-04.11.32:707][  0]LogInit: High frequency timer resolution =1.851181 MHz
[2018.10.20-04.11.32:707][  0]LogMemory: Memory total: Physical=5.9GB (6GB approx)
[2018.10.20-04.11.32:707][  0]LogMemory: Platform Memory Stats for Windows
[2018.10.20-04.11.32:707][  0]LogMemory: Process Physical Memory: 272.70 MB used, 272.70 MB peak
[2018.10.20-04.11.32:707][  0]LogMemory: Process Virtual Memory: 266.32 MB used, 266.32 MB peak
[2018.10.20-04.11.32:707][  0]LogMemory: Physical Memory: 2757.49 MB used,  3316.66 MB free, 6074.15 MB total
[2018.10.20-04.11.32:707][  0]LogMemory: Virtual Memory: 680.13 MB used,  3316.66 MB free, 134217728.00 MB total
[2018.10.20-04.11.32:847][  0]LogInit: Using OS detected language (en-US).
[2018.10.20-04.11.32:847][  0]LogInit: Using OS detected locale (en-US).
[2018.10.20-04.11.33:036][  0]LogTextLocalizationManager: No specific localization for 'en-US' exists, so the 'en' localization will be used.
[2018.10.20-04.11.40:459][  0]LogD3D11RHI: D3D11 adapters:
[2018.10.20-04.11.40:468][  0]LogD3D11RHI:    0. 'Intel(R) HD Graphics Family' (Feature Level 11_0)
[2018.10.20-04.11.40:469][  0]LogD3D11RHI:       112/0/2048 MB DedicatedVideo/DedicatedSystem/SharedSystem, Outputs:1, VendorId:0x8086
[2018.10.20-04.11.40:472][  0]LogD3D11RHI:    1. 'Microsoft Basic Render Driver' (Feature Level 11_0)
[2018.10.20-04.11.40:472][  0]LogD3D11RHI:       0/0/3037 MB DedicatedVideo/DedicatedSystem/SharedSystem, Outputs:0, VendorId:0x1414
[2018.10.20-04.11.40:472][  0]LogD3D11RHI: Chosen D3D11 Adapter: 0
[2018.10.20-04.11.40:479][  0]LogD3D11RHI: Creating new Direct3DDevice
[2018.10.20-04.11.40:479][  0]LogD3D11RHI:     GPU DeviceId: 0xa16 (for the marketing name, search the web for "GPU Device Id")
[2018.10.20-04.11.40:479][  0]LogWindows: EnumDisplayDevices:
[2018.10.20-04.11.40:480][  0]LogWindows:    0. 'Intel(R) HD Graphics Family' (P:1 D:1)
[2018.10.20-04.11.40:480][  0]LogWindows:    1. 'Intel(R) HD Graphics Family' (P:0 D:0)
[2018.10.20-04.11.40:480][  0]LogWindows:    2. 'Intel(R) HD Graphics Family' (P:0 D:0)
[2018.10.20-04.11.40:480][  0]LogWindows: DebugString: GetVideoDriverDetailsInvalid PrimaryIsNotTheChoosenAdapter GetVideoDriverDetailsInvalid PrimaryIsNotTheChoosenAdapter GetVideoDriverDetailsInvalid PrimaryIsNotTheChoosenAdapter FoundDriverCount:0 
[2018.10.20-04.11.40:480][  0]LogD3D11RHI:     Adapter Name: Intel(R) HD Graphics Family
[2018.10.20-04.11.40:480][  0]LogD3D11RHI:   Driver Version: Unknown (internal:Unknown, unified:Unknown)
[2018.10.20-04.11.40:480][  0]LogD3D11RHI:      Driver Date: Unknown
[2018.10.20-04.11.40:480][  0]LogRHI: Texture pool is 795 MB (70% of 1136 MB)
[2018.10.20-04.11.40:487][  0]LogD3D11RHI: Async texture creation enabled
[2018.10.20-04.11.40:496][  0]LogD3D11RHI: GPU Timing Frequency: 12.500000 (Debug: 2 0)
[2018.10.20-04.11.40:498][  0]LogShaderCompilers: Guid format shader working directory is -18 characters bigger than the processId version (../../../../../../Users/HP/Documents/Unreal Projects/fps 4.16/Intermediate/Shaders/WorkingDirectory/6336/).
[2018.10.20-04.11.40:498][  0]LogShaderCompilers: Cleaned the shader compiler working directory 'C:/Users/HP/AppData/Local/Temp/UnrealShaderWorkingDir/CE02D1B04F76865CB219668F99E3D002/'.
[2018.10.20-04.11.40:498][  0]LogShaderCompilers:Display: Using Local Shader Compiler.
[2018.10.20-04.11.46:715][  0]LogTemp:Display: Loaded TP AllDesktopTargetPlatform
[2018.10.20-04.11.46:824][  0]LogTemp:Display: Loaded TP MacClientTargetPlatform
[2018.10.20-04.11.46:929][  0]LogTemp:Display: Loaded TP MacNoEditorTargetPlatform
[2018.10.20-04.11.47:036][  0]LogTemp:Display: Loaded TP MacServerTargetPlatform
[2018.10.20-04.11.47:183][  0]LogTemp:Display: Loaded TP MacTargetPlatform
[2018.10.20-04.11.47:290][  0]LogTemp:Display: Loaded TP WindowsClientTargetPlatform
[2018.10.20-04.11.47:426][  0]LogTemp:Display: Loaded TP WindowsNoEditorTargetPlatform
[2018.10.20-04.11.47:533][  0]LogTemp:Display: Loaded TP WindowsServerTargetPlatform
[2018.10.20-04.11.47:645][  0]LogTemp:Display: Loaded TP WindowsTargetPlatform
[2018.10.20-04.11.47:790][  0]LogTemp:Display: Loaded TP AndroidTargetPlatform
[2018.10.20-04.11.47:894][  0]LogTemp:Display: Loaded TP Android_ASTCTargetPlatform
[2018.10.20-04.11.47:997][  0]LogTemp:Display: Loaded TP Android_ATCTargetPlatform
[2018.10.20-04.11.48:101][  0]LogTemp:Display: Loaded TP Android_DXTTargetPlatform
[2018.10.20-04.11.48:204][  0]LogTemp:Display: Loaded TP Android_ETC1TargetPlatform
[2018.10.20-04.11.48:310][  0]LogTemp:Display: Loaded TP Android_ETC2TargetPlatform
[2018.10.20-04.11.48:543][  0]LogTemp:Display: Loaded TP Android_MultiTargetPlatform
[2018.10.20-04.11.48:543][  0]LogTemp:Display: Loaded TP Android_PVRTCTargetPlatform
[2018.10.20-04.11.48:631][  0]LogTemp:Display: Loaded TP HTML5TargetPlatform
[2018.10.20-04.11.48:860][  0]LogTemp:Display: Loaded TP IOSTargetPlatform
[2018.10.20-04.11.48:924][  0]LogTemp:Display: Loaded TP TVOSTargetPlatform
[2018.10.20-04.11.49:028][  0]LogTemp:Display: Loaded TP LinuxClientTargetPlatform
[2018.10.20-04.11.49:131][  0]LogTemp:Display: Loaded TP LinuxNoEditorTargetPlatform
[2018.10.20-04.11.49:234][  0]LogTemp:Display: Loaded TP LinuxServerTargetPlatform
[2018.10.20-04.11.49:376][  0]LogTemp:Display: Loaded TP LinuxTargetPlatform
[2018.10.20-04.11.49:376][  0]LogTargetPlatformManager:Display: Building Assets For Windows
[2018.10.20-04.11.50:527][  0]LogDerivedDataCache:Display: Max Cache Size: 512 MB
[2018.10.20-04.11.51:589][  0]LogDerivedDataCache: Loaded boot cache 1.06s 90MB C:/Users/HP/AppData/Local/UnrealEngine/4.16/DerivedDataCache/Boot.ddc.
[2018.10.20-04.11.51:589][  0]LogDerivedDataCache:Display: Loaded Boot cache: C:/Users/HP/AppData/Local/UnrealEngine/4.16/DerivedDataCache/Boot.ddc
[2018.10.20-04.11.51:589][  0]LogDerivedDataCache: FDerivedDataBackendGraph:  Pak pak cache file ../../../../../../Users/HP/Documents/Unreal Projects/fps 4.16/DerivedDataCache/DDC.ddp not found, will not use a pak cache.
[2018.10.20-04.11.51:589][  0]LogDerivedDataCache: Unable to find inner node Pak for hierarchical cache Hierarchy.
[2018.10.20-04.11.51:589][  0]LogDerivedDataCache: FDerivedDataBackendGraph:  CompressedPak pak cache file ../../../../../../Users/HP/Documents/Unreal Projects/fps 4.16/DerivedDataCache/Compressed.ddp not found, will not use a pak cache.
[2018.10.20-04.11.51:589][  0]LogDerivedDataCache: Unable to find inner node CompressedPak for hierarchical cache Hierarchy.
[2018.10.20-04.11.51:619][  0]LogDerivedDataCache:Display: Pak cache opened for reading ../../../Engine/DerivedDataCache/Compressed.ddp.
[2018.10.20-04.11.51:632][  0]LogDerivedDataCache: Using Local data cache path C:/Users/HP/AppData/Local/UnrealEngine/Common/DerivedDataCache: Writable
[2018.10.20-04.11.51:650][  0]LogMaterial: Verifying Global Shaders for PCD3D_SM5
[2018.10.20-04.11.51:651][  0]LogSlate: Using Freetype 2.6.0
[2018.10.20-04.11.51:688][  0]LogSlate: SlateFontCache - WITH_FREETYPE: 1, WITH_HARFBUZZ: 1
[2018.10.20-04.11.51:688][  0]LogSlate: SlateFontCache - WITH_FREETYPE: 1, WITH_HARFBUZZ: 1
[2018.10.20-04.11.54:322][  0]LogInit: Selected Device Profile: [Windows]
[2018.10.20-04.11.54:445][  0]LogContentStreaming: Texture pool size is 0.00 MB
[2018.10.20-04.11.54:858][  0]LogMeshUtilities: Using QuadricMeshReduction for automatic static mesh reduction
[2018.10.20-04.11.54:966][  0]LogSimplygon: Simplygon DLL not present - disabling.
[2018.10.20-04.11.55:077][  0]LogMeshUtilities: Using SimplygonSwarm for distributed automatic mesh merging
[2018.10.20-04.11.55:077][  0]LogMeshUtilities: No automatic skeletal mesh reduction module available
[2018.10.20-04.11.55:077][  0]LogMeshUtilities: No automatic mesh merging module available
[2018.10.20-04.11.56:242][  0]LogNetVersion: fps , NetCL: 3452394, EngineNetVer: 2, GameNetVer: 0 (Checksum: 1528635445)
[2018.10.20-04.11.56:362][  0]LogAssetRegistry: FAssetRegistry took 0.0331 seconds to start up
[2018.10.20-04.11.56:505][  0]LogPackageLocalizationCache: Processed 4 localized package path(s) for 2 prioritized culture(s) in 0.086140 seconds
[2018.10.20-04.11.56:514][  0]LogUObjectArray: 34194 objects as part of root set at end of initial load.
[2018.10.20-04.11.56:514][  0]LogUObjectAllocator: 7260424 out of 0 bytes used by permanent object pool.
[2018.10.20-04.11.56:514][  0]LogUObjectArray: CloseDisregardForGC: 0/0 objects in disregard for GC pool
[2018.10.20-04.11.56:670][  0]LogInit: WinSock: version 1.1 (2.2), MaxSocks=32767, MaxUdp=65467
[2018.10.20-04.12.23:390][  0]LogTcpMessaging: Initializing TcpMessaging bridge
[2018.10.20-04.12.23:468][  0]LogUdpMessaging: Initializing bridge on interface 0.0.0.0:0 to multicast group 230.0.0.1:6666.
[2018.10.20-04.12.24:979][  0]LogMaterial: Uniform references updated for custom material expression Custom.
[2018.10.20-04.12.25:900][  0]SourceControl: Info Source control is disabled
[2018.10.20-04.12.26:100][  0]SourceControl: Info Source control is disabled
[2018.10.20-04.12.26:203][  0]SourceControl: Info Source control is disabled
[2018.10.20-04.12.26:304][  0]SourceControl: Info Source control is disabled
[2018.10.20-04.12.28:096][  0]LogAndroidPermission: UAndroidPermissionCallbackProxy::GetInstance
[2018.10.20-04.12.29:394][  0]LogEngine: Initializing Engine...
[2018.10.20-04.12.29:395][  0]LogHMD: Failed to initialize OpenVR with code 110
[2018.10.20-04.12.29:730][  0]LogStats: UGameplayTagsManager::ConstructGameplayTagTree: Construct from data asset -  0.000 s
[2018.10.20-04.12.29:730][  0]LogStats: UGameplayTagsManager::ConstructGameplayTagTree: GameplayTagTreeChangedEvent.Broadcast -  0.000 s
[2018.10.20-04.12.30:057][  0]LogAIModule: Creating AISystem for world Untitled
[2018.10.20-04.12.30:070][  0]LogInit: XAudio2 using 'Speaker/HP (Realtek High Definition Audio)' : 2 channels at 48 kHz using 32 bits per sample (channel mask 0x3)
[2018.10.20-04.12.30:106][  0]LogInit: FAudioDevice initialized.
[2018.10.20-04.12.30:205][  0]LogDerivedDataCache: Saved boot cache 0.10s 90MB C:/Users/HP/AppData/Local/UnrealEngine/4.16/DerivedDataCache/Boot.ddc.
[2018.10.20-04.12.30:221][  0]LogInit: Texture streaming: Enabled
[2018.10.20-04.12.30:424][  0]LogEngineSessionManager: EngineSessionManager initialized
[2018.10.20-04.12.31:347][  0]LogInit: Transaction tracking system initialized
[2018.10.20-04.12.32:056][  0]BlueprintLog: New page: Editor Load
[2018.10.20-04.12.34:273][  0]LocalizationService: Info Localization service is disabled
[2018.10.20-04.12.35:899][  0]LogConsoleResponse:Display: 
[2018.10.20-04.12.36:219][  0]LogCook:Display: Max memory allowance for cook 16384mb min free memory 0mb
[2018.10.20-04.12.36:219][  0]LogCook:Display: Mobile HDR setting 1
[2018.10.20-04.12.37:132][  0]LogFileCache: Scanning file cache for directory 'C:/Users/HP/Documents/Unreal Projects/fps 4.16/Content/' took 0.04s
[2018.10.20-04.12.38:908][  0]SourceControl: Info Source control is disabled
[2018.10.20-04.12.38:908][  0]Cmd: MAP LOAD FILE="../../../../../../Users/HP/Documents/Unreal Projects/fps 4.16/Content/StarterContent/Maps/Minimal_Default.umap" TEMPLATE=0 SHOWPROGRESS=1 FEATURELEVEL=3
[2018.10.20-04.12.39:008][  0]LightingResults: New page: Lighting Build
[2018.10.20-04.12.39:110][  0]MapCheck: New page: Map Check
[2018.10.20-04.12.39:110][  0]LightingResults: New page: Lighting Build
[2018.10.20-04.12.41:311][  0]LogAIModule: Creating AISystem for world Minimal_Default
[2018.10.20-04.12.41:388][  0]LogEditorServer: Finished looking for orphan Actors (0.000 secs)
[2018.10.20-04.12.41:422][  0]Cmd: MAP CHECKDEP NOCLEARLOG
[2018.10.20-04.12.41:520][  0]MapCheck: Info Map check complete: 0 Error(s), 0 Warning(s), took 98.242ms to complete.
[2018.10.20-04.12.41:520][  0]LogFileHelpers: Loading map 'Minimal_Default' took 2.613
[2018.10.20-04.12.41:969][  0]LogCollectionManager: Loaded 0 collections in 0.002555 seconds
[2018.10.20-04.12.42:119][  0]LogFileCache: Scanning file cache for directory 'C:/Users/HP/Documents/Unreal Projects/fps 4.16/Saved/Collections/' took 0.01s
[2018.10.20-04.12.42:119][  0]LogFileCache: Scanning file cache for directory 'C:/Users/HP/Documents/Unreal Projects/fps 4.16/Content/Developers/HP/Collections/' took 0.01s
[2018.10.20-04.12.42:119][  0]LogFileCache: Scanning file cache for directory 'C:/Users/HP/Documents/Unreal Projects/fps 4.16/Content/Collections/' took 0.01s
[2018.10.20-04.12.42:119][  0]LogCollectionManager: Rebuilt the GUID cache for 0 collections in 0.000003 seconds
[2018.10.20-04.12.42:135][  0]LogContentBrowser: Native class hierarchy populated in 0.0159 seconds. Added 2329 classes and 491 folders.
[2018.10.20-04.12.42:274][  0]LogContentBrowser: Native class hierarchy updated for 'WidgetCarousel' in 0.0009 seconds. Added 0 classes and 0 folders.
[2018.10.20-04.12.43:070][  0]LogContentBrowser: Native class hierarchy updated for 'AddContentDialog' in 0.0009 seconds. Added 0 classes and 0 folders.
[2018.10.20-04.12.43:185][  0]LogContentBrowser: Native class hierarchy updated for 'SceneOutliner' in 0.0017 seconds. Added 1 classes and 2 folders.
[2018.10.20-04.12.43:301][  0]LogCrashTracker: Crashtracker disabled due to settings.
[2018.10.20-04.12.43:309][  0]LogUObjectGlobals:Warning: Failed to find object 'Class None.'
[2018.10.20-04.12.43:426][  0]LogContentBrowser: Native class hierarchy updated for 'HierarchicalLODOutliner' in 0.0009 seconds. Added 1 classes and 2 folders.
[2018.10.20-04.12.43:426][  0]LogLoad: (Engine Initialization) Total time: 75.26 seconds
[2018.10.20-04.12.43:426][  0]LogLoad: (Engine Initialization) Total Blueprint compile time: 0.26 seconds
[2018.10.20-04.12.43:426][  0]LogExternalProfiler: No external profilers were discovered.  External profiling features will not be available.
[2018.10.20-04.12.43:445][  0]LogOcInput: OculusInput pre-init called
[2018.10.20-04.12.43:445][  0]LogHMD: Starting GearVRController plugin
[2018.10.20-04.12.43:464][  0]LogContentStreaming: Texture pool size now 800 MB
[2018.10.20-04.12.43:507][  0]LogSlate: Took 0.041326 seconds to synchronously load lazily loaded font '../../../Engine/Content/Slate/Fonts/Roboto-Regular.ttf' (155K)
[2018.10.20-04.12.43:534][  0]LogSlate: Took 0.023980 seconds to synchronously load lazily loaded font '../../../Engine/Content/Slate/Fonts/Roboto-Bold.ttf' (160K)
[2018.10.20-04.12.43:565][  0]LogSlate: Took 0.024548 seconds to synchronously load lazily loaded font '../../../Engine/Content/Editor/Slate/Fonts/FontAwesome.ttf' (139K)
[2018.10.20-04.12.43:861][  2]LogRenderer: Reallocating scene render targets to support 760x360 NumSamples 1 (Frame:1).
[2018.10.20-04.12.44:537][  2]LogAssetRegistry: Asset discovery search completed in 48.1980 seconds
[2018.10.20-04.12.44:543][  2]LogCollectionManager: Rebuilt the object cache for 0 collections in 0.000002 seconds (found 0 objects)
[2018.10.20-04.12.44:543][  2]LogCollectionManager: Fixed up redirectors for 0 collections in 0.000075 seconds (updated 0 objects)
[2018.10.20-04.12.47:764][100]LogSlate: Took 0.019661 seconds to synchronously load lazily loaded font '../../../Engine/Content/Slate/Fonts/Roboto-Light.ttf' (159K)
[2018.10.20-04.13.08:138][809]LogSlate: Took 0.000247 seconds to synchronously load lazily loaded font '../../../Engine/Content/Slate/Fonts/Roboto-Light.ttf' (159K)
[2018.10.20-04.13.09:030][809]LogSlate: Took 0.000556 seconds to synchronously load lazily loaded font '../../../Engine/Content/Slate/Fonts/Roboto-Regular.ttf' (155K)
[2018.10.20-04.13.11:001][809]LogAudioDerivedData:Display: Building compressed audio format OGG wave PickUp...
[2018.10.20-04.13.11:130][809]LogMaterial: Missing cached shader map for material m_flare_01, compiling. 
[2018.10.20-04.13.11:540][809]LogMaterial: Missing cached shader map for material M_Emissive, compiling. 
[2018.10.20-04.13.11:683][809]LogAudioDerivedData:Display: Building compressed audio format OGG wave pickupSound2...
[2018.10.20-04.13.11:743][809]LogAudioDerivedData:Display: Building compressed audio format OGG wave boosterPack2...
[2018.10.20-04.13.12:087][809]LogTexture:Display: Building textures: T_MeterGrid_01_M (BGRA8, 2048X2048)
[2018.10.20-04.13.13:590][809]LogMaterial: Missing cached shader map for material M_CycRoom_01, compiling. 
[2018.10.20-04.13.13:703][809]LogStaticMesh: Building static mesh SM_CycRoom_01...
[2018.10.20-04.13.13:882][809]LogStaticMesh: Built static mesh [0.18s] /Game/InfinityBladeGrassLands/Maps/LevelContent/Architecture/SM_CycRoom_01.SM_CycRoom_01
[2018.10.20-04.13.14:009][809]LogStaticMesh: Building static mesh SM_Exo_Pillar_2...
[2018.10.20-04.13.14:031][809]LogStaticMesh: Built static mesh [0.02s] /Game/InfinityBladeGrassLands/Environments/Misc/Exo_Deco02/StaticMesh/SM_Exo_Pillar_2.SM_Exo_Pillar_2
[2018.10.20-04.13.14:183][809]LogTexture:Display: Building textures: T_Pew_N (BC5, 1024X1024)
[2018.10.20-04.13.14:745][809]LogTexture:Display: Building textures: T_Pew_D (AutoDXT, 1024X1024)
[2018.10.20-04.13.18:350][809]LogMaterial: Missing cached shader map for material M_Pew, compiling. 
[2018.10.20-04.13.18:417][809]LogStaticMesh: Building static mesh SM_Exo_Pew...
[2018.10.20-04.13.18:474][809]LogStaticMesh: Built static mesh [0.06s] /Game/InfinityBladeGrassLands/Environments/Misc/Exo_Deco02/StaticMesh/SM_Exo_Pew.SM_Exo_Pew
[2018.10.20-04.13.18:475][809]LogStaticMesh: Building static mesh SM_Exo_Deco_2...
[2018.10.20-04.13.18:493][809]LogStaticMesh: Built static mesh [0.02s] /Game/InfinityBladeGrassLands/Environments/Misc/Exo_Deco02/StaticMesh/SM_Exo_Deco_2.SM_Exo_Deco_2
[2018.10.20-04.13.19:067][809]LogTexture:Display: Building textures: T_Villa_Pillar_1_D_NRM (BC5, 2048X2048)
[2018.10.20-04.13.21:325][809]LogTexture:Display: Building textures: T_Villa_Pillar_1_D (AutoDXT, 2048X2048)
[2018.10.20-04.13.36:228][809]LogMaterial: Missing cached shader map for material M_Villa_Pillar_1, compiling. 
[2018.10.20-04.13.36:290][809]LogStaticMesh: Building static mesh SM_Exo_Cover_1...
[2018.10.20-04.13.36:297][809]LogStaticMesh: Built static mesh [0.01s] /Game/InfinityBladeGrassLands/Environments/Misc/Exo_Deco02/StaticMesh/SM_Exo_Cover_1.SM_Exo_Cover_1
[2018.10.20-04.13.36:421][809]LogTexture:Display: Building textures: T_Tile_Floor_Broken_D_NRM (BC5, 1024X1024)
[2018.10.20-04.13.36:983][809]LogTexture:Display: Building textures: T_Tile_Floor_Broken_D (AutoDXT, 1024X1024)
[2018.10.20-04.13.40:641][809]LogMaterial: Missing cached shader map for material M_Tile_Floor_Broken_Tex_A, compiling. 
[2018.10.20-04.13.40:706][809]LogStaticMesh: Building static mesh SM_Exo_Bridge_Tile_BROKEN_B...
[2018.10.20-04.13.40:707][809]LogStaticMesh: Built static mesh [0.00s] /Game/InfinityBladeGrassLands/Environments/Misc/Exo_Deco02/StaticMesh/SM_Exo_Bridge_Tile_BROKEN_B.SM_Exo_Bridge_Tile_BROKEN_B
[2018.10.20-04.13.40:916][809]LogTexture:Display: Building textures: HQ_Lightmap1_1 (AutoDXT, 1024X1024)
[2018.10.20-04.13.42:238][809]LogTexture:Display: Building textures: HQ_Lightmap1_2 (AutoDXT, 1024X1024)
[2018.10.20-04.13.43:308][809]LogTexture:Display: Building textures: HQ_Lightmap1_3 (AutoDXT, 1024X1024)
[2018.10.20-04.13.44:445][809]LogTexture:Display: Building textures: LQ_Lightmap_1_1 (DXT1, 1024X1024)
[2018.10.20-04.13.44:831][809]LogTexture:Display: Building textures: LQ_Lightmap_1_2 (DXT1, 1024X1024)
[2018.10.20-04.13.45:121][809]LogTexture:Display: Building textures: LQ_Lightmap_1_3 (DXT1, 1024X1024)
[2018.10.20-04.13.45:497][809]LogTexture:Display: Building textures: SkyOcclusion1_1 (AutoDXT, 1024X512)
[2018.10.20-04.13.46:004][809]LogTexture:Display: Building textures: SkyOcclusion1_2 (AutoDXT, 1024X512)
[2018.10.20-04.13.46:315][809]LogTexture:Display: Building textures: SkyOcclusion1_3 (AutoDXT, 1024X512)
[2018.10.20-04.13.46:755][809]LogTexture:Display: Building textures: ShadowMapTexture2D_2 (G8, 1024X1024)
[2018.10.20-04.13.46:831][809]LogTexture:Display: Building textures: ShadowMapTexture2D_3 (G8, 1024X512)
[2018.10.20-04.13.46:957][809]LogAudioDerivedData:Display: Building compressed audio format OGG wave JumpPadSound...
[2018.10.20-04.13.47:021][809]LogAIModule: Creating AISystem for world GordonFreemanMap
[2018.10.20-04.13.47:325][809]Cmd: MAP LOAD FILE="../../../../../../Users/HP/Documents/Unreal Projects/fps 4.16/Content/Maps/GordonFreemanMap.umap" TEMPLATE=0 SHOWPROGRESS=1 FEATURELEVEL=3
[2018.10.20-04.13.47:326][809]LightingResults: New page: Lighting Build
[2018.10.20-04.13.47:327][809]LoadErrors: New page: Loading map: GordonFreemanMap.umap
[2018.10.20-04.13.47:359][809]MapCheck: New page: Map Check
[2018.10.20-04.13.47:359][809]LightingResults: New page: Lighting Build
[2018.10.20-04.13.47:726][809]LogEditorServer: Finished looking for orphan Actors (0.000 secs)
[2018.10.20-04.13.47:868][809]Cmd: MAP CHECKDEP NOCLEARLOG
[2018.10.20-04.13.48:079][809]MapCheck: Info Map check complete: 0 Error(s), 0 Warning(s), took 211.317ms to complete.
[2018.10.20-04.13.48:081][809]LogFileHelpers: Loading map 'GordonFreemanMap' took 0.797
[2018.10.20-04.13.53:453][984]LogTemp: Repeting last play command: Selected Viewport
[2018.10.20-04.13.59:618][984]LogBlueprintUserMessages: Early PlayInEditor Detection: Level '/Game/Maps/GordonFreemanMap.GordonFreemanMap:PersistentLevel' has LevelScriptBlueprint '/Game/Maps/GordonFreemanMap.GordonFreemanMap:PersistentLevel.GordonFreemanMap' with GeneratedClass '/Game/Maps/GordonFreemanMap.GordonFreemanMap_C' with ClassGeneratedBy '/Game/Maps/GordonFreemanMap.GordonFreemanMap:PersistentLevel.GordonFreemanMap'
[2018.10.20-04.13.59:618][984]LogPlayLevel: PlayLevel: No blueprints needed recompiling
[2018.10.20-04.13.59:618][984]PIE: New page: PIE session: GordonFreemanMap (Oct 19, 2018, 2:13:59 PM)
[2018.10.20-04.13.59:619][984]LogPlayLevel: Creating play world package: /Game/Maps/UEDPIE_0_GordonFreemanMap
[2018.10.20-04.13.59:671][984]LogPlayLevel: PIE: StaticDuplicateObject took: (0.052250s)
[2018.10.20-04.13.59:672][984]LogAIModule: Creating AISystem for world GordonFreemanMap
[2018.10.20-04.13.59:672][984]LogPlayLevel: PIE: World Init took: (0.001357s)
[2018.10.20-04.13.59:673][984]LogPlayLevel: PIE: Created PIE world by copying editor world from /Game/Maps/GordonFreemanMap.GordonFreemanMap to /Game/Maps/UEDPIE_0_GordonFreemanMap.GordonFreemanMap (0.054121s)
[2018.10.20-04.13.59:736][984]LogInit: XAudio2 using 'Speaker/HP (Realtek High Definition Audio)' : 2 channels at 48 kHz using 32 bits per sample (channel mask 0x3)
[2018.10.20-04.13.59:774][984]LogInit: FAudioDevice initialized.
[2018.10.20-04.14.00:548][984]LogMaterial: Missing cached shader map for material Mesh3_Group4_Group1_ModelMat, compiling. 
[2018.10.20-04.14.00:789][984]LogStaticMesh: Building static mesh rocketLauncherMesh...
[2018.10.20-04.14.00:905][984]LogStaticMesh: Built static mesh [0.12s] /Game/Art/rocketLauncher/rocketLauncherMesh.rocketLauncherMesh
[2018.10.20-04.14.00:907][984]LogPhysics:Warning: PHYSX: (D:\Build\++UE4+Release-4.16+PhysX_Compile\Sync\Engine\Source\ThirdParty\PhysX\PhysX_3.4\Source\PhysXCooking\src\mesh\TriangleMeshBuilder.cpp 1080) eINTERNAL_ERROR : cleaning the mesh failed
[2018.10.20-04.14.00:907][984]LogPhysics:Warning: Failed to cook TriMesh: /Game/Art/rocketLauncher/rocketLauncherMesh.rocketLauncherMesh.
[2018.10.20-04.14.00:910][984]LogLoad: Game class is 'FPS_GameMode_C'
[2018.10.20-04.14.00:925][984]LogWorld: Bringing World /Game/Maps/UEDPIE_0_GordonFreemanMap.GordonFreemanMap up for play (max tick rate 60) at 2018.10.19-21.14.00
[2018.10.20-04.14.00:962][984]LogWorld: Bringing up level for play took: 0.050445
[2018.10.20-04.14.01:181][984]LogContentBrowser: Native class hierarchy updated for 'MovieSceneCapture' in 0.0027 seconds. Added 11 classes and 0 folders.
[2018.10.20-04.14.01:349][984]PIE: Info Play in editor start time for /Game/Maps/UEDPIE_0_GordonFreemanMap 2.314
[2018.10.20-04.14.01:350][984]LogBlueprintUserMessages: Late PlayInEditor Detection: Level '/Game/Maps/GordonFreemanMap.GordonFreemanMap:PersistentLevel' has LevelScriptBlueprint '/Game/Maps/GordonFreemanMap.GordonFreemanMap:PersistentLevel.GordonFreemanMap' with GeneratedClass '/Game/Maps/GordonFreemanMap.GordonFreemanMap_C' with ClassGeneratedBy '/Game/Maps/GordonFreemanMap.GordonFreemanMap:PersistentLevel.GordonFreemanMap'
[2018.10.20-04.15.40:309][635]LogBlueprintUserMessages: Early EndPlayMap Detection: Level '/Game/Maps/GordonFreemanMap.GordonFreemanMap:PersistentLevel' has LevelScriptBlueprint '/Game/Maps/GordonFreemanMap.GordonFreemanMap:PersistentLevel.GordonFreemanMap' with GeneratedClass '/Game/Maps/GordonFreemanMap.GordonFreemanMap_C' with ClassGeneratedBy '/Game/Maps/GordonFreemanMap.GordonFreemanMap:PersistentLevel.GordonFreemanMap'
[2018.10.20-04.15.40:385][635]LogBlueprintUserMessages: Late EndPlayMap Detection: Level '/Game/Maps/GordonFreemanMap.GordonFreemanMap:PersistentLevel' has LevelScriptBlueprint '/Game/Maps/GordonFreemanMap.GordonFreemanMap:PersistentLevel.GordonFreemanMap' with GeneratedClass '/Game/Maps/GordonFreemanMap.GordonFreemanMap_C' with ClassGeneratedBy '/Game/Maps/GordonFreemanMap.GordonFreemanMap:PersistentLevel.GordonFreemanMap'
[2018.10.20-04.15.41:654][673]LogTemp: Repeting last play command: Selected Viewport
[2018.10.20-04.15.44:936][673]LogBlueprintUserMessages: Early PlayInEditor Detection: Level '/Game/Maps/GordonFreemanMap.GordonFreemanMap:PersistentLevel' has LevelScriptBlueprint '/Game/Maps/GordonFreemanMap.GordonFreemanMap:PersistentLevel.GordonFreemanMap' with GeneratedClass '/Game/Maps/GordonFreemanMap.GordonFreemanMap_C' with ClassGeneratedBy '/Game/Maps/GordonFreemanMap.GordonFreemanMap:PersistentLevel.GordonFreemanMap'
[2018.10.20-04.15.44:936][673]LogPlayLevel: PlayLevel: No blueprints needed recompiling
[2018.10.20-04.15.44:936][673]PIE: New page: PIE session: GordonFreemanMap (Oct 19, 2018, 2:15:44 PM)
[2018.10.20-04.15.44:936][673]LogPlayLevel: Creating play world package: /Game/Maps/UEDPIE_0_GordonFreemanMap
[2018.10.20-04.15.45:060][673]LogPlayLevel: PIE: StaticDuplicateObject took: (0.123740s)
[2018.10.20-04.15.45:061][673]LogAIModule: Creating AISystem for world GordonFreemanMap
[2018.10.20-04.15.45:062][673]LogPlayLevel: PIE: World Init took: (0.001439s)
[2018.10.20-04.15.45:062][673]LogPlayLevel: PIE: Created PIE world by copying editor world from /Game/Maps/GordonFreemanMap.GordonFreemanMap to /Game/Maps/UEDPIE_0_GordonFreemanMap.GordonFreemanMap (0.125648s)
[2018.10.20-04.15.45:119][673]LogInit: XAudio2 using 'Speaker/HP (Realtek High Definition Audio)' : 2 channels at 48 kHz using 32 bits per sample (channel mask 0x3)
[2018.10.20-04.15.45:154][673]LogInit: FAudioDevice initialized.
[2018.10.20-04.15.45:197][673]LogLoad: Game class is 'FPS_GameMode_C'
[2018.10.20-04.15.45:210][673]LogWorld: Bringing World /Game/Maps/UEDPIE_0_GordonFreemanMap.GordonFreemanMap up for play (max tick rate 60) at 2018.10.19-21.15.45
[2018.10.20-04.15.45:211][673]LogWorld: Bringing up level for play took: 0.012115
[2018.10.20-04.15.45:216][673]PIE: Info Play in editor start time for /Game/Maps/UEDPIE_0_GordonFreemanMap 0.181
[2018.10.20-04.15.45:217][673]LogBlueprintUserMessages: Late PlayInEditor Detection: Level '/Game/Maps/GordonFreemanMap.GordonFreemanMap:PersistentLevel' has LevelScriptBlueprint '/Game/Maps/GordonFreemanMap.GordonFreemanMap:PersistentLevel.GordonFreemanMap' with GeneratedClass '/Game/Maps/GordonFreemanMap.GordonFreemanMap_C' with ClassGeneratedBy '/Game/Maps/GordonFreemanMap.GordonFreemanMap:PersistentLevel.GordonFreemanMap'
[2018.10.20-04.17.30:139][769]LogCharacterMovement: GordonFreemanHalf-Life_C_0 is stuck and failed to move! Velocity: X=15.31 Y=45.82 Z=0.00 Location: X=300.74 Y=3472.75 Z=93.62 Normal: X=0.00 Y=0.70 Z=0.72 PenetrationDepth:3.654 Actor:SM_Exo_Pew_21 Component:StaticMeshComponent0 BoneName:None (0 other events since notify)
[2018.10.20-04.17.45:716][393]LogBlueprintUserMessages: Early EndPlayMap Detection: Level '/Game/Maps/GordonFreemanMap.GordonFreemanMap:PersistentLevel' has LevelScriptBlueprint '/Game/Maps/GordonFreemanMap.GordonFreemanMap:PersistentLevel.GordonFreemanMap' with GeneratedClass '/Game/Maps/GordonFreemanMap.GordonFreemanMap_C' with ClassGeneratedBy '/Game/Maps/GordonFreemanMap.GordonFreemanMap:PersistentLevel.GordonFreemanMap'
[2018.10.20-04.17.45:779][393]LogBlueprintUserMessages: Late EndPlayMap Detection: Level '/Game/Maps/GordonFreemanMap.GordonFreemanMap:PersistentLevel' has LevelScriptBlueprint '/Game/Maps/GordonFreemanMap.GordonFreemanMap:PersistentLevel.GordonFreemanMap' with GeneratedClass '/Game/Maps/GordonFreemanMap.GordonFreemanMap_C' with ClassGeneratedBy '/Game/Maps/GordonFreemanMap.GordonFreemanMap:PersistentLevel.GordonFreemanMap'
[2018.10.20-04.17.52:634][616]LogWindowsTextInputMethodSystem:Display: IME system now deactivated.
[2018.10.20-04.17.52:847][617]Cmd: QUIT_EDITOR
[2018.10.20-04.17.53:015][617]LogExit: Preparing to exit.
[2018.10.20-04.17.53:845][617]LogDirectoryWatcher: A directory notification for 'C:/Users/HP/Documents/Unreal Projects/fps 4.16/Content/' was aborted.
[2018.10.20-04.17.53:892][617]LogExit: Editor shut down
[2018.10.20-04.17.53:898][617]LogExit: Transaction tracking system shut down
[2018.10.20-04.17.54:012][617]LogObj: Freed 0b from 0 cluster array pools.
[2018.10.20-04.17.54:012][617]LogExit: Object subsystem successfully closed.
[2018.10.20-04.17.54:042][617]LogD3D11RHI: Shutdown
[2018.10.20-04.17.54:042][617]LogD3D11RHI: CleanupD3DDevice
[2018.10.20-04.17.54:415][617]LogD3D11RHI: ~FD3D11DynamicRHI
[2018.10.20-04.17.54:444][617]LogModuleManager: Shutting down and abandoning module MovieSceneCapture (526)
[2018.10.20-04.17.54:444][617]LogModuleManager: Shutting down and abandoning module HierarchicalLODOutliner (524)
[2018.10.20-04.17.54:444][617]LogModuleManager: Shutting down and abandoning module CrashTracker (522)
[2018.10.20-04.17.54:444][617]LogModuleManager: Shutting down and abandoning module SceneOutliner (520)
[2018.10.20-04.17.54:444][617]LogModuleManager: Shutting down and abandoning module AddContentDialog (518)
[2018.10.20-04.17.54:444][617]LogDirectoryWatcher: A directory notification for 'C:/Program Files/Epic Games/UE_4.16/FeaturePacks/' was aborted.
[2018.10.20-04.17.54:446][617]LogModuleManager: Shutting down and abandoning module WidgetCarousel (517)
[2018.10.20-04.17.54:446][617]LogModuleManager: Shutting down and abandoning module EditorWidgets (514)
[2018.10.20-04.17.54:446][617]LogModuleManager: Shutting down and abandoning module CollectionManager (512)
[2018.10.20-04.17.54:446][617]LogDirectoryWatcher: A directory notification for 'C:/Users/HP/Documents/Unreal Projects/fps 4.16/Content/Collections/' was aborted.
[2018.10.20-04.17.54:446][617]LogDirectoryWatcher: A directory notification for 'C:/Users/HP/Documents/Unreal Projects/fps 4.16/Content/Developers/HP/Collections/' was aborted.
[2018.10.20-04.17.54:446][617]LogDirectoryWatcher: A directory notification for 'C:/Users/HP/Documents/Unreal Projects/fps 4.16/Saved/Collections/' was aborted.
[2018.10.20-04.17.54:447][617]LogModuleManager: Shutting down and abandoning module StatsViewer (510)
[2018.10.20-04.17.54:447][617]LogModuleManager: Shutting down and abandoning module FoliageEdit (508)
[2018.10.20-04.17.54:447][617]LogModuleManager: Shutting down and abandoning module LandscapeEditor (506)
[2018.10.20-04.17.54:447][617]LogModuleManager: Shutting down and abandoning module MeshPaintMode (504)
[2018.10.20-04.17.54:447][617]LogModuleManager: Shutting down and abandoning module SceneDepthPickerMode (502)
[2018.10.20-04.17.54:447][617]LogModuleManager: Shutting down and abandoning module ActorPickerMode (500)
[2018.10.20-04.17.54:447][617]LogModuleManager: Shutting down and abandoning module GeometryMode (498)
[2018.10.20-04.17.54:447][617]LogModuleManager: Shutting down and abandoning module TextureAlignMode (496)
[2018.10.20-04.17.54:447][617]LogModuleManager: Shutting down and abandoning module BspMode (494)
[2018.10.20-04.17.54:447][617]LogModuleManager: Shutting down and abandoning module HardwareSurvey (492)
[2018.10.20-04.17.54:447][617]LogModuleManager: Shutting down and abandoning module SequenceRecorderSections (490)
[2018.10.20-04.17.54:447][617]LogModuleManager: Shutting down and abandoning module AutomationWorker (488)
[2018.10.20-04.17.54:447][617]LogModuleManager: Shutting down and abandoning module MatineeToLevelSequence (486)
[2018.10.20-04.17.54:447][617]LogModuleManager: Shutting down and abandoning module LevelSequenceEditor (484)
[2018.10.20-04.17.54:447][617]LogModuleManager: Shutting down and abandoning module PlacementMode (483)
[2018.10.20-04.17.54:447][617]LogModuleManager: Shutting down and abandoning module WmfMediaFactory (480)
[2018.10.20-04.17.54:447][617]LogModuleManager: Shutting down and abandoning module WmfMediaEditor (478)
[2018.10.20-04.17.54:447][617]LogModuleManager: Shutting down and abandoning module AvfMediaFactory (476)
[2018.10.20-04.17.54:447][617]LogModuleManager: Shutting down and abandoning module AvfMediaEditor (474)
[2018.10.20-04.17.54:447][617]LogModuleManager: Shutting down and abandoning module AndroidMediaFactory (472)
[2018.10.20-04.17.54:447][617]LogModuleManager: Shutting down and abandoning module Media (471)
[2018.10.20-04.17.54:447][617]LogModuleManager: Shutting down and abandoning module AndroidMediaEditor (468)
[2018.10.20-04.17.54:447][617]LogModuleManager: Shutting down and abandoning module CharacterAI (466)
[2018.10.20-04.17.54:447][617]LogModuleManager: Shutting down and abandoning module AudioCapture (464)
[2018.10.20-04.17.54:448][617]LogModuleManager: Shutting down and abandoning module SequenceRecorder (463)
[2018.10.20-04.17.54:448][617]LogModuleManager: Shutting down and abandoning module SmartSnapping (460)
[2018.10.20-04.17.54:448][617]LogModuleManager: Shutting down and abandoning module SessionServices (458)
[2018.10.20-04.17.54:448][617]LogModuleManager: Shutting down and abandoning module ViewportSnapping (456)
[2018.10.20-04.17.54:448][617]LogModuleManager: Shutting down and abandoning module ViewportInteraction (454)
[2018.10.20-04.17.54:448][617]LogModuleManager: Shutting down and abandoning module ClothPainter (452)
[2018.10.20-04.17.54:448][617]LogModuleManager: Shutting down and abandoning module LogVisualizer (450)
[2018.10.20-04.17.54:448][617]LogModuleManager: Shutting down and abandoning module IntroTutorials (448)
[2018.10.20-04.17.54:448][617]LogModuleManager: Shutting down and abandoning module GameProjectGeneration (447)
[2018.10.20-04.17.54:448][617]LogModuleManager: Shutting down and abandoning module EditorLiveStreaming (444)
[2018.10.20-04.17.54:448][617]LogModuleManager: Shutting down and abandoning module IOSPlatformEditor (442)
[2018.10.20-04.17.54:448][617]LogModuleManager: Shutting down and abandoning module HTML5PlatformEditor (440)
[2018.10.20-04.17.54:448][617]LogModuleManager: Shutting down and abandoning module AndroidPlatformEditor (438)
[2018.10.20-04.17.54:448][617]LogModuleManager: Shutting down and abandoning module AndroidDeviceDetection (437)
[2018.10.20-04.17.55:182][617]LogModuleManager: Shutting down and abandoning module IOSRuntimeSettings (434)
[2018.10.20-04.17.55:182][617]LogModuleManager: Shutting down and abandoning module AndroidRuntimeSettings (432)
[2018.10.20-04.17.55:182][617]LogModuleManager: Shutting down and abandoning module InputBindingEditor (430)
[2018.10.20-04.17.55:182][617]LogModuleManager: Shutting down and abandoning module MergeActors (428)
[2018.10.20-04.17.55:182][617]LogModuleManager: Shutting down and abandoning module SizeMap (426)
[2018.10.20-04.17.55:182][617]LogModuleManager: Shutting down and abandoning module TreeMap (424)
[2018.10.20-04.17.55:182][617]LogModuleManager: Shutting down and abandoning module ReferenceViewer (422)
[2018.10.20-04.17.55:182][617]LogModuleManager: Shutting down and abandoning module LocalizationDashboard (420)
[2018.10.20-04.17.55:182][617]LogModuleManager: Shutting down and abandoning module LocalizationService (419)
[2018.10.20-04.17.55:182][617]LogModuleManager: Shutting down and abandoning module HardwareTargeting (416)
[2018.10.20-04.17.55:182][617]LogModuleManager: Shutting down and abandoning module DeviceProfileEditor (414)
[2018.10.20-04.17.55:182][617]LogModuleManager: Shutting down and abandoning module UndoHistory (412)
[2018.10.20-04.17.55:183][617]LogModuleManager: Shutting down and abandoning module UserFeedback (410)
[2018.10.20-04.17.55:183][617]LogModuleManager: Shutting down and abandoning module XmlParser (408)
[2018.10.20-04.17.55:183][617]LogModuleManager: Shutting down and abandoning module Blutility (406)
[2018.10.20-04.17.55:183][617]LogModuleManager: Shutting down and abandoning module ProjectSettingsViewer (404)
[2018.10.20-04.17.55:183][617]LogModuleManager: Shutting down and abandoning module ProjectTargetPlatformEditor (403)
[2018.10.20-04.17.55:183][617]LogModuleManager: Shutting down and abandoning module EditorSettingsViewer (400)
[2018.10.20-04.17.55:183][617]LogModuleManager: Shutting down and abandoning module SettingsEditor (398)
[2018.10.20-04.17.55:183][617]LogModuleManager: Shutting down and abandoning module ProjectLauncher (396)
[2018.10.20-04.17.55:183][617]LogModuleManager: Shutting down and abandoning module SessionFrontend (394)
[2018.10.20-04.17.55:183][617]LogModuleManager: Shutting down and abandoning module ProfilerClient (392)
[2018.10.20-04.17.55:183][617]LogModuleManager: Shutting down and abandoning module DeviceManager (390)
[2018.10.20-04.17.55:183][617]LogModuleManager: Shutting down and abandoning module TargetDeviceServices (389)
[2018.10.20-04.17.55:245][617]LogModuleManager: Shutting down and abandoning module AutomationController (386)
[2018.10.20-04.17.55:245][617]LogModuleManager: Shutting down and abandoning module AutomationWindow (384)
[2018.10.20-04.17.55:245][617]LogModuleManager: Shutting down and abandoning module Layers (382)
[2018.10.20-04.17.55:246][617]LogModuleManager: Shutting down and abandoning module ComponentVisualizers (380)
[2018.10.20-04.17.55:246][617]LogModuleManager: Shutting down and abandoning module DetailCustomizations (378)
[2018.10.20-04.17.55:246][617]LogModuleManager: Shutting down and abandoning module PackagesDialog (376)
[2018.10.20-04.17.55:246][617]LogModuleManager: Shutting down and abandoning module Persona (374)
[2018.10.20-04.17.55:246][617]LogModuleManager: Shutting down and abandoning module AdvancedPreviewScene (373)
[2018.10.20-04.17.55:246][617]LogModuleManager: Shutting down and abandoning module AnimGraph (371)
[2018.10.20-04.17.55:246][617]LogModuleManager: Shutting down and abandoning module Kismet (368)
[2018.10.20-04.17.55:247][617]LogModuleManager: Shutting down and abandoning module ClassViewer (366)
[2018.10.20-04.17.55:247][617]LogModuleManager: Shutting down and abandoning module Toolbox (364)
[2018.10.20-04.17.55:247][617]LogModuleManager: Shutting down and abandoning module ModuleUI (362)
[2018.10.20-04.17.55:247][617]LogModuleManager: Shutting down and abandoning module MovieSceneTools (360)
[2018.10.20-04.17.55:247][617]LogModuleManager: Shutting down and abandoning module OutputLog (358)
[2018.10.20-04.17.55:247][617]LogModuleManager: Shutting down and abandoning module GammaUI (356)
[2018.10.20-04.17.55:247][617]LogModuleManager: Shutting down and abandoning module Documentation (354)
[2018.10.20-04.17.55:247][617]LogModuleManager: Shutting down and abandoning module MovieSceneTracks (352)
[2018.10.20-04.17.55:248][617]LogModuleManager: Shutting down and abandoning module MovieScene (350)
[2018.10.20-04.17.55:248][617]LogModuleManager: Shutting down and abandoning module Niagara (348)
[2018.10.20-04.17.55:248][617]LogModuleManager: Shutting down and abandoning module NiagaraEditor (347)
[2018.10.20-04.17.55:248][617]LogModuleManager: Shutting down and abandoning module StreamingPauseRendering (344)
[2018.10.20-04.17.55:248][617]LogModuleManager: Shutting down and abandoning module AnalyticsET (342)
[2018.10.20-04.17.55:248][617]LogModuleManager: Shutting down and abandoning module PortalServices (340)
[2018.10.20-04.17.55:248][617]LogModuleManager: Shutting down and abandoning module PortalRpc (338)
[2018.10.20-04.17.55:248][617]LogModuleManager: Shutting down and abandoning module MessagingRpc (336)
[2018.10.20-04.17.55:248][617]LogModuleManager: Shutting down and abandoning module AIModule (334)
[2018.10.20-04.17.55:248][617]LogModuleManager: Shutting down and abandoning module GameplayDebugger (333)
[2018.10.20-04.17.55:248][617]LogModuleManager: Shutting down and abandoning module AITestSuite (331)
[2018.10.20-04.17.55:248][617]LogModuleManager: Shutting down and abandoning module ProfilerService (328)
[2018.10.20-04.17.55:420][617]LogModuleManager: Shutting down and abandoning module TaskGraph (326)
[2018.10.20-04.17.55:420][617]LogModuleManager: Shutting down and abandoning module SteamVRController (324)
[2018.10.20-04.17.55:420][617]LogModuleManager: Shutting down and abandoning module SteamVR (322)
[2018.10.20-04.17.55:420][617]LogModuleManager: Shutting down and abandoning module ProceduralMeshComponentEditor (320)
[2018.10.20-04.17.55:420][617]LogModuleManager: Shutting down and abandoning module ProceduralMeshComponent (318)
[2018.10.20-04.17.55:420][617]LogModuleManager: Shutting down and abandoning module OculusLibrary (316)
[2018.10.20-04.17.55:420][617]LogModuleManager: Shutting down and abandoning module OculusInput (314)
[2018.10.20-04.17.55:420][617]LogModuleManager: Shutting down and abandoning module MobilePatchingUtils (312)
[2018.10.20-04.17.55:420][617]LogModuleManager: Shutting down and abandoning module CustomMeshComponent (310)
[2018.10.20-04.17.55:420][617]LogModuleManager: Shutting down and abandoning module CableComponent (308)
[2018.10.20-04.17.55:420][617]LogModuleManager: Shutting down and abandoning module ArchVisCharacter (306)
[2018.10.20-04.17.55:420][617]LogModuleManager: Shutting down and abandoning module AndroidPermission (304)
[2018.10.20-04.17.55:420][617]LogModuleManager: Shutting down and abandoning module MediaPlayerEditor (300)
[2018.10.20-04.17.55:420][617]LogModuleManager: Shutting down and abandoning module HTML5Networking (298)
[2018.10.20-04.17.55:420][617]LogModuleManager: Shutting down and abandoning module AlembicImporter (296)
[2018.10.20-04.17.55:420][617]LogModuleManager: Shutting down and abandoning module AlembicLibrary (295)
[2018.10.20-04.17.55:420][617]LogModuleManager: Shutting down and abandoning module GeometryCache (294)
[2018.10.20-04.17.55:420][617]LogModuleManager: Shutting down and abandoning module GeometryCacheEd (293)
[2018.10.20-04.17.55:420][617]LogModuleManager: Shutting down and abandoning module SuperSearchEditor (288)
[2018.10.20-04.17.55:420][617]LogModuleManager: Shutting down and abandoning module SuperSearch (287)
[2018.10.20-04.17.55:420][617]LogModuleManager: Shutting down and abandoning module SpeedTreeImporter (284)
[2018.10.20-04.17.55:420][617]LogModuleManager: Shutting down and abandoning module PluginBrowser (282)
[2018.10.20-04.17.55:420][617]LogModuleManager: Shutting down and abandoning module MobileLauncherProfileWizard (280)
[2018.10.20-04.17.55:421][617]LogModuleManager: Shutting down and abandoning module VisualStudioSourceCodeAccess (278)
[2018.10.20-04.17.55:421][617]LogModuleManager: Shutting down and abandoning module DesktopPlatform (277)
[2018.10.20-04.17.55:421][617]LogModuleManager: Shutting down and abandoning module UObjectPlugin (274)
[2018.10.20-04.17.55:421][617]LogModuleManager: Shutting down and abandoning module SubversionSourceControl (272)
[2018.10.20-04.17.55:421][617]LogModuleManager: Shutting down and abandoning module PerforceSourceControl (270)
[2018.10.20-04.17.55:421][617]LogModuleManager: Shutting down and abandoning module GitSourceControl (268)
[2018.10.20-04.17.55:421][617]LogModuleManager: Shutting down and abandoning module SourceControl (267)
[2018.10.20-04.17.55:421][617]LogModuleManager: Shutting down and abandoning module LightPropagationVolumeEditor (264)
[2018.10.20-04.17.55:421][617]LogModuleManager: Shutting down and abandoning module PaperTiledImporter (262)
[2018.10.20-04.17.55:421][617]LogModuleManager: Shutting down and abandoning module PaperSpriteSheetImporter (260)
[2018.10.20-04.17.55:421][617]LogModuleManager: Shutting down and abandoning module Paper2DEditor (258)
[2018.10.20-04.17.55:421][617]LogModuleManager: Shutting down and abandoning module MeshPaint (257)
[2018.10.20-04.17.55:421][617]LogModuleManager: Shutting down and abandoning module LevelEditor (255)
[2018.10.20-04.17.55:422][617]LogModuleManager: Shutting down and abandoning module PixelInspectorModule (254)
[2018.10.20-04.17.55:422][617]LogModuleManager: Shutting down and abandoning module MainFrame (252)
[2018.10.20-04.17.55:422][617]LogModuleManager: Shutting down and abandoning module HotReload (251)
[2018.10.20-04.17.55:422][617]LogModuleManager: Shutting down and abandoning module PhysXVehiclesEditor (246)
[2018.10.20-04.17.55:423][617]LogModuleManager: Shutting down and abandoning module PhysXVehicles (244)
[2018.10.20-04.17.55:423][617]LogModuleManager: Shutting down and abandoning module LocationServicesBPLibrary (242)
[2018.10.20-04.17.55:423][617]LogModuleManager: Shutting down and abandoning module ImmediatePhysicsEditor (240)
[2018.10.20-04.17.55:423][617]LogModuleManager: Shutting down and abandoning module ImmediatePhysics (238)
[2018.10.20-04.17.55:423][617]LogModuleManager: Shutting down and abandoning module UdpMessaging (236)
[2018.10.20-04.17.55:523][617]LogModuleManager: Shutting down and abandoning module TcpMessaging (234)
[2018.10.20-04.17.55:623][617]LogModuleManager: Shutting down and abandoning module GameplayTagsEditor (232)
[2018.10.20-04.17.55:623][617]LogModuleManager: Shutting down and abandoning module FacialAnimationEditor (230)
[2018.10.20-04.17.55:623][617]LogModuleManager: Shutting down and abandoning module FacialAnimation (228)
[2018.10.20-04.17.55:623][617]LogModuleManager: Shutting down and abandoning module AssetManagerEditor (226)
[2018.10.20-04.17.55:624][617]LogModuleManager: Shutting down and abandoning module GraphEditor (225)
[2018.10.20-04.17.55:624][617]LogModuleManager: Shutting down and abandoning module ContentBrowser (223)
[2018.10.20-04.17.55:628][617]LogModuleManager: Shutting down and abandoning module LightPropagationVolumeRuntime (220)
[2018.10.20-04.17.55:628][617]LogModuleManager: Shutting down and abandoning module Paper2D (218)
[2018.10.20-04.17.55:628][617]LogModuleManager: Shutting down and abandoning module WindowsMoviePlayer (216)
[2018.10.20-04.17.55:628][617]LogModuleManager: Shutting down and abandoning module WmfMedia (214)
[2018.10.20-04.17.55:644][617]LogModuleManager: Shutting down and abandoning module ClothingSystemEditor (212)
[2018.10.20-04.17.55:644][617]LogModuleManager: Shutting down and abandoning module ClothingSystemRuntime (210)
[2018.10.20-04.17.55:644][617]LogModuleManager: Shutting down and abandoning module MediaAssets (208)
[2018.10.20-04.17.55:644][617]LogModuleManager: Shutting down and abandoning module GameLiveStreaming (206)
[2018.10.20-04.17.55:644][617]LogModuleManager: Shutting down and abandoning module VREditor (204)
[2018.10.20-04.17.55:644][617]LogModuleManager: Shutting down and abandoning module StringTableEditor (202)
[2018.10.20-04.17.55:644][617]LogModuleManager: Shutting down and abandoning module GameplayTasksEditor (200)
[2018.10.20-04.17.55:645][617]LogModuleManager: Shutting down and abandoning module BehaviorTreeEditor (198)
[2018.10.20-04.17.55:645][617]LogModuleManager: Shutting down and abandoning module FunctionalTesting (196)
[2018.10.20-04.17.55:645][617]LogModuleManager: Shutting down and abandoning module CollisionAnalyzer (194)
[2018.10.20-04.17.55:645][617]LogModuleManager: Shutting down and abandoning module UMG (192)
[2018.10.20-04.17.55:645][617]LogModuleManager: Shutting down and abandoning module UMGEditor (191)
[2018.10.20-04.17.55:645][617]LogModuleManager: Shutting down and abandoning module Sequencer (190)
[2018.10.20-04.17.55:645][617]LogModuleManager: Shutting down and abandoning module AssetTools (188)
[2018.10.20-04.17.55:646][617]LogModuleManager: Shutting down and abandoning module MessageLog (187)
[2018.10.20-04.17.55:646][617]LogModuleManager: Shutting down and abandoning module WorkspaceMenuStructure (186)
[2018.10.20-04.17.55:646][617]LogModuleManager: Shutting down and abandoning module SlateReflector (180)
[2018.10.20-04.17.55:646][617]LogModuleManager: Shutting down and abandoning module Slate (178)
[2018.10.20-04.17.55:646][617]LogModuleManager: Shutting down and abandoning module EditorStyle (176)
[2018.10.20-04.17.55:654][617]LogModuleManager: Shutting down and abandoning module SourceCodeAccess (174)
[2018.10.20-04.17.55:654][617]LogModuleManager: Shutting down and abandoning module HeadMountedDisplay (172)
[2018.10.20-04.17.55:655][617]LogModuleManager: Shutting down and abandoning module XAudio2 (170)
[2018.10.20-04.17.55:655][617]LogModuleManager: Shutting down and abandoning module Networking (168)
[2018.10.20-04.17.55:655][617]LogModuleManager: Shutting down and abandoning module Core (164)
[2018.10.20-04.17.55:655][617]LogModuleManager: Shutting down and abandoning module AssetRegistry (162)
[2018.10.20-04.17.55:917][617]LogDirectoryWatcher: A directory notification for '../../../Engine/Content/' was aborted.
[2018.10.20-04.17.55:917][617]LogDirectoryWatcher: A directory notification for '../../../../../../Users/HP/Documents/Unreal Projects/fps 4.16/Content/' was aborted.
[2018.10.20-04.17.55:917][617]LogDirectoryWatcher: A directory notification for '../../../Engine/Plugins/2D/Paper2D/Content/' was aborted.
[2018.10.20-04.17.55:917][617]LogDirectoryWatcher: A directory notification for '../../../Engine/Plugins/Runtime/GearVR/Content/' was aborted.
[2018.10.20-04.17.55:923][617]LogModuleManager: Shutting down and abandoning module DirectoryWatcher (161)
[2018.10.20-04.17.55:924][617]LogModuleManager: Shutting down and abandoning module KismetCompiler (158)
[2018.10.20-04.17.55:924][617]LogModuleManager: Shutting down and abandoning module LevelSequence (156)
[2018.10.20-04.17.55:924][617]LogModuleManager: Shutting down and abandoning module PhysXFormats (154)
[2018.10.20-04.17.55:924][617]LogModuleManager: Shutting down and abandoning module MeshUtilities (152)
[2018.10.20-04.17.55:924][617]LogModuleManager: Shutting down and abandoning module SimplygonSwarm (151)
[2018.10.20-04.17.55:924][617]LogModuleManager: Shutting down and abandoning module SimplygonMeshReduction (149)
[2018.10.20-04.17.55:924][617]LogModuleManager: Shutting down and abandoning module QuadricMeshReduction (147)
[2018.10.20-04.17.55:924][617]LogModuleManager: Shutting down and abandoning module DerivedDataCache (144)
[2018.10.20-04.17.56:013][617]LogDerivedDataCache: Shutdown
[2018.10.20-04.17.56:014][617]LogModuleManager: Shutting down and abandoning module TargetPlatform (142)
[2018.10.20-04.17.56:014][617]LogModuleManager: Shutting down and abandoning module VulkanShaderFormat (141)
[2018.10.20-04.17.56:014][617]LogModuleManager: Shutting down and abandoning module ShaderFormatVectorVM (139)
[2018.10.20-04.17.56:014][617]LogModuleManager: Shutting down and abandoning module ShaderFormatOpenGL (137)
[2018.10.20-04.17.56:014][617]LogModuleManager: Shutting down and abandoning module ShaderFormatD3D (135)
[2018.10.20-04.17.56:014][617]LogModuleManager: Shutting down and abandoning module MetalShaderFormat (133)
[2018.10.20-04.17.56:014][617]LogModuleManager: Shutting down and abandoning module TextureFormatUncompressed (131)
[2018.10.20-04.17.56:014][617]LogModuleManager: Shutting down and abandoning module TextureFormatPVR (129)
[2018.10.20-04.17.56:014][617]LogModuleManager: Shutting down and abandoning module TextureFormatDXT (127)
[2018.10.20-04.17.56:014][617]LogModuleManager: Shutting down and abandoning module TextureFormatIntelISPCTexComp (125)
[2018.10.20-04.17.56:014][617]LogModuleManager: Shutting down and abandoning module TextureFormatASTC (123)
[2018.10.20-04.17.56:014][617]LogModuleManager: Shutting down and abandoning module ImageWrapper (122)
[2018.10.20-04.17.56:014][617]LogModuleManager: Shutting down and abandoning module TextureFormatAndroid (119)
[2018.10.20-04.17.56:014][617]LogModuleManager: Shutting down and abandoning module AudioFormatOpus (117)
[2018.10.20-04.17.56:014][617]LogModuleManager: Shutting down and abandoning module AudioFormatOgg (115)
[2018.10.20-04.17.56:014][617]LogModuleManager: Shutting down and abandoning module AudioFormatADPCM (113)
[2018.10.20-04.17.56:014][617]LogModuleManager: Shutting down and abandoning module LinuxTargetPlatform (111)
[2018.10.20-04.17.56:014][617]LogModuleManager: Shutting down and abandoning module LinuxServerTargetPlatform (109)
[2018.10.20-04.17.56:014][617]LogModuleManager: Shutting down and abandoning module LinuxNoEditorTargetPlatform (107)
[2018.10.20-04.17.56:014][617]LogModuleManager: Shutting down and abandoning module LinuxClientTargetPlatform (105)
[2018.10.20-04.17.56:014][617]LogModuleManager: Shutting down and abandoning module TVOSTargetPlatform (103)
[2018.10.20-04.17.56:014][617]LogModuleManager: Shutting down and abandoning module Messaging (101)
[2018.10.20-04.17.56:014][617]LogModuleManager: Shutting down and abandoning module IOSTargetPlatform (99)
[2018.10.20-04.17.56:014][617]LogModuleManager: Shutting down and abandoning module HTML5TargetPlatform (97)
[2018.10.20-04.17.56:014][617]LogModuleManager: Shutting down and abandoning module Android_PVRTCTargetPlatform (95)
[2018.10.20-04.17.56:014][617]LogModuleManager: Shutting down and abandoning module Android_MultiTargetPlatform (93)
[2018.10.20-04.17.56:014][617]LogModuleManager: Shutting down and abandoning module Android_ETC2TargetPlatform (91)
[2018.10.20-04.17.56:014][617]LogModuleManager: Shutting down and abandoning module Android_ETC1TargetPlatform (89)
[2018.10.20-04.17.56:014][617]LogModuleManager: Shutting down and abandoning module Android_DXTTargetPlatform (87)
[2018.10.20-04.17.56:014][617]LogModuleManager: Shutting down and abandoning module Android_ATCTargetPlatform (85)
[2018.10.20-04.17.56:014][617]LogModuleManager: Shutting down and abandoning module Android_ASTCTargetPlatform (83)
[2018.10.20-04.17.56:014][617]LogModuleManager: Shutting down and abandoning module AndroidTargetPlatform (81)
[2018.10.20-04.17.56:014][617]LogModuleManager: Shutting down and abandoning module WindowsTargetPlatform (79)
[2018.10.20-04.17.56:014][617]LogModuleManager: Shutting down and abandoning module WindowsServerTargetPlatform (77)
[2018.10.20-04.17.56:014][617]LogModuleManager: Shutting down and abandoning module WindowsNoEditorTargetPlatform (75)
[2018.10.20-04.17.56:014][617]LogModuleManager: Shutting down and abandoning module WindowsClientTargetPlatform (73)
[2018.10.20-04.17.56:014][617]LogModuleManager: Shutting down and abandoning module MacTargetPlatform (71)
[2018.10.20-04.17.56:014][617]LogModuleManager: Shutting down and abandoning module MacServerTargetPlatform (69)
[2018.10.20-04.17.56:014][617]LogModuleManager: Shutting down and abandoning module MacNoEditorTargetPlatform (67)
[2018.10.20-04.17.56:014][617]LogModuleManager: Shutting down and abandoning module MacClientTargetPlatform (65)
[2018.10.20-04.17.56:014][617]LogModuleManager: Shutting down and abandoning module AllDesktopTargetPlatform (63)
[2018.10.20-04.17.56:014][617]LogModuleManager: Shutting down and abandoning module InputCore (60)
[2018.10.20-04.17.56:014][617]LogModuleManager: Shutting down and abandoning module Settings (58)
[2018.10.20-04.17.56:014][617]LogModuleManager: Shutting down and abandoning module OculusRift (56)
[2018.10.20-04.17.56:014][617]LogModuleManager: Shutting down and abandoning module GearVRController (54)
[2018.10.20-04.17.56:014][617]LogModuleManager: Shutting down and abandoning module GearVR (52)
[2018.10.20-04.17.56:014][617]LogModuleManager: Shutting down and abandoning module ExampleDeviceProfileSelector (50)
[2018.10.20-04.17.56:014][617]LogModuleManager: Shutting down and abandoning module OnlineBlueprintSupport (48)
[2018.10.20-04.17.56:014][617]LogModuleManager: Shutting down and abandoning module OnlineSubsystem (44)
[2018.10.20-04.17.56:014][617]LogOnline:Display: Unloading online subsystem: NULL
[2018.10.20-04.17.56:014][617]LogModuleManager: Shutting down and abandoning module XMPP (43)
[2018.10.20-04.17.56:015][617]LogModuleManager: Shutting down and abandoning module HTTP (41)
[2018.10.20-04.17.56:015][617]LogHttp:Display: Http module shutting down, but needs to wait on 1 outstanding Http requests:
[2018.10.20-04.17.56:015][617]LogHttp:Display: 	verb=[POST] url=[https://datarouter.ol.epicgames.com/datarouter/api/v1/public/data?SessionID=%7BED094611-4C36-54B3-951D-E2A1560CC84F%7D&AppID=UEEditor.Rocket.Release&AppVersion=4.16.1-3466753%2B%2B%2BUE4%2BRelease-4.16&UserID=1b410e7c418ce58e9086538397e03c48%7C208ea35da04a410182c0ef589c197869%7C11cb3bca-93fb-49a4-9cd0-93aaf9e061bd&AppEnvironment=datacollector-binary&UploadType=eteventstream] status=Processing
[2018.10.20-04.17.56:023][617]LogModuleManager: Shutting down and abandoning module SSL (40)
[2018.10.20-04.17.56:027][617]LogModuleManager: Shutting down and abandoning module HTTPChunkInstaller (36)
[2018.10.20-04.17.56:027][617]LogModuleManager: Shutting down and abandoning module AnimationModifiers (34)
[2018.10.20-04.17.56:027][617]LogModuleManager: Shutting down and abandoning module PropertyEditor (33)
[2018.10.20-04.17.56:027][617]LogModuleManager: Shutting down and abandoning module AudioEditor (30)
[2018.10.20-04.17.56:027][617]LogModuleManager: Shutting down and abandoning module TextureCompressor (28)
[2018.10.20-04.17.56:027][617]LogModuleManager: Shutting down and abandoning module ShaderCore (26)
[2018.10.20-04.17.56:027][617]LogModuleManager: Shutting down and abandoning module Landscape (24)
[2018.10.20-04.17.56:027][617]LogModuleManager: Shutting down and abandoning module SlateRHIRenderer (22)
[2018.10.20-04.17.56:029][617]LogModuleManager: Shutting down and abandoning module OpenGLDrv (20)
[2018.10.20-04.17.56:029][617]LogModuleManager: Shutting down and abandoning module D3D11RHI (18)
[2018.10.20-04.17.56:029][617]LogModuleManager: Shutting down and abandoning module AnimGraphRuntime (16)
[2018.10.20-04.17.56:029][617]LogModuleManager: Shutting down and abandoning module Renderer (14)
[2018.10.20-04.17.56:029][617]LogModuleManager: Shutting down and abandoning module Engine (12)
[2018.10.20-04.17.56:029][617]LogModuleManager: Shutting down and abandoning module CoreUObject (10)
[2018.10.20-04.17.56:029][617]LogModuleManager: Shutting down and abandoning module NetworkFile (8)
[2018.10.20-04.17.56:029][617]LogModuleManager: Shutting down and abandoning module StreamingFile (6)
[2018.10.20-04.17.56:029][617]LogModuleManager: Shutting down and abandoning module SandboxFile (4)
[2018.10.20-04.17.56:029][617]LogModuleManager: Shutting down and abandoning module PakFile (2)
[2018.10.20-04.17.56:031][617]LogExit: Exiting.
[2018.10.20-04.17.56:053][617]Log file closed, 10/19/18 21:17:56
