Log file open, 10/19/18 21:30:57
LogInit:Display: Running engine for game: fps
LogPlatformFile: Not using cached read wrapper
LogInit:Display: RandInit(-1843273987) SRandInit(-1843273987).
LogTaskGraph: Started task graph with 5 named threads and 6 total threads with 1 sets of task threads.
LogStats: Stats thread started at 0.138003
LogInit: Using libcurl 7.47.1
LogInit:  - built for x86_64-pc-win32
LogInit:  - supports SSL with OpenSSL/1.0.2g
LogInit:  - supports HTTP deflate (compression) using libz 1.2.8
LogInit:  - other features:
LogInit:      CURL_VERSION_SSL
LogInit:      CURL_VERSION_LIBZ
LogInit:      CURL_VERSION_IPV6
LogInit:      CURL_VERSION_ASYNCHDNS
LogInit:      CURL_VERSION_LARGEFILE
LogInit:      CURL_VERSION_IDN
LogInit:  CurlRequestOptions (configurable via config and command line):
LogInit:  - bVerifyPeer = false  - Libcurl will NOT verify peer certificate
LogInit:  - bUseHttpProxy = false  - Libcurl will NOT use HTTP proxy
LogInit:  - bDontReuseConnections = false  - Libcurl will reuse connections
LogInit:  - CertBundlePath = nullptr  - Libcurl will use whatever was configured at build time.
LogInit: Build: ++UE4+Release-4.16-CL-3466753
LogInit: Engine Version: 4.16.1-3466753+++UE4+Release-4.16
LogInit: Compatible Engine Version: 4.16.0-3452394+++UE4+Release-4.16
LogInit: Net CL: 3452394
LogDevObjectVersion: Number of dev versions registered: 16
LogDevObjectVersion:   Dev-Blueprints (B0D832E4-1F89-4F0D-ACCF-7EB736FD4AA2): 9
LogDevObjectVersion:   Dev-Build (E1C64328-A22C-4D53-A36C-8E866417BD8C): 0
LogDevObjectVersion:   Dev-Core (375EC13C-06E4-48FB-B500-84F0262A717E): 2
LogDevObjectVersion:   Dev-Editor (E4B068ED-F494-42E9-A231-DA0B2E46BB41): 17
LogDevObjectVersion:   Dev-Framework (CFFC743F-43B0-4480-9391-14DF171D2073): 23
LogDevObjectVersion:   Dev-Mobile (B02B49B5-BB20-44E9-A304-32B752E40360): 0
LogDevObjectVersion:   Dev-Networking (A4E4105C-59A1-49B5-A7C5-40C4547EDFEE): 0
LogDevObjectVersion:   Dev-Online (39C831C9-5AE6-47DC-9A44-9C173E1C8E7C): 0
LogDevObjectVersion:   Dev-Physics (78F01B33-EBEA-4F98-B9B4-84EACCB95AA2): 0
LogDevObjectVersion:   Dev-Platform (6631380F-2D4D-43E0-8009-CF276956A95A): 0
LogDevObjectVersion:   Dev-Rendering (12F88B9F-8875-4AFC-A67C-D90C383ABD29): 15
LogDevObjectVersion:   Dev-Sequencer (7B5AE74C-D270-4C10-A958-57980B212A5A): 4
LogDevObjectVersion:   Dev-VR (D7296918-1DD6-4BDD-9DE2-64A83CC13884): 0
LogDevObjectVersion:   Dev-LoadTimes (C2A15278-BFE7-4AFE-6C17-90FF531DF755): 1
LogDevObjectVersion:   Private-Geometry (6EACA3D4-40EC-4CC1-B786-8BED09428FC5): 1
LogDevObjectVersion:   Dev-AnimPhys (29E575DD-E0A3-4627-9D10-D276232CDCEA): 3
LogInit: Compiled (64-bit): May 31 2017 02:03:30
LogInit: Compiled with Visual C++: 19.00.24215.01
LogInit: Build Configuration: Development
LogInit: Branch Name: ++UE4+Release-4.16
LogInit: Command line:  
LogInit: Base directory: C:/Program Files/Epic Games/UE_4.16/Engine/Binaries/Win64/
LogInit: Installed Engine Build: 1
LogInit: Presizing for max 8388607 objects, including 0 objects not considered by GC, pre-allocating 0 bytes for permanent pool.
LogInit: Object subsystem initialized
[2018.10.20-04.30.58:906][  0]LogInit: Selected Device Profile: [Windows]
[2018.10.20-04.30.58:906][  0]LogInit: Applying CVar settings loaded from the selected device profile: [Windows]
[2018.10.20-04.30.58:955][  0]LogInit: Computer: DESKTOP-B3GUKJU
[2018.10.20-04.30.58:955][  0]LogInit: User: HP
[2018.10.20-04.30.58:955][  0]LogInit: CPU Page size=4096, Cores=2
[2018.10.20-04.30.58:955][  0]LogInit: High frequency timer resolution =1.851181 MHz
[2018.10.20-04.30.58:956][  0]LogMemory: Memory total: Physical=5.9GB (6GB approx)
[2018.10.20-04.30.58:956][  0]LogMemory: Platform Memory Stats for Windows
[2018.10.20-04.30.58:956][  0]LogMemory: Process Physical Memory: 272.66 MB used, 272.66 MB peak
[2018.10.20-04.30.58:956][  0]LogMemory: Process Virtual Memory: 266.27 MB used, 266.27 MB peak
[2018.10.20-04.30.58:956][  0]LogMemory: Physical Memory: 2648.04 MB used,  3426.11 MB free, 6074.15 MB total
[2018.10.20-04.30.58:956][  0]LogMemory: Virtual Memory: 680.13 MB used,  3426.11 MB free, 134217728.00 MB total
[2018.10.20-04.30.59:134][  0]LogInit: Using OS detected language (en-US).
[2018.10.20-04.30.59:134][  0]LogInit: Using OS detected locale (en-US).
[2018.10.20-04.30.59:318][  0]LogTextLocalizationManager: No specific localization for 'en-US' exists, so the 'en' localization will be used.
[2018.10.20-04.31.06:808][  0]LogD3D11RHI: D3D11 adapters:
[2018.10.20-04.31.06:817][  0]LogD3D11RHI:    0. 'Intel(R) HD Graphics Family' (Feature Level 11_0)
[2018.10.20-04.31.06:817][  0]LogD3D11RHI:       112/0/2048 MB DedicatedVideo/DedicatedSystem/SharedSystem, Outputs:1, VendorId:0x8086
[2018.10.20-04.31.06:821][  0]LogD3D11RHI:    1. 'Microsoft Basic Render Driver' (Feature Level 11_0)
[2018.10.20-04.31.06:821][  0]LogD3D11RHI:       0/0/3037 MB DedicatedVideo/DedicatedSystem/SharedSystem, Outputs:0, VendorId:0x1414
[2018.10.20-04.31.06:821][  0]LogD3D11RHI: Chosen D3D11 Adapter: 0
[2018.10.20-04.31.06:828][  0]LogD3D11RHI: Creating new Direct3DDevice
[2018.10.20-04.31.06:828][  0]LogD3D11RHI:     GPU DeviceId: 0xa16 (for the marketing name, search the web for "GPU Device Id")
[2018.10.20-04.31.06:828][  0]LogWindows: EnumDisplayDevices:
[2018.10.20-04.31.06:828][  0]LogWindows:    0. 'Intel(R) HD Graphics Family' (P:1 D:1)
[2018.10.20-04.31.06:829][  0]LogWindows:    1. 'Intel(R) HD Graphics Family' (P:0 D:0)
[2018.10.20-04.31.06:829][  0]LogWindows:    2. 'Intel(R) HD Graphics Family' (P:0 D:0)
[2018.10.20-04.31.06:829][  0]LogWindows: DebugString: GetVideoDriverDetailsInvalid PrimaryIsNotTheChoosenAdapter GetVideoDriverDetailsInvalid PrimaryIsNotTheChoosenAdapter GetVideoDriverDetailsInvalid PrimaryIsNotTheChoosenAdapter FoundDriverCount:0 
[2018.10.20-04.31.06:829][  0]LogD3D11RHI:     Adapter Name: Intel(R) HD Graphics Family
[2018.10.20-04.31.06:829][  0]LogD3D11RHI:   Driver Version: Unknown (internal:Unknown, unified:Unknown)
[2018.10.20-04.31.06:829][  0]LogD3D11RHI:      Driver Date: Unknown
[2018.10.20-04.31.06:829][  0]LogRHI: Texture pool is 795 MB (70% of 1136 MB)
[2018.10.20-04.31.06:838][  0]LogD3D11RHI: Async texture creation enabled
[2018.10.20-04.31.06:847][  0]LogD3D11RHI: GPU Timing Frequency: 12.500000 (Debug: 2 0)
[2018.10.20-04.31.06:848][  0]LogShaderCompilers: Guid format shader working directory is -18 characters bigger than the processId version (../../../../../../Users/HP/Documents/Unreal Projects/fps 4.16/Intermediate/Shaders/WorkingDirectory/9156/).
[2018.10.20-04.31.06:848][  0]LogShaderCompilers: Cleaned the shader compiler working directory 'C:/Users/HP/AppData/Local/Temp/UnrealShaderWorkingDir/5898B0604B2EC00274F083BD480D3333/'.
[2018.10.20-04.31.06:848][  0]LogShaderCompilers:Display: Using Local Shader Compiler.
[2018.10.20-04.31.13:394][  0]LogTemp:Display: Loaded TP AllDesktopTargetPlatform
[2018.10.20-04.31.13:501][  0]LogTemp:Display: Loaded TP MacClientTargetPlatform
[2018.10.20-04.31.13:607][  0]LogTemp:Display: Loaded TP MacNoEditorTargetPlatform
[2018.10.20-04.31.13:716][  0]LogTemp:Display: Loaded TP MacServerTargetPlatform
[2018.10.20-04.31.13:853][  0]LogTemp:Display: Loaded TP MacTargetPlatform
[2018.10.20-04.31.13:971][  0]LogTemp:Display: Loaded TP WindowsClientTargetPlatform
[2018.10.20-04.31.14:107][  0]LogTemp:Display: Loaded TP WindowsNoEditorTargetPlatform
[2018.10.20-04.31.14:215][  0]LogTemp:Display: Loaded TP WindowsServerTargetPlatform
[2018.10.20-04.31.14:309][  0]LogTemp:Display: Loaded TP WindowsTargetPlatform
[2018.10.20-04.31.14:438][  0]LogTemp:Display: Loaded TP AndroidTargetPlatform
[2018.10.20-04.31.14:541][  0]LogTemp:Display: Loaded TP Android_ASTCTargetPlatform
[2018.10.20-04.31.14:643][  0]LogTemp:Display: Loaded TP Android_ATCTargetPlatform
[2018.10.20-04.31.14:753][  0]LogTemp:Display: Loaded TP Android_DXTTargetPlatform
[2018.10.20-04.31.14:859][  0]LogTemp:Display: Loaded TP Android_ETC1TargetPlatform
[2018.10.20-04.31.14:962][  0]LogTemp:Display: Loaded TP Android_ETC2TargetPlatform
[2018.10.20-04.31.15:209][  0]LogTemp:Display: Loaded TP Android_MultiTargetPlatform
[2018.10.20-04.31.15:209][  0]LogTemp:Display: Loaded TP Android_PVRTCTargetPlatform
[2018.10.20-04.31.15:292][  0]LogTemp:Display: Loaded TP HTML5TargetPlatform
[2018.10.20-04.31.15:510][  0]LogTemp:Display: Loaded TP IOSTargetPlatform
[2018.10.20-04.31.15:570][  0]LogTemp:Display: Loaded TP TVOSTargetPlatform
[2018.10.20-04.31.15:672][  0]LogTemp:Display: Loaded TP LinuxClientTargetPlatform
[2018.10.20-04.31.15:777][  0]LogTemp:Display: Loaded TP LinuxNoEditorTargetPlatform
[2018.10.20-04.31.15:881][  0]LogTemp:Display: Loaded TP LinuxServerTargetPlatform
[2018.10.20-04.31.16:016][  0]LogTemp:Display: Loaded TP LinuxTargetPlatform
[2018.10.20-04.31.16:016][  0]LogTargetPlatformManager:Display: Building Assets For Windows
[2018.10.20-04.31.17:172][  0]LogDerivedDataCache:Display: Max Cache Size: 512 MB
[2018.10.20-04.31.18:309][  0]LogDerivedDataCache: Loaded boot cache 1.14s 90MB C:/Users/HP/AppData/Local/UnrealEngine/4.16/DerivedDataCache/Boot.ddc.
[2018.10.20-04.31.18:309][  0]LogDerivedDataCache:Display: Loaded Boot cache: C:/Users/HP/AppData/Local/UnrealEngine/4.16/DerivedDataCache/Boot.ddc
[2018.10.20-04.31.18:309][  0]LogDerivedDataCache: FDerivedDataBackendGraph:  Pak pak cache file ../../../../../../Users/HP/Documents/Unreal Projects/fps 4.16/DerivedDataCache/DDC.ddp not found, will not use a pak cache.
[2018.10.20-04.31.18:309][  0]LogDerivedDataCache: Unable to find inner node Pak for hierarchical cache Hierarchy.
[2018.10.20-04.31.18:309][  0]LogDerivedDataCache: FDerivedDataBackendGraph:  CompressedPak pak cache file ../../../../../../Users/HP/Documents/Unreal Projects/fps 4.16/DerivedDataCache/Compressed.ddp not found, will not use a pak cache.
[2018.10.20-04.31.18:310][  0]LogDerivedDataCache: Unable to find inner node CompressedPak for hierarchical cache Hierarchy.
[2018.10.20-04.31.18:348][  0]LogDerivedDataCache:Display: Pak cache opened for reading ../../../Engine/DerivedDataCache/Compressed.ddp.
[2018.10.20-04.31.18:382][  0]LogDerivedDataCache: Using Local data cache path C:/Users/HP/AppData/Local/UnrealEngine/Common/DerivedDataCache: Writable
[2018.10.20-04.31.18:407][  0]LogMaterial: Verifying Global Shaders for PCD3D_SM5
[2018.10.20-04.31.18:408][  0]LogSlate: Using Freetype 2.6.0
[2018.10.20-04.31.18:445][  0]LogSlate: SlateFontCache - WITH_FREETYPE: 1, WITH_HARFBUZZ: 1
[2018.10.20-04.31.18:445][  0]LogSlate: SlateFontCache - WITH_FREETYPE: 1, WITH_HARFBUZZ: 1
[2018.10.20-04.31.21:126][  0]LogInit: Selected Device Profile: [Windows]
[2018.10.20-04.31.21:250][  0]LogContentStreaming: Texture pool size is 0.00 MB
[2018.10.20-04.31.21:599][  0]LogMeshUtilities: Using QuadricMeshReduction for automatic static mesh reduction
[2018.10.20-04.31.21:734][  0]LogSimplygon: Simplygon DLL not present - disabling.
[2018.10.20-04.31.21:837][  0]LogMeshUtilities: Using SimplygonSwarm for distributed automatic mesh merging
[2018.10.20-04.31.21:837][  0]LogMeshUtilities: No automatic skeletal mesh reduction module available
[2018.10.20-04.31.21:837][  0]LogMeshUtilities: No automatic mesh merging module available
[2018.10.20-04.31.23:001][  0]LogNetVersion: fps , NetCL: 3452394, EngineNetVer: 2, GameNetVer: 0 (Checksum: 1528635445)
[2018.10.20-04.31.23:113][  0]LogAssetRegistry: FAssetRegistry took 0.0294 seconds to start up
[2018.10.20-04.31.23:248][  0]LogPackageLocalizationCache: Processed 4 localized package path(s) for 2 prioritized culture(s) in 0.083573 seconds
[2018.10.20-04.31.23:257][  0]LogUObjectArray: 34194 objects as part of root set at end of initial load.
[2018.10.20-04.31.23:257][  0]LogUObjectAllocator: 7260424 out of 0 bytes used by permanent object pool.
[2018.10.20-04.31.23:257][  0]LogUObjectArray: CloseDisregardForGC: 0/0 objects in disregard for GC pool
[2018.10.20-04.31.23:410][  0]LogInit: WinSock: version 1.1 (2.2), MaxSocks=32767, MaxUdp=65467
[2018.10.20-04.31.51:173][  0]LogTcpMessaging: Initializing TcpMessaging bridge
[2018.10.20-04.31.51:243][  0]LogUdpMessaging: Initializing bridge on interface 0.0.0.0:0 to multicast group 230.0.0.1:6666.
[2018.10.20-04.31.52:755][  0]LogMaterial: Uniform references updated for custom material expression Custom.
[2018.10.20-04.31.53:661][  0]SourceControl: Info Source control is disabled
[2018.10.20-04.31.53:861][  0]SourceControl: Info Source control is disabled
[2018.10.20-04.31.53:963][  0]SourceControl: Info Source control is disabled
[2018.10.20-04.31.54:065][  0]SourceControl: Info Source control is disabled
[2018.10.20-04.31.55:939][  0]LogAndroidPermission: UAndroidPermissionCallbackProxy::GetInstance
[2018.10.20-04.31.57:250][  0]LogEngine: Initializing Engine...
[2018.10.20-04.31.57:251][  0]LogHMD: Failed to initialize OpenVR with code 110
[2018.10.20-04.31.57:617][  0]LogStats: UGameplayTagsManager::ConstructGameplayTagTree: Construct from data asset -  0.000 s
[2018.10.20-04.31.57:617][  0]LogStats: UGameplayTagsManager::ConstructGameplayTagTree: GameplayTagTreeChangedEvent.Broadcast -  0.000 s
[2018.10.20-04.31.57:909][  0]LogAIModule: Creating AISystem for world Untitled
[2018.10.20-04.31.57:919][  0]LogInit: XAudio2 using 'Speaker/HP (Realtek High Definition Audio)' : 2 channels at 48 kHz using 32 bits per sample (channel mask 0x3)
[2018.10.20-04.31.57:950][  0]LogInit: FAudioDevice initialized.
[2018.10.20-04.31.58:025][  0]LogDerivedDataCache: Saved boot cache 0.07s 90MB C:/Users/HP/AppData/Local/UnrealEngine/4.16/DerivedDataCache/Boot.ddc.
[2018.10.20-04.31.58:041][  0]LogInit: Texture streaming: Enabled
[2018.10.20-04.31.58:255][  0]LogEngineSessionManager: EngineSessionManager initialized
[2018.10.20-04.31.58:843][  0]LogInit: Transaction tracking system initialized
[2018.10.20-04.31.59:535][  0]BlueprintLog: New page: Editor Load
[2018.10.20-04.32.01:713][  0]LocalizationService: Info Localization service is disabled
[2018.10.20-04.32.03:340][  0]LogConsoleResponse:Display: 
[2018.10.20-04.32.03:646][  0]LogCook:Display: Max memory allowance for cook 16384mb min free memory 0mb
[2018.10.20-04.32.03:646][  0]LogCook:Display: Mobile HDR setting 1
[2018.10.20-04.32.03:983][  0]LogFileCache: Scanning file cache for directory 'C:/Users/HP/Documents/Unreal Projects/fps 4.16/Content/' took 0.04s
[2018.10.20-04.32.06:283][  0]SourceControl: Info Source control is disabled
[2018.10.20-04.32.06:283][  0]Cmd: MAP LOAD FILE="../../../../../../Users/HP/Documents/Unreal Projects/fps 4.16/Content/StarterContent/Maps/Minimal_Default.umap" TEMPLATE=0 SHOWPROGRESS=1 FEATURELEVEL=3
[2018.10.20-04.32.06:284][  0]LightingResults: New page: Lighting Build
[2018.10.20-04.32.06:400][  0]MapCheck: New page: Map Check
[2018.10.20-04.32.06:400][  0]LightingResults: New page: Lighting Build
[2018.10.20-04.32.07:070][  0]LogAIModule: Creating AISystem for world Minimal_Default
[2018.10.20-04.32.07:084][  0]LogEditorServer: Finished looking for orphan Actors (0.000 secs)
[2018.10.20-04.32.07:156][  0]Cmd: MAP CHECKDEP NOCLEARLOG
[2018.10.20-04.32.07:261][  0]MapCheck: Info Map check complete: 0 Error(s), 0 Warning(s), took 104.876ms to complete.
[2018.10.20-04.32.07:261][  0]LogFileHelpers: Loading map 'Minimal_Default' took 0.978
[2018.10.20-04.32.07:605][  0]LogCollectionManager: Loaded 0 collections in 0.002643 seconds
[2018.10.20-04.32.07:734][  0]LogFileCache: Scanning file cache for directory 'C:/Users/HP/Documents/Unreal Projects/fps 4.16/Saved/Collections/' took 0.01s
[2018.10.20-04.32.07:734][  0]LogFileCache: Scanning file cache for directory 'C:/Users/HP/Documents/Unreal Projects/fps 4.16/Content/Developers/HP/Collections/' took 0.01s
[2018.10.20-04.32.07:734][  0]LogFileCache: Scanning file cache for directory 'C:/Users/HP/Documents/Unreal Projects/fps 4.16/Content/Collections/' took 0.01s
[2018.10.20-04.32.07:734][  0]LogCollectionManager: Rebuilt the GUID cache for 0 collections in 0.000003 seconds
[2018.10.20-04.32.07:757][  0]LogContentBrowser: Native class hierarchy populated in 0.0232 seconds. Added 2329 classes and 491 folders.
[2018.10.20-04.32.07:907][  0]LogContentBrowser: Native class hierarchy updated for 'WidgetCarousel' in 0.0009 seconds. Added 0 classes and 0 folders.
[2018.10.20-04.32.08:596][  0]LogContentBrowser: Native class hierarchy updated for 'AddContentDialog' in 0.0009 seconds. Added 0 classes and 0 folders.
[2018.10.20-04.32.08:686][  0]LogContentBrowser: Native class hierarchy updated for 'SceneOutliner' in 0.0010 seconds. Added 1 classes and 2 folders.
[2018.10.20-04.32.08:787][  0]LogCrashTracker: Crashtracker disabled due to settings.
[2018.10.20-04.32.08:798][  0]LogUObjectGlobals:Warning: Failed to find object 'Class None.'
[2018.10.20-04.32.08:917][  0]LogContentBrowser: Native class hierarchy updated for 'HierarchicalLODOutliner' in 0.0012 seconds. Added 1 classes and 2 folders.
[2018.10.20-04.32.08:918][  0]LogLoad: (Engine Initialization) Total time: 74.25 seconds
[2018.10.20-04.32.08:918][  0]LogLoad: (Engine Initialization) Total Blueprint compile time: 0.27 seconds
[2018.10.20-04.32.08:918][  0]LogExternalProfiler: No external profilers were discovered.  External profiling features will not be available.
[2018.10.20-04.32.08:936][  0]LogOcInput: OculusInput pre-init called
[2018.10.20-04.32.08:936][  0]LogHMD: Starting GearVRController plugin
[2018.10.20-04.32.08:956][  0]LogContentStreaming: Texture pool size now 800 MB
[2018.10.20-04.32.08:958][  0]LogSlate: Took 0.000336 seconds to synchronously load lazily loaded font '../../../Engine/Content/Slate/Fonts/Roboto-Regular.ttf' (155K)
[2018.10.20-04.32.08:961][  0]LogSlate: Took 0.000306 seconds to synchronously load lazily loaded font '../../../Engine/Content/Slate/Fonts/Roboto-Bold.ttf' (160K)
[2018.10.20-04.32.08:991][  0]LogSlate: Took 0.023420 seconds to synchronously load lazily loaded font '../../../Engine/Content/Editor/Slate/Fonts/FontAwesome.ttf' (139K)
[2018.10.20-04.32.09:240][  2]LogRenderer: Reallocating scene render targets to support 764x360 NumSamples 1 (Frame:1).
[2018.10.20-04.32.09:970][  2]LogAssetRegistry: Asset discovery search completed in 46.8793 seconds
[2018.10.20-04.32.09:978][  2]LogCollectionManager: Rebuilt the object cache for 0 collections in 0.000001 seconds (found 0 objects)
[2018.10.20-04.32.09:978][  2]LogCollectionManager: Fixed up redirectors for 0 collections in 0.000099 seconds (updated 0 objects)
[2018.10.20-04.32.10:033][  2]LogSlate: Took 0.000421 seconds to synchronously load lazily loaded font '../../../Engine/Content/Slate/Fonts/Roboto-Light.ttf' (159K)
[2018.10.20-04.33.12:346][187]LogSlate: Took 0.000809 seconds to synchronously load lazily loaded font '../../../Engine/Content/Slate/Fonts/Roboto-Light.ttf' (159K)
[2018.10.20-04.33.12:632][187]LogLinker:Warning: Unable to load package (../../../../../../Users/HP/Documents/Unreal Projects/fps 4.16/Content/Maps/erwin117_BuiltData.uasset). Post Tag is not valid. File might be corrupted.
[2018.10.20-04.33.12:633][187]LogLinker:Warning: Unable to load package (../../../../../../Users/HP/Documents/Unreal Projects/fps 4.16/Content/Maps/erwin117_BuiltData.uasset). Post Tag is not valid. File might be corrupted.
[2018.10.20-04.33.12:740][187]LogLinker:Warning: Unable to load package (../../../../../../Users/HP/Documents/Unreal Projects/fps 4.16/Content/Maps/erwin117_BuiltData.uasset). Post Tag is not valid. File might be corrupted.
[2018.10.20-04.33.12:741][187]LogLinker:Warning: Unable to load package (../../../../../../Users/HP/Documents/Unreal Projects/fps 4.16/Content/Maps/erwin117_BuiltData.uasset). Post Tag is not valid. File might be corrupted.
[2018.10.20-04.33.12:752][187]LogLinker:Warning: Unable to load package (../../../../../../Users/HP/Documents/Unreal Projects/fps 4.16/Content/Maps/erwin117_BuiltData.uasset). Post Tag is not valid. File might be corrupted.
[2018.10.20-04.33.12:753][187]LogLinker:Warning: Unable to load package (../../../../../../Users/HP/Documents/Unreal Projects/fps 4.16/Content/Maps/erwin117_BuiltData.uasset). Post Tag is not valid. File might be corrupted.
[2018.10.20-04.33.12:754][187]LogLinker:Warning: Unable to load package (../../../../../../Users/HP/Documents/Unreal Projects/fps 4.16/Content/Maps/erwin117_BuiltData.uasset). Post Tag is not valid. File might be corrupted.
[2018.10.20-04.33.12:754][187]LogLinker:Warning: Unable to load package (../../../../../../Users/HP/Documents/Unreal Projects/fps 4.16/Content/Maps/erwin117_BuiltData.uasset). Post Tag is not valid. File might be corrupted.
[2018.10.20-04.33.12:801][187]LogLinker:Warning: Unable to load package (../../../../../../Users/HP/Documents/Unreal Projects/fps 4.16/Content/Maps/erwin117_BuiltData.uasset). Post Tag is not valid. File might be corrupted.
[2018.10.20-04.33.12:802][187]LogLinker:Warning: Unable to load package (../../../../../../Users/HP/Documents/Unreal Projects/fps 4.16/Content/Maps/erwin117_BuiltData.uasset). Post Tag is not valid. File might be corrupted.
[2018.10.20-04.33.13:056][187]LogAIModule: Creating AISystem for world erwin117
[2018.10.20-04.33.13:175][187]Cmd: MAP LOAD FILE="../../../../../../Users/HP/Documents/Unreal Projects/fps 4.16/Content/Maps/erwin117.umap" TEMPLATE=0 SHOWPROGRESS=1 FEATURELEVEL=3
[2018.10.20-04.33.13:175][187]LightingResults: New page: Lighting Build
[2018.10.20-04.33.13:176][187]LoadErrors: New page: Loading map: erwin117.umap
[2018.10.20-04.33.13:177][187]MapCheck: New page: Map Check
[2018.10.20-04.33.13:177][187]LightingResults: New page: Lighting Build
[2018.10.20-04.33.13:296][187]LogEditorServer: Finished looking for orphan Actors (0.000 secs)
[2018.10.20-04.33.13:391][187]Cmd: MAP CHECKDEP NOCLEARLOG
[2018.10.20-04.33.13:555][187]MapCheck: Info Map check complete: 0 Error(s), 0 Warning(s), took 163.868ms to complete.
[2018.10.20-04.33.13:555][187]LogFileHelpers: Loading map 'erwin117' took 0.382
[2018.10.20-04.33.23:793][452]LogTemp: Repeting last play command: Selected Viewport
[2018.10.20-04.33.24:160][452]LogBlueprintUserMessages: Early PlayInEditor Detection: Level '/Game/Maps/erwin117.erwin117:PersistentLevel' has LevelScriptBlueprint '/Game/Maps/erwin117.erwin117:PersistentLevel.erwin117' with GeneratedClass '/Game/Maps/erwin117.erwin117_C' with ClassGeneratedBy '/Game/Maps/erwin117.erwin117:PersistentLevel.erwin117'
[2018.10.20-04.33.24:160][452]LogPlayLevel: PlayLevel: No blueprints needed recompiling
[2018.10.20-04.33.24:161][452]PIE: New page: PIE session: erwin117 (Oct 19, 2018, 2:33:24 PM)
[2018.10.20-04.33.24:161][452]LogPlayLevel: Creating play world package: /Game/Maps/UEDPIE_0_erwin117
[2018.10.20-04.33.24:201][452]LogPlayLevel: PIE: StaticDuplicateObject took: (0.040184s)
[2018.10.20-04.33.24:202][452]LogAIModule: Creating AISystem for world erwin117
[2018.10.20-04.33.24:202][452]LogPlayLevel: PIE: World Init took: (0.001401s)
[2018.10.20-04.33.24:203][452]LogPlayLevel: PIE: Created PIE world by copying editor world from /Game/Maps/erwin117.erwin117 to /Game/Maps/UEDPIE_0_erwin117.erwin117 (0.042009s)
[2018.10.20-04.33.24:234][452]LogInit: XAudio2 using 'Speaker/HP (Realtek High Definition Audio)' : 2 channels at 48 kHz using 32 bits per sample (channel mask 0x3)
[2018.10.20-04.33.24:258][452]LogInit: FAudioDevice initialized.
[2018.10.20-04.33.24:574][452]LogPhysics:Warning: PHYSX: (D:\Build\++UE4+Release-4.16+PhysX_Compile\Sync\Engine\Source\ThirdParty\PhysX\PhysX_3.4\Source\PhysXCooking\src\mesh\TriangleMeshBuilder.cpp 1080) eINTERNAL_ERROR : cleaning the mesh failed
[2018.10.20-04.33.24:575][452]LogPhysics:Warning: Failed to cook TriMesh: /Game/Art/rocketLauncher/rocketLauncherMesh.rocketLauncherMesh.
[2018.10.20-04.33.24:679][452]LogLoad: Game class is 'FPS_GameMode_C'
[2018.10.20-04.33.24:691][452]LogWorld: Bringing World /Game/Maps/UEDPIE_0_erwin117.erwin117 up for play (max tick rate 60) at 2018.10.19-21.33.24
[2018.10.20-04.33.24:692][452]LogWorld: Bringing up level for play took: 0.011082
[2018.10.20-04.33.24:787][452]LogContentBrowser: Native class hierarchy updated for 'MovieSceneCapture' in 0.0020 seconds. Added 11 classes and 0 folders.
[2018.10.20-04.33.24:793][452]PIE: Info Play in editor start time for /Game/Maps/UEDPIE_0_erwin117 -0.241
[2018.10.20-04.33.24:794][452]LogBlueprintUserMessages: Late PlayInEditor Detection: Level '/Game/Maps/erwin117.erwin117:PersistentLevel' has LevelScriptBlueprint '/Game/Maps/erwin117.erwin117:PersistentLevel.erwin117' with GeneratedClass '/Game/Maps/erwin117.erwin117_C' with ClassGeneratedBy '/Game/Maps/erwin117.erwin117:PersistentLevel.erwin117'
[2018.10.20-04.34.29:440][511]LogBlueprintUserMessages: Early EndPlayMap Detection: Level '/Game/Maps/erwin117.erwin117:PersistentLevel' has LevelScriptBlueprint '/Game/Maps/erwin117.erwin117:PersistentLevel.erwin117' with GeneratedClass '/Game/Maps/erwin117.erwin117_C' with ClassGeneratedBy '/Game/Maps/erwin117.erwin117:PersistentLevel.erwin117'
[2018.10.20-04.34.29:520][511]LogBlueprintUserMessages: Late EndPlayMap Detection: Level '/Game/Maps/erwin117.erwin117:PersistentLevel' has LevelScriptBlueprint '/Game/Maps/erwin117.erwin117:PersistentLevel.erwin117' with GeneratedClass '/Game/Maps/erwin117.erwin117_C' with ClassGeneratedBy '/Game/Maps/erwin117.erwin117:PersistentLevel.erwin117'
[2018.10.20-04.34.34:261][619]LogAIModule: Creating AISystem for world futureSpace
[2018.10.20-04.34.34:387][619]Cmd: MAP LOAD FILE="../../../../../../Users/HP/Documents/Unreal Projects/fps 4.16/Content/Maps/futureSpace.umap" TEMPLATE=0 SHOWPROGRESS=1 FEATURELEVEL=3
[2018.10.20-04.34.34:387][619]LightingResults: New page: Lighting Build
[2018.10.20-04.34.34:388][619]LoadErrors: New page: Loading map: futureSpace.umap
[2018.10.20-04.34.34:392][619]MapCheck: New page: Map Check
[2018.10.20-04.34.34:392][619]LightingResults: New page: Lighting Build
[2018.10.20-04.34.34:497][619]LogEditorServer: Finished looking for orphan Actors (0.000 secs)
[2018.10.20-04.34.34:580][619]Cmd: MAP CHECKDEP NOCLEARLOG
[2018.10.20-04.34.34:726][619]MapCheck: Info Map check complete: 0 Error(s), 0 Warning(s), took 145.302ms to complete.
[2018.10.20-04.34.34:726][619]LogFileHelpers: Loading map 'futureSpace' took 0.339
[2018.10.20-04.34.40:604][805]LogTemp: Repeting last play command: Selected Viewport
[2018.10.20-04.34.40:658][805]LogBlueprintUserMessages: Early PlayInEditor Detection: Level '/Game/Maps/futureSpace.futureSpace:PersistentLevel' has LevelScriptBlueprint '/Game/Maps/futureSpace.futureSpace:PersistentLevel.futureSpace' with GeneratedClass '/Game/Maps/futureSpace.futureSpace_C' with ClassGeneratedBy '/Game/Maps/futureSpace.futureSpace:PersistentLevel.futureSpace'
[2018.10.20-04.34.40:659][805]LogPlayLevel: PlayLevel: No blueprints needed recompiling
[2018.10.20-04.34.40:659][805]PIE: New page: PIE session: futureSpace (Oct 19, 2018, 2:34:40 PM)
[2018.10.20-04.34.40:659][805]LogPlayLevel: Creating play world package: /Game/Maps/UEDPIE_0_futureSpace
[2018.10.20-04.34.40:704][805]LogPlayLevel: PIE: StaticDuplicateObject took: (0.044432s)
[2018.10.20-04.34.40:705][805]LogAIModule: Creating AISystem for world futureSpace
[2018.10.20-04.34.40:705][805]LogPlayLevel: PIE: World Init took: (0.001505s)
[2018.10.20-04.34.40:706][805]LogPlayLevel: PIE: Created PIE world by copying editor world from /Game/Maps/futureSpace.futureSpace to /Game/Maps/UEDPIE_0_futureSpace.futureSpace (0.046565s)
[2018.10.20-04.34.40:751][805]LogInit: XAudio2 using 'Speaker/HP (Realtek High Definition Audio)' : 2 channels at 48 kHz using 32 bits per sample (channel mask 0x3)
[2018.10.20-04.34.40:780][805]LogInit: FAudioDevice initialized.
[2018.10.20-04.34.40:818][805]LogLoad: Game class is 'FPS_GameMode_C'
[2018.10.20-04.34.40:826][805]LogWorld: Bringing World /Game/Maps/UEDPIE_0_futureSpace.futureSpace up for play (max tick rate 60) at 2018.10.19-21.34.40
[2018.10.20-04.34.40:827][805]LogWorld: Bringing up level for play took: 0.008587
[2018.10.20-04.34.40:831][805]PIE: Info Play in editor start time for /Game/Maps/UEDPIE_0_futureSpace -0.204
[2018.10.20-04.34.40:831][805]LogBlueprintUserMessages: Late PlayInEditor Detection: Level '/Game/Maps/futureSpace.futureSpace:PersistentLevel' has LevelScriptBlueprint '/Game/Maps/futureSpace.futureSpace:PersistentLevel.futureSpace' with GeneratedClass '/Game/Maps/futureSpace.futureSpace_C' with ClassGeneratedBy '/Game/Maps/futureSpace.futureSpace:PersistentLevel.futureSpace'
[2018.10.20-04.35.21:385][419]LogBlueprintUserMessages: Early EndPlayMap Detection: Level '/Game/Maps/futureSpace.futureSpace:PersistentLevel' has LevelScriptBlueprint '/Game/Maps/futureSpace.futureSpace:PersistentLevel.futureSpace' with GeneratedClass '/Game/Maps/futureSpace.futureSpace_C' with ClassGeneratedBy '/Game/Maps/futureSpace.futureSpace:PersistentLevel.futureSpace'
[2018.10.20-04.35.21:438][419]LogBlueprintUserMessages: Late EndPlayMap Detection: Level '/Game/Maps/futureSpace.futureSpace:PersistentLevel' has LevelScriptBlueprint '/Game/Maps/futureSpace.futureSpace:PersistentLevel.futureSpace' with GeneratedClass '/Game/Maps/futureSpace.futureSpace_C' with ClassGeneratedBy '/Game/Maps/futureSpace.futureSpace:PersistentLevel.futureSpace'
[2018.10.20-04.35.30:280][743]LogTemp: Repeting last play command: Selected Viewport
[2018.10.20-04.35.30:346][743]LogBlueprintUserMessages: Early PlayInEditor Detection: Level '/Game/Maps/futureSpace.futureSpace:PersistentLevel' has LevelScriptBlueprint '/Game/Maps/futureSpace.futureSpace:PersistentLevel.futureSpace' with GeneratedClass '/Game/Maps/futureSpace.futureSpace_C' with ClassGeneratedBy '/Game/Maps/futureSpace.futureSpace:PersistentLevel.futureSpace'
[2018.10.20-04.35.30:346][743]LogPlayLevel: PlayLevel: No blueprints needed recompiling
[2018.10.20-04.35.30:346][743]PIE: New page: PIE session: futureSpace (Oct 19, 2018, 2:35:30 PM)
[2018.10.20-04.35.30:346][743]LogPlayLevel: Creating play world package: /Game/Maps/UEDPIE_0_futureSpace
[2018.10.20-04.35.30:388][743]LogPlayLevel: PIE: StaticDuplicateObject took: (0.041913s)
[2018.10.20-04.35.30:390][743]LogAIModule: Creating AISystem for world futureSpace
[2018.10.20-04.35.30:390][743]LogPlayLevel: PIE: World Init took: (0.001968s)
[2018.10.20-04.35.30:390][743]LogPlayLevel: PIE: Created PIE world by copying editor world from /Game/Maps/futureSpace.futureSpace to /Game/Maps/UEDPIE_0_futureSpace.futureSpace (0.044364s)
[2018.10.20-04.35.30:436][743]LogInit: XAudio2 using 'Speaker/HP (Realtek High Definition Audio)' : 2 channels at 48 kHz using 32 bits per sample (channel mask 0x3)
[2018.10.20-04.35.30:458][743]LogInit: FAudioDevice initialized.
[2018.10.20-04.35.30:493][743]LogLoad: Game class is 'FPS_GameMode_C'
[2018.10.20-04.35.30:504][743]LogWorld: Bringing World /Game/Maps/UEDPIE_0_futureSpace.futureSpace up for play (max tick rate 60) at 2018.10.19-21.35.30
[2018.10.20-04.35.30:505][743]LogWorld: Bringing up level for play took: 0.010226
[2018.10.20-04.35.30:508][743]PIE: Info Play in editor start time for /Game/Maps/UEDPIE_0_futureSpace -0.527
[2018.10.20-04.35.30:509][743]LogBlueprintUserMessages: Late PlayInEditor Detection: Level '/Game/Maps/futureSpace.futureSpace:PersistentLevel' has LevelScriptBlueprint '/Game/Maps/futureSpace.futureSpace:PersistentLevel.futureSpace' with GeneratedClass '/Game/Maps/futureSpace.futureSpace_C' with ClassGeneratedBy '/Game/Maps/futureSpace.futureSpace:PersistentLevel.futureSpace'
[2018.10.20-04.35.47:748][458]LogBlueprintUserMessages: Early EndPlayMap Detection: Level '/Game/Maps/futureSpace.futureSpace:PersistentLevel' has LevelScriptBlueprint '/Game/Maps/futureSpace.futureSpace:PersistentLevel.futureSpace' with GeneratedClass '/Game/Maps/futureSpace.futureSpace_C' with ClassGeneratedBy '/Game/Maps/futureSpace.futureSpace:PersistentLevel.futureSpace'
[2018.10.20-04.35.47:805][458]LogBlueprintUserMessages: Late EndPlayMap Detection: Level '/Game/Maps/futureSpace.futureSpace:PersistentLevel' has LevelScriptBlueprint '/Game/Maps/futureSpace.futureSpace:PersistentLevel.futureSpace' with GeneratedClass '/Game/Maps/futureSpace.futureSpace_C' with ClassGeneratedBy '/Game/Maps/futureSpace.futureSpace:PersistentLevel.futureSpace'
[2018.10.20-04.36.04:303][107]LogTemp: Repeting last play command: Selected Viewport
[2018.10.20-04.36.04:382][107]LogBlueprintUserMessages: Early PlayInEditor Detection: Level '/Game/Maps/futureSpace.futureSpace:PersistentLevel' has LevelScriptBlueprint '/Game/Maps/futureSpace.futureSpace:PersistentLevel.futureSpace' with GeneratedClass '/Game/Maps/futureSpace.futureSpace_C' with ClassGeneratedBy '/Game/Maps/futureSpace.futureSpace:PersistentLevel.futureSpace'
[2018.10.20-04.36.04:382][107]LogPlayLevel: PlayLevel: No blueprints needed recompiling
[2018.10.20-04.36.04:382][107]PIE: New page: PIE session: futureSpace (Oct 19, 2018, 2:36:04 PM)
[2018.10.20-04.36.04:382][107]LogPlayLevel: Creating play world package: /Game/Maps/UEDPIE_0_futureSpace
[2018.10.20-04.36.04:407][107]LogPlayLevel: PIE: StaticDuplicateObject took: (0.024458s)
[2018.10.20-04.36.04:408][107]LogAIModule: Creating AISystem for world futureSpace
[2018.10.20-04.36.04:408][107]LogPlayLevel: PIE: World Init took: (0.001118s)
[2018.10.20-04.36.04:408][107]LogPlayLevel: PIE: Created PIE world by copying editor world from /Game/Maps/futureSpace.futureSpace to /Game/Maps/UEDPIE_0_futureSpace.futureSpace (0.026008s)
[2018.10.20-04.36.04:447][107]LogInit: XAudio2 using 'Speaker/HP (Realtek High Definition Audio)' : 2 channels at 48 kHz using 32 bits per sample (channel mask 0x3)
[2018.10.20-04.36.04:475][107]LogInit: FAudioDevice initialized.
[2018.10.20-04.36.04:515][107]LogLoad: Game class is 'FPS_GameMode_C'
[2018.10.20-04.36.04:523][107]LogWorld: Bringing World /Game/Maps/UEDPIE_0_futureSpace.futureSpace up for play (max tick rate 60) at 2018.10.19-21.36.04
[2018.10.20-04.36.04:524][107]LogWorld: Bringing up level for play took: 0.008164
[2018.10.20-04.36.04:528][107]PIE: Info Play in editor start time for /Game/Maps/UEDPIE_0_futureSpace -0.507
[2018.10.20-04.36.04:528][107]LogBlueprintUserMessages: Late PlayInEditor Detection: Level '/Game/Maps/futureSpace.futureSpace:PersistentLevel' has LevelScriptBlueprint '/Game/Maps/futureSpace.futureSpace:PersistentLevel.futureSpace' with GeneratedClass '/Game/Maps/futureSpace.futureSpace_C' with ClassGeneratedBy '/Game/Maps/futureSpace.futureSpace:PersistentLevel.futureSpace'
[2018.10.20-04.36.11:239][372]LogBlueprintUserMessages: Early EndPlayMap Detection: Level '/Game/Maps/futureSpace.futureSpace:PersistentLevel' has LevelScriptBlueprint '/Game/Maps/futureSpace.futureSpace:PersistentLevel.futureSpace' with GeneratedClass '/Game/Maps/futureSpace.futureSpace_C' with ClassGeneratedBy '/Game/Maps/futureSpace.futureSpace:PersistentLevel.futureSpace'
[2018.10.20-04.36.11:297][372]LogBlueprintUserMessages: Late EndPlayMap Detection: Level '/Game/Maps/futureSpace.futureSpace:PersistentLevel' has LevelScriptBlueprint '/Game/Maps/futureSpace.futureSpace:PersistentLevel.futureSpace' with GeneratedClass '/Game/Maps/futureSpace.futureSpace_C' with ClassGeneratedBy '/Game/Maps/futureSpace.futureSpace:PersistentLevel.futureSpace'
[2018.10.20-04.36.15:593][528]LogAIModule: Creating AISystem for world GordonFreemanMap
[2018.10.20-04.36.15:667][528]Cmd: MAP LOAD FILE="../../../../../../Users/HP/Documents/Unreal Projects/fps 4.16/Content/Maps/GordonFreemanMap.umap" TEMPLATE=0 SHOWPROGRESS=1 FEATURELEVEL=3
[2018.10.20-04.36.15:667][528]LightingResults: New page: Lighting Build
[2018.10.20-04.36.15:668][528]LoadErrors: New page: Loading map: GordonFreemanMap.umap
[2018.10.20-04.36.15:671][528]MapCheck: New page: Map Check
[2018.10.20-04.36.15:671][528]LightingResults: New page: Lighting Build
[2018.10.20-04.36.15:756][528]LogEditorServer: Finished looking for orphan Actors (0.000 secs)
[2018.10.20-04.36.15:848][528]Cmd: MAP CHECKDEP NOCLEARLOG
[2018.10.20-04.36.15:994][528]MapCheck: Info Map check complete: 0 Error(s), 0 Warning(s), took 145.849ms to complete.
[2018.10.20-04.36.15:994][528]LogFileHelpers: Loading map 'GordonFreemanMap' took 0.329
[2018.10.20-04.36.19:149][626]LogTemp: Repeting last play command: Selected Viewport
[2018.10.20-04.36.19:186][626]LogBlueprintUserMessages: Early PlayInEditor Detection: Level '/Game/Maps/GordonFreemanMap.GordonFreemanMap:PersistentLevel' has LevelScriptBlueprint '/Game/Maps/GordonFreemanMap.GordonFreemanMap:PersistentLevel.GordonFreemanMap' with GeneratedClass '/Game/Maps/GordonFreemanMap.GordonFreemanMap_C' with ClassGeneratedBy '/Game/Maps/GordonFreemanMap.GordonFreemanMap:PersistentLevel.GordonFreemanMap'
[2018.10.20-04.36.19:186][626]LogPlayLevel: PlayLevel: No blueprints needed recompiling
[2018.10.20-04.36.19:187][626]PIE: New page: PIE session: GordonFreemanMap (Oct 19, 2018, 2:36:19 PM)
[2018.10.20-04.36.19:187][626]LogPlayLevel: Creating play world package: /Game/Maps/UEDPIE_0_GordonFreemanMap
[2018.10.20-04.36.19:227][626]LogPlayLevel: PIE: StaticDuplicateObject took: (0.039857s)
[2018.10.20-04.36.19:229][626]LogAIModule: Creating AISystem for world GordonFreemanMap
[2018.10.20-04.36.19:229][626]LogPlayLevel: PIE: World Init took: (0.002301s)
[2018.10.20-04.36.19:230][626]LogPlayLevel: PIE: Created PIE world by copying editor world from /Game/Maps/GordonFreemanMap.GordonFreemanMap to /Game/Maps/UEDPIE_0_GordonFreemanMap.GordonFreemanMap (0.043003s)
[2018.10.20-04.36.19:263][626]LogInit: XAudio2 using 'Speaker/HP (Realtek High Definition Audio)' : 2 channels at 48 kHz using 32 bits per sample (channel mask 0x3)
[2018.10.20-04.36.19:284][626]LogInit: FAudioDevice initialized.
[2018.10.20-04.36.19:320][626]LogLoad: Game class is 'FPS_GameMode_C'
[2018.10.20-04.36.19:331][626]LogWorld: Bringing World /Game/Maps/UEDPIE_0_GordonFreemanMap.GordonFreemanMap up for play (max tick rate 60) at 2018.10.19-21.36.19
[2018.10.20-04.36.19:331][626]LogWorld: Bringing up level for play took: 0.010389
[2018.10.20-04.36.19:335][626]PIE: Info Play in editor start time for /Game/Maps/UEDPIE_0_GordonFreemanMap 0.3
[2018.10.20-04.36.19:335][626]LogBlueprintUserMessages: Late PlayInEditor Detection: Level '/Game/Maps/GordonFreemanMap.GordonFreemanMap:PersistentLevel' has LevelScriptBlueprint '/Game/Maps/GordonFreemanMap.GordonFreemanMap:PersistentLevel.GordonFreemanMap' with GeneratedClass '/Game/Maps/GordonFreemanMap.GordonFreemanMap_C' with ClassGeneratedBy '/Game/Maps/GordonFreemanMap.GordonFreemanMap:PersistentLevel.GordonFreemanMap'
[2018.10.20-04.37.01:223][328]LogBlueprintUserMessages: Early EndPlayMap Detection: Level '/Game/Maps/GordonFreemanMap.GordonFreemanMap:PersistentLevel' has LevelScriptBlueprint '/Game/Maps/GordonFreemanMap.GordonFreemanMap:PersistentLevel.GordonFreemanMap' with GeneratedClass '/Game/Maps/GordonFreemanMap.GordonFreemanMap_C' with ClassGeneratedBy '/Game/Maps/GordonFreemanMap.GordonFreemanMap:PersistentLevel.GordonFreemanMap'
[2018.10.20-04.37.01:280][328]LogBlueprintUserMessages: Late EndPlayMap Detection: Level '/Game/Maps/GordonFreemanMap.GordonFreemanMap:PersistentLevel' has LevelScriptBlueprint '/Game/Maps/GordonFreemanMap.GordonFreemanMap:PersistentLevel.GordonFreemanMap' with GeneratedClass '/Game/Maps/GordonFreemanMap.GordonFreemanMap_C' with ClassGeneratedBy '/Game/Maps/GordonFreemanMap.GordonFreemanMap:PersistentLevel.GordonFreemanMap'
[2018.10.20-04.37.02:846][374]LogLinker:Warning: Unable to load package (../../../../../../Users/HP/Documents/Unreal Projects/fps 4.16/Content/Maps/hanji_BuiltData.uasset). Post Tag is not valid. File might be corrupted.
[2018.10.20-04.37.02:847][374]LogLinker:Warning: Unable to load package (../../../../../../Users/HP/Documents/Unreal Projects/fps 4.16/Content/Maps/hanji_BuiltData.uasset). Post Tag is not valid. File might be corrupted.
[2018.10.20-04.37.02:849][374]LogLinker:Warning: Unable to load package (../../../../../../Users/HP/Documents/Unreal Projects/fps 4.16/Content/Maps/hanji_BuiltData.uasset). Post Tag is not valid. File might be corrupted.
[2018.10.20-04.37.02:849][374]LogLinker:Warning: Unable to load package (../../../../../../Users/HP/Documents/Unreal Projects/fps 4.16/Content/Maps/hanji_BuiltData.uasset). Post Tag is not valid. File might be corrupted.
[2018.10.20-04.37.02:856][374]LogLinker:Warning: Unable to load package (../../../../../../Users/HP/Documents/Unreal Projects/fps 4.16/Content/Maps/hanji_BuiltData.uasset). Post Tag is not valid. File might be corrupted.
[2018.10.20-04.37.02:857][374]LogLinker:Warning: Unable to load package (../../../../../../Users/HP/Documents/Unreal Projects/fps 4.16/Content/Maps/hanji_BuiltData.uasset). Post Tag is not valid. File might be corrupted.
[2018.10.20-04.37.02:857][374]LogLinker:Warning: Unable to load package (../../../../../../Users/HP/Documents/Unreal Projects/fps 4.16/Content/Maps/hanji_BuiltData.uasset). Post Tag is not valid. File might be corrupted.
[2018.10.20-04.37.02:858][374]LogLinker:Warning: Unable to load package (../../../../../../Users/HP/Documents/Unreal Projects/fps 4.16/Content/Maps/hanji_BuiltData.uasset). Post Tag is not valid. File might be corrupted.
[2018.10.20-04.37.02:888][374]LogLinker:Warning: Unable to load package (../../../../../../Users/HP/Documents/Unreal Projects/fps 4.16/Content/Maps/hanji_BuiltData.uasset). Post Tag is not valid. File might be corrupted.
[2018.10.20-04.37.02:889][374]LogLinker:Warning: Unable to load package (../../../../../../Users/HP/Documents/Unreal Projects/fps 4.16/Content/Maps/hanji_BuiltData.uasset). Post Tag is not valid. File might be corrupted.
[2018.10.20-04.37.02:975][374]LogAIModule: Creating AISystem for world hanji
[2018.10.20-04.37.03:050][374]Cmd: MAP LOAD FILE="../../../../../../Users/HP/Documents/Unreal Projects/fps 4.16/Content/Maps/hanji.umap" TEMPLATE=0 SHOWPROGRESS=1 FEATURELEVEL=3
[2018.10.20-04.37.03:050][374]LightingResults: New page: Lighting Build
[2018.10.20-04.37.03:051][374]LoadErrors: New page: Loading map: hanji.umap
[2018.10.20-04.37.03:053][374]MapCheck: New page: Map Check
[2018.10.20-04.37.03:053][374]LightingResults: New page: Lighting Build
[2018.10.20-04.37.03:186][374]LogEditorServer: Finished looking for orphan Actors (0.000 secs)
[2018.10.20-04.37.03:265][374]Cmd: MAP CHECKDEP NOCLEARLOG
[2018.10.20-04.37.03:407][374]MapCheck: Info Map check complete: 0 Error(s), 0 Warning(s), took 141.61ms to complete.
[2018.10.20-04.37.03:407][374]LogFileHelpers: Loading map 'hanji' took 0.358
[2018.10.20-04.37.04:987][412]LogTemp: Repeting last play command: Selected Viewport
[2018.10.20-04.37.05:025][412]LogBlueprintUserMessages: Early PlayInEditor Detection: Level '/Game/Maps/hanji.hanji:PersistentLevel' has LevelScriptBlueprint '/Game/Maps/hanji.hanji:PersistentLevel.hanji' with GeneratedClass '/Game/Maps/hanji.hanji_C' with ClassGeneratedBy '/Game/Maps/hanji.hanji:PersistentLevel.hanji'
[2018.10.20-04.37.05:025][412]LogPlayLevel: PlayLevel: No blueprints needed recompiling
[2018.10.20-04.37.05:026][412]PIE: New page: PIE session: hanji (Oct 19, 2018, 2:37:05 PM)
[2018.10.20-04.37.05:026][412]LogPlayLevel: Creating play world package: /Game/Maps/UEDPIE_0_hanji
[2018.10.20-04.37.05:070][412]LogPlayLevel: PIE: StaticDuplicateObject took: (0.044096s)
[2018.10.20-04.37.05:071][412]LogAIModule: Creating AISystem for world hanji
[2018.10.20-04.37.05:071][412]LogPlayLevel: PIE: World Init took: (0.001284s)
[2018.10.20-04.37.05:072][412]LogPlayLevel: PIE: Created PIE world by copying editor world from /Game/Maps/hanji.hanji to /Game/Maps/UEDPIE_0_hanji.hanji (0.045849s)
[2018.10.20-04.37.05:106][412]LogInit: XAudio2 using 'Speaker/HP (Realtek High Definition Audio)' : 2 channels at 48 kHz using 32 bits per sample (channel mask 0x3)
[2018.10.20-04.37.05:130][412]LogInit: FAudioDevice initialized.
[2018.10.20-04.37.05:166][412]LogLoad: Game class is 'FPS_GameMode_C'
[2018.10.20-04.37.05:177][412]LogWorld: Bringing World /Game/Maps/UEDPIE_0_hanji.hanji up for play (max tick rate 60) at 2018.10.19-21.37.05
[2018.10.20-04.37.05:177][412]LogWorld: Bringing up level for play took: 0.010429
[2018.10.20-04.37.05:181][412]PIE: Info Play in editor start time for /Game/Maps/UEDPIE_0_hanji 0.146
[2018.10.20-04.37.05:181][412]LogBlueprintUserMessages: Late PlayInEditor Detection: Level '/Game/Maps/hanji.hanji:PersistentLevel' has LevelScriptBlueprint '/Game/Maps/hanji.hanji:PersistentLevel.hanji' with GeneratedClass '/Game/Maps/hanji.hanji_C' with ClassGeneratedBy '/Game/Maps/hanji.hanji:PersistentLevel.hanji'
[2018.10.20-04.38.29:244][131]LogBlueprintUserMessages: Early EndPlayMap Detection: Level '/Game/Maps/hanji.hanji:PersistentLevel' has LevelScriptBlueprint '/Game/Maps/hanji.hanji:PersistentLevel.hanji' with GeneratedClass '/Game/Maps/hanji.hanji_C' with ClassGeneratedBy '/Game/Maps/hanji.hanji:PersistentLevel.hanji'
[2018.10.20-04.38.29:311][131]LogBlueprintUserMessages: Late EndPlayMap Detection: Level '/Game/Maps/hanji.hanji:PersistentLevel' has LevelScriptBlueprint '/Game/Maps/hanji.hanji:PersistentLevel.hanji' with GeneratedClass '/Game/Maps/hanji.hanji_C' with ClassGeneratedBy '/Game/Maps/hanji.hanji:PersistentLevel.hanji'
[2018.10.20-04.38.32:406][223]LogLinker:Warning: Unable to load package (../../../../../../Users/HP/Documents/Unreal Projects/fps 4.16/Content/Maps/Mikasa.umap). Post Tag is not valid. File might be corrupted.
[2018.10.20-04.38.32:410][223]LogLinker:Warning: Unable to load package (../../../../../../Users/HP/Documents/Unreal Projects/fps 4.16/Content/Maps/Mikasa.umap). Post Tag is not valid. File might be corrupted.
[2018.10.20-04.38.32:411][223]LogUObjectGlobals:Warning: Failed to find object 'Object /Game/Maps/Mikasa.Mikasa'
[2018.10.20-04.38.34:390][284]LogLinker:Warning: Unable to load package (../../../../../../Users/HP/Documents/Unreal Projects/fps 4.16/Content/Maps/Mikasa.umap). Post Tag is not valid. File might be corrupted.
[2018.10.20-04.38.34:677][292]LogLinker:Warning: Unable to load package (../../../../../../Users/HP/Documents/Unreal Projects/fps 4.16/Content/Maps/Mikasa.umap). Post Tag is not valid. File might be corrupted.
[2018.10.20-04.38.36:090][335]LogLinker:Warning: Unable to load package (../../../../../../Users/HP/Documents/Unreal Projects/fps 4.16/Content/Maps/Mikasa.umap). Post Tag is not valid. File might be corrupted.
[2018.10.20-04.38.37:294][372]LogLinker:Warning: Unable to load package (../../../../../../Users/HP/Documents/Unreal Projects/fps 4.16/Content/Maps/Mikasa.umap). Post Tag is not valid. File might be corrupted.
[2018.10.20-04.38.37:815][388]LogLinker:Warning: Unable to load package (../../../../../../Users/HP/Documents/Unreal Projects/fps 4.16/Content/Maps/Mikasa.umap). Post Tag is not valid. File might be corrupted.
[2018.10.20-04.38.38:112][397]LogLinker:Warning: Unable to load package (../../../../../../Users/HP/Documents/Unreal Projects/fps 4.16/Content/Maps/Mikasa.umap). Post Tag is not valid. File might be corrupted.
[2018.10.20-04.38.38:427][406]LogLinker:Warning: Unable to load package (../../../../../../Users/HP/Documents/Unreal Projects/fps 4.16/Content/Maps/Mikasa.umap). Post Tag is not valid. File might be corrupted.
[2018.10.20-04.38.40:101][457]LogLinker:Warning: Unable to load package (../../../../../../Users/HP/Documents/Unreal Projects/fps 4.16/Content/Maps/rpg.umap). Post Tag is not valid. File might be corrupted.
[2018.10.20-04.38.40:103][457]LogLinker:Warning: Unable to load package (../../../../../../Users/HP/Documents/Unreal Projects/fps 4.16/Content/Maps/rpg.umap). Post Tag is not valid. File might be corrupted.
[2018.10.20-04.38.40:104][457]LogUObjectGlobals:Warning: Failed to find object 'Object /Game/Maps/rpg.rpg'
[2018.10.20-04.38.42:581][533]LogLinker:Warning: Unable to load package (../../../../../../Users/HP/Documents/Unreal Projects/fps 4.16/Content/Maps/rpg.umap). Post Tag is not valid. File might be corrupted.
[2018.10.20-04.38.42:880][542]LogLinker:Warning: Unable to load package (../../../../../../Users/HP/Documents/Unreal Projects/fps 4.16/Content/Maps/rpg.umap). Post Tag is not valid. File might be corrupted.
[2018.10.20-04.38.43:871][572]LogLinker:Warning: Unable to load package (../../../../../../Users/HP/Documents/Unreal Projects/fps 4.16/Content/Maps/rpg.umap). Post Tag is not valid. File might be corrupted.
[2018.10.20-04.38.44:197][582]LogLinker:Warning: Unable to load package (../../../../../../Users/HP/Documents/Unreal Projects/fps 4.16/Content/Maps/rpg.umap). Post Tag is not valid. File might be corrupted.
[2018.10.20-04.38.46:162][642]LogLinker:Warning: Unable to load package (../../../../../../Users/HP/Documents/Unreal Projects/fps 4.16/Content/Maps/rpg.umap). Post Tag is not valid. File might be corrupted.
[2018.10.20-04.38.47:715][687]LogLinker:Warning: Unable to load package (../../../../../../Users/HP/Documents/Unreal Projects/fps 4.16/Content/Maps/Mikasa.umap). Post Tag is not valid. File might be corrupted.
[2018.10.20-04.38.49:709][742]LogLinker:Warning: Unable to load package (../../../../../../Users/HP/Documents/Unreal Projects/fps 4.16/Content/Maps/Sharle.umap). Post Tag is not valid. File might be corrupted.
[2018.10.20-04.38.49:713][742]LogLinker:Warning: Unable to load package (../../../../../../Users/HP/Documents/Unreal Projects/fps 4.16/Content/Maps/Sharle.umap). Post Tag is not valid. File might be corrupted.
[2018.10.20-04.38.49:715][742]LogUObjectGlobals:Warning: Failed to find object 'Object /Game/Maps/Sharle.Sharle'
[2018.10.20-04.38.50:708][772]LogLinker:Warning: Unable to load package (../../../../../../Users/HP/Documents/Unreal Projects/fps 4.16/Content/Maps/Sharle.umap). Post Tag is not valid. File might be corrupted.
[2018.10.20-04.39.36:120][895]LogContentBrowser: Native class hierarchy updated for 'Cascade' in 0.0015 seconds. Added 2 classes and 2 folders.
[2018.10.20-04.39.36:430][895]LogSlate: Took 0.000371 seconds to synchronously load lazily loaded font '../../../Engine/Content/Slate/Fonts/Roboto-Regular.ttf' (155K)
[2018.10.20-04.39.41:629][988]LogCascade: Quitting Cascade. FXSystem=0x0000013F1BF19440
[2018.10.20-04.40.12:045][891]LogBlueprint:Warning: [Compiler ThirdPersonCharacter] Warning InputAction Event references unknown Action 'ResetVR' for  InputAction ResetVR
[2018.10.20-04.40.12:053][891]LogBlueprint:Warning: [Compiler ThirdPersonCharacter] Warning [0557.39] Compile of ThirdPersonCharacter successful, but with 1 Warning(s) [in 13 ms] (/Game/ThirdPersonBP/Blueprints/ThirdPersonCharacter.ThirdPersonCharacter)
[2018.10.20-04.40.12:053][891]LogBlueprint:Warning: [Compiler ThirdPersonCharacter] Warning [0557.39] Compile of ThirdPersonCharacter successful, but with 2 Warning(s) [in 0 ms] (/Game/ThirdPersonBP/Blueprints/ThirdPersonCharacter.ThirdPersonCharacter)
[2018.10.20-04.40.12:053][891]LogBlueprint:Warning: [Compiler ThirdPersonCharacter] Warning [0557.39] Compile of ThirdPersonCharacter successful, but with 3 Warning(s) [in 0 ms] (/Game/ThirdPersonBP/Blueprints/ThirdPersonCharacter.ThirdPersonCharacter)
[2018.10.20-04.40.12:062][891]LogBlueprint:Warning: [Compiler ThirdPersonCharacter] Warning InputAction Event references unknown Action 'ResetVR' for  InputAction ResetVR
[2018.10.20-04.40.12:071][891]LogBlueprint:Warning: [Compiler ThirdPersonCharacter] Warning [0557.41] Compile of ThirdPersonCharacter successful, but with 1 Warning(s) [in 14 ms] (/Game/ThirdPersonBP/Blueprints/ThirdPersonCharacter.ThirdPersonCharacter)
[2018.10.20-04.40.12:071][891]LogBlueprint:Warning: [Compiler ThirdPersonCharacter] Warning [0557.41] Compile of ThirdPersonCharacter successful, but with 2 Warning(s) [in 0 ms] (/Game/ThirdPersonBP/Blueprints/ThirdPersonCharacter.ThirdPersonCharacter)
[2018.10.20-04.40.12:071][891]LogBlueprint:Warning: [Compiler ThirdPersonCharacter] Warning [0557.41] Compile of ThirdPersonCharacter successful, but with 3 Warning(s) [in 0 ms] (/Game/ThirdPersonBP/Blueprints/ThirdPersonCharacter.ThirdPersonCharacter)
[2018.10.20-04.40.12:942][891]LogContentBrowser: Native class hierarchy updated for 'BlueprintGraph' in 0.0017 seconds. Added 112 classes and 0 folders.
[2018.10.20-04.40.14:193][891]LogSlate: Took 0.015867 seconds to synchronously load lazily loaded font '../../../Engine/Content/Editor/Slate/Fonts/Roboto-BoldCondensed.ttf' (158K)
[2018.10.20-04.40.14:547][892]LogSlate: Took 0.032658 seconds to synchronously load lazily loaded font '../../../Engine/Content/Editor/Slate/Fonts/Roboto-Italic.ttf' (157K)
[2018.10.20-04.40.54:526][789]LogSlate: Took 0.000250 seconds to synchronously load lazily loaded font '../../../Engine/Content/Slate/Fonts/Roboto-Light.ttf' (159K)
[2018.10.20-04.42.33:308][851]LogHttp:Warning: 0000013FAC714100: request failed, libcurl error: 6 (Couldn't resolve host name)
[2018.10.20-04.42.33:308][851]LogHttp:Warning: 0000013FAC714100: libcurl info message cache 0 (Found bundle for host datarouter.ol.epicgames.com: 0x13f78003fb8 [can pipeline])
[2018.10.20-04.42.33:308][851]LogHttp:Warning: 0000013FAC714100: libcurl info message cache 1 (Re-using existing connection! (#3) with host datarouter.ol.epicgames.com)
[2018.10.20-04.42.33:308][851]LogHttp:Warning: 0000013FAC714100: libcurl info message cache 2 (Connected to datarouter.ol.epicgames.com (52.204.40.189) port 443 (#3))
[2018.10.20-04.42.33:308][851]LogHttp:Warning: 0000013FAC714100: libcurl info message cache 3 (upload completely sent off: 2186 out of 2186 bytes)
[2018.10.20-04.42.33:308][851]LogHttp:Warning: 0000013FAC714100: libcurl info message cache 4 (SSL read: error:00000000:lib(0):func(0):reason(0), errno 10054)
[2018.10.20-04.42.33:308][851]LogHttp:Warning: 0000013FAC714100: libcurl info message cache 5 (Connection died, retrying a fresh connect)
[2018.10.20-04.42.33:308][851]LogHttp:Warning: 0000013FAC714100: libcurl info message cache 6 (Closing connection 3)
[2018.10.20-04.42.33:308][851]LogHttp:Warning: 0000013FAC714100: libcurl info message cache 7 (Issue another request to this URL: 'https://datarouter.ol.epicgames.com/datarouter/api/v1/public/data?SessionID=%7B6ECB2BFC-49A0-57A7-369F-A3931164A519%7D&AppID=UEEditor.Rocket.Release&AppVersion=4.16.1-3466753%2B%2B%2BUE4%2BRelease-4.16&UserID=1b410e7c418ce58e9086538397e03c48%7C208ea35da04a410182c0ef589c197869%7C11cb3bca-93fb-49a4-9cd0-93aaf9e061bd&AppEnvironment=datacollector-binary&UploadType=eteventstream')
[2018.10.20-04.42.33:308][851]LogHttp:Warning: 0000013FAC714100: libcurl info message cache 8 (Could not resolve host: datarouter.ol.epicgames.com)
[2018.10.20-04.42.33:308][851]LogHttp:Warning: 0000013FAC714100: libcurl info message cache 9 (Closing connection 4)
[2018.10.20-04.43.22:963][929]LogHttp:Warning: 0000013FA5F39600: request failed, libcurl error: 6 (Couldn't resolve host name)
[2018.10.20-04.43.22:963][929]LogHttp:Warning: 0000013FA5F39600: libcurl info message cache 0 (Could not resolve host: datarouter.ol.epicgames.com)
[2018.10.20-04.43.22:963][929]LogHttp:Warning: 0000013FA5F39600: libcurl info message cache 1 (Closing connection 5)
[2018.10.20-04.44.09:720][929]LogAIModule: Creating AISystem for world futureSpace
[2018.10.20-04.44.09:934][929]Cmd: MAP LOAD FILE="../../../../../../Users/HP/Documents/Unreal Projects/fps 4.16/Content/Maps/futureSpace.umap" TEMPLATE=0 SHOWPROGRESS=1 FEATURELEVEL=3
[2018.10.20-04.44.09:934][929]LightingResults: New page: Lighting Build
[2018.10.20-04.44.09:936][929]LoadErrors: New page: Loading map: futureSpace.umap
[2018.10.20-04.44.09:940][929]MapCheck: New page: Map Check
[2018.10.20-04.44.09:940][929]LightingResults: New page: Lighting Build
[2018.10.20-04.44.10:092][929]LogEditorServer: Finished looking for orphan Actors (0.000 secs)
[2018.10.20-04.44.10:992][929]Cmd: MAP CHECKDEP NOCLEARLOG
[2018.10.20-04.44.11:190][929]MapCheck: Info Map check complete: 0 Error(s), 0 Warning(s), took 198.232ms to complete.
[2018.10.20-04.44.11:190][929]LogFileHelpers: Loading map 'futureSpace' took 1.258
[2018.10.20-04.44.13:570][  0]LogTemp: Repeting last play command: Selected Viewport
[2018.10.20-04.44.13:680][  0]LogBlueprintUserMessages: Early PlayInEditor Detection: Level '/Game/Maps/futureSpace.futureSpace:PersistentLevel' has LevelScriptBlueprint '/Game/Maps/futureSpace.futureSpace:PersistentLevel.futureSpace' with GeneratedClass '/Game/Maps/futureSpace.futureSpace_C' with ClassGeneratedBy '/Game/Maps/futureSpace.futureSpace:PersistentLevel.futureSpace'
[2018.10.20-04.44.13:681][  0]LogPlayLevel: PlayLevel: No blueprints needed recompiling
[2018.10.20-04.44.13:681][  0]PIE: New page: PIE session: futureSpace (Oct 19, 2018, 2:44:13 PM)
[2018.10.20-04.44.13:681][  0]LogPlayLevel: Creating play world package: /Game/Maps/UEDPIE_0_futureSpace
[2018.10.20-04.44.13:883][  0]LogPlayLevel: PIE: StaticDuplicateObject took: (0.202168s)
[2018.10.20-04.44.13:884][  0]LogAIModule: Creating AISystem for world futureSpace
[2018.10.20-04.44.13:884][  0]LogPlayLevel: PIE: World Init took: (0.001299s)
[2018.10.20-04.44.13:885][  0]LogPlayLevel: PIE: Created PIE world by copying editor world from /Game/Maps/futureSpace.futureSpace to /Game/Maps/UEDPIE_0_futureSpace.futureSpace (0.204017s)
[2018.10.20-04.44.13:964][  0]LogInit: XAudio2 using 'Speaker/HP (Realtek High Definition Audio)' : 2 channels at 48 kHz using 32 bits per sample (channel mask 0x3)
[2018.10.20-04.44.13:996][  0]LogInit: FAudioDevice initialized.
[2018.10.20-04.44.14:058][  0]LogLoad: Game class is 'FPS_GameMode_C'
[2018.10.20-04.44.14:071][  0]LogWorld: Bringing World /Game/Maps/UEDPIE_0_futureSpace.futureSpace up for play (max tick rate 60) at 2018.10.19-21.44.14
[2018.10.20-04.44.14:072][  0]LogWorld: Bringing up level for play took: 0.012495
[2018.10.20-04.44.14:075][  0]PIE: Info Play in editor start time for /Game/Maps/UEDPIE_0_futureSpace 1.04
[2018.10.20-04.44.14:076][  0]LogBlueprintUserMessages: Late PlayInEditor Detection: Level '/Game/Maps/futureSpace.futureSpace:PersistentLevel' has LevelScriptBlueprint '/Game/Maps/futureSpace.futureSpace:PersistentLevel.futureSpace' with GeneratedClass '/Game/Maps/futureSpace.futureSpace_C' with ClassGeneratedBy '/Game/Maps/futureSpace.futureSpace:PersistentLevel.futureSpace'
[2018.10.20-04.44.38:488][911]LogBlueprintUserMessages: Early EndPlayMap Detection: Level '/Game/Maps/futureSpace.futureSpace:PersistentLevel' has LevelScriptBlueprint '/Game/Maps/futureSpace.futureSpace:PersistentLevel.futureSpace' with GeneratedClass '/Game/Maps/futureSpace.futureSpace_C' with ClassGeneratedBy '/Game/Maps/futureSpace.futureSpace:PersistentLevel.futureSpace'
[2018.10.20-04.44.38:546][911]LogBlueprintUserMessages: Late EndPlayMap Detection: Level '/Game/Maps/futureSpace.futureSpace:PersistentLevel' has LevelScriptBlueprint '/Game/Maps/futureSpace.futureSpace:PersistentLevel.futureSpace' with GeneratedClass '/Game/Maps/futureSpace.futureSpace_C' with ClassGeneratedBy '/Game/Maps/futureSpace.futureSpace:PersistentLevel.futureSpace'
[2018.10.20-04.44.39:852][955]LogTemp: Repeting last play command: Selected Viewport
[2018.10.20-04.44.39:916][955]LogBlueprintUserMessages: Early PlayInEditor Detection: Level '/Game/Maps/futureSpace.futureSpace:PersistentLevel' has LevelScriptBlueprint '/Game/Maps/futureSpace.futureSpace:PersistentLevel.futureSpace' with GeneratedClass '/Game/Maps/futureSpace.futureSpace_C' with ClassGeneratedBy '/Game/Maps/futureSpace.futureSpace:PersistentLevel.futureSpace'
[2018.10.20-04.44.39:916][955]LogPlayLevel: PlayLevel: No blueprints needed recompiling
[2018.10.20-04.44.39:916][955]PIE: New page: PIE session: futureSpace (Oct 19, 2018, 2:44:39 PM)
[2018.10.20-04.44.39:916][955]LogPlayLevel: Creating play world package: /Game/Maps/UEDPIE_0_futureSpace
[2018.10.20-04.44.39:955][955]LogPlayLevel: PIE: StaticDuplicateObject took: (0.038300s)
[2018.10.20-04.44.39:956][955]LogAIModule: Creating AISystem for world futureSpace
[2018.10.20-04.44.39:957][955]LogPlayLevel: PIE: World Init took: (0.001258s)
[2018.10.20-04.44.39:957][955]LogPlayLevel: PIE: Created PIE world by copying editor world from /Game/Maps/futureSpace.futureSpace to /Game/Maps/UEDPIE_0_futureSpace.futureSpace (0.040080s)
[2018.10.20-04.44.40:031][955]LogInit: XAudio2 using 'Speaker/HP (Realtek High Definition Audio)' : 2 channels at 48 kHz using 32 bits per sample (channel mask 0x3)
[2018.10.20-04.44.40:057][955]LogInit: FAudioDevice initialized.
[2018.10.20-04.44.40:094][955]LogLoad: Game class is 'FPS_GameMode_C'
[2018.10.20-04.44.40:107][955]LogWorld: Bringing World /Game/Maps/UEDPIE_0_futureSpace.futureSpace up for play (max tick rate 60) at 2018.10.19-21.44.40
[2018.10.20-04.44.40:108][955]LogWorld: Bringing up level for play took: 0.012853
[2018.10.20-04.44.40:114][955]PIE: Info Play in editor start time for /Game/Maps/UEDPIE_0_futureSpace 1.079
[2018.10.20-04.44.40:114][955]LogBlueprintUserMessages: Late PlayInEditor Detection: Level '/Game/Maps/futureSpace.futureSpace:PersistentLevel' has LevelScriptBlueprint '/Game/Maps/futureSpace.futureSpace:PersistentLevel.futureSpace' with GeneratedClass '/Game/Maps/futureSpace.futureSpace_C' with ClassGeneratedBy '/Game/Maps/futureSpace.futureSpace:PersistentLevel.futureSpace'
[2018.10.20-04.45.29:265][847]LogBlueprintUserMessages: Early EndPlayMap Detection: Level '/Game/Maps/futureSpace.futureSpace:PersistentLevel' has LevelScriptBlueprint '/Game/Maps/futureSpace.futureSpace:PersistentLevel.futureSpace' with GeneratedClass '/Game/Maps/futureSpace.futureSpace_C' with ClassGeneratedBy '/Game/Maps/futureSpace.futureSpace:PersistentLevel.futureSpace'
[2018.10.20-04.45.29:332][847]LogBlueprintUserMessages: Late EndPlayMap Detection: Level '/Game/Maps/futureSpace.futureSpace:PersistentLevel' has LevelScriptBlueprint '/Game/Maps/futureSpace.futureSpace:PersistentLevel.futureSpace' with GeneratedClass '/Game/Maps/futureSpace.futureSpace_C' with ClassGeneratedBy '/Game/Maps/futureSpace.futureSpace:PersistentLevel.futureSpace'
[2018.10.20-04.50.02:249][761]LogAIModule: Creating AISystem for world GordonFreemanMap
[2018.10.20-04.50.09:923][863]LogTemp: Repeting last play command: Selected Viewport
[2018.10.20-04.50.09:977][863]LogBlueprintUserMessages: Early PlayInEditor Detection: Level '/Game/Maps/futureSpace.futureSpace:PersistentLevel' has LevelScriptBlueprint '/Game/Maps/futureSpace.futureSpace:PersistentLevel.futureSpace' with GeneratedClass '/Game/Maps/futureSpace.futureSpace_C' with ClassGeneratedBy '/Game/Maps/futureSpace.futureSpace:PersistentLevel.futureSpace'
[2018.10.20-04.50.09:977][863]LogPlayLevel: PlayLevel: No blueprints needed recompiling
[2018.10.20-04.50.09:977][863]PIE: New page: PIE session: futureSpace (Oct 19, 2018, 2:50:09 PM)
[2018.10.20-04.50.09:978][863]LogPlayLevel: Creating play world package: /Game/Maps/UEDPIE_0_futureSpace
[2018.10.20-04.50.10:014][863]LogPlayLevel: PIE: StaticDuplicateObject took: (0.036480s)
[2018.10.20-04.50.10:016][863]LogAIModule: Creating AISystem for world futureSpace
[2018.10.20-04.50.10:017][863]LogPlayLevel: PIE: World Init took: (0.002478s)
[2018.10.20-04.50.10:017][863]LogPlayLevel: PIE: Created PIE world by copying editor world from /Game/Maps/futureSpace.futureSpace to /Game/Maps/UEDPIE_0_futureSpace.futureSpace (0.039573s)
[2018.10.20-04.50.10:083][863]LogInit: XAudio2 using 'Speaker/HP (Realtek High Definition Audio)' : 2 channels at 48 kHz using 32 bits per sample (channel mask 0x3)
[2018.10.20-04.50.10:106][863]LogInit: FAudioDevice initialized.
[2018.10.20-04.50.10:145][863]LogLoad: Game class is 'FPS_GameMode_C'
[2018.10.20-04.50.10:154][863]LogWorld: Bringing World /Game/Maps/UEDPIE_0_futureSpace.futureSpace up for play (max tick rate 60) at 2018.10.19-21.50.10
[2018.10.20-04.50.10:155][863]LogWorld: Bringing up level for play took: 0.008604
[2018.10.20-04.50.10:158][863]PIE: Info Play in editor start time for /Game/Maps/UEDPIE_0_futureSpace 1.124
[2018.10.20-04.50.10:159][863]LogBlueprintUserMessages: Late PlayInEditor Detection: Level '/Game/Maps/futureSpace.futureSpace:PersistentLevel' has LevelScriptBlueprint '/Game/Maps/futureSpace.futureSpace:PersistentLevel.futureSpace' with GeneratedClass '/Game/Maps/futureSpace.futureSpace_C' with ClassGeneratedBy '/Game/Maps/futureSpace.futureSpace:PersistentLevel.futureSpace'
[2018.10.20-04.51.03:171][934]LogBlueprintUserMessages: Early EndPlayMap Detection: Level '/Game/Maps/futureSpace.futureSpace:PersistentLevel' has LevelScriptBlueprint '/Game/Maps/futureSpace.futureSpace:PersistentLevel.futureSpace' with GeneratedClass '/Game/Maps/futureSpace.futureSpace_C' with ClassGeneratedBy '/Game/Maps/futureSpace.futureSpace:PersistentLevel.futureSpace'
[2018.10.20-04.51.03:228][934]LogBlueprintUserMessages: Late EndPlayMap Detection: Level '/Game/Maps/futureSpace.futureSpace:PersistentLevel' has LevelScriptBlueprint '/Game/Maps/futureSpace.futureSpace:PersistentLevel.futureSpace' with GeneratedClass '/Game/Maps/futureSpace.futureSpace_C' with ClassGeneratedBy '/Game/Maps/futureSpace.futureSpace:PersistentLevel.futureSpace'
[2018.10.20-04.52.51:923][493]Cmd: QUIT_EDITOR
[2018.10.20-04.52.52:815][493]LogWindowsTextInputMethodSystem:Display: IME system now deactivated.
[2018.10.20-04.52.52:861][493]LogExit: Preparing to exit.
[2018.10.20-04.52.53:402][493]LogDirectoryWatcher: A directory notification for 'C:/Users/HP/Documents/Unreal Projects/fps 4.16/Content/' was aborted.
[2018.10.20-04.52.55:723][493]LogExit: Editor shut down
[2018.10.20-04.52.55:730][493]LogExit: Transaction tracking system shut down
[2018.10.20-04.52.55:901][493]LogObj: Freed 0b from 0 cluster array pools.
[2018.10.20-04.52.55:901][493]LogExit: Object subsystem successfully closed.
[2018.10.20-04.52.55:945][493]LogD3D11RHI: Shutdown
[2018.10.20-04.52.55:945][493]LogD3D11RHI: CleanupD3DDevice
[2018.10.20-04.52.56:405][493]LogD3D11RHI: ~FD3D11DynamicRHI
[2018.10.20-04.52.56:434][493]LogModuleManager: Shutting down and abandoning module SequencerWidgets (536)
[2018.10.20-04.52.56:434][493]LogModuleManager: Shutting down and abandoning module BlueprintGraph (534)
[2018.10.20-04.52.56:434][493]LogModuleManager: Shutting down and abandoning module BlueprintProfiler (532)
[2018.10.20-04.52.56:434][493]LogModuleManager: Shutting down and abandoning module DistCurveEditor (530)
[2018.10.20-04.52.56:434][493]LogModuleManager: Shutting down and abandoning module Cascade (528)
[2018.10.20-04.52.56:434][493]LogModuleManager: Shutting down and abandoning module MovieSceneCapture (526)
[2018.10.20-04.52.56:434][493]LogModuleManager: Shutting down and abandoning module HierarchicalLODOutliner (524)
[2018.10.20-04.52.56:434][493]LogModuleManager: Shutting down and abandoning module CrashTracker (522)
[2018.10.20-04.52.56:434][493]LogModuleManager: Shutting down and abandoning module SceneOutliner (520)
[2018.10.20-04.52.56:434][493]LogModuleManager: Shutting down and abandoning module AddContentDialog (518)
[2018.10.20-04.52.56:434][493]LogDirectoryWatcher: A directory notification for 'C:/Program Files/Epic Games/UE_4.16/FeaturePacks/' was aborted.
[2018.10.20-04.52.56:436][493]LogModuleManager: Shutting down and abandoning module WidgetCarousel (517)
[2018.10.20-04.52.56:436][493]LogModuleManager: Shutting down and abandoning module EditorWidgets (514)
[2018.10.20-04.52.56:436][493]LogModuleManager: Shutting down and abandoning module CollectionManager (512)
[2018.10.20-04.52.56:437][493]LogDirectoryWatcher: A directory notification for 'C:/Users/HP/Documents/Unreal Projects/fps 4.16/Content/Collections/' was aborted.
[2018.10.20-04.52.56:437][493]LogDirectoryWatcher: A directory notification for 'C:/Users/HP/Documents/Unreal Projects/fps 4.16/Content/Developers/HP/Collections/' was aborted.
[2018.10.20-04.52.56:437][493]LogDirectoryWatcher: A directory notification for 'C:/Users/HP/Documents/Unreal Projects/fps 4.16/Saved/Collections/' was aborted.
[2018.10.20-04.52.56:437][493]LogModuleManager: Shutting down and abandoning module StatsViewer (510)
[2018.10.20-04.52.56:437][493]LogModuleManager: Shutting down and abandoning module FoliageEdit (508)
[2018.10.20-04.52.56:438][493]LogModuleManager: Shutting down and abandoning module LandscapeEditor (506)
[2018.10.20-04.52.56:438][493]LogModuleManager: Shutting down and abandoning module MeshPaintMode (504)
[2018.10.20-04.52.56:438][493]LogModuleManager: Shutting down and abandoning module SceneDepthPickerMode (502)
[2018.10.20-04.52.56:438][493]LogModuleManager: Shutting down and abandoning module ActorPickerMode (500)
[2018.10.20-04.52.56:438][493]LogModuleManager: Shutting down and abandoning module GeometryMode (498)
[2018.10.20-04.52.56:438][493]LogModuleManager: Shutting down and abandoning module TextureAlignMode (496)
[2018.10.20-04.52.56:438][493]LogModuleManager: Shutting down and abandoning module BspMode (494)
[2018.10.20-04.52.56:438][493]LogModuleManager: Shutting down and abandoning module HardwareSurvey (492)
[2018.10.20-04.52.56:438][493]LogModuleManager: Shutting down and abandoning module SequenceRecorderSections (490)
[2018.10.20-04.52.56:438][493]LogModuleManager: Shutting down and abandoning module AutomationWorker (488)
[2018.10.20-04.52.56:438][493]LogModuleManager: Shutting down and abandoning module MatineeToLevelSequence (486)
[2018.10.20-04.52.56:438][493]LogModuleManager: Shutting down and abandoning module LevelSequenceEditor (484)
[2018.10.20-04.52.56:438][493]LogModuleManager: Shutting down and abandoning module PlacementMode (483)
[2018.10.20-04.52.56:438][493]LogModuleManager: Shutting down and abandoning module WmfMediaFactory (480)
[2018.10.20-04.52.56:438][493]LogModuleManager: Shutting down and abandoning module WmfMediaEditor (478)
[2018.10.20-04.52.56:438][493]LogModuleManager: Shutting down and abandoning module AvfMediaFactory (476)
[2018.10.20-04.52.56:438][493]LogModuleManager: Shutting down and abandoning module AvfMediaEditor (474)
[2018.10.20-04.52.56:438][493]LogModuleManager: Shutting down and abandoning module AndroidMediaFactory (472)
[2018.10.20-04.52.56:438][493]LogModuleManager: Shutting down and abandoning module Media (471)
[2018.10.20-04.52.56:438][493]LogModuleManager: Shutting down and abandoning module AndroidMediaEditor (468)
[2018.10.20-04.52.56:438][493]LogModuleManager: Shutting down and abandoning module CharacterAI (466)
[2018.10.20-04.52.56:438][493]LogModuleManager: Shutting down and abandoning module AudioCapture (464)
[2018.10.20-04.52.56:438][493]LogModuleManager: Shutting down and abandoning module SequenceRecorder (463)
[2018.10.20-04.52.56:438][493]LogModuleManager: Shutting down and abandoning module SmartSnapping (460)
[2018.10.20-04.52.56:438][493]LogModuleManager: Shutting down and abandoning module SessionServices (458)
[2018.10.20-04.52.56:438][493]LogModuleManager: Shutting down and abandoning module ViewportSnapping (456)
[2018.10.20-04.52.56:438][493]LogModuleManager: Shutting down and abandoning module ViewportInteraction (454)
[2018.10.20-04.52.56:438][493]LogModuleManager: Shutting down and abandoning module ClothPainter (452)
[2018.10.20-04.52.56:438][493]LogModuleManager: Shutting down and abandoning module LogVisualizer (450)
[2018.10.20-04.52.56:438][493]LogModuleManager: Shutting down and abandoning module IntroTutorials (448)
[2018.10.20-04.52.56:439][493]LogModuleManager: Shutting down and abandoning module GameProjectGeneration (447)
[2018.10.20-04.52.56:439][493]LogModuleManager: Shutting down and abandoning module EditorLiveStreaming (444)
[2018.10.20-04.52.56:439][493]LogModuleManager: Shutting down and abandoning module IOSPlatformEditor (442)
[2018.10.20-04.52.56:439][493]LogModuleManager: Shutting down and abandoning module HTML5PlatformEditor (440)
[2018.10.20-04.52.56:439][493]LogModuleManager: Shutting down and abandoning module AndroidPlatformEditor (438)
[2018.10.20-04.52.56:439][493]LogModuleManager: Shutting down and abandoning module AndroidDeviceDetection (437)
[2018.10.20-04.52.57:045][493]LogModuleManager: Shutting down and abandoning module IOSRuntimeSettings (434)
[2018.10.20-04.52.57:045][493]LogModuleManager: Shutting down and abandoning module AndroidRuntimeSettings (432)
[2018.10.20-04.52.57:045][493]LogModuleManager: Shutting down and abandoning module InputBindingEditor (430)
[2018.10.20-04.52.57:045][493]LogModuleManager: Shutting down and abandoning module MergeActors (428)
[2018.10.20-04.52.57:045][493]LogModuleManager: Shutting down and abandoning module SizeMap (426)
[2018.10.20-04.52.57:045][493]LogModuleManager: Shutting down and abandoning module TreeMap (424)
[2018.10.20-04.52.57:045][493]LogModuleManager: Shutting down and abandoning module ReferenceViewer (422)
[2018.10.20-04.52.57:045][493]LogModuleManager: Shutting down and abandoning module LocalizationDashboard (420)
[2018.10.20-04.52.57:045][493]LogModuleManager: Shutting down and abandoning module LocalizationService (419)
[2018.10.20-04.52.57:045][493]LogModuleManager: Shutting down and abandoning module HardwareTargeting (416)
[2018.10.20-04.52.57:045][493]LogModuleManager: Shutting down and abandoning module DeviceProfileEditor (414)
[2018.10.20-04.52.57:045][493]LogModuleManager: Shutting down and abandoning module UndoHistory (412)
[2018.10.20-04.52.57:045][493]LogModuleManager: Shutting down and abandoning module UserFeedback (410)
[2018.10.20-04.52.57:045][493]LogModuleManager: Shutting down and abandoning module XmlParser (408)
[2018.10.20-04.52.57:045][493]LogModuleManager: Shutting down and abandoning module Blutility (406)
[2018.10.20-04.52.57:045][493]LogModuleManager: Shutting down and abandoning module ProjectSettingsViewer (404)
[2018.10.20-04.52.57:045][493]LogModuleManager: Shutting down and abandoning module ProjectTargetPlatformEditor (403)
[2018.10.20-04.52.57:046][493]LogModuleManager: Shutting down and abandoning module EditorSettingsViewer (400)
[2018.10.20-04.52.57:046][493]LogModuleManager: Shutting down and abandoning module SettingsEditor (398)
[2018.10.20-04.52.57:046][493]LogModuleManager: Shutting down and abandoning module ProjectLauncher (396)
[2018.10.20-04.52.57:046][493]LogModuleManager: Shutting down and abandoning module SessionFrontend (394)
[2018.10.20-04.52.57:046][493]LogModuleManager: Shutting down and abandoning module ProfilerClient (392)
[2018.10.20-04.52.57:046][493]LogModuleManager: Shutting down and abandoning module DeviceManager (390)
[2018.10.20-04.52.57:046][493]LogModuleManager: Shutting down and abandoning module TargetDeviceServices (389)
[2018.10.20-04.52.57:108][493]LogModuleManager: Shutting down and abandoning module AutomationController (386)
[2018.10.20-04.52.57:108][493]LogModuleManager: Shutting down and abandoning module AutomationWindow (384)
[2018.10.20-04.52.57:108][493]LogModuleManager: Shutting down and abandoning module Layers (382)
[2018.10.20-04.52.57:108][493]LogModuleManager: Shutting down and abandoning module ComponentVisualizers (380)
[2018.10.20-04.52.57:109][493]LogModuleManager: Shutting down and abandoning module DetailCustomizations (378)
[2018.10.20-04.52.57:109][493]LogModuleManager: Shutting down and abandoning module PackagesDialog (376)
[2018.10.20-04.52.57:109][493]LogModuleManager: Shutting down and abandoning module Persona (374)
[2018.10.20-04.52.57:110][493]LogModuleManager: Shutting down and abandoning module AdvancedPreviewScene (373)
[2018.10.20-04.52.57:110][493]LogModuleManager: Shutting down and abandoning module AnimGraph (371)
[2018.10.20-04.52.57:110][493]LogModuleManager: Shutting down and abandoning module Kismet (368)
[2018.10.20-04.52.57:139][493]LogModuleManager: Shutting down and abandoning module ClassViewer (366)
[2018.10.20-04.52.57:140][493]LogModuleManager: Shutting down and abandoning module Toolbox (364)
[2018.10.20-04.52.57:140][493]LogModuleManager: Shutting down and abandoning module ModuleUI (362)
[2018.10.20-04.52.57:140][493]LogModuleManager: Shutting down and abandoning module MovieSceneTools (360)
[2018.10.20-04.52.57:140][493]LogModuleManager: Shutting down and abandoning module OutputLog (358)
[2018.10.20-04.52.57:140][493]LogModuleManager: Shutting down and abandoning module GammaUI (356)
[2018.10.20-04.52.57:140][493]LogModuleManager: Shutting down and abandoning module Documentation (354)
[2018.10.20-04.52.57:140][493]LogModuleManager: Shutting down and abandoning module MovieSceneTracks (352)
[2018.10.20-04.52.57:140][493]LogModuleManager: Shutting down and abandoning module MovieScene (350)
[2018.10.20-04.52.57:140][493]LogModuleManager: Shutting down and abandoning module Niagara (348)
[2018.10.20-04.52.57:140][493]LogModuleManager: Shutting down and abandoning module NiagaraEditor (347)
[2018.10.20-04.52.57:140][493]LogModuleManager: Shutting down and abandoning module StreamingPauseRendering (344)
[2018.10.20-04.52.57:140][493]LogModuleManager: Shutting down and abandoning module AnalyticsET (342)
[2018.10.20-04.52.57:140][493]LogModuleManager: Shutting down and abandoning module PortalServices (340)
[2018.10.20-04.52.57:140][493]LogModuleManager: Shutting down and abandoning module PortalRpc (338)
[2018.10.20-04.52.57:140][493]LogModuleManager: Shutting down and abandoning module MessagingRpc (336)
[2018.10.20-04.52.57:140][493]LogModuleManager: Shutting down and abandoning module AIModule (334)
[2018.10.20-04.52.57:141][493]LogModuleManager: Shutting down and abandoning module GameplayDebugger (333)
[2018.10.20-04.52.57:141][493]LogModuleManager: Shutting down and abandoning module AITestSuite (331)
[2018.10.20-04.52.57:141][493]LogModuleManager: Shutting down and abandoning module ProfilerService (328)
[2018.10.20-04.52.57:288][493]LogModuleManager: Shutting down and abandoning module TaskGraph (326)
[2018.10.20-04.52.57:288][493]LogModuleManager: Shutting down and abandoning module SteamVRController (324)
[2018.10.20-04.52.57:289][493]LogModuleManager: Shutting down and abandoning module SteamVR (322)
[2018.10.20-04.52.57:289][493]LogModuleManager: Shutting down and abandoning module ProceduralMeshComponentEditor (320)
[2018.10.20-04.52.57:289][493]LogModuleManager: Shutting down and abandoning module ProceduralMeshComponent (318)
[2018.10.20-04.52.57:289][493]LogModuleManager: Shutting down and abandoning module OculusLibrary (316)
[2018.10.20-04.52.57:289][493]LogModuleManager: Shutting down and abandoning module OculusInput (314)
[2018.10.20-04.52.57:289][493]LogModuleManager: Shutting down and abandoning module MobilePatchingUtils (312)
[2018.10.20-04.52.57:289][493]LogModuleManager: Shutting down and abandoning module CustomMeshComponent (310)
[2018.10.20-04.52.57:289][493]LogModuleManager: Shutting down and abandoning module CableComponent (308)
[2018.10.20-04.52.57:289][493]LogModuleManager: Shutting down and abandoning module ArchVisCharacter (306)
[2018.10.20-04.52.57:289][493]LogModuleManager: Shutting down and abandoning module AndroidPermission (304)
[2018.10.20-04.52.57:289][493]LogModuleManager: Shutting down and abandoning module MediaPlayerEditor (300)
[2018.10.20-04.52.57:289][493]LogModuleManager: Shutting down and abandoning module HTML5Networking (298)
[2018.10.20-04.52.57:289][493]LogModuleManager: Shutting down and abandoning module AlembicImporter (296)
[2018.10.20-04.52.57:289][493]LogModuleManager: Shutting down and abandoning module AlembicLibrary (295)
[2018.10.20-04.52.57:289][493]LogModuleManager: Shutting down and abandoning module GeometryCache (294)
[2018.10.20-04.52.57:290][493]LogModuleManager: Shutting down and abandoning module GeometryCacheEd (293)
[2018.10.20-04.52.57:290][493]LogModuleManager: Shutting down and abandoning module SuperSearchEditor (288)
[2018.10.20-04.52.57:290][493]LogModuleManager: Shutting down and abandoning module SuperSearch (287)
[2018.10.20-04.52.57:290][493]LogModuleManager: Shutting down and abandoning module SpeedTreeImporter (284)
[2018.10.20-04.52.57:290][493]LogModuleManager: Shutting down and abandoning module PluginBrowser (282)
[2018.10.20-04.52.57:290][493]LogModuleManager: Shutting down and abandoning module MobileLauncherProfileWizard (280)
[2018.10.20-04.52.57:290][493]LogModuleManager: Shutting down and abandoning module VisualStudioSourceCodeAccess (278)
[2018.10.20-04.52.57:290][493]LogModuleManager: Shutting down and abandoning module DesktopPlatform (277)
[2018.10.20-04.52.57:290][493]LogModuleManager: Shutting down and abandoning module UObjectPlugin (274)
[2018.10.20-04.52.57:290][493]LogModuleManager: Shutting down and abandoning module SubversionSourceControl (272)
[2018.10.20-04.52.57:290][493]LogModuleManager: Shutting down and abandoning module PerforceSourceControl (270)
[2018.10.20-04.52.57:290][493]LogModuleManager: Shutting down and abandoning module GitSourceControl (268)
[2018.10.20-04.52.57:291][493]LogModuleManager: Shutting down and abandoning module SourceControl (267)
[2018.10.20-04.52.57:291][493]LogModuleManager: Shutting down and abandoning module LightPropagationVolumeEditor (264)
[2018.10.20-04.52.57:291][493]LogModuleManager: Shutting down and abandoning module PaperTiledImporter (262)
[2018.10.20-04.52.57:291][493]LogModuleManager: Shutting down and abandoning module PaperSpriteSheetImporter (260)
[2018.10.20-04.52.57:291][493]LogModuleManager: Shutting down and abandoning module Paper2DEditor (258)
[2018.10.20-04.52.57:291][493]LogModuleManager: Shutting down and abandoning module MeshPaint (257)
[2018.10.20-04.52.57:292][493]LogModuleManager: Shutting down and abandoning module LevelEditor (255)
[2018.10.20-04.52.57:295][493]LogModuleManager: Shutting down and abandoning module PixelInspectorModule (254)
[2018.10.20-04.52.57:295][493]LogModuleManager: Shutting down and abandoning module MainFrame (252)
[2018.10.20-04.52.57:296][493]LogModuleManager: Shutting down and abandoning module HotReload (251)
[2018.10.20-04.52.57:298][493]LogModuleManager: Shutting down and abandoning module PhysXVehiclesEditor (246)
[2018.10.20-04.52.57:298][493]LogModuleManager: Shutting down and abandoning module PhysXVehicles (244)
[2018.10.20-04.52.57:298][493]LogModuleManager: Shutting down and abandoning module LocationServicesBPLibrary (242)
[2018.10.20-04.52.57:298][493]LogModuleManager: Shutting down and abandoning module ImmediatePhysicsEditor (240)
[2018.10.20-04.52.57:298][493]LogModuleManager: Shutting down and abandoning module ImmediatePhysics (238)
[2018.10.20-04.52.57:298][493]LogModuleManager: Shutting down and abandoning module UdpMessaging (236)
[2018.10.20-04.52.57:398][493]LogModuleManager: Shutting down and abandoning module TcpMessaging (234)
[2018.10.20-04.52.57:499][493]LogModuleManager: Shutting down and abandoning module GameplayTagsEditor (232)
[2018.10.20-04.52.57:499][493]LogModuleManager: Shutting down and abandoning module FacialAnimationEditor (230)
[2018.10.20-04.52.57:499][493]LogModuleManager: Shutting down and abandoning module FacialAnimation (228)
[2018.10.20-04.52.57:499][493]LogModuleManager: Shutting down and abandoning module AssetManagerEditor (226)
[2018.10.20-04.52.57:499][493]LogModuleManager: Shutting down and abandoning module GraphEditor (225)
[2018.10.20-04.52.57:500][493]LogModuleManager: Shutting down and abandoning module ContentBrowser (223)
[2018.10.20-04.52.57:504][493]LogModuleManager: Shutting down and abandoning module LightPropagationVolumeRuntime (220)
[2018.10.20-04.52.57:504][493]LogModuleManager: Shutting down and abandoning module Paper2D (218)
[2018.10.20-04.52.57:505][493]LogModuleManager: Shutting down and abandoning module WindowsMoviePlayer (216)
[2018.10.20-04.52.57:505][493]LogModuleManager: Shutting down and abandoning module WmfMedia (214)
[2018.10.20-04.52.57:512][493]LogModuleManager: Shutting down and abandoning module ClothingSystemEditor (212)
[2018.10.20-04.52.57:512][493]LogModuleManager: Shutting down and abandoning module ClothingSystemRuntime (210)
[2018.10.20-04.52.57:512][493]LogModuleManager: Shutting down and abandoning module MediaAssets (208)
[2018.10.20-04.52.57:512][493]LogModuleManager: Shutting down and abandoning module GameLiveStreaming (206)
[2018.10.20-04.52.57:512][493]LogModuleManager: Shutting down and abandoning module VREditor (204)
[2018.10.20-04.52.57:512][493]LogModuleManager: Shutting down and abandoning module StringTableEditor (202)
[2018.10.20-04.52.57:512][493]LogModuleManager: Shutting down and abandoning module GameplayTasksEditor (200)
[2018.10.20-04.52.57:512][493]LogModuleManager: Shutting down and abandoning module BehaviorTreeEditor (198)
[2018.10.20-04.52.57:512][493]LogModuleManager: Shutting down and abandoning module FunctionalTesting (196)
[2018.10.20-04.52.57:512][493]LogModuleManager: Shutting down and abandoning module CollisionAnalyzer (194)
[2018.10.20-04.52.57:512][493]LogModuleManager: Shutting down and abandoning module UMG (192)
[2018.10.20-04.52.57:512][493]LogModuleManager: Shutting down and abandoning module UMGEditor (191)
[2018.10.20-04.52.57:512][493]LogModuleManager: Shutting down and abandoning module Sequencer (190)
[2018.10.20-04.52.57:513][493]LogModuleManager: Shutting down and abandoning module AssetTools (188)
[2018.10.20-04.52.57:513][493]LogModuleManager: Shutting down and abandoning module MessageLog (187)
[2018.10.20-04.52.57:513][493]LogModuleManager: Shutting down and abandoning module WorkspaceMenuStructure (186)
[2018.10.20-04.52.57:513][493]LogModuleManager: Shutting down and abandoning module SlateReflector (180)
[2018.10.20-04.52.57:513][493]LogModuleManager: Shutting down and abandoning module Slate (178)
[2018.10.20-04.52.57:513][493]LogModuleManager: Shutting down and abandoning module EditorStyle (176)
[2018.10.20-04.52.57:519][493]LogModuleManager: Shutting down and abandoning module SourceCodeAccess (174)
[2018.10.20-04.52.57:519][493]LogModuleManager: Shutting down and abandoning module HeadMountedDisplay (172)
[2018.10.20-04.52.57:519][493]LogModuleManager: Shutting down and abandoning module XAudio2 (170)
[2018.10.20-04.52.57:519][493]LogModuleManager: Shutting down and abandoning module Networking (168)
[2018.10.20-04.52.57:519][493]LogModuleManager: Shutting down and abandoning module Core (164)
[2018.10.20-04.52.57:519][493]LogModuleManager: Shutting down and abandoning module AssetRegistry (162)
[2018.10.20-04.52.59:862][493]LogDirectoryWatcher: A directory notification for '../../../Engine/Content/' was aborted.
[2018.10.20-04.52.59:862][493]LogDirectoryWatcher: A directory notification for '../../../../../../Users/HP/Documents/Unreal Projects/fps 4.16/Content/' was aborted.
[2018.10.20-04.52.59:862][493]LogDirectoryWatcher: A directory notification for '../../../Engine/Plugins/2D/Paper2D/Content/' was aborted.
[2018.10.20-04.52.59:863][493]LogDirectoryWatcher: A directory notification for '../../../Engine/Plugins/Runtime/GearVR/Content/' was aborted.
[2018.10.20-04.52.59:874][493]LogModuleManager: Shutting down and abandoning module DirectoryWatcher (161)
[2018.10.20-04.52.59:876][493]LogModuleManager: Shutting down and abandoning module KismetCompiler (158)
[2018.10.20-04.52.59:876][493]LogModuleManager: Shutting down and abandoning module LevelSequence (156)
[2018.10.20-04.52.59:876][493]LogModuleManager: Shutting down and abandoning module PhysXFormats (154)
[2018.10.20-04.52.59:876][493]LogModuleManager: Shutting down and abandoning module MeshUtilities (152)
[2018.10.20-04.52.59:876][493]LogModuleManager: Shutting down and abandoning module SimplygonSwarm (151)
[2018.10.20-04.52.59:876][493]LogModuleManager: Shutting down and abandoning module SimplygonMeshReduction (149)
[2018.10.20-04.52.59:876][493]LogModuleManager: Shutting down and abandoning module QuadricMeshReduction (147)
[2018.10.20-04.52.59:876][493]LogModuleManager: Shutting down and abandoning module DerivedDataCache (144)
[2018.10.20-04.52.59:939][493]LogDerivedDataCache: Shutdown
[2018.10.20-04.52.59:939][493]LogModuleManager: Shutting down and abandoning module TargetPlatform (142)
[2018.10.20-04.52.59:939][493]LogModuleManager: Shutting down and abandoning module VulkanShaderFormat (141)
[2018.10.20-04.52.59:939][493]LogModuleManager: Shutting down and abandoning module ShaderFormatVectorVM (139)
[2018.10.20-04.52.59:939][493]LogModuleManager: Shutting down and abandoning module ShaderFormatOpenGL (137)
[2018.10.20-04.52.59:939][493]LogModuleManager: Shutting down and abandoning module ShaderFormatD3D (135)
[2018.10.20-04.52.59:939][493]LogModuleManager: Shutting down and abandoning module MetalShaderFormat (133)
[2018.10.20-04.52.59:939][493]LogModuleManager: Shutting down and abandoning module TextureFormatUncompressed (131)
[2018.10.20-04.52.59:939][493]LogModuleManager: Shutting down and abandoning module TextureFormatPVR (129)
[2018.10.20-04.52.59:939][493]LogModuleManager: Shutting down and abandoning module TextureFormatDXT (127)
[2018.10.20-04.52.59:939][493]LogModuleManager: Shutting down and abandoning module TextureFormatIntelISPCTexComp (125)
[2018.10.20-04.52.59:939][493]LogModuleManager: Shutting down and abandoning module TextureFormatASTC (123)
[2018.10.20-04.52.59:939][493]LogModuleManager: Shutting down and abandoning module ImageWrapper (122)
[2018.10.20-04.52.59:939][493]LogModuleManager: Shutting down and abandoning module TextureFormatAndroid (119)
[2018.10.20-04.52.59:939][493]LogModuleManager: Shutting down and abandoning module AudioFormatOpus (117)
[2018.10.20-04.52.59:939][493]LogModuleManager: Shutting down and abandoning module AudioFormatOgg (115)
[2018.10.20-04.52.59:939][493]LogModuleManager: Shutting down and abandoning module AudioFormatADPCM (113)
[2018.10.20-04.52.59:939][493]LogModuleManager: Shutting down and abandoning module LinuxTargetPlatform (111)
[2018.10.20-04.52.59:940][493]LogModuleManager: Shutting down and abandoning module LinuxServerTargetPlatform (109)
[2018.10.20-04.52.59:940][493]LogModuleManager: Shutting down and abandoning module LinuxNoEditorTargetPlatform (107)
[2018.10.20-04.52.59:940][493]LogModuleManager: Shutting down and abandoning module LinuxClientTargetPlatform (105)
[2018.10.20-04.52.59:940][493]LogModuleManager: Shutting down and abandoning module TVOSTargetPlatform (103)
[2018.10.20-04.52.59:940][493]LogModuleManager: Shutting down and abandoning module Messaging (101)
[2018.10.20-04.52.59:940][493]LogModuleManager: Shutting down and abandoning module IOSTargetPlatform (99)
[2018.10.20-04.52.59:940][493]LogModuleManager: Shutting down and abandoning module HTML5TargetPlatform (97)
[2018.10.20-04.52.59:940][493]LogModuleManager: Shutting down and abandoning module Android_PVRTCTargetPlatform (95)
[2018.10.20-04.52.59:940][493]LogModuleManager: Shutting down and abandoning module Android_MultiTargetPlatform (93)
[2018.10.20-04.52.59:940][493]LogModuleManager: Shutting down and abandoning module Android_ETC2TargetPlatform (91)
[2018.10.20-04.52.59:940][493]LogModuleManager: Shutting down and abandoning module Android_ETC1TargetPlatform (89)
[2018.10.20-04.52.59:940][493]LogModuleManager: Shutting down and abandoning module Android_DXTTargetPlatform (87)
[2018.10.20-04.52.59:940][493]LogModuleManager: Shutting down and abandoning module Android_ATCTargetPlatform (85)
[2018.10.20-04.52.59:940][493]LogModuleManager: Shutting down and abandoning module Android_ASTCTargetPlatform (83)
[2018.10.20-04.52.59:940][493]LogModuleManager: Shutting down and abandoning module AndroidTargetPlatform (81)
[2018.10.20-04.52.59:940][493]LogModuleManager: Shutting down and abandoning module WindowsTargetPlatform (79)
[2018.10.20-04.52.59:940][493]LogModuleManager: Shutting down and abandoning module WindowsServerTargetPlatform (77)
[2018.10.20-04.52.59:940][493]LogModuleManager: Shutting down and abandoning module WindowsNoEditorTargetPlatform (75)
[2018.10.20-04.52.59:940][493]LogModuleManager: Shutting down and abandoning module WindowsClientTargetPlatform (73)
[2018.10.20-04.52.59:940][493]LogModuleManager: Shutting down and abandoning module MacTargetPlatform (71)
[2018.10.20-04.52.59:940][493]LogModuleManager: Shutting down and abandoning module MacServerTargetPlatform (69)
[2018.10.20-04.52.59:940][493]LogModuleManager: Shutting down and abandoning module MacNoEditorTargetPlatform (67)
[2018.10.20-04.52.59:940][493]LogModuleManager: Shutting down and abandoning module MacClientTargetPlatform (65)
[2018.10.20-04.52.59:941][493]LogModuleManager: Shutting down and abandoning module AllDesktopTargetPlatform (63)
[2018.10.20-04.52.59:941][493]LogModuleManager: Shutting down and abandoning module InputCore (60)
[2018.10.20-04.52.59:941][493]LogModuleManager: Shutting down and abandoning module Settings (58)
[2018.10.20-04.52.59:941][493]LogModuleManager: Shutting down and abandoning module OculusRift (56)
[2018.10.20-04.52.59:941][493]LogModuleManager: Shutting down and abandoning module GearVRController (54)
[2018.10.20-04.52.59:941][493]LogModuleManager: Shutting down and abandoning module GearVR (52)
[2018.10.20-04.52.59:941][493]LogModuleManager: Shutting down and abandoning module ExampleDeviceProfileSelector (50)
[2018.10.20-04.52.59:941][493]LogModuleManager: Shutting down and abandoning module OnlineBlueprintSupport (48)
[2018.10.20-04.52.59:941][493]LogModuleManager: Shutting down and abandoning module OnlineSubsystem (44)
[2018.10.20-04.52.59:941][493]LogOnline:Display: Unloading online subsystem: NULL
[2018.10.20-04.52.59:941][493]LogModuleManager: Shutting down and abandoning module XMPP (43)
[2018.10.20-04.52.59:941][493]LogModuleManager: Shutting down and abandoning module HTTP (41)
[2018.10.20-04.52.59:941][493]LogHttp:Display: Http module shutting down, but needs to wait on 1 outstanding Http requests:
[2018.10.20-04.52.59:942][493]LogHttp:Display: 	verb=[POST] url=[https://datarouter.ol.epicgames.com/datarouter/api/v1/public/data?SessionID=%7B6ECB2BFC-49A0-57A7-369F-A3931164A519%7D&AppID=UEEditor.Rocket.Release&AppVersion=4.16.1-3466753%2B%2B%2BUE4%2BRelease-4.16&UserID=1b410e7c418ce58e9086538397e03c48%7C208ea35da04a410182c0ef589c197869%7C11cb3bca-93fb-49a4-9cd0-93aaf9e061bd&AppEnvironment=datacollector-binary&UploadType=eteventstream] status=Processing
[2018.10.20-04.52.59:956][493]LogModuleManager: Shutting down and abandoning module SSL (40)
[2018.10.20-04.52.59:961][493]LogModuleManager: Shutting down and abandoning module HTTPChunkInstaller (36)
[2018.10.20-04.52.59:961][493]LogModuleManager: Shutting down and abandoning module AnimationModifiers (34)
[2018.10.20-04.52.59:961][493]LogModuleManager: Shutting down and abandoning module PropertyEditor (33)
[2018.10.20-04.52.59:961][493]LogModuleManager: Shutting down and abandoning module AudioEditor (30)
[2018.10.20-04.52.59:961][493]LogModuleManager: Shutting down and abandoning module TextureCompressor (28)
[2018.10.20-04.52.59:961][493]LogModuleManager: Shutting down and abandoning module ShaderCore (26)
[2018.10.20-04.52.59:962][493]LogModuleManager: Shutting down and abandoning module Landscape (24)
[2018.10.20-04.52.59:962][493]LogModuleManager: Shutting down and abandoning module SlateRHIRenderer (22)
[2018.10.20-04.52.59:967][493]LogModuleManager: Shutting down and abandoning module OpenGLDrv (20)
[2018.10.20-04.52.59:967][493]LogModuleManager: Shutting down and abandoning module D3D11RHI (18)
[2018.10.20-04.52.59:967][493]LogModuleManager: Shutting down and abandoning module AnimGraphRuntime (16)
[2018.10.20-04.52.59:967][493]LogModuleManager: Shutting down and abandoning module Renderer (14)
[2018.10.20-04.52.59:967][493]LogModuleManager: Shutting down and abandoning module Engine (12)
[2018.10.20-04.52.59:967][493]LogModuleManager: Shutting down and abandoning module CoreUObject (10)
[2018.10.20-04.52.59:967][493]LogModuleManager: Shutting down and abandoning module NetworkFile (8)
[2018.10.20-04.52.59:967][493]LogModuleManager: Shutting down and abandoning module StreamingFile (6)
[2018.10.20-04.52.59:968][493]LogModuleManager: Shutting down and abandoning module SandboxFile (4)
[2018.10.20-04.52.59:968][493]LogModuleManager: Shutting down and abandoning module PakFile (2)
[2018.10.20-04.52.59:973][493]LogExit: Exiting.
[2018.10.20-04.53.00:030][493]Log file closed, 10/19/18 21:53:00
