Log file open, 06/19/17 23:02:58
LogInit:Display: Running engine for game: fps
LogPlatformFile: Not using cached read wrapper
LogInit:Display: RandInit(-599712371) SRandInit(-599712371).
LogTaskGraph: Started task graph with 5 named threads and 6 total threads with 1 sets of task threads.
LogStats: Stats thread started at 0.126116
LogInit: Using libcurl 7.47.1
LogInit:  - built for x86_64-pc-win32
LogInit:  - supports SSL with OpenSSL/1.0.2g
LogInit:  - supports HTTP deflate (compression) using libz 1.2.8
LogInit:  - other features:
LogInit:      CURL_VERSION_SSL
LogInit:      CURL_VERSION_LIBZ
LogInit:      CURL_VERSION_IPV6
LogInit:      CURL_VERSION_ASYNCHDNS
LogInit:      CURL_VERSION_LARGEFILE
LogInit:      CURL_VERSION_IDN
LogInit:  CurlRequestOptions (configurable via config and command line):
LogInit:  - bVerifyPeer = false  - Libcurl will NOT verify peer certificate
LogInit:  - bUseHttpProxy = false  - Libcurl will NOT use HTTP proxy
LogInit:  - bDontReuseConnections = false  - Libcurl will reuse connections
LogInit:  - CertBundlePath = nullptr  - Libcurl will use whatever was configured at build time.
LogInit: Build: ++UE4+Release-4.16-CL-3466753
LogInit: Engine Version: 4.16.1-3466753+++UE4+Release-4.16
LogInit: Compatible Engine Version: 4.16.0-3452394+++UE4+Release-4.16
LogInit: Net CL: 3452394
LogDevObjectVersion: Number of dev versions registered: 16
LogDevObjectVersion:   Dev-Blueprints (B0D832E4-1F89-4F0D-ACCF-7EB736FD4AA2): 9
LogDevObjectVersion:   Dev-Build (E1C64328-A22C-4D53-A36C-8E866417BD8C): 0
LogDevObjectVersion:   Dev-Core (375EC13C-06E4-48FB-B500-84F0262A717E): 2
LogDevObjectVersion:   Dev-Editor (E4B068ED-F494-42E9-A231-DA0B2E46BB41): 17
LogDevObjectVersion:   Dev-Framework (CFFC743F-43B0-4480-9391-14DF171D2073): 23
LogDevObjectVersion:   Dev-Mobile (B02B49B5-BB20-44E9-A304-32B752E40360): 0
LogDevObjectVersion:   Dev-Networking (A4E4105C-59A1-49B5-A7C5-40C4547EDFEE): 0
LogDevObjectVersion:   Dev-Online (39C831C9-5AE6-47DC-9A44-9C173E1C8E7C): 0
LogDevObjectVersion:   Dev-Physics (78F01B33-EBEA-4F98-B9B4-84EACCB95AA2): 0
LogDevObjectVersion:   Dev-Platform (6631380F-2D4D-43E0-8009-CF276956A95A): 0
LogDevObjectVersion:   Dev-Rendering (12F88B9F-8875-4AFC-A67C-D90C383ABD29): 15
LogDevObjectVersion:   Dev-Sequencer (7B5AE74C-D270-4C10-A958-57980B212A5A): 4
LogDevObjectVersion:   Dev-VR (D7296918-1DD6-4BDD-9DE2-64A83CC13884): 0
LogDevObjectVersion:   Dev-LoadTimes (C2A15278-BFE7-4AFE-6C17-90FF531DF755): 1
LogDevObjectVersion:   Private-Geometry (6EACA3D4-40EC-4CC1-B786-8BED09428FC5): 1
LogDevObjectVersion:   Dev-AnimPhys (29E575DD-E0A3-4627-9D10-D276232CDCEA): 3
LogInit: Compiled (64-bit): May 31 2017 02:03:30
LogInit: Compiled with Visual C++: 19.00.24215.01
LogInit: Build Configuration: Development
LogInit: Branch Name: ++UE4+Release-4.16
LogInit: Command line: -EpicPortal 
LogInit: Base directory: C:/Program Files/Epic Games/UE_4.16/Engine/Binaries/Win64/
LogInit: Installed Engine Build: 1
LogInit: Presizing for max 8388607 objects, including 0 objects not considered by GC, pre-allocating 0 bytes for permanent pool.
LogInit: Object subsystem initialized
[2017.06.20-06.02.59:251][  0]LogInit: Selected Device Profile: [Windows]
[2017.06.20-06.02.59:251][  0]LogInit: Applying CVar settings loaded from the selected device profile: [Windows]
[2017.06.20-06.02.59:285][  0]LogInit: Computer: DESKTOP-B3GUKJU
[2017.06.20-06.02.59:285][  0]LogInit: User: HP
[2017.06.20-06.02.59:285][  0]LogInit: CPU Page size=4096, Cores=2
[2017.06.20-06.02.59:285][  0]LogInit: High frequency timer resolution =1.851183 MHz
[2017.06.20-06.02.59:287][  0]LogMemory: Memory total: Physical=5.9GB (6GB approx)
[2017.06.20-06.02.59:287][  0]LogMemory: Platform Memory Stats for Windows
[2017.06.20-06.02.59:287][  0]LogMemory: Process Physical Memory: 272.52 MB used, 272.52 MB peak
[2017.06.20-06.02.59:287][  0]LogMemory: Process Virtual Memory: 266.19 MB used, 266.19 MB peak
[2017.06.20-06.02.59:287][  0]LogMemory: Physical Memory: 4087.92 MB used,  1986.23 MB free, 6074.15 MB total
[2017.06.20-06.02.59:287][  0]LogMemory: Virtual Memory: 642.00 MB used,  1986.23 MB free, 134217728.00 MB total
[2017.06.20-06.02.59:484][  0]LogInit: Using OS detected language (en-US).
[2017.06.20-06.02.59:484][  0]LogInit: Using OS detected locale (en-US).
[2017.06.20-06.02.59:491][  0]LogTextLocalizationManager: No specific localization for 'en-US' exists, so the 'en' localization will be used.
[2017.06.20-06.03.01:634][  0]LogD3D11RHI: D3D11 adapters:
[2017.06.20-06.03.01:644][  0]LogD3D11RHI:    0. 'Intel(R) HD Graphics Family' (Feature Level 11_0)
[2017.06.20-06.03.01:644][  0]LogD3D11RHI:       112/0/2048 MB DedicatedVideo/DedicatedSystem/SharedSystem, Outputs:1, VendorId:0x8086
[2017.06.20-06.03.01:648][  0]LogD3D11RHI:    1. 'Microsoft Basic Render Driver' (Feature Level 11_0)
[2017.06.20-06.03.01:648][  0]LogD3D11RHI:       0/0/3037 MB DedicatedVideo/DedicatedSystem/SharedSystem, Outputs:0, VendorId:0x1414
[2017.06.20-06.03.01:648][  0]LogD3D11RHI: Chosen D3D11 Adapter: 0
[2017.06.20-06.03.01:656][  0]LogD3D11RHI: Creating new Direct3DDevice
[2017.06.20-06.03.01:656][  0]LogD3D11RHI:     GPU DeviceId: 0xa16 (for the marketing name, search the web for "GPU Device Id")
[2017.06.20-06.03.01:656][  0]LogWindows: EnumDisplayDevices:
[2017.06.20-06.03.01:656][  0]LogWindows:    0. 'Intel(R) HD Graphics Family' (P:1 D:1)
[2017.06.20-06.03.01:657][  0]LogWindows:    1. 'Intel(R) HD Graphics Family' (P:0 D:0)
[2017.06.20-06.03.01:657][  0]LogWindows:    2. 'Intel(R) HD Graphics Family' (P:0 D:0)
[2017.06.20-06.03.01:658][  0]LogWindows: DebugString: FoundDriverCount:3 
[2017.06.20-06.03.01:658][  0]LogD3D11RHI:     Adapter Name: Intel(R) HD Graphics Family
[2017.06.20-06.03.01:658][  0]LogD3D11RHI:   Driver Version: 10.18.15.4278 (internal:10.18.15.4278, unified:10.18.15.4278)
[2017.06.20-06.03.01:658][  0]LogD3D11RHI:      Driver Date: 8-17-2015
[2017.06.20-06.03.01:658][  0]LogRHI: Texture pool is 795 MB (70% of 1136 MB)
[2017.06.20-06.03.01:668][  0]LogD3D11RHI: Async texture creation enabled
[2017.06.20-06.03.01:676][  0]LogD3D11RHI: GPU Timing Frequency: 12.500000 (Debug: 2 0)
[2017.06.20-06.03.01:677][  0]LogShaderCompilers: Guid format shader working directory is -18 characters bigger than the processId version (../../../../../../Users/HP/Documents/Unreal Projects/fps 4.16/Intermediate/Shaders/WorkingDirectory/1252/).
[2017.06.20-06.03.01:678][  0]LogShaderCompilers: Cleaned the shader compiler working directory 'C:/Users/HP/AppData/Local/Temp/UnrealShaderWorkingDir/14D1DF6741E484D38A842F8D1A54C02F/'.
[2017.06.20-06.03.01:678][  0]LogShaderCompilers:Display: Using Local Shader Compiler.
[2017.06.20-06.03.04:109][  0]LogTemp:Display: Loaded TP AllDesktopTargetPlatform
[2017.06.20-06.03.04:203][  0]LogTemp:Display: Loaded TP MacClientTargetPlatform
[2017.06.20-06.03.04:299][  0]LogTemp:Display: Loaded TP MacNoEditorTargetPlatform
[2017.06.20-06.03.04:391][  0]LogTemp:Display: Loaded TP MacServerTargetPlatform
[2017.06.20-06.03.04:486][  0]LogTemp:Display: Loaded TP MacTargetPlatform
[2017.06.20-06.03.04:623][  0]LogTemp:Display: Loaded TP WindowsClientTargetPlatform
[2017.06.20-06.03.04:735][  0]LogTemp:Display: Loaded TP WindowsNoEditorTargetPlatform
[2017.06.20-06.03.04:830][  0]LogTemp:Display: Loaded TP WindowsServerTargetPlatform
[2017.06.20-06.03.04:939][  0]LogTemp:Display: Loaded TP WindowsTargetPlatform
[2017.06.20-06.03.05:070][  0]LogTemp:Display: Loaded TP AndroidTargetPlatform
[2017.06.20-06.03.05:167][  0]LogTemp:Display: Loaded TP Android_ASTCTargetPlatform
[2017.06.20-06.03.05:258][  0]LogTemp:Display: Loaded TP Android_ATCTargetPlatform
[2017.06.20-06.03.05:364][  0]LogTemp:Display: Loaded TP Android_DXTTargetPlatform
[2017.06.20-06.03.05:462][  0]LogTemp:Display: Loaded TP Android_ETC1TargetPlatform
[2017.06.20-06.03.05:558][  0]LogTemp:Display: Loaded TP Android_ETC2TargetPlatform
[2017.06.20-06.03.05:785][  0]LogTemp:Display: Loaded TP Android_MultiTargetPlatform
[2017.06.20-06.03.05:785][  0]LogTemp:Display: Loaded TP Android_PVRTCTargetPlatform
[2017.06.20-06.03.05:858][  0]LogTemp:Display: Loaded TP HTML5TargetPlatform
[2017.06.20-06.03.06:035][  0]LogTemp:Display: Loaded TP IOSTargetPlatform
[2017.06.20-06.03.06:120][  0]LogTemp:Display: Loaded TP TVOSTargetPlatform
[2017.06.20-06.03.06:237][  0]LogTemp:Display: Loaded TP LinuxClientTargetPlatform
[2017.06.20-06.03.06:356][  0]LogTemp:Display: Loaded TP LinuxNoEditorTargetPlatform
[2017.06.20-06.03.06:459][  0]LogTemp:Display: Loaded TP LinuxServerTargetPlatform
[2017.06.20-06.03.06:572][  0]LogTemp:Display: Loaded TP LinuxTargetPlatform
[2017.06.20-06.03.06:572][  0]LogTargetPlatformManager:Display: Building Assets For Windows
[2017.06.20-06.03.07:584][  0]LogDerivedDataCache:Display: Max Cache Size: 512 MB
[2017.06.20-06.03.07:749][  0]LogDerivedDataCache: Loaded boot cache 0.17s 90MB C:/Users/HP/AppData/Local/UnrealEngine/4.16/DerivedDataCache/Boot.ddc.
[2017.06.20-06.03.07:749][  0]LogDerivedDataCache:Display: Loaded Boot cache: C:/Users/HP/AppData/Local/UnrealEngine/4.16/DerivedDataCache/Boot.ddc
[2017.06.20-06.03.07:749][  0]LogDerivedDataCache: FDerivedDataBackendGraph:  Pak pak cache file ../../../../../../Users/HP/Documents/Unreal Projects/fps 4.16/DerivedDataCache/DDC.ddp not found, will not use a pak cache.
[2017.06.20-06.03.07:749][  0]LogDerivedDataCache: Unable to find inner node Pak for hierarchical cache Hierarchy.
[2017.06.20-06.03.07:750][  0]LogDerivedDataCache: FDerivedDataBackendGraph:  CompressedPak pak cache file ../../../../../../Users/HP/Documents/Unreal Projects/fps 4.16/DerivedDataCache/Compressed.ddp not found, will not use a pak cache.
[2017.06.20-06.03.07:750][  0]LogDerivedDataCache: Unable to find inner node CompressedPak for hierarchical cache Hierarchy.
[2017.06.20-06.03.07:782][  0]LogDerivedDataCache:Display: Pak cache opened for reading ../../../Engine/DerivedDataCache/Compressed.ddp.
[2017.06.20-06.03.07:794][  0]LogDerivedDataCache: Using Local data cache path C:/Users/HP/AppData/Local/UnrealEngine/Common/DerivedDataCache: Writable
[2017.06.20-06.03.07:813][  0]LogMaterial: Verifying Global Shaders for PCD3D_SM5
[2017.06.20-06.03.07:814][  0]LogSlate: Using Freetype 2.6.0
[2017.06.20-06.03.07:815][  0]LogSlate: SlateFontCache - WITH_FREETYPE: 1, WITH_HARFBUZZ: 1
[2017.06.20-06.03.07:815][  0]LogSlate: SlateFontCache - WITH_FREETYPE: 1, WITH_HARFBUZZ: 1
[2017.06.20-06.03.08:506][  0]LogInit: Selected Device Profile: [Windows]
[2017.06.20-06.03.08:647][  0]LogContentStreaming: Texture pool size is 0.00 MB
[2017.06.20-06.03.08:977][  0]LogMeshUtilities: Using QuadricMeshReduction for automatic static mesh reduction
[2017.06.20-06.03.09:079][  0]LogSimplygon: Simplygon DLL not present - disabling.
[2017.06.20-06.03.09:160][  0]LogMeshUtilities: Using SimplygonSwarm for distributed automatic mesh merging
[2017.06.20-06.03.09:160][  0]LogMeshUtilities: No automatic skeletal mesh reduction module available
[2017.06.20-06.03.09:160][  0]LogMeshUtilities: No automatic mesh merging module available
[2017.06.20-06.03.10:226][  0]LogNetVersion: fps , NetCL: 3452394, EngineNetVer: 2, GameNetVer: 0 (Checksum: 1528635445)
[2017.06.20-06.03.10:314][  0]LogAssetRegistry: FAssetRegistry took 0.0284 seconds to start up
[2017.06.20-06.03.10:426][  0]LogPackageLocalizationCache: Processed 4 localized package path(s) for 2 prioritized culture(s) in 0.061244 seconds
[2017.06.20-06.03.10:439][  0]LogUObjectArray: 34194 objects as part of root set at end of initial load.
[2017.06.20-06.03.10:439][  0]LogUObjectAllocator: 7260416 out of 0 bytes used by permanent object pool.
[2017.06.20-06.03.10:439][  0]LogUObjectArray: CloseDisregardForGC: 0/0 objects in disregard for GC pool
[2017.06.20-06.03.10:606][  0]LogInit: WinSock: version 1.1 (2.2), MaxSocks=32767, MaxUdp=65467
[2017.06.20-06.03.15:169][  0]LogTcpMessaging: Initializing TcpMessaging bridge
[2017.06.20-06.03.15:230][  0]LogUdpMessaging: Initializing bridge on interface 0.0.0.0:0 to multicast group 230.0.0.1:6666.
[2017.06.20-06.03.16:271][  0]LogMaterial: Uniform references updated for custom material expression Custom.
[2017.06.20-06.03.17:064][  0]SourceControl: Info Source control is disabled
[2017.06.20-06.03.17:128][  0]SourceControl: Info Source control is disabled
[2017.06.20-06.03.17:245][  0]SourceControl: Info Source control is disabled
[2017.06.20-06.03.17:352][  0]SourceControl: Info Source control is disabled
[2017.06.20-06.03.18:676][  0]LogAndroidPermission: UAndroidPermissionCallbackProxy::GetInstance
[2017.06.20-06.03.19:835][  0]LogEngine: Initializing Engine...
[2017.06.20-06.03.19:836][  0]LogHMD: Failed to initialize OpenVR with code 110
[2017.06.20-06.03.20:262][  0]LogStats: UGameplayTagsManager::ConstructGameplayTagTree: Construct from data asset -  0.000 s
[2017.06.20-06.03.20:263][  0]LogStats: UGameplayTagsManager::ConstructGameplayTagTree: GameplayTagTreeChangedEvent.Broadcast -  0.000 s
[2017.06.20-06.03.20:531][  0]LogAIModule: Creating AISystem for world Untitled
[2017.06.20-06.03.20:545][  0]LogInit: XAudio2 using 'Speaker/HP (Realtek High Definition Audio)' : 2 channels at 48 kHz using 32 bits per sample (channel mask 0x3)
[2017.06.20-06.03.20:585][  0]LogInit: FAudioDevice initialized.
[2017.06.20-06.03.20:671][  0]LogDerivedDataCache: Saved boot cache 0.09s 90MB C:/Users/HP/AppData/Local/UnrealEngine/4.16/DerivedDataCache/Boot.ddc.
[2017.06.20-06.03.20:683][  0]LogInit: Texture streaming: Enabled
[2017.06.20-06.03.20:861][  0]LogEngineSessionManager: EngineSessionManager initialized
[2017.06.20-06.03.21:290][  0]LogInit: Transaction tracking system initialized
[2017.06.20-06.03.21:900][  0]BlueprintLog: New page: Editor Load
[2017.06.20-06.03.23:863][  0]LocalizationService: Info Localization service is disabled
[2017.06.20-06.03.25:241][  0]LogConsoleResponse:Display: 
[2017.06.20-06.03.25:605][  0]LogCook:Display: Max memory allowance for cook 16384mb min free memory 0mb
[2017.06.20-06.03.25:605][  0]LogCook:Display: Mobile HDR setting 1
[2017.06.20-06.03.25:947][  0]LogFileCache: Scanning file cache for directory 'C:/Users/HP/Documents/Unreal Projects/fps 4.16/Content/' took 0.04s
[2017.06.20-06.03.27:765][  0]SourceControl: Info Source control is disabled
[2017.06.20-06.03.27:855][  0]LogWindowsTextInputMethodSystem:Display: IME system now deactivated.
[2017.06.20-06.03.27:858][  0]LogSlate: Took 0.000300 seconds to synchronously load lazily loaded font '../../../Engine/Content/Slate/Fonts/Roboto-Regular.ttf' (155K)
[2017.06.20-06.03.34:761][  0]LogWindowsTextInputMethodSystem:Display: IME system now deactivated.
[2017.06.20-06.03.34:763][  0]LogWindowsTextInputMethodSystem:Display: IME system now deactivated.
[2017.06.20-06.03.44:015][  0]LogWindowsTextInputMethodSystem:Display: IME system now deactivated.
[2017.06.20-06.03.44:018][  0]LogWindowsTextInputMethodSystem:Display: IME system now deactivated.
[2017.06.20-06.03.44:473][  0]Cmd: MAP LOAD FILE="../../../../../../Users/HP/Documents/Unreal Projects/fps 4.16/Content/StarterContent/Maps/Minimal_Default.umap" TEMPLATE=0 SHOWPROGRESS=1 FEATURELEVEL=3
[2017.06.20-06.03.44:505][  0]LightingResults: New page: Lighting Build
[2017.06.20-06.03.44:584][  0]MapCheck: New page: Map Check
[2017.06.20-06.03.44:584][  0]LightingResults: New page: Lighting Build
[2017.06.20-06.03.46:358][  0]LogAIModule: Creating AISystem for world Minimal_Default
[2017.06.20-06.03.46:383][  0]LogEditorServer: Finished looking for orphan Actors (0.000 secs)
[2017.06.20-06.03.46:486][  0]Cmd: MAP CHECKDEP NOCLEARLOG
[2017.06.20-06.03.46:609][  0]MapCheck: Info Map check complete: 0 Error(s), 0 Warning(s), took 122.846ms to complete.
[2017.06.20-06.03.46:609][  0]LogFileHelpers: Loading map 'Minimal_Default' took 2.136
[2017.06.20-06.03.46:970][  0]LogStats:Warning: MetaData mismatch. Did you assign a stat to two groups? New //STATGROUP_Threads//SplashScreenThread///Thread_f08_0///####STATCAT_Advanced#### old //STATGROUP_Threads//SplashScreenThread///Thread_100c_0///####STATCAT_Advanced####
[2017.06.20-06.03.46:970][  0]LogCollectionManager: Loaded 0 collections in 0.002420 seconds
[2017.06.20-06.03.47:151][  0]LogFileCache: Scanning file cache for directory 'C:/Users/HP/Documents/Unreal Projects/fps 4.16/Saved/Collections/' took 0.01s
[2017.06.20-06.03.47:151][  0]LogFileCache: Scanning file cache for directory 'C:/Users/HP/Documents/Unreal Projects/fps 4.16/Content/Developers/HP/Collections/' took 0.01s
[2017.06.20-06.03.47:151][  0]LogFileCache: Scanning file cache for directory 'C:/Users/HP/Documents/Unreal Projects/fps 4.16/Content/Collections/' took 0.01s
[2017.06.20-06.03.47:151][  0]LogCollectionManager: Rebuilt the GUID cache for 0 collections in 0.000003 seconds
[2017.06.20-06.03.47:171][  0]LogContentBrowser: Native class hierarchy populated in 0.0191 seconds. Added 2329 classes and 491 folders.
[2017.06.20-06.03.47:291][  0]LogContentBrowser: Native class hierarchy updated for 'WidgetCarousel' in 0.0010 seconds. Added 0 classes and 0 folders.
[2017.06.20-06.03.48:764][  0]LogContentBrowser: Native class hierarchy updated for 'AddContentDialog' in 0.0014 seconds. Added 0 classes and 0 folders.
[2017.06.20-06.03.48:925][  0]LogContentBrowser: Native class hierarchy updated for 'SceneOutliner' in 0.0033 seconds. Added 1 classes and 2 folders.
[2017.06.20-06.03.49:107][  0]LogCrashTracker: Crashtracker disabled due to settings.
[2017.06.20-06.03.49:116][  0]LogSlate: Took 0.000293 seconds to synchronously load lazily loaded font '../../../Engine/Content/Slate/Fonts/Roboto-Bold.ttf' (160K)
[2017.06.20-06.03.49:152][  0]LogSlate: Took 0.025804 seconds to synchronously load lazily loaded font '../../../Engine/Content/Editor/Slate/Fonts/FontAwesome.ttf' (139K)
[2017.06.20-06.03.49:656][  0]LogRenderer: Reallocating scene render targets to support 856x372 NumSamples 1 (Frame:1).
[2017.06.20-06.03.51:367][  0]LogUObjectGlobals:Warning: Failed to find object 'Class None.'
[2017.06.20-06.03.51:487][  0]LogContentBrowser: Native class hierarchy updated for 'HierarchicalLODOutliner' in 0.0010 seconds. Added 1 classes and 2 folders.
[2017.06.20-06.03.51:487][  0]LogLoad: (Engine Initialization) Total time: 55.43 seconds
[2017.06.20-06.03.51:487][  0]LogLoad: (Engine Initialization) Total Blueprint compile time: 0.23 seconds
[2017.06.20-06.03.51:487][  0]LogExternalProfiler: No external profilers were discovered.  External profiling features will not be available.
[2017.06.20-06.03.51:833][  0]LogOcInput: OculusInput pre-init called
[2017.06.20-06.03.51:833][  0]LogHMD: Starting GearVRController plugin
[2017.06.20-06.03.51:859][  0]LogContentStreaming: Texture pool size now 3000 MB
[2017.06.20-06.03.52:401][  1]LogSlate: Took 0.001314 seconds to synchronously load lazily loaded font '../../../Engine/Content/Slate/Fonts/Roboto-Light.ttf' (159K)
[2017.06.20-06.03.52:514][  2]LogAssetRegistry: Asset discovery search completed in 42.2218 seconds
[2017.06.20-06.03.52:519][  2]LogCollectionManager: Rebuilt the object cache for 0 collections in 0.000002 seconds (found 0 objects)
[2017.06.20-06.03.52:519][  2]LogCollectionManager: Fixed up redirectors for 0 collections in 0.000137 seconds (updated 0 objects)
[2017.06.20-06.03.54:831][  8]LogD3D11RHI: Timed out while waiting for GPU to catch up. (0.5 s)
[2017.06.20-06.05.12:242][233]LogD3D11RHI: Timed out while waiting for GPU to catch up. (0.5 s)
[2017.06.20-06.07.22:593][587]LogD3D11RHI: Timed out while waiting for GPU to catch up. (0.5 s)
[2017.06.20-06.08.02:362][679]LogD3D11RHI: Timed out while waiting for GPU to catch up. (0.5 s)
[2017.06.20-06.08.12:091][704]LogD3D11RHI: Timed out while waiting for GPU to catch up. (0.5 s)
[2017.06.20-06.08.15:002][710]LogD3D11RHI: Timed out while waiting for GPU to catch up. (0.5 s)
[2017.06.20-06.08.16:054][712]LogD3D11RHI: Timed out while waiting for GPU to catch up. (0.5 s)
[2017.06.20-06.08.24:473][737]LogD3D11RHI: Timed out while waiting for GPU to catch up. (0.5 s)
[2017.06.20-06.08.26:090][741]LogD3D11RHI: Timed out while waiting for GPU to catch up. (0.5 s)
[2017.06.20-06.08.32:562][759]LogD3D11RHI: Timed out while waiting for GPU to catch up. (0.5 s)
[2017.06.20-06.08.38:944][778]LogD3D11RHI: Timed out while waiting for GPU to catch up. (0.5 s)
[2017.06.20-06.08.42:659][789]LogD3D11RHI: Timed out while waiting for GPU to catch up. (0.5 s)
[2017.06.20-06.09.24:461][912]LogD3D11RHI: Timed out while waiting for GPU to catch up. (0.5 s)
[2017.06.20-06.09.27:334][920]LogD3D11RHI: Timed out while waiting for GPU to catch up. (0.5 s)
[2017.06.20-06.09.35:145][943]LogD3D11RHI: Timed out while waiting for GPU to catch up. (0.5 s)
[2017.06.20-06.09.38:051][950]LogD3D11RHI: Timed out while waiting for GPU to catch up. (0.5 s)
[2017.06.20-06.09.44:390][969]LogD3D11RHI: Timed out while waiting for GPU to catch up. (0.5 s)
[2017.06.20-06.09.56:563][  4]LogD3D11RHI: Timed out while waiting for GPU to catch up. (0.5 s)
[2017.06.20-06.09.57:622][  5]LogD3D11RHI: Timed out while waiting for GPU to catch up. (0.5 s)
[2017.06.20-06.09.58:537][  6]LogD3D11RHI: Timed out while waiting for GPU to catch up. (0.5 s)
[2017.06.20-06.10.07:028][ 30]LogD3D11RHI: Timed out while waiting for GPU to catch up. (0.5 s)
[2017.06.20-06.10.08:399][ 34]LogD3D11RHI: Timed out while waiting for GPU to catch up. (0.5 s)
[2017.06.20-06.10.12:224][ 45]LogD3D11RHI: Timed out while waiting for GPU to catch up. (0.5 s)
[2017.06.20-06.10.17:419][ 60]LogD3D11RHI: Timed out while waiting for GPU to catch up. (0.5 s)
[2017.06.20-06.10.18:728][ 64]LogD3D11RHI: Timed out while waiting for GPU to catch up. (0.5 s)
[2017.06.20-06.10.24:784][ 82]LogD3D11RHI: Timed out while waiting for GPU to catch up. (0.5 s)
[2017.06.20-06.10.31:350][101]LogD3D11RHI: Timed out while waiting for GPU to catch up. (0.5 s)
[2017.06.20-06.10.41:068][129]LogD3D11RHI: Timed out while waiting for GPU to catch up. (0.5 s)
[2017.06.20-06.11.12:073][221]LogD3D11RHI: Timed out while waiting for GPU to catch up. (0.5 s)
[2017.06.20-06.11.24:561][258]LogD3D11RHI: Timed out while waiting for GPU to catch up. (0.5 s)
[2017.06.20-06.11.38:603][299]LogD3D11RHI: Timed out while waiting for GPU to catch up. (0.5 s)
[2017.06.20-06.13.12:859][889]LogSlate: Took 0.000421 seconds to synchronously load lazily loaded font '../../../Engine/Content/Slate/Fonts/Roboto-Light.ttf' (159K)
[2017.06.20-06.13.31:354][889]LogSlate: Took 0.000378 seconds to synchronously load lazily loaded font '../../../Engine/Content/Slate/Fonts/Roboto-Regular.ttf' (155K)
[2017.06.20-06.13.44:410][889]LogTexture:Display: Building textures: HQ_Lightmap0_1 (AutoDXT, 1024X1024)
[2017.06.20-06.13.49:318][889]LogTexture:Display: Building textures: HQ_Lightmap0_2 (AutoDXT, 1024X1024)
[2017.06.20-06.14.02:038][889]LogTexture:Display: Building textures: HQ_Lightmap0_3 (AutoDXT, 1024X1024)
[2017.06.20-06.14.02:683][889]LogTexture:Display: Building textures: LQ_Lightmap_0_1 (DXT1, 1024X1024)
[2017.06.20-06.14.02:917][889]LogTexture:Display: Building textures: LQ_Lightmap_0_2 (DXT1, 1024X1024)
[2017.06.20-06.14.03:152][889]LogTexture:Display: Building textures: LQ_Lightmap_0_3 (DXT1, 1024X1024)
[2017.06.20-06.14.03:330][889]LogTexture:Display: Building textures: SkyOcclusion0_1 (AutoDXT, 1024X512)
[2017.06.20-06.14.03:704][889]LogTexture:Display: Building textures: SkyOcclusion0_2 (AutoDXT, 1024X512)
[2017.06.20-06.14.04:028][889]LogTexture:Display: Building textures: SkyOcclusion0_3 (AutoDXT, 1024X512)
[2017.06.20-06.14.05:902][889]LogAIModule: Creating AISystem for world rivaille
[2017.06.20-06.14.06:083][889]Cmd: MAP LOAD FILE="../../../../../../Users/HP/Documents/Unreal Projects/fps 4.16/Content/Maps/rivaille.umap" TEMPLATE=0 SHOWPROGRESS=1 FEATURELEVEL=3
[2017.06.20-06.14.06:083][889]LightingResults: New page: Lighting Build
[2017.06.20-06.14.06:084][889]LoadErrors: New page: Loading map: rivaille.umap
[2017.06.20-06.14.06:086][889]MapCheck: New page: Map Check
[2017.06.20-06.14.06:086][889]LightingResults: New page: Lighting Build
[2017.06.20-06.14.07:485][889]LogEditorServer: Finished looking for orphan Actors (0.000 secs)
[2017.06.20-06.14.07:602][889]Cmd: MAP CHECKDEP NOCLEARLOG
[2017.06.20-06.14.07:714][889]MapCheck: Info Map check complete: 0 Error(s), 0 Warning(s), took 111.326ms to complete.
[2017.06.20-06.14.07:720][889]LogFileHelpers: Loading map 'rivaille' took 1.639
[2017.06.20-06.14.12:540][991]LogTemp: Repeting last play command: Selected Viewport
[2017.06.20-06.14.15:887][991]LogBlueprintUserMessages: Early PlayInEditor Detection: Level '/Game/Maps/rivaille.rivaille:PersistentLevel' has LevelScriptBlueprint '/Game/Maps/rivaille.rivaille:PersistentLevel.rivaille' with GeneratedClass '/Game/Maps/rivaille.rivaille_C' with ClassGeneratedBy '/Game/Maps/rivaille.rivaille:PersistentLevel.rivaille'
[2017.06.20-06.14.15:888][991]LogPlayLevel: PlayLevel: No blueprints needed recompiling
[2017.06.20-06.14.15:889][991]PIE: New page: PIE session: rivaille (Jun 19, 2017, 4:14:15 PM)
[2017.06.20-06.14.15:889][991]LogPlayLevel: Creating play world package: /Game/Maps/UEDPIE_0_rivaille
[2017.06.20-06.14.15:915][991]LogPlayLevel: PIE: StaticDuplicateObject took: (0.026213s)
[2017.06.20-06.14.15:916][991]LogAIModule: Creating AISystem for world rivaille
[2017.06.20-06.14.15:917][991]LogPlayLevel: PIE: World Init took: (0.001309s)
[2017.06.20-06.14.15:917][991]LogPlayLevel: PIE: Created PIE world by copying editor world from /Game/Maps/rivaille.rivaille to /Game/Maps/UEDPIE_0_rivaille.rivaille (0.027953s)
[2017.06.20-06.14.15:950][991]LogInit: XAudio2 using 'Speaker/HP (Realtek High Definition Audio)' : 2 channels at 48 kHz using 32 bits per sample (channel mask 0x3)
[2017.06.20-06.14.15:970][991]LogInit: FAudioDevice initialized.
[2017.06.20-06.14.16:283][991]LogLoad: Game class is 'FPS_GameMode_C'
[2017.06.20-06.14.16:292][991]LogWorld: Bringing World /Game/Maps/UEDPIE_0_rivaille.rivaille up for play (max tick rate 60) at 2017.06.19-23.14.16
[2017.06.20-06.14.16:292][991]LogWorld: Bringing up level for play took: 0.008295
[2017.06.20-06.14.16:480][991]LogContentBrowser: Native class hierarchy updated for 'MovieSceneCapture' in 0.0031 seconds. Added 11 classes and 0 folders.
[2017.06.20-06.14.16:485][991]PIE: Info Play in editor start time for /Game/Maps/UEDPIE_0_rivaille 1.449
[2017.06.20-06.14.16:486][991]LogBlueprintUserMessages: Late PlayInEditor Detection: Level '/Game/Maps/rivaille.rivaille:PersistentLevel' has LevelScriptBlueprint '/Game/Maps/rivaille.rivaille:PersistentLevel.rivaille' with GeneratedClass '/Game/Maps/rivaille.rivaille_C' with ClassGeneratedBy '/Game/Maps/rivaille.rivaille:PersistentLevel.rivaille'
[2017.06.20-06.14.26:301][235]LogBlueprintUserMessages: Early EndPlayMap Detection: Level '/Game/Maps/rivaille.rivaille:PersistentLevel' has LevelScriptBlueprint '/Game/Maps/rivaille.rivaille:PersistentLevel.rivaille' with GeneratedClass '/Game/Maps/rivaille.rivaille_C' with ClassGeneratedBy '/Game/Maps/rivaille.rivaille:PersistentLevel.rivaille'
[2017.06.20-06.14.26:373][235]LogBlueprintUserMessages: Late EndPlayMap Detection: Level '/Game/Maps/rivaille.rivaille:PersistentLevel' has LevelScriptBlueprint '/Game/Maps/rivaille.rivaille:PersistentLevel.rivaille' with GeneratedClass '/Game/Maps/rivaille.rivaille_C' with ClassGeneratedBy '/Game/Maps/rivaille.rivaille:PersistentLevel.rivaille'
[2017.06.20-06.14.27:625][268]LogTemp: Repeting last play command: Selected Viewport
[2017.06.20-06.14.27:692][268]LogBlueprintUserMessages: Early PlayInEditor Detection: Level '/Game/Maps/rivaille.rivaille:PersistentLevel' has LevelScriptBlueprint '/Game/Maps/rivaille.rivaille:PersistentLevel.rivaille' with GeneratedClass '/Game/Maps/rivaille.rivaille_C' with ClassGeneratedBy '/Game/Maps/rivaille.rivaille:PersistentLevel.rivaille'
[2017.06.20-06.14.27:692][268]LogPlayLevel: PlayLevel: No blueprints needed recompiling
[2017.06.20-06.14.27:692][268]PIE: New page: PIE session: rivaille (Jun 19, 2017, 4:14:27 PM)
[2017.06.20-06.14.27:693][268]LogPlayLevel: Creating play world package: /Game/Maps/UEDPIE_0_rivaille
[2017.06.20-06.14.27:734][268]LogPlayLevel: PIE: StaticDuplicateObject took: (0.041324s)
[2017.06.20-06.14.27:735][268]LogAIModule: Creating AISystem for world rivaille
[2017.06.20-06.14.27:736][268]LogPlayLevel: PIE: World Init took: (0.002382s)
[2017.06.20-06.14.27:737][268]LogPlayLevel: PIE: Created PIE world by copying editor world from /Game/Maps/rivaille.rivaille to /Game/Maps/UEDPIE_0_rivaille.rivaille (0.044470s)
[2017.06.20-06.14.27:779][268]LogInit: XAudio2 using 'Speaker/HP (Realtek High Definition Audio)' : 2 channels at 48 kHz using 32 bits per sample (channel mask 0x3)
[2017.06.20-06.14.27:797][268]LogInit: FAudioDevice initialized.
[2017.06.20-06.14.27:831][268]LogLoad: Game class is 'FPS_GameMode_C'
[2017.06.20-06.14.27:839][268]LogWorld: Bringing World /Game/Maps/UEDPIE_0_rivaille.rivaille up for play (max tick rate 60) at 2017.06.19-23.14.27
[2017.06.20-06.14.27:839][268]LogWorld: Bringing up level for play took: 0.007661
[2017.06.20-06.14.27:842][268]PIE: Info Play in editor start time for /Game/Maps/UEDPIE_0_rivaille 0.806
[2017.06.20-06.14.27:843][268]LogBlueprintUserMessages: Late PlayInEditor Detection: Level '/Game/Maps/rivaille.rivaille:PersistentLevel' has LevelScriptBlueprint '/Game/Maps/rivaille.rivaille:PersistentLevel.rivaille' with GeneratedClass '/Game/Maps/rivaille.rivaille_C' with ClassGeneratedBy '/Game/Maps/rivaille.rivaille:PersistentLevel.rivaille'
[2017.06.20-06.14.40:388][598]LogBlueprintUserMessages: Early EndPlayMap Detection: Level '/Game/Maps/rivaille.rivaille:PersistentLevel' has LevelScriptBlueprint '/Game/Maps/rivaille.rivaille:PersistentLevel.rivaille' with GeneratedClass '/Game/Maps/rivaille.rivaille_C' with ClassGeneratedBy '/Game/Maps/rivaille.rivaille:PersistentLevel.rivaille'
[2017.06.20-06.14.40:478][598]LogBlueprintUserMessages: Late EndPlayMap Detection: Level '/Game/Maps/rivaille.rivaille:PersistentLevel' has LevelScriptBlueprint '/Game/Maps/rivaille.rivaille:PersistentLevel.rivaille' with GeneratedClass '/Game/Maps/rivaille.rivaille_C' with ClassGeneratedBy '/Game/Maps/rivaille.rivaille:PersistentLevel.rivaille'
[2017.06.20-06.14.43:881][663]Cmd: QUIT_EDITOR
[2017.06.20-06.14.44:102][663]LogWindowsTextInputMethodSystem:Display: IME system now deactivated.
[2017.06.20-06.14.44:125][663]LogExit: Preparing to exit.
[2017.06.20-06.14.45:191][663]LogDirectoryWatcher: A directory notification for 'C:/Users/HP/Documents/Unreal Projects/fps 4.16/Content/' was aborted.
[2017.06.20-06.14.45:319][663]LogExit: Editor shut down
[2017.06.20-06.14.45:364][663]LogExit: Transaction tracking system shut down
[2017.06.20-06.14.45:518][663]LogObj: Freed 0b from 0 cluster array pools.
[2017.06.20-06.14.45:519][663]LogExit: Object subsystem successfully closed.
[2017.06.20-06.14.45:557][663]LogD3D11RHI: Shutdown
[2017.06.20-06.14.45:558][663]LogD3D11RHI: CleanupD3DDevice
[2017.06.20-06.14.45:848][663]LogD3D11RHI: ~FD3D11DynamicRHI
[2017.06.20-06.14.45:873][663]LogModuleManager: Shutting down and abandoning module MovieSceneCapture (526)
[2017.06.20-06.14.45:873][663]LogModuleManager: Shutting down and abandoning module HierarchicalLODOutliner (524)
[2017.06.20-06.14.45:873][663]LogModuleManager: Shutting down and abandoning module CrashTracker (522)
[2017.06.20-06.14.45:873][663]LogModuleManager: Shutting down and abandoning module SceneOutliner (520)
[2017.06.20-06.14.45:873][663]LogModuleManager: Shutting down and abandoning module AddContentDialog (518)
[2017.06.20-06.14.45:873][663]LogDirectoryWatcher: A directory notification for 'C:/Program Files/Epic Games/UE_4.16/FeaturePacks/' was aborted.
[2017.06.20-06.14.45:880][663]LogModuleManager: Shutting down and abandoning module WidgetCarousel (517)
[2017.06.20-06.14.45:880][663]LogModuleManager: Shutting down and abandoning module EditorWidgets (514)
[2017.06.20-06.14.45:880][663]LogModuleManager: Shutting down and abandoning module CollectionManager (512)
[2017.06.20-06.14.45:880][663]LogDirectoryWatcher: A directory notification for 'C:/Users/HP/Documents/Unreal Projects/fps 4.16/Content/Collections/' was aborted.
[2017.06.20-06.14.45:880][663]LogDirectoryWatcher: A directory notification for 'C:/Users/HP/Documents/Unreal Projects/fps 4.16/Content/Developers/HP/Collections/' was aborted.
[2017.06.20-06.14.45:880][663]LogDirectoryWatcher: A directory notification for 'C:/Users/HP/Documents/Unreal Projects/fps 4.16/Saved/Collections/' was aborted.
[2017.06.20-06.14.45:880][663]LogModuleManager: Shutting down and abandoning module StatsViewer (510)
[2017.06.20-06.14.45:880][663]LogModuleManager: Shutting down and abandoning module FoliageEdit (508)
[2017.06.20-06.14.45:880][663]LogModuleManager: Shutting down and abandoning module LandscapeEditor (506)
[2017.06.20-06.14.45:880][663]LogModuleManager: Shutting down and abandoning module MeshPaintMode (504)
[2017.06.20-06.14.45:880][663]LogModuleManager: Shutting down and abandoning module SceneDepthPickerMode (502)
[2017.06.20-06.14.45:880][663]LogModuleManager: Shutting down and abandoning module ActorPickerMode (500)
[2017.06.20-06.14.45:880][663]LogModuleManager: Shutting down and abandoning module GeometryMode (498)
[2017.06.20-06.14.45:880][663]LogModuleManager: Shutting down and abandoning module TextureAlignMode (496)
[2017.06.20-06.14.45:880][663]LogModuleManager: Shutting down and abandoning module BspMode (494)
[2017.06.20-06.14.45:880][663]LogModuleManager: Shutting down and abandoning module HardwareSurvey (492)
[2017.06.20-06.14.45:880][663]LogModuleManager: Shutting down and abandoning module SequenceRecorderSections (490)
[2017.06.20-06.14.45:881][663]LogModuleManager: Shutting down and abandoning module AutomationWorker (488)
[2017.06.20-06.14.45:881][663]LogModuleManager: Shutting down and abandoning module MatineeToLevelSequence (486)
[2017.06.20-06.14.45:881][663]LogModuleManager: Shutting down and abandoning module LevelSequenceEditor (484)
[2017.06.20-06.14.45:881][663]LogModuleManager: Shutting down and abandoning module PlacementMode (483)
[2017.06.20-06.14.45:881][663]LogModuleManager: Shutting down and abandoning module WmfMediaFactory (480)
[2017.06.20-06.14.45:881][663]LogModuleManager: Shutting down and abandoning module WmfMediaEditor (478)
[2017.06.20-06.14.45:881][663]LogModuleManager: Shutting down and abandoning module AvfMediaFactory (476)
[2017.06.20-06.14.45:881][663]LogModuleManager: Shutting down and abandoning module AvfMediaEditor (474)
[2017.06.20-06.14.45:881][663]LogModuleManager: Shutting down and abandoning module AndroidMediaFactory (472)
[2017.06.20-06.14.45:881][663]LogModuleManager: Shutting down and abandoning module Media (471)
[2017.06.20-06.14.45:881][663]LogModuleManager: Shutting down and abandoning module AndroidMediaEditor (468)
[2017.06.20-06.14.45:881][663]LogModuleManager: Shutting down and abandoning module CharacterAI (466)
[2017.06.20-06.14.45:881][663]LogModuleManager: Shutting down and abandoning module AudioCapture (464)
[2017.06.20-06.14.45:881][663]LogModuleManager: Shutting down and abandoning module SequenceRecorder (463)
[2017.06.20-06.14.45:881][663]LogModuleManager: Shutting down and abandoning module SmartSnapping (460)
[2017.06.20-06.14.45:881][663]LogModuleManager: Shutting down and abandoning module SessionServices (458)
[2017.06.20-06.14.45:881][663]LogModuleManager: Shutting down and abandoning module ViewportSnapping (456)
[2017.06.20-06.14.45:881][663]LogModuleManager: Shutting down and abandoning module ViewportInteraction (454)
[2017.06.20-06.14.45:881][663]LogModuleManager: Shutting down and abandoning module ClothPainter (452)
[2017.06.20-06.14.45:881][663]LogModuleManager: Shutting down and abandoning module LogVisualizer (450)
[2017.06.20-06.14.45:881][663]LogModuleManager: Shutting down and abandoning module IntroTutorials (448)
[2017.06.20-06.14.45:881][663]LogModuleManager: Shutting down and abandoning module GameProjectGeneration (447)
[2017.06.20-06.14.45:881][663]LogModuleManager: Shutting down and abandoning module EditorLiveStreaming (444)
[2017.06.20-06.14.45:881][663]LogModuleManager: Shutting down and abandoning module IOSPlatformEditor (442)
[2017.06.20-06.14.45:881][663]LogModuleManager: Shutting down and abandoning module HTML5PlatformEditor (440)
[2017.06.20-06.14.45:881][663]LogModuleManager: Shutting down and abandoning module AndroidPlatformEditor (438)
[2017.06.20-06.14.45:881][663]LogModuleManager: Shutting down and abandoning module AndroidDeviceDetection (437)
[2017.06.20-06.14.45:967][663]LogModuleManager: Shutting down and abandoning module IOSRuntimeSettings (434)
[2017.06.20-06.14.45:967][663]LogModuleManager: Shutting down and abandoning module AndroidRuntimeSettings (432)
[2017.06.20-06.14.45:967][663]LogModuleManager: Shutting down and abandoning module InputBindingEditor (430)
[2017.06.20-06.14.45:967][663]LogModuleManager: Shutting down and abandoning module MergeActors (428)
[2017.06.20-06.14.45:967][663]LogModuleManager: Shutting down and abandoning module SizeMap (426)
[2017.06.20-06.14.45:967][663]LogModuleManager: Shutting down and abandoning module TreeMap (424)
[2017.06.20-06.14.45:967][663]LogModuleManager: Shutting down and abandoning module ReferenceViewer (422)
[2017.06.20-06.14.45:967][663]LogModuleManager: Shutting down and abandoning module LocalizationDashboard (420)
[2017.06.20-06.14.45:967][663]LogModuleManager: Shutting down and abandoning module LocalizationService (419)
[2017.06.20-06.14.45:967][663]LogModuleManager: Shutting down and abandoning module HardwareTargeting (416)
[2017.06.20-06.14.45:967][663]LogModuleManager: Shutting down and abandoning module DeviceProfileEditor (414)
[2017.06.20-06.14.45:967][663]LogModuleManager: Shutting down and abandoning module UndoHistory (412)
[2017.06.20-06.14.45:967][663]LogModuleManager: Shutting down and abandoning module UserFeedback (410)
[2017.06.20-06.14.45:968][663]LogModuleManager: Shutting down and abandoning module XmlParser (408)
[2017.06.20-06.14.45:968][663]LogModuleManager: Shutting down and abandoning module Blutility (406)
[2017.06.20-06.14.45:968][663]LogModuleManager: Shutting down and abandoning module ProjectSettingsViewer (404)
[2017.06.20-06.14.45:968][663]LogModuleManager: Shutting down and abandoning module ProjectTargetPlatformEditor (403)
[2017.06.20-06.14.45:968][663]LogModuleManager: Shutting down and abandoning module EditorSettingsViewer (400)
[2017.06.20-06.14.45:969][663]LogModuleManager: Shutting down and abandoning module SettingsEditor (398)
[2017.06.20-06.14.45:969][663]LogModuleManager: Shutting down and abandoning module ProjectLauncher (396)
[2017.06.20-06.14.45:969][663]LogModuleManager: Shutting down and abandoning module SessionFrontend (394)
[2017.06.20-06.14.45:969][663]LogModuleManager: Shutting down and abandoning module ProfilerClient (392)
[2017.06.20-06.14.45:969][663]LogModuleManager: Shutting down and abandoning module DeviceManager (390)
[2017.06.20-06.14.45:969][663]LogModuleManager: Shutting down and abandoning module TargetDeviceServices (389)
[2017.06.20-06.14.46:024][663]LogModuleManager: Shutting down and abandoning module AutomationController (386)
[2017.06.20-06.14.46:024][663]LogModuleManager: Shutting down and abandoning module AutomationWindow (384)
[2017.06.20-06.14.46:024][663]LogModuleManager: Shutting down and abandoning module Layers (382)
[2017.06.20-06.14.46:024][663]LogModuleManager: Shutting down and abandoning module ComponentVisualizers (380)
[2017.06.20-06.14.46:024][663]LogModuleManager: Shutting down and abandoning module DetailCustomizations (378)
[2017.06.20-06.14.46:024][663]LogModuleManager: Shutting down and abandoning module PackagesDialog (376)
[2017.06.20-06.14.46:024][663]LogModuleManager: Shutting down and abandoning module Persona (374)
[2017.06.20-06.14.46:024][663]LogModuleManager: Shutting down and abandoning module AdvancedPreviewScene (373)
[2017.06.20-06.14.46:024][663]LogModuleManager: Shutting down and abandoning module AnimGraph (371)
[2017.06.20-06.14.46:025][663]LogModuleManager: Shutting down and abandoning module Kismet (368)
[2017.06.20-06.14.46:027][663]LogModuleManager: Shutting down and abandoning module ClassViewer (366)
[2017.06.20-06.14.46:027][663]LogModuleManager: Shutting down and abandoning module Toolbox (364)
[2017.06.20-06.14.46:027][663]LogModuleManager: Shutting down and abandoning module ModuleUI (362)
[2017.06.20-06.14.46:027][663]LogModuleManager: Shutting down and abandoning module MovieSceneTools (360)
[2017.06.20-06.14.46:027][663]LogModuleManager: Shutting down and abandoning module OutputLog (358)
[2017.06.20-06.14.46:027][663]LogModuleManager: Shutting down and abandoning module GammaUI (356)
[2017.06.20-06.14.46:027][663]LogModuleManager: Shutting down and abandoning module Documentation (354)
[2017.06.20-06.14.46:028][663]LogModuleManager: Shutting down and abandoning module MovieSceneTracks (352)
[2017.06.20-06.14.46:028][663]LogModuleManager: Shutting down and abandoning module MovieScene (350)
[2017.06.20-06.14.46:028][663]LogModuleManager: Shutting down and abandoning module Niagara (348)
[2017.06.20-06.14.46:028][663]LogModuleManager: Shutting down and abandoning module NiagaraEditor (347)
[2017.06.20-06.14.46:028][663]LogModuleManager: Shutting down and abandoning module StreamingPauseRendering (344)
[2017.06.20-06.14.46:028][663]LogModuleManager: Shutting down and abandoning module AnalyticsET (342)
[2017.06.20-06.14.46:028][663]LogModuleManager: Shutting down and abandoning module PortalServices (340)
[2017.06.20-06.14.46:028][663]LogModuleManager: Shutting down and abandoning module PortalRpc (338)
[2017.06.20-06.14.46:028][663]LogModuleManager: Shutting down and abandoning module MessagingRpc (336)
[2017.06.20-06.14.46:028][663]LogModuleManager: Shutting down and abandoning module AIModule (334)
[2017.06.20-06.14.46:028][663]LogModuleManager: Shutting down and abandoning module GameplayDebugger (333)
[2017.06.20-06.14.46:028][663]LogModuleManager: Shutting down and abandoning module AITestSuite (331)
[2017.06.20-06.14.46:028][663]LogModuleManager: Shutting down and abandoning module ProfilerService (328)
[2017.06.20-06.14.46:254][663]LogModuleManager: Shutting down and abandoning module TaskGraph (326)
[2017.06.20-06.14.46:254][663]LogModuleManager: Shutting down and abandoning module SteamVRController (324)
[2017.06.20-06.14.46:254][663]LogModuleManager: Shutting down and abandoning module SteamVR (322)
[2017.06.20-06.14.46:254][663]LogModuleManager: Shutting down and abandoning module ProceduralMeshComponentEditor (320)
[2017.06.20-06.14.46:254][663]LogModuleManager: Shutting down and abandoning module ProceduralMeshComponent (318)
[2017.06.20-06.14.46:254][663]LogModuleManager: Shutting down and abandoning module OculusLibrary (316)
[2017.06.20-06.14.46:254][663]LogModuleManager: Shutting down and abandoning module OculusInput (314)
[2017.06.20-06.14.46:254][663]LogModuleManager: Shutting down and abandoning module MobilePatchingUtils (312)
[2017.06.20-06.14.46:254][663]LogModuleManager: Shutting down and abandoning module CustomMeshComponent (310)
[2017.06.20-06.14.46:254][663]LogModuleManager: Shutting down and abandoning module CableComponent (308)
[2017.06.20-06.14.46:254][663]LogModuleManager: Shutting down and abandoning module ArchVisCharacter (306)
[2017.06.20-06.14.46:254][663]LogModuleManager: Shutting down and abandoning module AndroidPermission (304)
[2017.06.20-06.14.46:254][663]LogModuleManager: Shutting down and abandoning module MediaPlayerEditor (300)
[2017.06.20-06.14.46:254][663]LogModuleManager: Shutting down and abandoning module HTML5Networking (298)
[2017.06.20-06.14.46:254][663]LogModuleManager: Shutting down and abandoning module AlembicImporter (296)
[2017.06.20-06.14.46:254][663]LogModuleManager: Shutting down and abandoning module AlembicLibrary (295)
[2017.06.20-06.14.46:255][663]LogModuleManager: Shutting down and abandoning module GeometryCache (294)
[2017.06.20-06.14.46:255][663]LogModuleManager: Shutting down and abandoning module GeometryCacheEd (293)
[2017.06.20-06.14.46:255][663]LogModuleManager: Shutting down and abandoning module SuperSearchEditor (288)
[2017.06.20-06.14.46:255][663]LogModuleManager: Shutting down and abandoning module SuperSearch (287)
[2017.06.20-06.14.46:255][663]LogModuleManager: Shutting down and abandoning module SpeedTreeImporter (284)
[2017.06.20-06.14.46:255][663]LogModuleManager: Shutting down and abandoning module PluginBrowser (282)
[2017.06.20-06.14.46:255][663]LogModuleManager: Shutting down and abandoning module MobileLauncherProfileWizard (280)
[2017.06.20-06.14.46:255][663]LogModuleManager: Shutting down and abandoning module VisualStudioSourceCodeAccess (278)
[2017.06.20-06.14.46:255][663]LogModuleManager: Shutting down and abandoning module DesktopPlatform (277)
[2017.06.20-06.14.46:255][663]LogModuleManager: Shutting down and abandoning module UObjectPlugin (274)
[2017.06.20-06.14.46:255][663]LogModuleManager: Shutting down and abandoning module SubversionSourceControl (272)
[2017.06.20-06.14.46:255][663]LogModuleManager: Shutting down and abandoning module PerforceSourceControl (270)
[2017.06.20-06.14.46:255][663]LogModuleManager: Shutting down and abandoning module GitSourceControl (268)
[2017.06.20-06.14.46:255][663]LogModuleManager: Shutting down and abandoning module SourceControl (267)
[2017.06.20-06.14.46:255][663]LogModuleManager: Shutting down and abandoning module LightPropagationVolumeEditor (264)
[2017.06.20-06.14.46:255][663]LogModuleManager: Shutting down and abandoning module PaperTiledImporter (262)
[2017.06.20-06.14.46:255][663]LogModuleManager: Shutting down and abandoning module PaperSpriteSheetImporter (260)
[2017.06.20-06.14.46:255][663]LogModuleManager: Shutting down and abandoning module Paper2DEditor (258)
[2017.06.20-06.14.46:255][663]LogModuleManager: Shutting down and abandoning module MeshPaint (257)
[2017.06.20-06.14.46:255][663]LogModuleManager: Shutting down and abandoning module LevelEditor (255)
[2017.06.20-06.14.46:257][663]LogModuleManager: Shutting down and abandoning module PixelInspectorModule (254)
[2017.06.20-06.14.46:257][663]LogModuleManager: Shutting down and abandoning module MainFrame (252)
[2017.06.20-06.14.46:257][663]LogModuleManager: Shutting down and abandoning module HotReload (251)
[2017.06.20-06.14.46:257][663]LogModuleManager: Shutting down and abandoning module PhysXVehiclesEditor (246)
[2017.06.20-06.14.46:257][663]LogModuleManager: Shutting down and abandoning module PhysXVehicles (244)
[2017.06.20-06.14.46:257][663]LogModuleManager: Shutting down and abandoning module LocationServicesBPLibrary (242)
[2017.06.20-06.14.46:257][663]LogModuleManager: Shutting down and abandoning module ImmediatePhysicsEditor (240)
[2017.06.20-06.14.46:257][663]LogModuleManager: Shutting down and abandoning module ImmediatePhysics (238)
[2017.06.20-06.14.46:257][663]LogModuleManager: Shutting down and abandoning module UdpMessaging (236)
                                                                                                                                                                                                                                                                                                                                                                                                                                                                                                                                                                                                                                                                                                                                                                                                                                                                                                                                                                                                                                                                                                                                                                                                                                                                                                                                                                                                                                                                                                                                                                                                                                                                                                                                                                                                                                                                                                                                                                                                                                                                                                                                                                                                                                                                                                                                                                                                                                                                                                                                                                                                                                                                                                                                                                                                                                                                                                                                                                                                                                                                                                                                                                                                                                                                                                                                                                                                                                                                                                                                                                                                                                                                                                                                                                                                                                                                                                                                                                                                                                                                                                                                                                                                                                                                                                                                                                                                                                                                                                                                                                                                                                                                                                                                                                                                                                                                                                                                                                                                                                                                                                                                                                                                                                                                                                                                                                                                                                                                                                                                                                                                                                                                                                                                                                                                                                                                                                                                                                                                                                                                                                                                                                                                                                                                                                                                                                                                                                                                                                                                                                                                                                                                                                                                                                                                                                                                                                                                                                                                                                                                                                                                                                                                                                                                                                                                                                                                                                                                                                                                                                                                                                                                                                                                                                                                                                                                                                                                                                                                                                                                                                                                                                                                                                                                                                                                                                                                                                                                                                                                                                                                                                                                                                                                                                                                                                                                                                                                                                                                                                                                                                                                                                                                                                                                                                                                                                                                                                                                                                                                                                                                                                                                                                                                                                                                                                                                                                                                                                                                                                                                                                                                                                                                                                                                                                                                                                                                                                                                                                                                                                                                                                                                                                                                                                                                                                                                                                                                                                                                                                                                                                                                                                                                                                                                                                                                                                                                                                                                                                                                                                                                                                                                                                                                                                                                                                                                                                                                                                                                                                                                                                                                                                                                                                                                                                                                                                                                                                                                                                                                                                                                                                                                                                                                                                                                                                                                                                                                                                                                                                                                                                                                                                                                                                                                                                                                                                                                                                                                                                                                                                                                                                                                                                                                                                                                                                                                                                                                                                                                                                                                                                                                                                                                                                                                                                                                                     