Log file open, 10/19/18 00:51:58
LogInit:Display: Running engine for game: fps
LogPlatformFile: Not using cached read wrapper
LogInit:Display: RandInit(622381595) SRandInit(622381595).
LogTaskGraph: Started task graph with 5 named threads and 6 total threads with 1 sets of task threads.
LogStats: Stats thread started at 5.263170
LogInit: Using libcurl 7.47.1
LogInit:  - built for x86_64-pc-win32
LogInit:  - supports SSL with OpenSSL/1.0.2g
LogInit:  - supports HTTP deflate (compression) using libz 1.2.8
LogInit:  - other features:
LogInit:      CURL_VERSION_SSL
LogInit:      CURL_VERSION_LIBZ
LogInit:      CURL_VERSION_IPV6
LogInit:      CURL_VERSION_ASYNCHDNS
LogInit:      CURL_VERSION_LARGEFILE
LogInit:      CURL_VERSION_IDN
LogInit:  CurlRequestOptions (configurable via config and command line):
LogInit:  - bVerifyPeer = false  - Libcurl will NOT verify peer certificate
LogInit:  - bUseHttpProxy = false  - Libcurl will NOT use HTTP proxy
LogInit:  - bDontReuseConnections = false  - Libcurl will reuse connections
LogInit:  - CertBundlePath = nullptr  - Libcurl will use whatever was configured at build time.
LogInit: Build: ++UE4+Release-4.15-CL-3416026
LogInit: Engine Version: 4.15.2-3416026+++UE4+Release-4.15
LogInit: Compatible Engine Version: 4.15.0-3299760+++UE4+Release-4.15
LogInit: Net CL: 3299760
LogDevObjectVersion: Number of dev versions registered: 14
LogDevObjectVersion:   Dev-Blueprints (B0D832E4-1F89-4F0D-ACCF-7EB736FD4AA2): 8
LogDevObjectVersion:   Dev-Build (E1C64328-A22C-4D53-A36C-8E866417BD8C): 0
LogDevObjectVersion:   Dev-Core (375EC13C-06E4-48FB-B500-84F0262A717E): 2
LogDevObjectVersion:   Dev-Editor (E4B068ED-F494-42E9-A231-DA0B2E46BB41): 14
LogDevObjectVersion:   Dev-Framework (CFFC743F-43B0-4480-9391-14DF171D2073): 22
LogDevObjectVersion:   Dev-Mobile (B02B49B5-BB20-44E9-A304-32B752E40360): 0
LogDevObjectVersion:   Dev-Networking (A4E4105C-59A1-49B5-A7C5-40C4547EDFEE): 0
LogDevObjectVersion:   Dev-Online (39C831C9-5AE6-47DC-9A44-9C173E1C8E7C): 0
LogDevObjectVersion:   Dev-Physics (78F01B33-EBEA-4F98-B9B4-84EACCB95AA2): 0
LogDevObjectVersion:   Dev-Platform (6631380F-2D4D-43E0-8009-CF276956A95A): 0
LogDevObjectVersion:   Dev-Rendering (12F88B9F-8875-4AFC-A67C-D90C383ABD29): 12
LogDevObjectVersion:   Dev-Sequencer (7B5AE74C-D270-4C10-A958-57980B212A5A): 3
LogDevObjectVersion:   Dev-VR (D7296918-1DD6-4BDD-9DE2-64A83CC13884): 0
LogDevObjectVersion:   Dev-LoadTimes (C2A15278-BFE7-4AFE-6C17-90FF531DF755): 1
LogInit: Compiled (64-bit): May  1 2017 13:11:28
LogInit: Compiled with Visual C++: 19.00.23026.00
LogInit: Build Configuration: Development
LogInit: Branch Name: ++UE4+Release-4.15
LogInit: Command line:  
LogInit: Base directory: C:/Program Files/Epic Games/UE_4.15/Engine/Binaries/Win64/
LogInit: Installed Engine Build: 1
LogInit: Presizing for max 8388607 objects, including 0 objects not considered by GC, pre-allocating 0 bytes for permanent pool.
LogInit: Object subsystem initialized
[2018.10.19-07.52.01:679][  0]LogInit: Selected Device Profile: [Windows]
[2018.10.19-07.52.01:679][  0]LogInit: Applying CVar settings loaded from the selected device profile: [Windows]
[2018.10.19-07.52.01:829][  0]LogInit: Computer: DESKTOP-B3GUKJU
[2018.10.19-07.52.01:829][  0]LogInit: User: HP
[2018.10.19-07.52.01:829][  0]LogInit: CPU Page size=65536, Cores=2
[2018.10.19-07.52.01:829][  0]LogInit: High frequency timer resolution =1.851188 MHz
[2018.10.19-07.52.01:830][  0]LogMemory: Memory total: Physical=5.9GB (6GB approx)
[2018.10.19-07.52.01:830][  0]LogMemory: Platform Memory Stats for Windows
[2018.10.19-07.52.01:830][  0]LogMemory: Process Physical Memory: 264.77 MB used, 264.77 MB peak
[2018.10.19-07.52.01:830][  0]LogMemory: Process Virtual Memory: 262.41 MB used, 262.41 MB peak
[2018.10.19-07.52.01:830][  0]LogMemory: Physical Memory: 3133.14 MB used,  2941.01 MB free, 6074.15 MB total
[2018.10.19-07.52.01:830][  0]LogMemory: Virtual Memory: 681.63 MB used,  2941.01 MB free, 134217728.00 MB total
[2018.10.19-07.52.04:173][  0]LogTextLocalizationManager: No specific translations for ('en-US') exist, so ('en') translations will be used.
[2018.10.19-07.52.16:168][  0]LogD3D11RHI: D3D11 adapters:
[2018.10.19-07.52.16:185][  0]LogD3D11RHI:    0. 'Intel(R) HD Graphics Family' (Feature Level 11_0)
[2018.10.19-07.52.16:185][  0]LogD3D11RHI:       112/0/2048 MB DedicatedVideo/DedicatedSystem/SharedSystem, Outputs:1, VendorId:0x8086
[2018.10.19-07.52.16:189][  0]LogD3D11RHI:    1. 'Microsoft Basic Render Driver' (Feature Level 11_0)
[2018.10.19-07.52.16:189][  0]LogD3D11RHI:       0/0/3037 MB DedicatedVideo/DedicatedSystem/SharedSystem, Outputs:0, VendorId:0x1414
[2018.10.19-07.52.16:189][  0]LogD3D11RHI: Chosen D3D11 Adapter: 0
[2018.10.19-07.52.16:197][  0]LogD3D11RHI: Creating new Direct3DDevice
[2018.10.19-07.52.16:197][  0]LogD3D11RHI:     GPU DeviceId: 0xa16 (for the marketing name, search the web for "GPU Device Id")
[2018.10.19-07.52.16:197][  0]LogWindows: EnumDisplayDevices:
[2018.10.19-07.52.16:197][  0]LogWindows:    0. 'Intel(R) HD Graphics Family' (P:1 D:1)
[2018.10.19-07.52.16:197][  0]LogWindows:    1. 'Intel(R) HD Graphics Family' (P:0 D:0)
[2018.10.19-07.52.16:198][  0]LogWindows:    2. 'Intel(R) HD Graphics Family' (P:0 D:0)
[2018.10.19-07.52.16:198][  0]LogWindows: DebugString: GetVideoDriverDetailsInvalid PrimaryIsNotTheChoosenAdapter GetVideoDriverDetailsInvalid PrimaryIsNotTheChoosenAdapter GetVideoDriverDetailsInvalid PrimaryIsNotTheChoosenAdapter FoundDriverCount:0 
[2018.10.19-07.52.16:198][  0]LogD3D11RHI:     Adapter Name: Intel(R) HD Graphics Family
[2018.10.19-07.52.16:198][  0]LogD3D11RHI:   Driver Version: Unknown (internal:Unknown, unified:Unknown)
[2018.10.19-07.52.16:198][  0]LogD3D11RHI:      Driver Date: Unknown
[2018.10.19-07.52.16:198][  0]LogRHI: Texture pool is 795 MB (70% of 1136 MB)
[2018.10.19-07.52.16:223][  0]LogD3D11RHI: Async texture creation enabled
[2018.10.19-07.52.16:645][  0]LogD3D11RHI: GPU Timing Frequency: 12.500000 (Debug: 2 0)
[2018.10.19-07.52.16:769][  0]LogShaderCompilers: Guid format shader working directory is -13 characters bigger than the processId version (../../../../../../Users/HP/Documents/Unreal Projects/fps/Intermediate/Shaders/WorkingDirectory/2312/).
[2018.10.19-07.52.16:769][  0]LogShaderCompilers: Cleaned the shader compiler working directory 'C:/Users/HP/AppData/Local/Temp/UnrealShaderWorkingDir/A8035572425E959691D52DB0183AA216/'.
[2018.10.19-07.52.16:779][  0]LogShaderCompilers:Display: Using Local Shader Compiler.
[2018.10.19-07.52.27:886][  0]LogTemp:Display: Loaded TP AllDesktopTargetPlatform
[2018.10.19-07.52.28:031][  0]LogTemp:Display: Loaded TP MacClientTargetPlatform
[2018.10.19-07.52.28:152][  0]LogTemp:Display: Loaded TP MacNoEditorTargetPlatform
[2018.10.19-07.52.28:273][  0]LogTemp:Display: Loaded TP MacServerTargetPlatform
[2018.10.19-07.52.28:437][  0]LogTemp:Display: Loaded TP MacTargetPlatform
[2018.10.19-07.52.28:561][  0]LogTemp:Display: Loaded TP WindowsClientTargetPlatform
[2018.10.19-07.52.28:724][  0]LogTemp:Display: Loaded TP WindowsNoEditorTargetPlatform
[2018.10.19-07.52.28:853][  0]LogTemp:Display: Loaded TP WindowsServerTargetPlatform
[2018.10.19-07.52.28:955][  0]LogTemp:Display: Loaded TP WindowsTargetPlatform
[2018.10.19-07.52.29:157][  0]LogTemp:Display: Loaded TP AndroidTargetPlatform
[2018.10.19-07.52.29:279][  0]LogTemp:Display: Loaded TP Android_ASTCTargetPlatform
[2018.10.19-07.52.29:476][  0]LogTemp:Display: Loaded TP Android_ATCTargetPlatform
[2018.10.19-07.52.29:613][  0]LogTemp:Display: Loaded TP Android_DXTTargetPlatform
[2018.10.19-07.52.29:793][  0]LogTemp:Display: Loaded TP Android_ETC1TargetPlatform
[2018.10.19-07.52.29:912][  0]LogTemp:Display: Loaded TP Android_ETC2TargetPlatform
[2018.10.19-07.52.30:252][  0]LogTemp:Display: Loaded TP Android_MultiTargetPlatform
[2018.10.19-07.52.30:252][  0]LogTemp:Display: Loaded TP Android_PVRTCTargetPlatform
[2018.10.19-07.52.30:343][  0]LogTemp:Display: Loaded TP HTML5TargetPlatform
[2018.10.19-07.52.30:560][  0]LogTemp:Display: Loaded TP IOSTargetPlatform
[2018.10.19-07.52.30:626][  0]LogTemp:Display: Loaded TP TVOSTargetPlatform
[2018.10.19-07.52.30:795][  0]LogTemp:Display: Loaded TP LinuxClientTargetPlatform
[2018.10.19-07.52.31:000][  0]LogTemp:Display: Loaded TP LinuxNoEditorTargetPlatform
[2018.10.19-07.52.31:116][  0]LogTemp:Display: Loaded TP LinuxServerTargetPlatform
[2018.10.19-07.52.31:241][  0]LogTemp:Display: Loaded TP LinuxTargetPlatform
[2018.10.19-07.52.31:253][  0]LogTargetPlatformManager:Display: Building Assets For Windows
[2018.10.19-07.52.34:105][  0]LogDerivedDataCache:Display: Max Cache Size: 512 MB
[2018.10.19-07.52.34:883][  0]LogDerivedDataCache: Loaded boot cache 0.76s 50MB C:/Users/HP/AppData/Local/UnrealEngine/4.15/DerivedDataCache/Boot.ddc.
[2018.10.19-07.52.34:883][  0]LogDerivedDataCache:Display: Loaded Boot cache: C:/Users/HP/AppData/Local/UnrealEngine/4.15/DerivedDataCache/Boot.ddc
[2018.10.19-07.52.34:884][  0]LogDerivedDataCache: FDerivedDataBackendGraph:  Pak pak cache file ../../../../../../Users/HP/Documents/Unreal Projects/fps/DerivedDataCache/DDC.ddp not found, will not use a pak cache.
[2018.10.19-07.52.34:884][  0]LogDerivedDataCache: Unable to find inner node Pak for hierarchical cache Hierarchy.
[2018.10.19-07.52.34:884][  0]LogDerivedDataCache: FDerivedDataBackendGraph:  CompressedPak pak cache file ../../../../../../Users/HP/Documents/Unreal Projects/fps/DerivedDataCache/Compressed.ddp not found, will not use a pak cache.
[2018.10.19-07.52.34:884][  0]LogDerivedDataCache: Unable to find inner node CompressedPak for hierarchical cache Hierarchy.
[2018.10.19-07.52.35:047][  0]LogDerivedDataCache:Display: Pak cache opened for reading ../../../Engine/DerivedDataCache/Compressed.ddp.
[2018.10.19-07.52.35:060][  0]LogDerivedDataCache: Using Local data cache path C:/Users/HP/AppData/Local/UnrealEngine/Common/DerivedDataCache: Writable
[2018.10.19-07.52.35:648][  0]LogSlate: Using Freetype 2.6.0
[2018.10.19-07.52.36:137][  0]LogSlate: SlateFontCache - WITH_FREETYPE: 1, WITH_HARFBUZZ: 1
[2018.10.19-07.52.36:137][  0]LogSlate: SlateFontCache - WITH_FREETYPE: 1, WITH_HARFBUZZ: 1
[2018.10.19-07.52.52:322][  0]LogInit: Selected Device Profile: [Windows]
[2018.10.19-07.52.52:552][  0]LogContentStreaming: Texture pool size is 0.00 MB
[2018.10.19-07.52.54:940][  0]LogMeshUtilities: Using QuadricMeshReduction for automatic static mesh reduction
[2018.10.19-07.52.55:168][  0]LogSimplygon: Simplygon DLL not present - disabling.
[2018.10.19-07.52.55:322][  0]LogMeshUtilities: Using SimplygonSwarm for distributed automatic mesh merging
[2018.10.19-07.52.55:322][  0]LogMeshUtilities: No automatic skeletal mesh reduction module available
[2018.10.19-07.52.55:322][  0]LogMeshUtilities: No automatic mesh merging module available
[2018.10.19-07.53.07:565][  0]LogNetVersion: GetLocalNetworkVersion: CL: 3299760, ProjectName: fps, ProjectVersion: , EngineNetworkVersion: 2, GameNetworkVersion: 0, NetworkChecksum: 227962739
[2018.10.19-07.53.07:895][  0]LogAssetRegistry: FAssetRegistry took 0.0245 seconds to start up
[2018.10.19-07.53.08:714][  0]LogPackageLocalizationCache: Processed 3 localized package path(s) for 2 prioritized culture(s) in 0.651923 seconds
[2018.10.19-07.53.08:813][  0]LogUObjectArray: 32493 objects as part of root set at end of initial load.
[2018.10.19-07.53.08:813][  0]LogUObjectAllocator: 7077024 out of 0 bytes used by permanent object pool.
[2018.10.19-07.53.08:813][  0]LogUObjectArray: CloseDisregardForGC: 0/0 objects in disregard for GC pool
[2018.10.19-07.53.09:112][  0]LogInit: WinSock: version 1.1 (2.2), MaxSocks=32767, MaxUdp=65467
[2018.10.19-07.53.38:932][  0]LogTcpMessaging: Initializing TcpMessaging bridge
[2018.10.19-07.53.39:039][  0]LogUdpMessaging: Initializing bridge on interface 0.0.0.0:0 to multicast group 230.0.0.1:6666.
[2018.10.19-07.53.42:152][  0]LogMaterial: Uniform references updated for custom material expression Custom.
[2018.10.19-07.53.43:903][  0]SourceControl: Info Source control is disabled
[2018.10.19-07.53.44:686][  0]SourceControl: Info Source control is disabled
[2018.10.19-07.53.44:942][  0]SourceControl: Info Source control is disabled
[2018.10.19-07.53.45:179][  0]SourceControl: Info Source control is disabled
[2018.10.19-07.53.50:924][  0]LogEngine: Initializing Engine...
[2018.10.19-07.53.50:969][  0]LogHMD: Failed to initialize OpenVR with code 110
[2018.10.19-07.53.52:430][  0]LogStats: UGameplayTagsManager::ConstructGameplayTagTree: Construct from data asset -  0.000 s
[2018.10.19-07.53.52:433][  0]LogStats: UGameplayTagsManager::ConstructGameplayTagTree: GameplayTagTreeChangedEvent.Broadcast -  0.000 s
[2018.10.19-07.53.53:558][  0]LogAIModule: Creating AISystem for world Untitled
[2018.10.19-07.53.54:065][  0]LogInit: XAudio2 using 'Speaker/HP (Realtek High Definition Audio)' : 2 channels at 48 kHz using 32 bits per sample (channel mask 0x3)
[2018.10.19-07.53.54:900][  0]LogInit: FAudioDevice initialized.
[2018.10.19-07.53.54:948][  0]LogDerivedDataCache: Saved boot cache 0.05s 50MB C:/Users/HP/AppData/Local/UnrealEngine/4.15/DerivedDataCache/Boot.ddc.
[2018.10.19-07.53.54:974][  0]LogInit: Texture streaming: Enabled
[2018.10.19-07.53.55:349][  0]LogEngineSessionManager: EngineSessionManager initialized
[2018.10.19-07.53.56:129][  0]LogInit: Transaction tracking system initialized
[2018.10.19-07.53.57:864][  0]BlueprintLog: New page: Editor Load
[2018.10.19-07.54.02:443][  0]LocalizationService: Info Localization service is disabled
[2018.10.19-07.54.05:425][  0]LogConsoleResponse:Display: 
[2018.10.19-07.54.09:593][  0]LogFileCache: Scanning file cache for directory 'C:/Users/HP/Documents/Unreal Projects/fps/Content/' took 0.05s
[2018.10.19-07.54.09:593][  0]LogCook:Display: Max memory allowance for cook 16384mb min free memory 0mb
[2018.10.19-07.54.09:593][  0]LogCook:Display: Mobile HDR setting 1
[2018.10.19-07.54.14:363][  0]SourceControl: Info Source control is disabled
[2018.10.19-07.54.14:438][  0]Cmd: MAP LOAD FILE="../../../../../../Users/HP/Documents/Unreal Projects/fps/Content/StarterContent/Maps/Minimal_Default.umap" TEMPLATE=0 SHOWPROGRESS=1 FEATURELEVEL=3
[2018.10.19-07.54.14:630][  0]LightingResults: New page: Lighting Build
[2018.10.19-07.54.15:301][  0]MapCheck: New page: Map Check
[2018.10.19-07.54.15:301][  0]LightingResults: New page: Lighting Build
[2018.10.19-07.54.19:103][  0]LogAIModule: Creating AISystem for world Minimal_Default
[2018.10.19-07.54.20:516][  0]LogEditorServer: Finished looking for orphan Actors (0.000 secs)
[2018.10.19-07.54.20:747][  0]Cmd: MAP CHECKDEP NOCLEARLOG
[2018.10.19-07.54.20:916][  0]MapCheck: Info Map check complete: 0 Error(s), 0 Warning(s), took 168.469ms to complete.
[2018.10.19-07.54.20:916][  0]LogFileHelpers: Loading map 'Minimal_Default' took 6.514
[2018.10.19-07.54.25:044][  0]LogCollectionManager: Loaded 0 collections in 0.002613 seconds
[2018.10.19-07.54.25:467][  0]LogFileCache: Scanning file cache for directory 'C:/Users/HP/Documents/Unreal Projects/fps/Saved/Collections/' took 0.01s
[2018.10.19-07.54.25:467][  0]LogFileCache: Scanning file cache for directory 'C:/Users/HP/Documents/Unreal Projects/fps/Content/Developers/HP/Collections/' took 0.02s
[2018.10.19-07.54.25:467][  0]LogFileCache: Scanning file cache for directory 'C:/Users/HP/Documents/Unreal Projects/fps/Content/Collections/' took 0.00s
[2018.10.19-07.54.25:467][  0]LogCollectionManager: Rebuilt the GUID cache for 0 collections in 0.000004 seconds
[2018.10.19-07.54.25:617][  0]LogContentBrowser: Native class hierarchy populated in 0.0998 seconds. Added 2245 classes and 453 folders.
[2018.10.19-07.54.26:059][  0]LogContentBrowser: Native class hierarchy updated for 'WidgetCarousel' in 0.0011 seconds. Added 0 classes and 0 folders.
[2018.10.19-07.54.27:839][  0]LogContentBrowser: Native class hierarchy updated for 'AddContentDialog' in 0.0011 seconds. Added 0 classes and 0 folders.
[2018.10.19-07.54.28:067][  0]LogContentBrowser: Native class hierarchy updated for 'SceneOutliner' in 0.0020 seconds. Added 1 classes and 2 folders.
[2018.10.19-07.54.29:122][  0]LogCrashTracker: Crashtracker disabled due to settings.
[2018.10.19-07.54.29:663][  0]LogUObjectGlobals:Warning: Failed to find object 'Class None.'
[2018.10.19-07.54.29:944][  0]LogContentBrowser: Native class hierarchy updated for 'HierarchicalLODOutliner' in 0.0009 seconds. Added 1 classes and 2 folders.
[2018.10.19-07.54.29:944][  0]LogLoad: (Engine Initialization) Total time: 168.34 seconds
[2018.10.19-07.54.29:944][  0]LogLoad: (Engine Initialization) Total Blueprint compile time: 1.07 seconds
[2018.10.19-07.54.29:944][  0]LogExternalProfiler: No external profilers were discovered.  External profiling features will not be available.
[2018.10.19-07.54.30:441][  0]LogWindowsTextInputMethodSystem:Display: IME system now deactivated.
[2018.10.19-07.54.30:460][  0]LogOcInput: OculusInput pre-init called
[2018.10.19-07.54.31:276][  0]LogContentStreaming: Texture pool size now 3000 MB
[2018.10.19-07.54.31:613][  0]LogSlate: Took 0.029864 seconds to synchronously load lazily loaded font '../../../Engine/Content/Slate/Fonts/Roboto-Regular.ttf' (155K)
[2018.10.19-07.54.31:663][  0]LogSlate: Took 0.028761 seconds to synchronously load lazily loaded font '../../../Engine/Content/Slate/Fonts/Roboto-Bold.ttf' (160K)
[2018.10.19-07.54.31:903][  0]LogSlate: Took 0.052548 seconds to synchronously load lazily loaded font '../../../Engine/Content/Editor/Slate/Fonts/FontAwesome.ttf' (139K)
[2018.10.19-07.54.33:745][  0]LogRenderer: Reallocating scene render targets to support 856x372 NumSamples 1 (Frame:2).
[2018.10.19-07.54.37:412][  1]LogSlate: Took 0.055341 seconds to synchronously load lazily loaded font '../../../Engine/Content/Slate/Fonts/Roboto-Light.ttf' (159K)
[2018.10.19-07.54.38:683][  5]LogAssetRegistry: Asset discovery search completed in 90.8109 seconds
[2018.10.19-07.54.38:697][  5]LogCollectionManager: Rebuilt the object cache for 0 collections in 0.013918 seconds (found 0 objects)
[2018.10.19-07.54.38:697][  5]LogCollectionManager: Fixed up redirectors for 0 collections in 0.014793 seconds (updated 0 objects)
[2018.10.19-07.54.46:632][376]LogTemp: Repeting last play command: Selected Viewport
[2018.10.19-07.54.46:715][376]LogBlueprintUserMessages: Early PlayInEditor Detection: Level '/Game/StarterContent/Maps/Minimal_Default.Minimal_Default:PersistentLevel' has LevelScriptBlueprint '/Game/StarterContent/Maps/Minimal_Default.Minimal_Default:PersistentLevel.Minimal_Default' with GeneratedClass '/Game/StarterContent/Maps/Minimal_Default.Minimal_Default_C' with ClassGeneratedBy '/Game/StarterContent/Maps/Minimal_Default.Minimal_Default:PersistentLevel.Minimal_Default'
[2018.10.19-07.54.46:729][376]LogPlayLevel: PlayLevel: No blueprints needed recompiling
[2018.10.19-07.54.46:868][376]PIE: New page: PIE session: Minimal_Default (Oct 18, 2018, 5:54:46 PM)
[2018.10.19-07.54.46:906][376]LogPlayLevel: Creating play world package: /Game/StarterContent/Maps/UEDPIE_0_Minimal_Default
[2018.10.19-07.54.47:200][376]LogPlayLevel: PIE: StaticDuplicateObject took: (0.292824s)
[2018.10.19-07.54.47:200][376]LogAIModule: Creating AISystem for world Minimal_Default
[2018.10.19-07.54.47:213][376]LogPlayLevel: PIE: World Init took: (0.013071s)
[2018.10.19-07.54.47:227][376]LogPlayLevel: PIE: Created PIE world by copying editor world from /Game/StarterContent/Maps/Minimal_Default.Minimal_Default to /Game/StarterContent/Maps/UEDPIE_0_Minimal_Default.Minimal_Default (0.324334s)
[2018.10.19-07.54.47:361][376]LogInit: XAudio2 using 'Speaker/HP (Realtek High Definition Audio)' : 2 channels at 48 kHz using 32 bits per sample (channel mask 0x3)
[2018.10.19-07.54.47:413][376]LogInit: FAudioDevice initialized.
[2018.10.19-07.54.50:171][376]LogBlueprint:Warning: [Compiler ThirdPersonCharacter] Warning InputAction Event references unknown Action 'ResetVR' for  InputAction ResetVR
[2018.10.19-07.54.50:219][376]LogBlueprint:Warning: [Compiler ThirdPersonCharacter] Warning [0188.61] Compile of ThirdPersonCharacter successful, but with 1 Warning(s) [in 126 ms] (/Game/ThirdPersonBP/Blueprints/ThirdPersonCharacter.ThirdPersonCharacter)
[2018.10.19-07.54.50:219][376]LogBlueprint:Warning: [Compiler ThirdPersonCharacter] Warning [0188.61] Compile of ThirdPersonCharacter successful, but with 2 Warning(s) [in 0 ms] (/Game/ThirdPersonBP/Blueprints/ThirdPersonCharacter.ThirdPersonCharacter)
[2018.10.19-07.54.50:219][376]LogBlueprint:Warning: [Compiler ThirdPersonCharacter] Warning [0188.61] Compile of ThirdPersonCharacter successful, but with 3 Warning(s) [in 0 ms] (/Game/ThirdPersonBP/Blueprints/ThirdPersonCharacter.ThirdPersonCharacter)
[2018.10.19-07.54.50:300][376]LogBlueprint:Warning: [Compiler ThirdPersonCharacter] Warning InputAction Event references unknown Action 'ResetVR' for  InputAction ResetVR
[2018.10.19-07.54.50:313][376]LogBlueprint:Warning: [Compiler ThirdPersonCharacter] Warning [0188.71] Compile of ThirdPersonCharacter successful, but with 1 Warning(s) [in 29 ms] (/Game/ThirdPersonBP/Blueprints/ThirdPersonCharacter.ThirdPersonCharacter)
[2018.10.19-07.54.50:313][376]LogBlueprint:Warning: [Compiler ThirdPersonCharacter] Warning [0188.71] Compile of ThirdPersonCharacter successful, but with 2 Warning(s) [in 0 ms] (/Game/ThirdPersonBP/Blueprints/ThirdPersonCharacter.ThirdPersonCharacter)
[2018.10.19-07.54.50:313][376]LogBlueprint:Warning: [Compiler ThirdPersonCharacter] Warning [0188.71] Compile of ThirdPersonCharacter successful, but with 3 Warning(s) [in 0 ms] (/Game/ThirdPersonBP/Blueprints/ThirdPersonCharacter.ThirdPersonCharacter)
[2018.10.19-07.54.51:077][376]LogLoad: Game class is 'FPS_GameMode_C'
[2018.10.19-07.54.51:325][376]LogWorld: Bringing World /Game/StarterContent/Maps/UEDPIE_0_Minimal_Default.Minimal_Default up for play (max tick rate 60) at 2018.10.19-00.54.51
[2018.10.19-07.54.51:413][376]LogWorld: Bringing up level for play took: 0.105817
[2018.10.19-07.54.51:880][376]LogContentBrowser: Native class hierarchy updated for 'MovieSceneCapture' in 0.0015 seconds. Added 11 classes and 0 folders.
[2018.10.19-07.54.52:559][376]PIE: Info Play in editor start time for /Game/StarterContent/Maps/UEDPIE_0_Minimal_Default 5.425
[2018.10.19-07.54.52:560][376]LogBlueprintUserMessages: Late PlayInEditor Detection: Level '/Game/StarterContent/Maps/Minimal_Default.Minimal_Default:PersistentLevel' has LevelScriptBlueprint '/Game/StarterContent/Maps/Minimal_Default.Minimal_Default:PersistentLevel.Minimal_Default' with GeneratedClass '/Game/StarterContent/Maps/Minimal_Default.Minimal_Default_C' with ClassGeneratedBy '/Game/StarterContent/Maps/Minimal_Default.Minimal_Default:PersistentLevel.Minimal_Default'
[2018.10.19-07.55.14:821][955]Cmd: CLOSE_SLATE_MAINFRAME
[2018.10.19-07.55.15:284][955]LogWindowsTextInputMethodSystem:Display: IME system now deactivated.
[2018.10.19-07.55.15:669][955]LogBlueprintUserMessages: Early EndPlayMap Detection: Level '/Game/StarterContent/Maps/Minimal_Default.Minimal_Default:PersistentLevel' has LevelScriptBlueprint '/Game/StarterContent/Maps/Minimal_Default.Minimal_Default:PersistentLevel.Minimal_Default' with GeneratedClass '/Game/StarterContent/Maps/Minimal_Default.Minimal_Default_C' with ClassGeneratedBy '/Game/StarterContent/Maps/Minimal_Default.Minimal_Default:PersistentLevel.Minimal_Default'
[2018.10.19-07.55.15:845][955]LogBlueprintUserMessages: Late EndPlayMap Detection: Level '/Game/StarterContent/Maps/Minimal_Default.Minimal_Default:PersistentLevel' has LevelScriptBlueprint '/Game/StarterContent/Maps/Minimal_Default.Minimal_Default:PersistentLevel.Minimal_Default' with GeneratedClass '/Game/StarterContent/Maps/Minimal_Default.Minimal_Default_C' with ClassGeneratedBy '/Game/StarterContent/Maps/Minimal_Default.Minimal_Default:PersistentLevel.Minimal_Default'
[2018.10.19-07.55.16:710][956]Cmd: QUIT_EDITOR
[2018.10.19-07.55.18:328][956]LogExit: Preparing to exit.
[2018.10.19-07.55.19:541][956]LogDirectoryWatcher: A directory notification for 'C:/Users/HP/Documents/Unreal Projects/fps/Content/' was aborted.
[2018.10.19-07.55.19:767][956]LogExit: Editor shut down
[2018.10.19-07.55.19:769][956]LogExit: Transaction tracking system shut down
[2018.10.19-07.55.21:444][956]LogObj: Freed 0b from 0 cluster array pools.
[2018.10.19-07.55.21:444][956]LogExit: Object subsystem successfully closed.
[2018.10.19-07.55.21:664][956]LogD3D11RHI: Shutdown
[2018.10.19-07.55.21:664][956]LogD3D11RHI: CleanupD3DDevice
[2018.10.19-07.55.22:022][956]LogD3D11RHI: ~FD3D11DynamicRHI
[2018.10.19-07.55.23:043][956]LogModuleManager: Shutting down and abandoning module MovieSceneCapture (500)
[2018.10.19-07.55.23:043][956]LogModuleManager: Shutting down and abandoning module HierarchicalLODOutliner (498)
[2018.10.19-07.55.23:049][956]LogModuleManager: Shutting down and abandoning module CrashTracker (496)
[2018.10.19-07.55.23:049][956]LogModuleManager: Shutting down and abandoning module SceneOutliner (494)
[2018.10.19-07.55.23:049][956]LogModuleManager: Shutting down and abandoning module AddContentDialog (492)
[2018.10.19-07.55.23:069][956]LogDirectoryWatcher: A directory notification for 'C:/Program Files/Epic Games/UE_4.15/FeaturePacks/' was aborted.
[2018.10.19-07.55.23:086][956]LogModuleManager: Shutting down and abandoning module WidgetCarousel (491)
[2018.10.19-07.55.23:086][956]LogModuleManager: Shutting down and abandoning module EditorWidgets (488)
[2018.10.19-07.55.23:086][956]LogModuleManager: Shutting down and abandoning module CollectionManager (486)
[2018.10.19-07.55.23:115][956]LogDirectoryWatcher: A directory notification for 'C:/Users/HP/Documents/Unreal Projects/fps/Content/Collections/' was aborted.
[2018.10.19-07.55.23:115][956]LogDirectoryWatcher: A directory notification for 'C:/Users/HP/Documents/Unreal Projects/fps/Content/Developers/HP/Collections/' was aborted.
[2018.10.19-07.55.23:115][956]LogDirectoryWatcher: A directory notification for 'C:/Users/HP/Documents/Unreal Projects/fps/Saved/Collections/' was aborted.
[2018.10.19-07.55.23:115][956]LogModuleManager: Shutting down and abandoning module StatsViewer (484)
[2018.10.19-07.55.23:128][956]LogModuleManager: Shutting down and abandoning module FoliageEdit (482)
[2018.10.19-07.55.23:135][956]LogModuleManager: Shutting down and abandoning module LandscapeEditor (480)
[2018.10.19-07.55.23:175][956]LogModuleManager: Shutting down and abandoning module SceneDepthPickerMode (478)
[2018.10.19-07.55.23:175][956]LogModuleManager: Shutting down and abandoning module ActorPickerMode (476)
[2018.10.19-07.55.23:175][956]LogModuleManager: Shutting down and abandoning module GeometryMode (474)
[2018.10.19-07.55.23:175][956]LogModuleManager: Shutting down and abandoning module TextureAlignMode (472)
[2018.10.19-07.55.23:175][956]LogModuleManager: Shutting down and abandoning module BspMode (470)
[2018.10.19-07.55.23:191][956]LogModuleManager: Shutting down and abandoning module HardwareSurvey (468)
[2018.10.19-07.55.23:202][956]LogModuleManager: Shutting down and abandoning module SequenceRecorderSections (466)
[2018.10.19-07.55.23:215][956]LogModuleManager: Shutting down and abandoning module AutomationWorker (464)
[2018.10.19-07.55.23:222][956]LogModuleManager: Shutting down and abandoning module MatineeToLevelSequence (462)
[2018.10.19-07.55.23:234][956]LogModuleManager: Shutting down and abandoning module LevelSequenceEditor (460)
[2018.10.19-07.55.23:295][956]LogModuleManager: Shutting down and abandoning module PlacementMode (459)
[2018.10.19-07.55.23:295][956]LogModuleManager: Shutting down and abandoning module WmfMediaFactory (456)
[2018.10.19-07.55.23:295][956]LogModuleManager: Shutting down and abandoning module WmfMediaEditor (454)
[2018.10.19-07.55.23:296][956]LogModuleManager: Shutting down and abandoning module MfMediaFactory (452)
[2018.10.19-07.55.23:296][956]LogModuleManager: Shutting down and abandoning module MfMediaEditor (450)
[2018.10.19-07.55.23:296][956]LogModuleManager: Shutting down and abandoning module AvfMediaFactory (448)
[2018.10.19-07.55.23:296][956]LogModuleManager: Shutting down and abandoning module AvfMediaEditor (446)
[2018.10.19-07.55.23:296][956]LogModuleManager: Shutting down and abandoning module AndroidMediaFactory (444)
[2018.10.19-07.55.23:296][956]LogModuleManager: Shutting down and abandoning module Media (443)
[2018.10.19-07.55.23:296][956]LogModuleManager: Shutting down and abandoning module AndroidMediaEditor (440)
[2018.10.19-07.55.23:296][956]LogModuleManager: Shutting down and abandoning module CharacterAI (438)
[2018.10.19-07.55.23:296][956]LogModuleManager: Shutting down and abandoning module AudioCapture (436)
[2018.10.19-07.55.23:310][956]LogModuleManager: Shutting down and abandoning module SequenceRecorder (435)
[2018.10.19-07.55.23:345][956]LogModuleManager: Shutting down and abandoning module SmartSnapping (432)
[2018.10.19-07.55.23:345][956]LogModuleManager: Shutting down and abandoning module SessionServices (430)
[2018.10.19-07.55.23:345][956]LogModuleManager: Shutting down and abandoning module ViewportSnapping (428)
[2018.10.19-07.55.23:345][956]LogModuleManager: Shutting down and abandoning module ViewportInteraction (426)
[2018.10.19-07.55.23:345][956]LogModuleManager: Shutting down and abandoning module LogVisualizer (424)
[2018.10.19-07.55.23:371][956]LogModuleManager: Shutting down and abandoning module IntroTutorials (422)
[2018.10.19-07.55.23:383][956]LogModuleManager: Shutting down and abandoning module GameProjectGeneration (421)
[2018.10.19-07.55.23:404][956]LogModuleManager: Shutting down and abandoning module EditorLiveStreaming (418)
[2018.10.19-07.55.23:404][956]LogModuleManager: Shutting down and abandoning module IOSPlatformEditor (416)
[2018.10.19-07.55.23:405][956]LogModuleManager: Shutting down and abandoning module HTML5PlatformEditor (414)
[2018.10.19-07.55.23:405][956]LogModuleManager: Shutting down and abandoning module AndroidPlatformEditor (412)
[2018.10.19-07.55.23:417][956]LogModuleManager: Shutting down and abandoning module AndroidDeviceDetection (411)
[2018.10.19-07.55.23:998][956]LogModuleManager: Shutting down and abandoning module IOSRuntimeSettings (408)
[2018.10.19-07.55.23:999][956]LogModuleManager: Shutting down and abandoning module AndroidRuntimeSettings (406)
[2018.10.19-07.55.23:999][956]LogModuleManager: Shutting down and abandoning module InputBindingEditor (404)
[2018.10.19-07.55.24:015][956]LogModuleManager: Shutting down and abandoning module NiagaraEditor (402)
[2018.10.19-07.55.24:117][956]LogModuleManager: Shutting down and abandoning module MergeActors (400)
[2018.10.19-07.55.24:131][956]LogModuleManager: Shutting down and abandoning module SizeMap (398)
[2018.10.19-07.55.24:146][956]LogModuleManager: Shutting down and abandoning module TreeMap (396)
[2018.10.19-07.55.24:159][956]LogModuleManager: Shutting down and abandoning module ReferenceViewer (394)
[2018.10.19-07.55.24:159][956]LogModuleManager: Shutting down and abandoning module LocalizationDashboard (392)
[2018.10.19-07.55.24:170][956]LogModuleManager: Shutting down and abandoning module LocalizationService (391)
[2018.10.19-07.55.24:179][956]LogModuleManager: Shutting down and abandoning module HardwareTargeting (388)
[2018.10.19-07.55.24:193][956]LogModuleManager: Shutting down and abandoning module DeviceProfileEditor (386)
[2018.10.19-07.55.24:203][956]LogModuleManager: Shutting down and abandoning module UndoHistory (384)
[2018.10.19-07.55.24:211][956]LogModuleManager: Shutting down and abandoning module UserFeedback (382)
[2018.10.19-07.55.24:211][956]LogModuleManager: Shutting down and abandoning module XmlParser (380)
[2018.10.19-07.55.24:211][956]LogModuleManager: Shutting down and abandoning module Blutility (378)
[2018.10.19-07.55.24:227][956]LogModuleManager: Shutting down and abandoning module ProjectSettingsViewer (376)
[2018.10.19-07.55.24:227][956]LogModuleManager: Shutting down and abandoning module ProjectTargetPlatformEditor (375)
[2018.10.19-07.55.24:227][956]LogModuleManager: Shutting down and abandoning module EditorSettingsViewer (372)
[2018.10.19-07.55.24:227][956]LogModuleManager: Shutting down and abandoning module SettingsEditor (370)
[2018.10.19-07.55.24:259][956]LogModuleManager: Shutting down and abandoning module ProjectLauncher (368)
[2018.10.19-07.55.24:283][956]LogModuleManager: Shutting down and abandoning module SessionFrontend (366)
[2018.10.19-07.55.24:295][956]LogModuleManager: Shutting down and abandoning module ProfilerClient (364)
[2018.10.19-07.55.24:322][956]LogModuleManager: Shutting down and abandoning module DeviceManager (362)
[2018.10.19-07.55.24:359][956]LogModuleManager: Shutting down and abandoning module TargetDeviceServices (361)
[2018.10.19-07.55.24:413][956]LogModuleManager: Shutting down and abandoning module AutomationController (358)
[2018.10.19-07.55.24:430][956]LogModuleManager: Shutting down and abandoning module AutomationWindow (356)
[2018.10.19-07.55.24:475][956]LogModuleManager: Shutting down and abandoning module Layers (354)
[2018.10.19-07.55.24:502][956]LogModuleManager: Shutting down and abandoning module ComponentVisualizers (352)
[2018.10.19-07.55.24:502][956]LogModuleManager: Shutting down and abandoning module DetailCustomizations (350)
[2018.10.19-07.55.24:542][956]LogModuleManager: Shutting down and abandoning module PackagesDialog (348)
[2018.10.19-07.55.24:581][956]LogModuleManager: Shutting down and abandoning module Persona (346)
[2018.10.19-07.55.24:691][956]LogModuleManager: Shutting down and abandoning module AnimGraph (345)
[2018.10.19-07.55.24:691][956]LogModuleManager: Shutting down and abandoning module Kismet (342)
[2018.10.19-07.55.24:736][956]LogModuleManager: Shutting down and abandoning module GraphEditor (340)
[2018.10.19-07.55.24:903][956]LogModuleManager: Shutting down and abandoning module ClassViewer (338)
[2018.10.19-07.55.24:903][956]LogModuleManager: Shutting down and abandoning module Toolbox (336)
[2018.10.19-07.55.24:920][956]LogModuleManager: Shutting down and abandoning module ModuleUI (334)
[2018.10.19-07.55.24:945][956]LogModuleManager: Shutting down and abandoning module MovieSceneTools (332)
[2018.10.19-07.55.25:018][956]LogModuleManager: Shutting down and abandoning module OutputLog (330)
[2018.10.19-07.55.25:028][956]LogModuleManager: Shutting down and abandoning module GammaUI (328)
[2018.10.19-07.55.25:037][956]LogModuleManager: Shutting down and abandoning module Documentation (326)
[2018.10.19-07.55.25:037][956]LogModuleManager: Shutting down and abandoning module Niagara (324)
[2018.10.19-07.55.25:037][956]LogModuleManager: Shutting down and abandoning module StreamingPauseRendering (322)
[2018.10.19-07.55.25:037][956]LogModuleManager: Shutting down and abandoning module AnalyticsET (320)
[2018.10.19-07.55.25:037][956]LogModuleManager: Shutting down and abandoning module PortalServices (318)
[2018.10.19-07.55.25:037][956]LogModuleManager: Shutting down and abandoning module PortalRpc (316)
[2018.10.19-07.55.25:037][956]LogModuleManager: Shutting down and abandoning module MessagingRpc (314)
[2018.10.19-07.55.25:037][956]LogModuleManager: Shutting down and abandoning module AIModule (312)
[2018.10.19-07.55.25:037][956]LogModuleManager: Shutting down and abandoning module GameplayDebugger (311)
[2018.10.19-07.55.25:037][956]LogModuleManager: Shutting down and abandoning module AITestSuite (309)
[2018.10.19-07.55.25:037][956]LogModuleManager: Shutting down and abandoning module ProfilerService (306)
[2018.10.19-07.55.25:134][956]LogModuleManager: Shutting down and abandoning module TaskGraph (304)
[2018.10.19-07.55.25:165][956]LogModuleManager: Shutting down and abandoning module SteamVRController (302)
[2018.10.19-07.55.25:165][956]LogModuleManager: Shutting down and abandoning module SteamVR (300)
[2018.10.19-07.55.25:165][956]LogModuleManager: Shutting down and abandoning module ProceduralMeshComponentEditor (298)
[2018.10.19-07.55.25:165][956]LogModuleManager: Shutting down and abandoning module ProceduralMeshComponent (296)
[2018.10.19-07.55.25:172][956]LogModuleManager: Shutting down and abandoning module OculusLibrary (294)
[2018.10.19-07.55.25:172][956]LogModuleManager: Shutting down and abandoning module OculusInput (292)
[2018.10.19-07.55.25:172][956]LogModuleManager: Shutting down and abandoning module MobilePatchingUtils (290)
[2018.10.19-07.55.25:172][956]LogModuleManager: Shutting down and abandoning module CustomMeshComponent (288)
[2018.10.19-07.55.25:172][956]LogModuleManager: Shutting down and abandoning module CableComponent (286)
[2018.10.19-07.55.25:181][956]LogModuleManager: Shutting down and abandoning module ArchVisCharacter (284)
[2018.10.19-07.55.25:181][956]LogModuleManager: Shutting down and abandoning module MediaPlayerEditor (280)
[2018.10.19-07.55.25:266][956]LogModuleManager: Shutting down and abandoning module HTML5Networking (278)
[2018.10.19-07.55.25:266][956]LogModuleManager: Shutting down and abandoning module AlembicImporter (276)
[2018.10.19-07.55.25:273][956]LogModuleManager: Shutting down and abandoning module AlembicLibrary (275)
[2018.10.19-07.55.25:274][956]LogModuleManager: Shutting down and abandoning module GeometryCache (274)
[2018.10.19-07.55.25:283][956]LogModuleManager: Shutting down and abandoning module GeometryCacheEd (273)
[2018.10.19-07.55.25:283][956]LogModuleManager: Shutting down and abandoning module SuperSearchEditor (268)
[2018.10.19-07.55.25:283][956]LogModuleManager: Shutting down and abandoning module SuperSearch (267)
[2018.10.19-07.55.25:283][956]LogModuleManager: Shutting down and abandoning module SpeedTreeImporter (264)
[2018.10.19-07.55.25:283][956]LogModuleManager: Shutting down and abandoning module PluginBrowser (262)
[2018.10.19-07.55.25:358][956]LogModuleManager: Shutting down and abandoning module MobileLauncherProfileWizard (260)
[2018.10.19-07.55.25:384][956]LogModuleManager: Shutting down and abandoning module EpicSurvey (258)
[2018.10.19-07.55.25:384][956]LogModuleManager: Shutting down and abandoning module VisualStudioSourceCodeAccess (256)
[2018.10.19-07.55.25:384][956]LogModuleManager: Shutting down and abandoning module DesktopPlatform (255)
[2018.10.19-07.55.25:384][956]LogModuleManager: Shutting down and abandoning module UObjectPlugin (252)
[2018.10.19-07.55.25:384][956]LogModuleManager: Shutting down and abandoning module SubversionSourceControl (250)
[2018.10.19-07.55.25:393][956]LogModuleManager: Shutting down and abandoning module PerforceSourceControl (248)
[2018.10.19-07.55.25:418][956]LogModuleManager: Shutting down and abandoning module GitSourceControl (246)
[2018.10.19-07.55.25:430][956]LogModuleManager: Shutting down and abandoning module SourceControl (245)
[2018.10.19-07.55.25:438][956]LogModuleManager: Shutting down and abandoning module LightPropagationVolumeEditor (242)
[2018.10.19-07.55.25:438][956]LogModuleManager: Shutting down and abandoning module PaperTiledImporter (240)
[2018.10.19-07.55.25:438][956]LogModuleManager: Shutting down and abandoning module PaperSpriteSheetImporter (238)
[2018.10.19-07.55.25:438][956]LogModuleManager: Shutting down and abandoning module Paper2DEditor (236)
[2018.10.19-07.55.25:457][956]LogModuleManager: Shutting down and abandoning module MeshPaint (235)
[2018.10.19-07.55.25:475][956]LogModuleManager: Shutting down and abandoning module LevelEditor (233)
[2018.10.19-07.55.25:495][956]LogModuleManager: Shutting down and abandoning module PixelInspectorModule (232)
[2018.10.19-07.55.25:555][956]LogModuleManager: Shutting down and abandoning module MainFrame (230)
[2018.10.19-07.55.25:555][956]LogModuleManager: Shutting down and abandoning module HotReload (229)
[2018.10.19-07.55.25:582][956]LogModuleManager: Shutting down and abandoning module ContentBrowser (225)
[2018.10.19-07.55.25:584][956]LogModuleManager: Shutting down and abandoning module PhysXVehiclesEditor (222)
[2018.10.19-07.55.25:605][956]LogModuleManager: Shutting down and abandoning module PhysXVehicles (220)
[2018.10.19-07.55.25:605][956]LogModuleManager: Shutting down and abandoning module LocationServicesBPLibrary (218)
[2018.10.19-07.55.25:605][956]LogModuleManager: Shutting down and abandoning module UdpMessaging (216)
[2018.10.19-07.55.25:706][956]LogModuleManager: Shutting down and abandoning module TcpMessaging (214)
[2018.10.19-07.55.25:824][956]LogModuleManager: Shutting down and abandoning module GameplayTagsEditor (212)
[2018.10.19-07.55.25:870][956]LogModuleManager: Shutting down and abandoning module FacialAnimationEditor (210)
[2018.10.19-07.55.25:892][956]LogModuleManager: Shutting down and abandoning module FacialAnimation (208)
[2018.10.19-07.55.25:892][956]LogModuleManager: Shutting down and abandoning module LightPropagationVolumeRuntime (206)
[2018.10.19-07.55.25:892][956]LogModuleManager: Shutting down and abandoning module Paper2D (204)
[2018.10.19-07.55.25:905][956]LogModuleManager: Shutting down and abandoning module WindowsMoviePlayer (202)
[2018.10.19-07.55.25:917][956]LogModuleManager: Shutting down and abandoning module WmfMedia (200)
[2018.10.19-07.55.25:938][956]LogModuleManager: Shutting down and abandoning module MfMedia (198)
[2018.10.19-07.55.25:938][956]LogModuleManager: Shutting down and abandoning module MediaAssets (196)
[2018.10.19-07.55.25:938][956]LogModuleManager: Shutting down and abandoning module GameLiveStreaming (194)
[2018.10.19-07.55.25:938][956]LogModuleManager: Shutting down and abandoning module VREditor (192)
[2018.10.19-07.55.25:938][956]LogModuleManager: Shutting down and abandoning module GameplayTasksEditor (190)
[2018.10.19-07.55.25:938][956]LogModuleManager: Shutting down and abandoning module BehaviorTreeEditor (188)
[2018.10.19-07.55.25:973][956]LogModuleManager: Shutting down and abandoning module FunctionalTesting (186)
[2018.10.19-07.55.25:985][956]LogModuleManager: Shutting down and abandoning module CollisionAnalyzer (184)
[2018.10.19-07.55.25:994][956]LogModuleManager: Shutting down and abandoning module UMG (182)
[2018.10.19-07.55.26:020][956]LogModuleManager: Shutting down and abandoning module UMGEditor (181)
[2018.10.19-07.55.26:063][956]LogModuleManager: Shutting down and abandoning module Sequencer (180)
[2018.10.19-07.55.26:081][956]LogModuleManager: Shutting down and abandoning module AssetTools (178)
[2018.10.19-07.55.26:137][956]LogModuleManager: Shutting down and abandoning module MessageLog (177)
[2018.10.19-07.55.26:151][956]LogModuleManager: Shutting down and abandoning module WorkspaceMenuStructure (176)
[2018.10.19-07.55.26:151][956]LogModuleManager: Shutting down and abandoning module SlateReflector (170)
[2018.10.19-07.55.26:176][956]LogModuleManager: Shutting down and abandoning module Slate (168)
[2018.10.19-07.55.26:176][956]LogModuleManager: Shutting down and abandoning module EditorStyle (166)
[2018.10.19-07.55.26:185][956]LogModuleManager: Shutting down and abandoning module SourceCodeAccess (164)
[2018.10.19-07.55.26:211][956]LogModuleManager: Shutting down and abandoning module HeadMountedDisplay (162)
[2018.10.19-07.55.26:211][956]LogModuleManager: Shutting down and abandoning module XAudio2 (160)
[2018.10.19-07.55.26:212][956]LogModuleManager: Shutting down and abandoning module Networking (158)
[2018.10.19-07.55.26:212][956]LogModuleManager: Shutting down and abandoning module Core (154)
[2018.10.19-07.55.26:212][956]LogModuleManager: Shutting down and abandoning module AssetRegistry (152)
[2018.10.19-07.55.26:453][956]LogDirectoryWatcher: A directory notification for '../../../Engine/Content/' was aborted.
[2018.10.19-07.55.26:453][956]LogDirectoryWatcher: A directory notification for '../../../../../../Users/HP/Documents/Unreal Projects/fps/Content/' was aborted.
[2018.10.19-07.55.26:453][956]LogDirectoryWatcher: A directory notification for '../../../Engine/Plugins/2D/Paper2D/Content/' was aborted.
[2018.10.19-07.55.26:464][956]LogModuleManager: Shutting down and abandoning module DirectoryWatcher (151)
[2018.10.19-07.55.26:465][956]LogModuleManager: Shutting down and abandoning module KismetCompiler (148)
[2018.10.19-07.55.26:465][956]LogModuleManager: Shutting down and abandoning module PhysXFormats (146)
[2018.10.19-07.55.26:465][956]LogModuleManager: Shutting down and abandoning module MeshUtilities (144)
[2018.10.19-07.55.26:500][956]LogModuleManager: Shutting down and abandoning module SimplygonSwarm (143)
[2018.10.19-07.55.26:518][956]LogModuleManager: Shutting down and abandoning module SimplygonMeshReduction (141)
[2018.10.19-07.55.26:518][956]LogModuleManager: Shutting down and abandoning module QuadricMeshReduction (139)
[2018.10.19-07.55.26:529][956]LogModuleManager: Shutting down and abandoning module PropertyEditor (137)
[2018.10.19-07.55.26:560][956]LogModuleManager: Shutting down and abandoning module DerivedDataCache (134)
[2018.10.19-07.55.26:648][956]LogDerivedDataCache: Shutdown
[2018.10.19-07.55.26:648][956]LogModuleManager: Shutting down and abandoning module TargetPlatform (132)
[2018.10.19-07.55.26:648][956]LogModuleManager: Shutting down and abandoning module VulkanShaderFormat (131)
[2018.10.19-07.55.26:789][956]LogModuleManager: Shutting down and abandoning module ShaderFormatOpenGL (129)
[2018.10.19-07.55.26:800][956]LogModuleManager: Shutting down and abandoning module ShaderFormatD3D (127)
[2018.10.19-07.55.26:800][956]LogModuleManager: Shutting down and abandoning module MetalShaderFormat (125)
[2018.10.19-07.55.26:814][956]LogModuleManager: Shutting down and abandoning module TextureFormatUncompressed (123)
[2018.10.19-07.55.26:814][956]LogModuleManager: Shutting down and abandoning module TextureFormatPVR (121)
[2018.10.19-07.55.26:814][956]LogModuleManager: Shutting down and abandoning module TextureFormatDXT (119)
[2018.10.19-07.55.26:814][956]LogModuleManager: Shutting down and abandoning module TextureFormatIntelISPCTexComp (117)
[2018.10.19-07.55.26:840][956]LogModuleManager: Shutting down and abandoning module TextureFormatASTC (115)
[2018.10.19-07.55.26:840][956]LogModuleManager: Shutting down and abandoning module ImageWrapper (114)
[2018.10.19-07.55.26:840][956]LogModuleManager: Shutting down and abandoning module TextureFormatAndroid (111)
[2018.10.19-07.55.26:840][956]LogModuleManager: Shutting down and abandoning module AudioFormatOpus (109)
[2018.10.19-07.55.26:855][956]LogModuleManager: Shutting down and abandoning module AudioFormatOgg (107)
[2018.10.19-07.55.26:855][956]LogModuleManager: Shutting down and abandoning module AudioFormatADPCM (105)
[2018.10.19-07.55.26:855][956]LogModuleManager: Shutting down and abandoning module LinuxTargetPlatform (103)
[2018.10.19-07.55.26:855][956]LogModuleManager: Shutting down and abandoning module LinuxServerTargetPlatform (101)
[2018.10.19-07.55.26:855][956]LogModuleManager: Shutting down and abandoning module LinuxNoEditorTargetPlatform (99)
[2018.10.19-07.55.26:855][956]LogModuleManager: Shutting down and abandoning module LinuxClientTargetPlatform (97)
[2018.10.19-07.55.26:855][956]LogModuleManager: Shutting down and abandoning module TVOSTargetPlatform (95)
[2018.10.19-07.55.26:855][956]LogModuleManager: Shutting down and abandoning module Messaging (93)
[2018.10.19-07.55.26:855][956]LogModuleManager: Shutting down and abandoning module IOSTargetPlatform (91)
[2018.10.19-07.55.26:855][956]LogModuleManager: Shutting down and abandoning module HTML5TargetPlatform (89)
[2018.10.19-07.55.26:855][956]LogModuleManager: Shutting down and abandoning module Android_PVRTCTargetPlatform (87)
[2018.10.19-07.55.26:855][956]LogModuleManager: Shutting down and abandoning module Android_MultiTargetPlatform (85)
[2018.10.19-07.55.26:855][956]LogModuleManager: Shutting down and abandoning module Android_ETC2TargetPlatform (83)
[2018.10.19-07.55.26:855][956]LogModuleManager: Shutting down and abandoning module Android_ETC1TargetPlatform (81)
[2018.10.19-07.55.26:855][956]LogModuleManager: Shutting down and abandoning module Android_DXTTargetPlatform (79)
[2018.10.19-07.55.26:855][956]LogModuleManager: Shutting down and abandoning module Android_ATCTargetPlatform (77)
[2018.10.19-07.55.26:855][956]LogModuleManager: Shutting down and abandoning module Android_ASTCTargetPlatform (75)
[2018.10.19-07.55.26:855][956]LogModuleManager: Shutting down and abandoning module AndroidTargetPlatform (73)
[2018.10.19-07.55.26:855][956]LogModuleManager: Shutting down and abandoning module WindowsTargetPlatform (71)
[2018.10.19-07.55.26:855][956]LogModuleManager: Shutting down and abandoning module WindowsServerTargetPlatform (69)
[2018.10.19-07.55.26:855][956]LogModuleManager: Shutting down and abandoning module WindowsNoEditorTargetPlatform (67)
[2018.10.19-07.55.26:855][956]LogModuleManager: Shutting down and abandoning module WindowsClientTargetPlatform (65)
[2018.10.19-07.55.26:855][956]LogModuleManager: Shutting down and abandoning module MacTargetPlatform (63)
[2018.10.19-07.55.26:855][956]LogModuleManager: Shutting down and abandoning module MacServerTargetPlatform (61)
[2018.10.19-07.55.26:856][956]LogModuleManager: Shutting down and abandoning module MacNoEditorTargetPlatform (59)
[2018.10.19-07.55.26:856][956]LogModuleManager: Shutting down and abandoning module MacClientTargetPlatform (57)
[2018.10.19-07.55.26:856][956]LogModuleManager: Shutting down and abandoning module AllDesktopTargetPlatform (55)
[2018.10.19-07.55.26:856][956]LogModuleManager: Shutting down and abandoning module InputCore (52)
[2018.10.19-07.55.26:856][956]LogModuleManager: Shutting down and abandoning module Settings (50)
[2018.10.19-07.55.26:856][956]LogModuleManager: Shutting down and abandoning module OculusRift (48)
[2018.10.19-07.55.26:867][956]LogModuleManager: Shutting down and abandoning module GearVR (46)
[2018.10.19-07.55.26:867][956]LogModuleManager: Shutting down and abandoning module ExampleDeviceProfileSelector (44)
[2018.10.19-07.55.26:867][956]LogModuleManager: Shutting down and abandoning module OnlineBlueprintSupport (42)
[2018.10.19-07.55.26:867][956]LogModuleManager: Shutting down and abandoning module OnlineSubsystem (38)
[2018.10.19-07.55.26:867][956]LogOnline:Display: Unloading online subsystem: NULL
[2018.10.19-07.55.26:890][956]LogModuleManager: Shutting down and abandoning module XMPP (37)
[2018.10.19-07.55.26:909][956]LogModuleManager: Shutting down and abandoning module HTTP (35)
[2018.10.19-07.55.26:917][956]LogHttp:Display: Http module shutting down, but needs to wait on 1 outstanding Http requests:
[2018.10.19-07.55.26:917][956]LogHttp:Display: 	verb=[POST] url=[https://datarouter.ol.epicgames.com/datarouter/api/v1/public/data?SessionID=%7B83C90948-4B30-9A9D-3AC9-CF862EA36BCE%7D&AppID=UEEditor.Rocket.Release&AppVersion=4.15.2-3416026%2B%2B%2BUE4%2BRelease-4.15&UserID=1b410e7c418ce58e9086538397e03c48%7C5d96f941d03a4f0e80af3389d5abcf6c%7C11cb3bca-93fb-49a4-9cd0-93aaf9e061bd&AppEnvironment=datacollector-binary&UploadType=eteventstream] status=Processing
[2018.10.19-07.55.26:938][956]LogModuleManager: Shutting down and abandoning module SSL (34)
[2018.10.19-07.55.26:942][956]LogModuleManager: Shutting down and abandoning module AudioEditor (30)
[2018.10.19-07.55.26:981][956]LogModuleManager: Shutting down and abandoning module TextureCompressor (28)
[2018.10.19-07.55.27:005][956]LogModuleManager: Shutting down and abandoning module ShaderCore (26)
[2018.10.19-07.55.27:005][956]LogModuleManager: Shutting down and abandoning module Landscape (24)
[2018.10.19-07.55.27:005][956]LogModuleManager: Shutting down and abandoning module SlateRHIRenderer (22)
[2018.10.19-07.55.27:113][956]LogModuleManager: Shutting down and abandoning module OpenGLDrv (20)
[2018.10.19-07.55.27:127][956]LogModuleManager: Shutting down and abandoning module D3D11RHI (18)
[2018.10.19-07.55.27:127][956]LogModuleManager: Shutting down and abandoning module AnimGraphRuntime (16)
[2018.10.19-07.55.27:137][956]LogModuleManager: Shutting down and abandoning module Renderer (14)
[2018.10.19-07.55.27:137][956]LogModuleManager: Shutting down and abandoning module Engine (12)
[2018.10.19-07.55.27:137][956]LogModuleManager: Shutting down and abandoning module CoreUObject (10)
[2018.10.19-07.55.27:137][956]LogModuleManager: Shutting down and abandoning module NetworkFile (8)
[2018.10.19-07.55.27:138][956]LogModuleManager: Shutting down and abandoning module StreamingFile (6)
[2018.10.19-07.55.27:138][956]LogModuleManager: Shutting down and abandoning module SandboxFile (4)
[2018.10.19-07.55.27:138][956]LogModuleManager: Shutting down and abandoning module PakFile (2)
[2018.10.19-07.55.27:164][956]LogExit: Exiting.
[2018.10.19-07.55.27:167][956]Log file closed, 10/19/18 00:55:27
