Log file open, 10/19/18 19:59:02
LogInit:Display: Running engine for game: fps
LogPlatformFile: Not using cached read wrapper
LogInit:Display: RandInit(833452002) SRandInit(833452002).
LogTaskGraph: Started task graph with 5 named threads and 6 total threads with 1 sets of task threads.
LogStats: Stats thread started at 0.081510
LogInit: Using libcurl 7.47.1
LogInit:  - built for x86_64-pc-win32
LogInit:  - supports SSL with OpenSSL/1.0.2g
LogInit:  - supports HTTP deflate (compression) using libz 1.2.8
LogInit:  - other features:
LogInit:      CURL_VERSION_SSL
LogInit:      CURL_VERSION_LIBZ
LogInit:      CURL_VERSION_IPV6
LogInit:      CURL_VERSION_ASYNCHDNS
LogInit:      CURL_VERSION_LARGEFILE
LogInit:      CURL_VERSION_IDN
LogInit:  CurlRequestOptions (configurable via config and command line):
LogInit:  - bVerifyPeer = false  - Libcurl will NOT verify peer certificate
LogInit:  - bUseHttpProxy = false  - Libcurl will NOT use HTTP proxy
LogInit:  - bDontReuseConnections = false  - Libcurl will reuse connections
LogInit:  - CertBundlePath = nullptr  - Libcurl will use whatever was configured at build time.
LogInit: Build: ++UE4+Release-4.15-CL-3416026
LogInit: Engine Version: 4.15.2-3416026+++UE4+Release-4.15
LogInit: Compatible Engine Version: 4.15.0-3299760+++UE4+Release-4.15
LogInit: Net CL: 3299760
LogDevObjectVersion: Number of dev versions registered: 14
LogDevObjectVersion:   Dev-Blueprints (B0D832E4-1F89-4F0D-ACCF-7EB736FD4AA2): 8
LogDevObjectVersion:   Dev-Build (E1C64328-A22C-4D53-A36C-8E866417BD8C): 0
LogDevObjectVersion:   Dev-Core (375EC13C-06E4-48FB-B500-84F0262A717E): 2
LogDevObjectVersion:   Dev-Editor (E4B068ED-F494-42E9-A231-DA0B2E46BB41): 14
LogDevObjectVersion:   Dev-Framework (CFFC743F-43B0-4480-9391-14DF171D2073): 22
LogDevObjectVersion:   Dev-Mobile (B02B49B5-BB20-44E9-A304-32B752E40360): 0
LogDevObjectVersion:   Dev-Networking (A4E4105C-59A1-49B5-A7C5-40C4547EDFEE): 0
LogDevObjectVersion:   Dev-Online (39C831C9-5AE6-47DC-9A44-9C173E1C8E7C): 0
LogDevObjectVersion:   Dev-Physics (78F01B33-EBEA-4F98-B9B4-84EACCB95AA2): 0
LogDevObjectVersion:   Dev-Platform (6631380F-2D4D-43E0-8009-CF276956A95A): 0
LogDevObjectVersion:   Dev-Rendering (12F88B9F-8875-4AFC-A67C-D90C383ABD29): 12
LogDevObjectVersion:   Dev-Sequencer (7B5AE74C-D270-4C10-A958-57980B212A5A): 3
LogDevObjectVersion:   Dev-VR (D7296918-1DD6-4BDD-9DE2-64A83CC13884): 0
LogDevObjectVersion:   Dev-LoadTimes (C2A15278-BFE7-4AFE-6C17-90FF531DF755): 1
LogInit: Compiled (64-bit): May  1 2017 13:11:28
LogInit: Compiled with Visual C++: 19.00.23026.00
LogInit: Build Configuration: Development
LogInit: Branch Name: ++UE4+Release-4.15
LogInit: Command line:  
LogInit: Base directory: C:/Program Files/Epic Games/UE_4.15/Engine/Binaries/Win64/
LogInit: Installed Engine Build: 1
LogInit: Presizing for max 8388607 objects, including 0 objects not considered by GC, pre-allocating 0 bytes for permanent pool.
LogInit: Object subsystem initialized
[2018.10.20-02.59.04:339][  0]LogInit: Selected Device Profile: [Windows]
[2018.10.20-02.59.04:339][  0]LogInit: Applying CVar settings loaded from the selected device profile: [Windows]
[2018.10.20-02.59.04:387][  0]LogInit: Computer: DESKTOP-B3GUKJU
[2018.10.20-02.59.04:387][  0]LogInit: User: HP
[2018.10.20-02.59.04:387][  0]LogInit: CPU Page size=65536, Cores=2
[2018.10.20-02.59.04:387][  0]LogInit: High frequency timer resolution =1.851181 MHz
[2018.10.20-02.59.04:388][  0]LogMemory: Memory total: Physical=5.9GB (6GB approx)
[2018.10.20-02.59.04:388][  0]LogMemory: Platform Memory Stats for Windows
[2018.10.20-02.59.04:388][  0]LogMemory: Process Physical Memory: 262.69 MB used, 262.69 MB peak
[2018.10.20-02.59.04:388][  0]LogMemory: Process Virtual Memory: 261.99 MB used, 261.99 MB peak
[2018.10.20-02.59.04:388][  0]LogMemory: Physical Memory: 3376.75 MB used,  2697.40 MB free, 6074.15 MB total
[2018.10.20-02.59.04:388][  0]LogMemory: Virtual Memory: 681.10 MB used,  2697.40 MB free, 134217728.00 MB total
[2018.10.20-02.59.04:541][  0]LogTextLocalizationManager: No specific translations for ('en-US') exist, so ('en') translations will be used.
[2018.10.20-02.59.06:070][  0]LogD3D11RHI: D3D11 adapters:
[2018.10.20-02.59.06:081][  0]LogD3D11RHI:    0. 'Intel(R) HD Graphics Family' (Feature Level 11_0)
[2018.10.20-02.59.06:081][  0]LogD3D11RHI:       112/0/2048 MB DedicatedVideo/DedicatedSystem/SharedSystem, Outputs:1, VendorId:0x8086
[2018.10.20-02.59.06:084][  0]LogD3D11RHI:    1. 'Microsoft Basic Render Driver' (Feature Level 11_0)
[2018.10.20-02.59.06:084][  0]LogD3D11RHI:       0/0/3037 MB DedicatedVideo/DedicatedSystem/SharedSystem, Outputs:0, VendorId:0x1414
[2018.10.20-02.59.06:084][  0]LogD3D11RHI: Chosen D3D11 Adapter: 0
[2018.10.20-02.59.06:093][  0]LogD3D11RHI: Creating new Direct3DDevice
[2018.10.20-02.59.06:093][  0]LogD3D11RHI:     GPU DeviceId: 0xa16 (for the marketing name, search the web for "GPU Device Id")
[2018.10.20-02.59.06:093][  0]LogWindows: EnumDisplayDevices:
[2018.10.20-02.59.06:093][  0]LogWindows:    0. 'Intel(R) HD Graphics Family' (P:1 D:1)
[2018.10.20-02.59.06:093][  0]LogWindows:    1. 'Intel(R) HD Graphics Family' (P:0 D:0)
[2018.10.20-02.59.06:094][  0]LogWindows:    2. 'Intel(R) HD Graphics Family' (P:0 D:0)
[2018.10.20-02.59.06:094][  0]LogWindows: DebugString: GetVideoDriverDetailsInvalid PrimaryIsNotTheChoosenAdapter GetVideoDriverDetailsInvalid PrimaryIsNotTheChoosenAdapter GetVideoDriverDetailsInvalid PrimaryIsNotTheChoosenAdapter FoundDriverCount:0 
[2018.10.20-02.59.06:094][  0]LogD3D11RHI:     Adapter Name: Intel(R) HD Graphics Family
[2018.10.20-02.59.06:094][  0]LogD3D11RHI:   Driver Version: Unknown (internal:Unknown, unified:Unknown)
[2018.10.20-02.59.06:094][  0]LogD3D11RHI:      Driver Date: Unknown
[2018.10.20-02.59.06:094][  0]LogRHI: Texture pool is 795 MB (70% of 1136 MB)
[2018.10.20-02.59.06:100][  0]LogD3D11RHI: Async texture creation enabled
[2018.10.20-02.59.06:109][  0]LogD3D11RHI: GPU Timing Frequency: 12.500000 (Debug: 2 0)
[2018.10.20-02.59.06:110][  0]LogShaderCompilers: Guid format shader working directory is -13 characters bigger than the processId version (../../../../../../Users/HP/Documents/Unreal Projects/fps/Intermediate/Shaders/WorkingDirectory/6316/).
[2018.10.20-02.59.06:110][  0]LogShaderCompilers: Cleaned the shader compiler working directory 'C:/Users/HP/AppData/Local/Temp/UnrealShaderWorkingDir/A293C411407EA5CED47C6C9C65E759E3/'.
[2018.10.20-02.59.06:110][  0]LogShaderCompilers:Display: Using Local Shader Compiler.
[2018.10.20-02.59.11:009][  0]LogTemp:Display: Loaded TP AllDesktopTargetPlatform
[2018.10.20-02.59.11:124][  0]LogTemp:Display: Loaded TP MacClientTargetPlatform
[2018.10.20-02.59.11:240][  0]LogTemp:Display: Loaded TP MacNoEditorTargetPlatform
[2018.10.20-02.59.11:358][  0]LogTemp:Display: Loaded TP MacServerTargetPlatform
[2018.10.20-02.59.11:538][  0]LogTemp:Display: Loaded TP MacTargetPlatform
[2018.10.20-02.59.11:670][  0]LogTemp:Display: Loaded TP WindowsClientTargetPlatform
[2018.10.20-02.59.11:784][  0]LogTemp:Display: Loaded TP WindowsNoEditorTargetPlatform
[2018.10.20-02.59.11:893][  0]LogTemp:Display: Loaded TP WindowsServerTargetPlatform
[2018.10.20-02.59.11:988][  0]LogTemp:Display: Loaded TP WindowsTargetPlatform
[2018.10.20-02.59.12:127][  0]LogTemp:Display: Loaded TP AndroidTargetPlatform
[2018.10.20-02.59.12:238][  0]LogTemp:Display: Loaded TP Android_ASTCTargetPlatform
[2018.10.20-02.59.12:347][  0]LogTemp:Display: Loaded TP Android_ATCTargetPlatform
[2018.10.20-02.59.12:457][  0]LogTemp:Display: Loaded TP Android_DXTTargetPlatform
[2018.10.20-02.59.12:587][  0]LogTemp:Display: Loaded TP Android_ETC1TargetPlatform
[2018.10.20-02.59.12:710][  0]LogTemp:Display: Loaded TP Android_ETC2TargetPlatform
[2018.10.20-02.59.12:949][  0]LogTemp:Display: Loaded TP Android_MultiTargetPlatform
[2018.10.20-02.59.12:949][  0]LogTemp:Display: Loaded TP Android_PVRTCTargetPlatform
[2018.10.20-02.59.13:030][  0]LogTemp:Display: Loaded TP HTML5TargetPlatform
[2018.10.20-02.59.13:244][  0]LogTemp:Display: Loaded TP IOSTargetPlatform
[2018.10.20-02.59.13:314][  0]LogTemp:Display: Loaded TP TVOSTargetPlatform
[2018.10.20-02.59.13:425][  0]LogTemp:Display: Loaded TP LinuxClientTargetPlatform
[2018.10.20-02.59.13:534][  0]LogTemp:Display: Loaded TP LinuxNoEditorTargetPlatform
[2018.10.20-02.59.13:677][  0]LogTemp:Display: Loaded TP LinuxServerTargetPlatform
[2018.10.20-02.59.13:832][  0]LogTemp:Display: Loaded TP LinuxTargetPlatform
[2018.10.20-02.59.13:833][  0]LogTargetPlatformManager:Display: Building Assets For Windows
[2018.10.20-02.59.14:872][  0]LogDerivedDataCache:Display: Max Cache Size: 512 MB
[2018.10.20-02.59.15:520][  0]LogDerivedDataCache: Loaded boot cache 0.65s 50MB C:/Users/HP/AppData/Local/UnrealEngine/4.15/DerivedDataCache/Boot.ddc.
[2018.10.20-02.59.15:520][  0]LogDerivedDataCache:Display: Loaded Boot cache: C:/Users/HP/AppData/Local/UnrealEngine/4.15/DerivedDataCache/Boot.ddc
[2018.10.20-02.59.15:521][  0]LogDerivedDataCache: FDerivedDataBackendGraph:  Pak pak cache file ../../../../../../Users/HP/Documents/Unreal Projects/fps/DerivedDataCache/DDC.ddp not found, will not use a pak cache.
[2018.10.20-02.59.15:521][  0]LogDerivedDataCache: Unable to find inner node Pak for hierarchical cache Hierarchy.
[2018.10.20-02.59.15:521][  0]LogDerivedDataCache: FDerivedDataBackendGraph:  CompressedPak pak cache file ../../../../../../Users/HP/Documents/Unreal Projects/fps/DerivedDataCache/Compressed.ddp not found, will not use a pak cache.
[2018.10.20-02.59.15:521][  0]LogDerivedDataCache: Unable to find inner node CompressedPak for hierarchical cache Hierarchy.
[2018.10.20-02.59.15:566][  0]LogDerivedDataCache:Display: Pak cache opened for reading ../../../Engine/DerivedDataCache/Compressed.ddp.
[2018.10.20-02.59.15:579][  0]LogDerivedDataCache: Using Local data cache path C:/Users/HP/AppData/Local/UnrealEngine/Common/DerivedDataCache: Writable
[2018.10.20-02.59.15:596][  0]LogSlate: Using Freetype 2.6.0
[2018.10.20-02.59.15:675][  0]LogSlate: SlateFontCache - WITH_FREETYPE: 1, WITH_HARFBUZZ: 1
[2018.10.20-02.59.15:675][  0]LogSlate: SlateFontCache - WITH_FREETYPE: 1, WITH_HARFBUZZ: 1
[2018.10.20-02.59.17:778][  0]LogInit: Selected Device Profile: [Windows]
[2018.10.20-02.59.17:783][  0]LogContentStreaming: Texture pool size is 0.00 MB
[2018.10.20-02.59.18:252][  0]LogMeshUtilities: Using QuadricMeshReduction for automatic static mesh reduction
[2018.10.20-02.59.18:349][  0]LogSimplygon: Simplygon DLL not present - disabling.
[2018.10.20-02.59.18:444][  0]LogMeshUtilities: Using SimplygonSwarm for distributed automatic mesh merging
[2018.10.20-02.59.18:444][  0]LogMeshUtilities: No automatic skeletal mesh reduction module available
[2018.10.20-02.59.18:444][  0]LogMeshUtilities: No automatic mesh merging module available
[2018.10.20-02.59.19:554][  0]LogNetVersion: GetLocalNetworkVersion: CL: 3299760, ProjectName: fps, ProjectVersion: , EngineNetworkVersion: 2, GameNetworkVersion: 0, NetworkChecksum: 227962739
[2018.10.20-02.59.19:628][  0]LogAssetRegistry: FAssetRegistry took 0.0221 seconds to start up
[2018.10.20-02.59.19:764][  0]LogPackageLocalizationCache: Processed 3 localized package path(s) for 2 prioritized culture(s) in 0.076389 seconds
[2018.10.20-02.59.19:773][  0]LogUObjectArray: 32493 objects as part of root set at end of initial load.
[2018.10.20-02.59.19:773][  0]LogUObjectAllocator: 7077024 out of 0 bytes used by permanent object pool.
[2018.10.20-02.59.19:773][  0]LogUObjectArray: CloseDisregardForGC: 0/0 objects in disregard for GC pool
[2018.10.20-02.59.19:913][  0]LogInit: WinSock: version 1.1 (2.2), MaxSocks=32767, MaxUdp=65467
[2018.10.20-02.59.44:090][  0]LogTcpMessaging: Initializing TcpMessaging bridge
[2018.10.20-02.59.44:157][  0]LogUdpMessaging: Initializing bridge on interface 0.0.0.0:0 to multicast group 230.0.0.1:6666.
[2018.10.20-02.59.45:578][  0]LogMaterial: Uniform references updated for custom material expression Custom.
[2018.10.20-02.59.46:383][  0]SourceControl: Info Source control is disabled
[2018.10.20-02.59.46:637][  0]SourceControl: Info Source control is disabled
[2018.10.20-02.59.46:745][  0]SourceControl: Info Source control is disabled
[2018.10.20-02.59.46:840][  0]SourceControl: Info Source control is disabled
[2018.10.20-02.59.49:694][  0]LogEngine: Initializing Engine...
[2018.10.20-02.59.49:695][  0]LogHMD: Failed to initialize OpenVR with code 110
[2018.10.20-02.59.49:914][  0]LogStats: UGameplayTagsManager::ConstructGameplayTagTree: Construct from data asset -  0.000 s
[2018.10.20-02.59.49:914][  0]LogStats: UGameplayTagsManager::ConstructGameplayTagTree: GameplayTagTreeChangedEvent.Broadcast -  0.000 s
[2018.10.20-02.59.50:207][  0]LogAIModule: Creating AISystem for world Untitled
[2018.10.20-02.59.50:217][  0]LogInit: XAudio2 using 'Speaker/HP (Realtek High Definition Audio)' : 2 channels at 48 kHz using 32 bits per sample (channel mask 0x3)
[2018.10.20-02.59.50:248][  0]LogInit: FAudioDevice initialized.
[2018.10.20-02.59.50:293][  0]LogDerivedDataCache: Saved boot cache 0.05s 50MB C:/Users/HP/AppData/Local/UnrealEngine/4.15/DerivedDataCache/Boot.ddc.
[2018.10.20-02.59.50:303][  0]LogInit: Texture streaming: Enabled
[2018.10.20-02.59.50:498][  0]LogEngineSessionManager: EngineSessionManager initialized
[2018.10.20-02.59.50:723][  0]LogInit: Transaction tracking system initialized
[2018.10.20-02.59.51:508][  0]BlueprintLog: New page: Editor Load
[2018.10.20-02.59.53:507][  0]LocalizationService: Info Localization service is disabled
[2018.10.20-02.59.55:251][  0]LogConsoleResponse:Display: 
[2018.10.20-02.59.55:650][  0]LogCook:Display: Max memory allowance for cook 16384mb min free memory 0mb
[2018.10.20-02.59.55:650][  0]LogCook:Display: Mobile HDR setting 1
[2018.10.20-02.59.55:968][  0]LogFileCache: Scanning file cache for directory 'C:/Users/HP/Documents/Unreal Projects/fps/Content/' took 0.04s
[2018.10.20-02.59.58:199][  0]SourceControl: Info Source control is disabled
[2018.10.20-02.59.58:199][  0]Cmd: MAP LOAD FILE="../../../../../../Users/HP/Documents/Unreal Projects/fps/Content/StarterContent/Maps/Minimal_Default.umap" TEMPLATE=0 SHOWPROGRESS=1 FEATURELEVEL=3
[2018.10.20-02.59.58:246][  0]LightingResults: New page: Lighting Build
[2018.10.20-02.59.58:329][  0]MapCheck: New page: Map Check
[2018.10.20-02.59.58:329][  0]LightingResults: New page: Lighting Build
[2018.10.20-02.59.59:746][  0]LogAIModule: Creating AISystem for world Minimal_Default
[2018.10.20-03.00.00:004][  0]LogEditorServer: Finished looking for orphan Actors (0.000 secs)
[2018.10.20-03.00.00:068][  0]Cmd: MAP CHECKDEP NOCLEARLOG
[2018.10.20-03.00.00:149][  0]MapCheck: Info Map check complete: 0 Error(s), 0 Warning(s), took 81.352ms to complete.
[2018.10.20-03.00.00:149][  0]LogFileHelpers: Loading map 'Minimal_Default' took 1.950
[2018.10.20-03.00.01:871][  0]LogCollectionManager: Loaded 0 collections in 0.002489 seconds
[2018.10.20-03.00.02:283][  0]LogFileCache: Scanning file cache for directory 'C:/Users/HP/Documents/Unreal Projects/fps/Saved/Collections/' took 0.01s
[2018.10.20-03.00.02:283][  0]LogFileCache: Scanning file cache for directory 'C:/Users/HP/Documents/Unreal Projects/fps/Content/Developers/HP/Collections/' took 0.01s
[2018.10.20-03.00.02:283][  0]LogFileCache: Scanning file cache for directory 'C:/Users/HP/Documents/Unreal Projects/fps/Content/Collections/' took 0.01s
[2018.10.20-03.00.02:283][  0]LogCollectionManager: Rebuilt the GUID cache for 0 collections in 0.000008 seconds
[2018.10.20-03.00.02:337][  0]LogContentBrowser: Native class hierarchy populated in 0.0325 seconds. Added 2245 classes and 453 folders.
[2018.10.20-03.00.02:626][  0]LogContentBrowser: Native class hierarchy updated for 'WidgetCarousel' in 0.0008 seconds. Added 0 classes and 0 folders.
[2018.10.20-03.00.04:315][  0]LogContentBrowser: Native class hierarchy updated for 'AddContentDialog' in 0.0009 seconds. Added 0 classes and 0 folders.
[2018.10.20-03.00.04:508][  0]LogContentBrowser: Native class hierarchy updated for 'SceneOutliner' in 0.0009 seconds. Added 1 classes and 2 folders.
[2018.10.20-03.00.05:384][  0]LogCrashTracker: Crashtracker disabled due to settings.
[2018.10.20-03.00.05:639][  0]LogUObjectGlobals:Warning: Failed to find object 'Class None.'
[2018.10.20-03.00.05:810][  0]LogContentBrowser: Native class hierarchy updated for 'HierarchicalLODOutliner' in 0.0009 seconds. Added 1 classes and 2 folders.
[2018.10.20-03.00.05:811][  0]LogLoad: (Engine Initialization) Total time: 65.50 seconds
[2018.10.20-03.00.05:811][  0]LogLoad: (Engine Initialization) Total Blueprint compile time: 0.19 seconds
[2018.10.20-03.00.05:811][  0]LogExternalProfiler: No external profilers were discovered.  External profiling features will not be available.
[2018.10.20-03.00.05:829][  0]LogWindowsTextInputMethodSystem:Display: IME system now deactivated.
[2018.10.20-03.00.05:830][  0]LogOcInput: OculusInput pre-init called
[2018.10.20-03.00.06:005][  0]LogContentStreaming: Texture pool size now 3000 MB
[2018.10.20-03.00.06:085][  0]LogSlate: Took 0.025607 seconds to synchronously load lazily loaded font '../../../Engine/Content/Slate/Fonts/Roboto-Regular.ttf' (155K)
[2018.10.20-03.00.06:117][  0]LogSlate: Took 0.025711 seconds to synchronously load lazily loaded font '../../../Engine/Content/Slate/Fonts/Roboto-Bold.ttf' (160K)
[2018.10.20-03.00.06:208][  0]LogSlate: Took 0.034334 seconds to synchronously load lazily loaded font '../../../Engine/Content/Editor/Slate/Fonts/FontAwesome.ttf' (139K)
[2018.10.20-03.00.07:509][  0]LogRenderer: Reallocating scene render targets to support 856x372 NumSamples 1 (Frame:2).
[2018.10.20-03.00.09:005][  0]LogSlate: Took 0.016199 seconds to synchronously load lazily loaded font '../../../Engine/Content/Slate/Fonts/Roboto-Light.ttf' (159K)
[2018.10.20-03.00.09:656][  3]LogAssetRegistry: Asset discovery search completed in 50.0492 seconds
[2018.10.20-03.00.09:656][  3]LogCollectionManager: Rebuilt the object cache for 0 collections in 0.000023 seconds (found 0 objects)
[2018.10.20-03.00.09:656][  3]LogCollectionManager: Fixed up redirectors for 0 collections in 0.000075 seconds (updated 0 objects)
[2018.10.20-03.25.57:392][ 16]LogD3D11RHI: Timed out while waiting for GPU to catch up. (500 ms)
[2018.10.20-04.06.46:238][754]LogTemp: Repeting last play command: Selected Viewport
[2018.10.20-04.06.46:316][754]LogBlueprintUserMessages: Early PlayInEditor Detection: Level '/Game/StarterContent/Maps/Minimal_Default.Minimal_Default:PersistentLevel' has LevelScriptBlueprint '/Game/StarterContent/Maps/Minimal_Default.Minimal_Default:PersistentLevel.Minimal_Default' with GeneratedClass '/Game/StarterContent/Maps/Minimal_Default.Minimal_Default_C' with ClassGeneratedBy '/Game/StarterContent/Maps/Minimal_Default.Minimal_Default:PersistentLevel.Minimal_Default'
[2018.10.20-04.06.46:395][754]LogPlayLevel: PlayLevel: No blueprints needed recompiling
[2018.10.20-04.06.46:507][754]PIE: New page: PIE session: Minimal_Default (Oct 19, 2018, 2:06:46 PM)
[2018.10.20-04.06.46:546][754]LogPlayLevel: Creating play world package: /Game/StarterContent/Maps/UEDPIE_0_Minimal_Default
[2018.10.20-04.06.46:794][754]LogPlayLevel: PIE: StaticDuplicateObject took: (0.248608s)
[2018.10.20-04.06.46:796][754]LogAIModule: Creating AISystem for world Minimal_Default
[2018.10.20-04.06.46:797][754]LogPlayLevel: PIE: World Init took: (0.002918s)
[2018.10.20-04.06.46:833][754]LogPlayLevel: PIE: Created PIE world by copying editor world from /Game/StarterContent/Maps/Minimal_Default.Minimal_Default to /Game/StarterContent/Maps/UEDPIE_0_Minimal_Default.Minimal_Default (0.290985s)
[2018.10.20-04.06.47:090][754]LogInit: XAudio2 using 'Speaker/HP (Realtek High Definition Audio)' : 2 channels at 48 kHz using 32 bits per sample (channel mask 0x3)
[2018.10.20-04.06.47:132][754]LogInit: FAudioDevice initialized.
[2018.10.20-04.06.49:027][754]LogBlueprint:Warning: [Compiler ThirdPersonCharacter] Warning InputAction Event references unknown Action 'ResetVR' for  InputAction ResetVR
[2018.10.20-04.06.49:068][754]LogBlueprint:Warning: [Compiler ThirdPersonCharacter] Warning [4068.76] Compile of ThirdPersonCharacter successful, but with 1 Warning(s) [in 95 ms] (/Game/ThirdPersonBP/Blueprints/ThirdPersonCharacter.ThirdPersonCharacter)
[2018.10.20-04.06.49:069][754]LogBlueprint:Warning: [Compiler ThirdPersonCharacter] Warning [4068.76] Compile of ThirdPersonCharacter successful, but with 2 Warning(s) [in 0 ms] (/Game/ThirdPersonBP/Blueprints/ThirdPersonCharacter.ThirdPersonCharacter)
[2018.10.20-04.06.49:069][754]LogBlueprint:Warning: [Compiler ThirdPersonCharacter] Warning [4068.76] Compile of ThirdPersonCharacter successful, but with 3 Warning(s) [in 0 ms] (/Game/ThirdPersonBP/Blueprints/ThirdPersonCharacter.ThirdPersonCharacter)
[2018.10.20-04.06.49:116][754]LogBlueprint:Warning: [Compiler ThirdPersonCharacter] Warning InputAction Event references unknown Action 'ResetVR' for  InputAction ResetVR
[2018.10.20-04.06.49:123][754]LogBlueprint:Warning: [Compiler ThirdPersonCharacter] Warning [4068.81] Compile of ThirdPersonCharacter successful, but with 1 Warning(s) [in 13 ms] (/Game/ThirdPersonBP/Blueprints/ThirdPersonCharacter.ThirdPersonCharacter)
[2018.10.20-04.06.49:123][754]LogBlueprint:Warning: [Compiler ThirdPersonCharacter] Warning [4068.81] Compile of ThirdPersonCharacter successful, but with 2 Warning(s) [in 0 ms] (/Game/ThirdPersonBP/Blueprints/ThirdPersonCharacter.ThirdPersonCharacter)
[2018.10.20-04.06.49:123][754]LogBlueprint:Warning: [Compiler ThirdPersonCharacter] Warning [4068.81] Compile of ThirdPersonCharacter successful, but with 3 Warning(s) [in 0 ms] (/Game/ThirdPersonBP/Blueprints/ThirdPersonCharacter.ThirdPersonCharacter)
[2018.10.20-04.06.49:760][754]LogLoad: Game class is 'FPS_GameMode_C'
[2018.10.20-04.06.49:940][754]LogWorld: Bringing World /Game/StarterContent/Maps/UEDPIE_0_Minimal_Default.Minimal_Default up for play (max tick rate 60) at 2018.10.19-21.06.49
[2018.10.20-04.06.49:963][754]LogWorld: Bringing up level for play took: 0.039682
[2018.10.20-04.06.50:318][754]LogContentBrowser: Native class hierarchy updated for 'MovieSceneCapture' in 0.0010 seconds. Added 11 classes and 0 folders.
[2018.10.20-04.06.50:756][754]PIE: Info Play in editor start time for /Game/StarterContent/Maps/UEDPIE_0_Minimal_Default 3.722
[2018.10.20-04.06.50:757][754]LogBlueprintUserMessages: Late PlayInEditor Detection: Level '/Game/StarterContent/Maps/Minimal_Default.Minimal_Default:PersistentLevel' has LevelScriptBlueprint '/Game/StarterContent/Maps/Minimal_Default.Minimal_Default:PersistentLevel.Minimal_Default' with GeneratedClass '/Game/StarterContent/Maps/Minimal_Default.Minimal_Default_C' with ClassGeneratedBy '/Game/StarterContent/Maps/Minimal_Default.Minimal_Default:PersistentLevel.Minimal_Default'
[2018.10.20-04.07.10:089][228]LogBlueprintUserMessages: Early EndPlayMap Detection: Level '/Game/StarterContent/Maps/Minimal_Default.Minimal_Default:PersistentLevel' has LevelScriptBlueprint '/Game/StarterContent/Maps/Minimal_Default.Minimal_Default:PersistentLevel.Minimal_Default' with GeneratedClass '/Game/StarterContent/Maps/Minimal_Default.Minimal_Default_C' with ClassGeneratedBy '/Game/StarterContent/Maps/Minimal_Default.Minimal_Default:PersistentLevel.Minimal_Default'
[2018.10.20-04.07.10:275][228]LogBlueprintUserMessages: Late EndPlayMap Detection: Level '/Game/StarterContent/Maps/Minimal_Default.Minimal_Default:PersistentLevel' has LevelScriptBlueprint '/Game/StarterContent/Maps/Minimal_Default.Minimal_Default:PersistentLevel.Minimal_Default' with GeneratedClass '/Game/StarterContent/Maps/Minimal_Default.Minimal_Default_C' with ClassGeneratedBy '/Game/StarterContent/Maps/Minimal_Default.Minimal_Default:PersistentLevel.Minimal_Default'
[2018.10.20-04.09.57:656][246]LogTemp: Repeting last play command: Selected Viewport
[2018.10.20-04.09.57:680][246]LogBlueprintUserMessages: Early PlayInEditor Detection: Level '/Game/StarterContent/Maps/Minimal_Default.Minimal_Default:PersistentLevel' has LevelScriptBlueprint '/Game/StarterContent/Maps/Minimal_Default.Minimal_Default:PersistentLevel.Minimal_Default' with GeneratedClass '/Game/StarterContent/Maps/Minimal_Default.Minimal_Default_C' with ClassGeneratedBy '/Game/StarterContent/Maps/Minimal_Default.Minimal_Default:PersistentLevel.Minimal_Default'
[2018.10.20-04.09.57:680][246]LogPlayLevel: PlayLevel: No blueprints needed recompiling
[2018.10.20-04.09.57:680][246]PIE: New page: PIE session: Minimal_Default (Oct 19, 2018, 2:09:57 PM)
[2018.10.20-04.09.57:680][246]LogPlayLevel: Creating play world package: /Game/StarterContent/Maps/UEDPIE_0_Minimal_Default
[2018.10.20-04.09.57:693][246]LogPlayLevel: PIE: StaticDuplicateObject took: (0.012637s)
[2018.10.20-04.09.57:694][246]LogAIModule: Creating AISystem for world Minimal_Default
[2018.10.20-04.09.57:694][246]LogPlayLevel: PIE: World Init took: (0.001280s)
[2018.10.20-04.09.57:694][246]LogPlayLevel: PIE: Created PIE world by copying editor world from /Game/StarterContent/Maps/Minimal_Default.Minimal_Default to /Game/StarterContent/Maps/UEDPIE_0_Minimal_Default.Minimal_Default (0.014243s)
[2018.10.20-04.09.57:745][246]LogInit: XAudio2 using 'Speaker/HP (Realtek High Definition Audio)' : 2 channels at 48 kHz using 32 bits per sample (channel mask 0x3)
[2018.10.20-04.09.57:771][246]LogInit: FAudioDevice initialized.
[2018.10.20-04.09.57:806][246]LogLoad: Game class is 'FPS_GameMode_C'
[2018.10.20-04.09.57:811][246]LogWorld: Bringing World /Game/StarterContent/Maps/UEDPIE_0_Minimal_Default.Minimal_Default up for play (max tick rate 60) at 2018.10.19-21.09.57
[2018.10.20-04.09.57:811][246]LogWorld: Bringing up level for play took: 0.004325
[2018.10.20-04.09.57:815][246]PIE: Info Play in editor start time for /Game/StarterContent/Maps/UEDPIE_0_Minimal_Default 0.78
[2018.10.20-04.09.57:815][246]LogBlueprintUserMessages: Late PlayInEditor Detection: Level '/Game/StarterContent/Maps/Minimal_Default.Minimal_Default:PersistentLevel' has LevelScriptBlueprint '/Game/StarterContent/Maps/Minimal_Default.Minimal_Default:PersistentLevel.Minimal_Default' with GeneratedClass '/Game/StarterContent/Maps/Minimal_Default.Minimal_Default_C' with ClassGeneratedBy '/Game/StarterContent/Maps/Minimal_Default.Minimal_Default:PersistentLevel.Minimal_Default'
[2018.10.20-04.10.16:141][701]LogBlueprintUserMessages: Early EndPlayMap Detection: Level '/Game/StarterContent/Maps/Minimal_Default.Minimal_Default:PersistentLevel' has LevelScriptBlueprint '/Game/StarterContent/Maps/Minimal_Default.Minimal_Default:PersistentLevel.Minimal_Default' with GeneratedClass '/Game/StarterContent/Maps/Minimal_Default.Minimal_Default_C' with ClassGeneratedBy '/Game/StarterContent/Maps/Minimal_Default.Minimal_Default:PersistentLevel.Minimal_Default'
[2018.10.20-04.10.16:213][701]LogBlueprintUserMessages: Late EndPlayMap Detection: Level '/Game/StarterContent/Maps/Minimal_Default.Minimal_Default:PersistentLevel' has LevelScriptBlueprint '/Game/StarterContent/Maps/Minimal_Default.Minimal_Default:PersistentLevel.Minimal_Default' with GeneratedClass '/Game/StarterContent/Maps/Minimal_Default.Minimal_Default_C' with ClassGeneratedBy '/Game/StarterContent/Maps/Minimal_Default.Minimal_Default:PersistentLevel.Minimal_Default'
[2018.10.20-04.10.17:931][798]LogTemp: Repeting last play command: Selected Viewport
[2018.10.20-04.10.17:968][798]LogBlueprintUserMessages: Early PlayInEditor Detection: Level '/Game/StarterContent/Maps/Minimal_Default.Minimal_Default:PersistentLevel' has LevelScriptBlueprint '/Game/StarterContent/Maps/Minimal_Default.Minimal_Default:PersistentLevel.Minimal_Default' with GeneratedClass '/Game/StarterContent/Maps/Minimal_Default.Minimal_Default_C' with ClassGeneratedBy '/Game/StarterContent/Maps/Minimal_Default.Minimal_Default:PersistentLevel.Minimal_Default'
[2018.10.20-04.10.17:968][798]LogPlayLevel: PlayLevel: No blueprints needed recompiling
[2018.10.20-04.10.17:968][798]PIE: New page: PIE session: Minimal_Default (Oct 19, 2018, 2:10:17 PM)
[2018.10.20-04.10.17:968][798]LogPlayLevel: Creating play world package: /Game/StarterContent/Maps/UEDPIE_0_Minimal_Default
[2018.10.20-04.10.17:980][798]LogPlayLevel: PIE: StaticDuplicateObject took: (0.011926s)
[2018.10.20-04.10.17:981][798]LogAIModule: Creating AISystem for world Minimal_Default
[2018.10.20-04.10.17:981][798]LogPlayLevel: PIE: World Init took: (0.001224s)
[2018.10.20-04.10.17:981][798]LogPlayLevel: PIE: Created PIE world by copying editor world from /Game/StarterContent/Maps/Minimal_Default.Minimal_Default to /Game/StarterContent/Maps/UEDPIE_0_Minimal_Default.Minimal_Default (0.013476s)
[2018.10.20-04.10.18:014][798]LogInit: XAudio2 using 'Speaker/HP (Realtek High Definition Audio)' : 2 channels at 48 kHz using 32 bits per sample (channel mask 0x3)
[2018.10.20-04.10.18:036][798]LogInit: FAudioDevice initialized.
[2018.10.20-04.10.18:069][798]LogLoad: Game class is 'FPS_GameMode_C'
[2018.10.20-04.10.18:072][798]LogWorld: Bringing World /Game/StarterContent/Maps/UEDPIE_0_Minimal_Default.Minimal_Default up for play (max tick rate 60) at 2018.10.19-21.10.18
[2018.10.20-04.10.18:072][798]LogWorld: Bringing up level for play took: 0.003264
[2018.10.20-04.10.18:076][798]PIE: Info Play in editor start time for /Game/StarterContent/Maps/UEDPIE_0_Minimal_Default 1.041
[2018.10.20-04.10.18:077][798]LogBlueprintUserMessages: Late PlayInEditor Detection: Level '/Game/StarterContent/Maps/Minimal_Default.Minimal_Default:PersistentLevel' has LevelScriptBlueprint '/Game/StarterContent/Maps/Minimal_Default.Minimal_Default:PersistentLevel.Minimal_Default' with GeneratedClass '/Game/StarterContent/Maps/Minimal_Default.Minimal_Default_C' with ClassGeneratedBy '/Game/StarterContent/Maps/Minimal_Default.Minimal_Default:PersistentLevel.Minimal_Default'
[2018.10.20-04.10.38:285][316]LogBlueprintUserMessages: Early EndPlayMap Detection: Level '/Game/StarterContent/Maps/Minimal_Default.Minimal_Default:PersistentLevel' has LevelScriptBlueprint '/Game/StarterContent/Maps/Minimal_Default.Minimal_Default:PersistentLevel.Minimal_Default' with GeneratedClass '/Game/StarterContent/Maps/Minimal_Default.Minimal_Default_C' with ClassGeneratedBy '/Game/StarterContent/Maps/Minimal_Default.Minimal_Default:PersistentLevel.Minimal_Default'
[2018.10.20-04.10.38:364][316]LogBlueprintUserMessages: Late EndPlayMap Detection: Level '/Game/StarterContent/Maps/Minimal_Default.Minimal_Default:PersistentLevel' has LevelScriptBlueprint '/Game/StarterContent/Maps/Minimal_Default.Minimal_Default:PersistentLevel.Minimal_Default' with GeneratedClass '/Game/StarterContent/Maps/Minimal_Default.Minimal_Default_C' with ClassGeneratedBy '/Game/StarterContent/Maps/Minimal_Default.Minimal_Default:PersistentLevel.Minimal_Default'
[2018.10.20-04.10.39:573][382]LogTemp: Repeting last play command: Selected Viewport
[2018.10.20-04.10.39:597][382]LogBlueprintUserMessages: Early PlayInEditor Detection: Level '/Game/StarterContent/Maps/Minimal_Default.Minimal_Default:PersistentLevel' has LevelScriptBlueprint '/Game/StarterContent/Maps/Minimal_Default.Minimal_Default:PersistentLevel.Minimal_Default' with GeneratedClass '/Game/StarterContent/Maps/Minimal_Default.Minimal_Default_C' with ClassGeneratedBy '/Game/StarterContent/Maps/Minimal_Default.Minimal_Default:PersistentLevel.Minimal_Default'
[2018.10.20-04.10.39:597][382]LogPlayLevel: PlayLevel: No blueprints needed recompiling
[2018.10.20-04.10.39:598][382]PIE: New page: PIE session: Minimal_Default (Oct 19, 2018, 2:10:39 PM)
[2018.10.20-04.10.39:598][382]LogPlayLevel: Creating play world package: /Game/StarterContent/Maps/UEDPIE_0_Minimal_Default
[2018.10.20-04.10.39:610][382]LogPlayLevel: PIE: StaticDuplicateObject took: (0.011991s)
[2018.10.20-04.10.39:611][382]LogAIModule: Creating AISystem for world Minimal_Default
[2018.10.20-04.10.39:611][382]LogPlayLevel: PIE: World Init took: (0.001185s)
[2018.10.20-04.10.39:611][382]LogPlayLevel: PIE: Created PIE world by copying editor world from /Game/StarterContent/Maps/Minimal_Default.Minimal_Default to /Game/StarterContent/Maps/UEDPIE_0_Minimal_Default.Minimal_Default (0.013522s)
[2018.10.20-04.10.39:645][382]LogInit: XAudio2 using 'Speaker/HP (Realtek High Definition Audio)' : 2 channels at 48 kHz using 32 bits per sample (channel mask 0x3)
[2018.10.20-04.10.39:668][382]LogInit: FAudioDevice initialized.
[2018.10.20-04.10.39:703][382]LogLoad: Game class is 'FPS_GameMode_C'
[2018.10.20-04.10.39:706][382]LogWorld: Bringing World /Game/StarterContent/Maps/UEDPIE_0_Minimal_Default.Minimal_Default up for play (max tick rate 60) at 2018.10.19-21.10.39
[2018.10.20-04.10.39:707][382]LogWorld: Bringing up level for play took: 0.002663
[2018.10.20-04.10.39:709][382]PIE: Info Play in editor start time for /Game/StarterContent/Maps/UEDPIE_0_Minimal_Default 0.675
[2018.10.20-04.10.39:710][382]LogBlueprintUserMessages: Late PlayInEditor Detection: Level '/Game/StarterContent/Maps/Minimal_Default.Minimal_Default:PersistentLevel' has LevelScriptBlueprint '/Game/StarterContent/Maps/Minimal_Default.Minimal_Default:PersistentLevel.Minimal_Default' with GeneratedClass '/Game/StarterContent/Maps/Minimal_Default.Minimal_Default_C' with ClassGeneratedBy '/Game/StarterContent/Maps/Minimal_Default.Minimal_Default:PersistentLevel.Minimal_Default'
[2018.10.20-04.10.53:141][726]LogBlueprintUserMessages: Early EndPlayMap Detection: Level '/Game/StarterContent/Maps/Minimal_Default.Minimal_Default:PersistentLevel' has LevelScriptBlueprint '/Game/StarterContent/Maps/Minimal_Default.Minimal_Default:PersistentLevel.Minimal_Default' with GeneratedClass '/Game/StarterContent/Maps/Minimal_Default.Minimal_Default_C' with ClassGeneratedBy '/Game/StarterContent/Maps/Minimal_Default.Minimal_Default:PersistentLevel.Minimal_Default'
[2018.10.20-04.10.53:219][726]LogBlueprintUserMessages: Late EndPlayMap Detection: Level '/Game/StarterContent/Maps/Minimal_Default.Minimal_Default:PersistentLevel' has LevelScriptBlueprint '/Game/StarterContent/Maps/Minimal_Default.Minimal_Default:PersistentLevel.Minimal_Default' with GeneratedClass '/Game/StarterContent/Maps/Minimal_Default.Minimal_Default_C' with ClassGeneratedBy '/Game/StarterContent/Maps/Minimal_Default.Minimal_Default:PersistentLevel.Minimal_Default'
[2018.10.20-04.10.57:593][980]LogTemp: Repeting last play command: Selected Viewport
[2018.10.20-04.10.57:622][980]LogBlueprintUserMessages: Early PlayInEditor Detection: Level '/Game/StarterContent/Maps/Minimal_Default.Minimal_Default:PersistentLevel' has LevelScriptBlueprint '/Game/StarterContent/Maps/Minimal_Default.Minimal_Default:PersistentLevel.Minimal_Default' with GeneratedClass '/Game/StarterContent/Maps/Minimal_Default.Minimal_Default_C' with ClassGeneratedBy '/Game/StarterContent/Maps/Minimal_Default.Minimal_Default:PersistentLevel.Minimal_Default'
[2018.10.20-04.10.57:622][980]LogPlayLevel: PlayLevel: No blueprints needed recompiling
[2018.10.20-04.10.57:622][980]PIE: New page: PIE session: Minimal_Default (Oct 19, 2018, 2:10:57 PM)
[2018.10.20-04.10.57:622][980]LogPlayLevel: Creating play world package: /Game/StarterContent/Maps/UEDPIE_0_Minimal_Default
[2018.10.20-04.10.57:637][980]LogPlayLevel: PIE: StaticDuplicateObject took: (0.014694s)
[2018.10.20-04.10.57:638][980]LogAIModule: Creating AISystem for world Minimal_Default
[2018.10.20-04.10.57:639][980]LogPlayLevel: PIE: World Init took: (0.001445s)
[2018.10.20-04.10.57:639][980]LogPlayLevel: PIE: Created PIE world by copying editor world from /Game/StarterContent/Maps/Minimal_Default.Minimal_Default to /Game/StarterContent/Maps/UEDPIE_0_Minimal_Default.Minimal_Default (0.016697s)
[2018.10.20-04.10.57:682][980]LogInit: XAudio2 using 'Speaker/HP (Realtek High Definition Audio)' : 2 channels at 48 kHz using 32 bits per sample (channel mask 0x3)
[2018.10.20-04.10.57:703][980]LogInit: FAudioDevice initialized.
[2018.10.20-04.10.57:742][980]LogLoad: Game class is 'FPS_GameMode_C'
[2018.10.20-04.10.57:747][980]LogWorld: Bringing World /Game/StarterContent/Maps/UEDPIE_0_Minimal_Default.Minimal_Default up for play (max tick rate 60) at 2018.10.19-21.10.57
[2018.10.20-04.10.57:747][980]LogWorld: Bringing up level for play took: 0.004118
[2018.10.20-04.10.57:751][980]PIE: Info Play in editor start time for /Game/StarterContent/Maps/UEDPIE_0_Minimal_Default 0.716
[2018.10.20-04.10.57:751][980]LogBlueprintUserMessages: Late PlayInEditor Detection: Level '/Game/StarterContent/Maps/Minimal_Default.Minimal_Default:PersistentLevel' has LevelScriptBlueprint '/Game/StarterContent/Maps/Minimal_Default.Minimal_Default:PersistentLevel.Minimal_Default' with GeneratedClass '/Game/StarterContent/Maps/Minimal_Default.Minimal_Default_C' with ClassGeneratedBy '/Game/StarterContent/Maps/Minimal_Default.Minimal_Default:PersistentLevel.Minimal_Default'
[2018.10.20-04.11.19:854][526]LogBlueprintUserMessages: Early EndPlayMap Detection: Level '/Game/StarterContent/Maps/Minimal_Default.Minimal_Default:PersistentLevel' has LevelScriptBlueprint '/Game/StarterContent/Maps/Minimal_Default.Minimal_Default:PersistentLevel.Minimal_Default' with GeneratedClass '/Game/StarterContent/Maps/Minimal_Default.Minimal_Default_C' with ClassGeneratedBy '/Game/StarterContent/Maps/Minimal_Default.Minimal_Default:PersistentLevel.Minimal_Default'
[2018.10.20-04.11.19:935][526]LogBlueprintUserMessages: Late EndPlayMap Detection: Level '/Game/StarterContent/Maps/Minimal_Default.Minimal_Default:PersistentLevel' has LevelScriptBlueprint '/Game/StarterContent/Maps/Minimal_Default.Minimal_Default:PersistentLevel.Minimal_Default' with GeneratedClass '/Game/StarterContent/Maps/Minimal_Default.Minimal_Default_C' with ClassGeneratedBy '/Game/StarterContent/Maps/Minimal_Default.Minimal_Default:PersistentLevel.Minimal_Default'
[2018.10.20-04.11.24:191][733]Cmd: QUIT_EDITOR
[2018.10.20-04.11.24:544][733]LogExit: Preparing to exit.
[2018.10.20-04.11.25:506][733]LogDirectoryWatcher: A directory notification for 'C:/Users/HP/Documents/Unreal Projects/fps/Content/' was aborted.
[2018.10.20-04.11.25:551][733]LogExit: Editor shut down
[2018.10.20-04.11.25:552][733]LogExit: Transaction tracking system shut down
[2018.10.20-04.11.25:652][733]LogObj: Freed 0b from 0 cluster array pools.
[2018.10.20-04.11.25:652][733]LogExit: Object subsystem successfully closed.
[2018.10.20-04.11.25:671][733]LogD3D11RHI: Shutdown
[2018.10.20-04.11.25:671][733]LogD3D11RHI: CleanupD3DDevice
[2018.10.20-04.11.25:903][733]LogD3D11RHI: ~FD3D11DynamicRHI
[2018.10.20-04.11.25:931][733]LogModuleManager: Shutting down and abandoning module MovieSceneCapture (500)
[2018.10.20-04.11.25:931][733]LogModuleManager: Shutting down and abandoning module HierarchicalLODOutliner (498)
[2018.10.20-04.11.25:931][733]LogModuleManager: Shutting down and abandoning module CrashTracker (496)
[2018.10.20-04.11.25:931][733]LogModuleManager: Shutting down and abandoning module SceneOutliner (494)
[2018.10.20-04.11.25:931][733]LogModuleManager: Shutting down and abandoning module AddContentDialog (492)
[2018.10.20-04.11.25:931][733]LogDirectoryWatcher: A directory notification for 'C:/Program Files/Epic Games/UE_4.15/FeaturePacks/' was aborted.
[2018.10.20-04.11.25:932][733]LogModuleManager: Shutting down and abandoning module WidgetCarousel (491)
[2018.10.20-04.11.25:932][733]LogModuleManager: Shutting down and abandoning module EditorWidgets (488)
[2018.10.20-04.11.25:932][733]LogModuleManager: Shutting down and abandoning module CollectionManager (486)
[2018.10.20-04.11.25:932][733]LogDirectoryWatcher: A directory notification for 'C:/Users/HP/Documents/Unreal Projects/fps/Content/Collections/' was aborted.
[2018.10.20-04.11.25:933][733]LogDirectoryWatcher: A directory notification for 'C:/Users/HP/Documents/Unreal Projects/fps/Content/Developers/HP/Collections/' was aborted.
[2018.10.20-04.11.25:933][733]LogDirectoryWatcher: A directory notification for 'C:/Users/HP/Documents/Unreal Projects/fps/Saved/Collections/' was aborted.
[2018.10.20-04.11.25:933][733]LogModuleManager: Shutting down and abandoning module StatsViewer (484)
[2018.10.20-04.11.25:933][733]LogModuleManager: Shutting down and abandoning module FoliageEdit (482)
[2018.10.20-04.11.25:933][733]LogModuleManager: Shutting down and abandoning module LandscapeEditor (480)
[2018.10.20-04.11.25:933][733]LogModuleManager: Shutting down and abandoning module SceneDepthPickerMode (478)
[2018.10.20-04.11.25:933][733]LogModuleManager: Shutting down and abandoning module ActorPickerMode (476)
[2018.10.20-04.11.25:933][733]LogModuleManager: Shutting down and abandoning module GeometryMode (474)
[2018.10.20-04.11.25:933][733]LogModuleManager: Shutting down and abandoning module TextureAlignMode (472)
[2018.10.20-04.11.25:933][733]LogModuleManager: Shutting down and abandoning module BspMode (470)
[2018.10.20-04.11.25:933][733]LogModuleManager: Shutting down and abandoning module HardwareSurvey (468)
[2018.10.20-04.11.25:933][733]LogModuleManager: Shutting down and abandoning module SequenceRecorderSections (466)
[2018.10.20-04.11.25:933][733]LogModuleManager: Shutting down and abandoning module AutomationWorker (464)
[2018.10.20-04.11.25:933][733]LogModuleManager: Shutting down and abandoning module MatineeToLevelSequence (462)
[2018.10.20-04.11.25:933][733]LogModuleManager: Shutting down and abandoning module LevelSequenceEditor (460)
[2018.10.20-04.11.25:933][733]LogModuleManager: Shutting down and abandoning module PlacementMode (459)
[2018.10.20-04.11.25:933][733]LogModuleManager: Shutting down and abandoning module WmfMediaFactory (456)
[2018.10.20-04.11.25:933][733]LogModuleManager: Shutting down and abandoning module WmfMediaEditor (454)
[2018.10.20-04.11.25:933][733]LogModuleManager: Shutting down and abandoning module MfMediaFactory (452)
[2018.10.20-04.11.25:933][733]LogModuleManager: Shutting down and abandoning module MfMediaEditor (450)
[2018.10.20-04.11.25:933][733]LogModuleManager: Shutting down and abandoning module AvfMediaFactory (448)
[2018.10.20-04.11.25:933][733]LogModuleManager: Shutting down and abandoning module AvfMediaEditor (446)
[2018.10.20-04.11.25:933][733]LogModuleManager: Shutting down and abandoning module AndroidMediaFactory (444)
[2018.10.20-04.11.25:933][733]LogModuleManager: Shutting down and abandoning module Media (443)
[2018.10.20-04.11.25:933][733]LogModuleManager: Shutting down and abandoning module AndroidMediaEditor (440)
[2018.10.20-04.11.25:933][733]LogModuleManager: Shutting down and abandoning module CharacterAI (438)
[2018.10.20-04.11.25:933][733]LogModuleManager: Shutting down and abandoning module AudioCapture (436)
[2018.10.20-04.11.25:933][733]LogModuleManager: Shutting down and abandoning module SequenceRecorder (435)
[2018.10.20-04.11.25:933][733]LogModuleManager: Shutting down and abandoning module SmartSnapping (432)
[2018.10.20-04.11.25:933][733]LogModuleManager: Shutting down and abandoning module SessionServices (430)
[2018.10.20-04.11.25:933][733]LogModuleManager: Shutting down and abandoning module ViewportSnapping (428)
[2018.10.20-04.11.25:933][733]LogModuleManager: Shutting down and abandoning module ViewportInteraction (426)
[2018.10.20-04.11.25:933][733]LogModuleManager: Shutting down and abandoning module LogVisualizer (424)
[2018.10.20-04.11.25:934][733]LogModuleManager: Shutting down and abandoning module IntroTutorials (422)
[2018.10.20-04.11.25:934][733]LogModuleManager: Shutting down and abandoning module GameProjectGeneration (421)
[2018.10.20-04.11.25:934][733]LogModuleManager: Shutting down and abandoning module EditorLiveStreaming (418)
[2018.10.20-04.11.25:934][733]LogModuleManager: Shutting down and abandoning module IOSPlatformEditor (416)
[2018.10.20-04.11.25:934][733]LogModuleManager: Shutting down and abandoning module HTML5PlatformEditor (414)
[2018.10.20-04.11.25:934][733]LogModuleManager: Shutting down and abandoning module AndroidPlatformEditor (412)
[2018.10.20-04.11.25:934][733]LogModuleManager: Shutting down and abandoning module AndroidDeviceDetection (411)
[2018.10.20-04.11.25:965][733]LogModuleManager: Shutting down and abandoning module IOSRuntimeSettings (408)
[2018.10.20-04.11.25:965][733]LogModuleManager: Shutting down and abandoning module AndroidRuntimeSettings (406)
[2018.10.20-04.11.25:965][733]LogModuleManager: Shutting down and abandoning module InputBindingEditor (404)
[2018.10.20-04.11.25:965][733]LogModuleManager: Shutting down and abandoning module NiagaraEditor (402)
[2018.10.20-04.11.25:965][733]LogModuleManager: Shutting down and abandoning module MergeActors (400)
[2018.10.20-04.11.25:965][733]LogModuleManager: Shutting down and abandoning module SizeMap (398)
[2018.10.20-04.11.25:966][733]LogModuleManager: Shutting down and abandoning module TreeMap (396)
[2018.10.20-04.11.25:966][733]LogModuleManager: Shutting down and abandoning module ReferenceViewer (394)
[2018.10.20-04.11.25:966][733]LogModuleManager: Shutting down and abandoning module LocalizationDashboard (392)
[2018.10.20-04.11.25:966][733]LogModuleManager: Shutting down and abandoning module LocalizationService (391)
[2018.10.20-04.11.25:966][733]LogModuleManager: Shutting down and abandoning module HardwareTargeting (388)
[2018.10.20-04.11.25:966][733]LogModuleManager: Shutting down and abandoning module DeviceProfileEditor (386)
[2018.10.20-04.11.25:966][733]LogModuleManager: Shutting down and abandoning module UndoHistory (384)
[2018.10.20-04.11.25:966][733]LogModuleManager: Shutting down and abandoning module UserFeedback (382)
[2018.10.20-04.11.25:966][733]LogModuleManager: Shutting down and abandoning module XmlParser (380)
[2018.10.20-04.11.25:966][733]LogModuleManager: Shutting down and abandoning module Blutility (378)
[2018.10.20-04.11.25:966][733]LogModuleManager: Shutting down and abandoning module ProjectSettingsViewer (376)
[2018.10.20-04.11.25:966][733]LogModuleManager: Shutting down and abandoning module ProjectTargetPlatformEditor (375)
[2018.10.20-04.11.25:966][733]LogModuleManager: Shutting down and abandoning module EditorSettingsViewer (372)
[2018.10.20-04.11.25:966][733]LogModuleManager: Shutting down and abandoning module SettingsEditor (370)
[2018.10.20-04.11.25:966][733]LogModuleManager: Shutting down and abandoning module ProjectLauncher (368)
[2018.10.20-04.11.25:966][733]LogModuleManager: Shutting down and abandoning module SessionFrontend (366)
[2018.10.20-04.11.25:966][733]LogModuleManager: Shutting down and abandoning module ProfilerClient (364)
[2018.10.20-04.11.25:966][733]LogModuleManager: Shutting down and abandoning module DeviceManager (362)
[2018.10.20-04.11.25:966][733]LogModuleManager: Shutting down and abandoning module TargetDeviceServices (361)
[2018.10.20-04.11.26:018][733]LogModuleManager: Shutting down and abandoning module AutomationController (358)
[2018.10.20-04.11.26:018][733]LogModuleManager: Shutting down and abandoning module AutomationWindow (356)
[2018.10.20-04.11.26:018][733]LogModuleManager: Shutting down and abandoning module Layers (354)
[2018.10.20-04.11.26:018][733]LogModuleManager: Shutting down and abandoning module ComponentVisualizers (352)
[2018.10.20-04.11.26:018][733]LogModuleManager: Shutting down and abandoning module DetailCustomizations (350)
[2018.10.20-04.11.26:019][733]LogModuleManager: Shutting down and abandoning module PackagesDialog (348)
[2018.10.20-04.11.26:019][733]LogModuleManager: Shutting down and abandoning module Persona (346)
[2018.10.20-04.11.26:019][733]LogModuleManager: Shutting down and abandoning module AnimGraph (345)
[2018.10.20-04.11.26:019][733]LogModuleManager: Shutting down and abandoning module Kismet (342)
[2018.10.20-04.11.26:020][733]LogModuleManager: Shutting down and abandoning module GraphEditor (340)
[2018.10.20-04.11.26:020][733]LogModuleManager: Shutting down and abandoning module ClassViewer (338)
[2018.10.20-04.11.26:020][733]LogModuleManager: Shutting down and abandoning module Toolbox (336)
[2018.10.20-04.11.26:020][733]LogModuleManager: Shutting down and abandoning module ModuleUI (334)
[2018.10.20-04.11.26:020][733]LogModuleManager: Shutting down and abandoning module MovieSceneTools (332)
[2018.10.20-04.11.26:020][733]LogModuleManager: Shutting down and abandoning module OutputLog (330)
[2018.10.20-04.11.26:020][733]LogModuleManager: Shutting down and abandoning module GammaUI (328)
[2018.10.20-04.11.26:020][733]LogModuleManager: Shutting down and abandoning module Documentation (326)
[2018.10.20-04.11.26:020][733]LogModuleManager: Shutting down and abandoning module Niagara (324)
[2018.10.20-04.11.26:020][733]LogModuleManager: Shutting down and abandoning module StreamingPauseRendering (322)
[2018.10.20-04.11.26:020][733]LogModuleManager: Shutting down and abandoning module AnalyticsET (320)
[2018.10.20-04.11.26:020][733]LogModuleManager: Shutting down and abandoning module PortalServices (318)
[2018.10.20-04.11.26:020][733]LogModuleManager: Shutting down and abandoning module PortalRpc (316)
[2018.10.20-04.11.26:020][733]LogModuleManager: Shutting down and abandoning module MessagingRpc (314)
[2018.10.20-04.11.26:020][733]LogModuleManager: Shutting down and abandoning module AIModule (312)
[2018.10.20-04.11.26:021][733]LogModuleManager: Shutting down and abandoning module GameplayDebugger (311)
[2018.10.20-04.11.26:021][733]LogModuleManager: Shutting down and abandoning module AITestSuite (309)
[2018.10.20-04.11.26:021][733]LogModuleManager: Shutting down and abandoning module ProfilerService (306)
[2018.10.20-04.11.26:066][733]LogModuleManager: Shutting down and abandoning module TaskGraph (304)
[2018.10.20-04.11.26:066][733]LogModuleManager: Shutting down and abandoning module SteamVRController (302)
[2018.10.20-04.11.26:066][733]LogModuleManager: Shutting down and abandoning module SteamVR (300)
[2018.10.20-04.11.26:066][733]LogModuleManager: Shutting down and abandoning module ProceduralMeshComponentEditor (298)
[2018.10.20-04.11.26:066][733]LogModuleManager: Shutting down and abandoning module ProceduralMeshComponent (296)
[2018.10.20-04.11.26:066][733]LogModuleManager: Shutting down and abandoning module OculusLibrary (294)
[2018.10.20-04.11.26:066][733]LogModuleManager: Shutting down and abandoning module OculusInput (292)
[2018.10.20-04.11.26:066][733]LogModuleManager: Shutting down and abandoning module MobilePatchingUtils (290)
[2018.10.20-04.11.26:066][733]LogModuleManager: Shutting down and abandoning module CustomMeshComponent (288)
[2018.10.20-04.11.26:066][733]LogModuleManager: Shutting down and abandoning module CableComponent (286)
[2018.10.20-04.11.26:066][733]LogModuleManager: Shutting down and abandoning module ArchVisCharacter (284)
[2018.10.20-04.11.26:066][733]LogModuleManager: Shutting down and abandoning module MediaPlayerEditor (280)
[2018.10.20-04.11.26:066][733]LogModuleManager: Shutting down and abandoning module HTML5Networking (278)
[2018.10.20-04.11.26:066][733]LogModuleManager: Shutting down and abandoning module AlembicImporter (276)
[2018.10.20-04.11.26:066][733]LogModuleManager: Shutting down and abandoning module AlembicLibrary (275)
[2018.10.20-04.11.26:066][733]LogModuleManager: Shutting down and abandoning module GeometryCache (274)
[2018.10.20-04.11.26:066][733]LogModuleManager: Shutting down and abandoning module GeometryCacheEd (273)
[2018.10.20-04.11.26:066][733]LogModuleManager: Shutting down and abandoning module SuperSearchEditor (268)
[2018.10.20-04.11.26:066][733]LogModuleManager: Shutting down and abandoning module SuperSearch (267)
[2018.10.20-04.11.26:066][733]LogModuleManager: Shutting down and abandoning module SpeedTreeImporter (264)
[2018.10.20-04.11.26:067][733]LogModuleManager: Shutting down and abandoning module PluginBrowser (262)
[2018.10.20-04.11.26:067][733]LogModuleManager: Shutting down and abandoning module MobileLauncherProfileWizard (260)
[2018.10.20-04.11.26:067][733]LogModuleManager: Shutting down and abandoning module EpicSurvey (258)
[2018.10.20-04.11.26:067][733]LogModuleManager: Shutting down and abandoning module VisualStudioSourceCodeAccess (256)
[2018.10.20-04.11.26:067][733]LogModuleManager: Shutting down and abandoning module DesktopPlatform (255)
[2018.10.20-04.11.26:067][733]LogModuleManager: Shutting down and abandoning module UObjectPlugin (252)
[2018.10.20-04.11.26:067][733]LogModuleManager: Shutting down and abandoning module SubversionSourceControl (250)
[2018.10.20-04.11.26:067][733]LogModuleManager: Shutting down and abandoning module PerforceSourceControl (248)
[2018.10.20-04.11.26:067][733]LogModuleManager: Shutting down and abandoning module GitSourceControl (246)
[2018.10.20-04.11.26:067][733]LogModuleManager: Shutting down and abandoning module SourceControl (245)
[2018.10.20-04.11.26:067][733]LogModuleManager: Shutting down and abandoning module LightPropagationVolumeEditor (242)
[2018.10.20-04.11.26:067][733]LogModuleManager: Shutting down and abandoning module PaperTiledImporter (240)
[2018.10.20-04.11.26:067][733]LogModuleManager: Shutting down and abandoning module PaperSpriteSheetImporter (238)
[2018.10.20-04.11.26:067][733]LogModuleManager: Shutting down and abandoning module Paper2DEditor (236)
[2018.10.20-04.11.26:068][733]LogModuleManager: Shutting down and abandoning module MeshPaint (235)
[2018.10.20-04.11.26:068][733]LogModuleManager: Shutting down and abandoning module LevelEditor (233)
[2018.10.20-04.11.26:070][733]LogModuleManager: Shutting down and abandoning module PixelInspectorModule (232)
[2018.10.20-04.11.26:070][733]LogModuleManager: Shutting down and abandoning module MainFrame (230)
[2018.10.20-04.11.26:070][733]LogModuleManager: Shutting down and abandoning module HotReload (229)
[2018.10.20-04.11.26:071][733]LogModuleManager: Shutting down and abandoning module ContentBrowser (225)
[2018.10.20-04.11.26:074][733]LogModuleManager: Shutting down and abandoning module PhysXVehiclesEditor (222)
[2018.10.20-04.11.26:074][733]LogModuleManager: Shutting down and abandoning module PhysXVehicles (220)
[2018.10.20-04.11.26:074][733]LogModuleManager: Shutting down and abandoning module LocationServicesBPLibrary (218)
[2018.10.20-04.11.26:074][733]LogModuleManager: Shutting down and abandoning module UdpMessaging (216)
[2018.10.20-04.11.26:175][733]LogModuleManager: Shutting down and abandoning module TcpMessaging (214)
[2018.10.20-04.11.26:276][733]LogModuleManager: Shutting down and abandoning module GameplayTagsEditor (212)
[2018.10.20-04.11.26:276][733]LogModuleManager: Shutting down and abandoning module FacialAnimationEditor (210)
[2018.10.20-04.11.26:276][733]LogModuleManager: Shutting down and abandoning module FacialAnimation (208)
[2018.10.20-04.11.26:276][733]LogModuleManager: Shutting down and abandoning module LightPropagationVolumeRuntime (206)
[2018.10.20-04.11.26:276][733]LogModuleManager: Shutting down and abandoning module Paper2D (204)
[2018.10.20-04.11.26:276][733]LogModuleManager: Shutting down and abandoning module WindowsMoviePlayer (202)
[2018.10.20-04.11.26:276][733]LogModuleManager: Shutting down and abandoning module WmfMedia (200)
[2018.10.20-04.11.26:285][733]LogModuleManager: Shutting down and abandoning module MfMedia (198)
[2018.10.20-04.11.26:285][733]LogModuleManager: Shutting down and abandoning module MediaAssets (196)
[2018.10.20-04.11.26:285][733]LogModuleManager: Shutting down and abandoning module GameLiveStreaming (194)
[2018.10.20-04.11.26:285][733]LogModuleManager: Shutting down and abandoning module VREditor (192)
[2018.10.20-04.11.26:285][733]LogModuleManager: Shutting down and abandoning module GameplayTasksEditor (190)
[2018.10.20-04.11.26:285][733]LogModuleManager: Shutting down and abandoning module BehaviorTreeEditor (188)
[2018.10.20-04.11.26:285][733]LogModuleManager: Shutting down and abandoning module FunctionalTesting (186)
[2018.10.20-04.11.26:285][733]LogModuleManager: Shutting down and abandoning module CollisionAnalyzer (184)
[2018.10.20-04.11.26:285][733]LogModuleManager: Shutting down and abandoning module UMG (182)
[2018.10.20-04.11.26:285][733]LogModuleManager: Shutting down and abandoning module UMGEditor (181)
[2018.10.20-04.11.26:286][733]LogModuleManager: Shutting down and abandoning module Sequencer (180)
[2018.10.20-04.11.26:286][733]LogModuleManager: Shutting down and abandoning module AssetTools (178)
[2018.10.20-04.11.26:286][733]LogModuleManager: Shutting down and abandoning module MessageLog (177)
[2018.10.20-04.11.26:286][733]LogModuleManager: Shutting down and abandoning module WorkspaceMenuStructure (176)
[2018.10.20-04.11.26:286][733]LogModuleManager: Shutting down and abandoning module SlateReflector (170)
[2018.10.20-04.11.26:286][733]LogModuleManager: Shutting down and abandoning module Slate (168)
[2018.10.20-04.11.26:286][733]LogModuleManager: Shutting down and abandoning module EditorStyle (166)
[2018.10.20-04.11.26:295][733]LogModuleManager: Shutting down and abandoning module SourceCodeAccess (164)
[2018.10.20-04.11.26:295][733]LogModuleManager: Shutting down and abandoning module HeadMountedDisplay (162)
[2018.10.20-04.11.26:295][733]LogModuleManager: Shutting down and abandoning module XAudio2 (160)
[2018.10.20-04.11.26:295][733]LogModuleManager: Shutting down and abandoning module Networking (158)
[2018.10.20-04.11.26:295][733]LogModuleManager: Shutting down and abandoning module Core (154)
[2018.10.20-04.11.26:295][733]LogModuleManager: Shutting down and abandoning module AssetRegistry (152)
[2018.10.20-04.11.26:552][733]LogDirectoryWatcher: A directory notification for '../../../Engine/Content/' was aborted.
[2018.10.20-04.11.26:552][733]LogDirectoryWatcher: A directory notification for '../../../../../../Users/HP/Documents/Unreal Projects/fps/Content/' was aborted.
[2018.10.20-04.11.26:552][733]LogDirectoryWatcher: A directory notification for '../../../Engine/Plugins/2D/Paper2D/Content/' was aborted.
[2018.10.20-04.11.26:553][733]LogModuleManager: Shutting down and abandoning module DirectoryWatcher (151)
[2018.10.20-04.11.26:555][733]LogModuleManager: Shutting down and abandoning module KismetCompiler (148)
[2018.10.20-04.11.26:555][733]LogModuleManager: Shutting down and abandoning module PhysXFormats (146)
[2018.10.20-04.11.26:555][733]LogModuleManager: Shutting down and abandoning module MeshUtilities (144)
[2018.10.20-04.11.26:555][733]LogModuleManager: Shutting down and abandoning module SimplygonSwarm (143)
[2018.10.20-04.11.26:555][733]LogModuleManager: Shutting down and abandoning module SimplygonMeshReduction (141)
[2018.10.20-04.11.26:555][733]LogModuleManager: Shutting down and abandoning module QuadricMeshReduction (139)
[2018.10.20-04.11.26:555][733]LogModuleManager: Shutting down and abandoning module PropertyEditor (137)
[2018.10.20-04.11.26:555][733]LogModuleManager: Shutting down and abandoning module DerivedDataCache (134)
[2018.10.20-04.11.26:558][733]LogDerivedDataCache: Shutdown
[2018.10.20-04.11.26:558][733]LogModuleManager: Shutting down and abandoning module TargetPlatform (132)
[2018.10.20-04.11.26:558][733]LogModuleManager: Shutting down and abandoning module VulkanShaderFormat (131)
[2018.10.20-04.11.26:558][733]LogModuleManager: Shutting down and abandoning module ShaderFormatOpenGL (129)
[2018.10.20-04.11.26:558][733]LogModuleManager: Shutting down and abandoning module ShaderFormatD3D (127)
[2018.10.20-04.11.26:558][733]LogModuleManager: Shutting down and abandoning module MetalShaderFormat (125)
[2018.10.20-04.11.26:558][733]LogModuleManager: Shutting down and abandoning module TextureFormatUncompressed (123)
[2018.10.20-04.11.26:558][733]LogModuleManager: Shutting down and abandoning module TextureFormatPVR (121)
[2018.10.20-04.11.26:558][733]LogModuleManager: Shutting down and abandoning module TextureFormatDXT (119)
[2018.10.20-04.11.26:558][733]LogModuleManager: Shutting down and abandoning module TextureFormatIntelISPCTexComp (117)
[2018.10.20-04.11.26:558][733]LogModuleManager: Shutting down and abandoning module TextureFormatASTC (115)
[2018.10.20-04.11.26:558][733]LogModuleManager: Shutting down and abandoning module ImageWrapper (114)
[2018.10.20-04.11.26:558][733]LogModuleManager: Shutting down and abandoning module TextureFormatAndroid (111)
[2018.10.20-04.11.26:558][733]LogModuleManager: Shutting down and abandoning module AudioFormatOpus (109)
[2018.10.20-04.11.26:558][733]LogModuleManager: Shutting down and abandoning module AudioFormatOgg (107)
[2018.10.20-04.11.26:558][733]LogModuleManager: Shutting down and abandoning module AudioFormatADPCM (105)
[2018.10.20-04.11.26:558][733]LogModuleManager: Shutting down and abandoning module LinuxTargetPlatform (103)
[2018.10.20-04.11.26:558][733]LogModuleManager: Shutting down and abandoning module LinuxServerTargetPlatform (101)
[2018.10.20-04.11.26:558][733]LogModuleManager: Shutting down and abandoning module LinuxNoEditorTargetPlatform (99)
[2018.10.20-04.11.26:558][733]LogModuleManager: Shutting down and abandoning module LinuxClientTargetPlatform (97)
[2018.10.20-04.11.26:558][733]LogModuleManager: Shutting down and abandoning module TVOSTargetPlatform (95)
[2018.10.20-04.11.26:558][733]LogModuleManager: Shutting down and abandoning module Messaging (93)
[2018.10.20-04.11.26:558][733]LogModuleManager: Shutting down and abandoning module IOSTargetPlatform (91)
[2018.10.20-04.11.26:558][733]LogModuleManager: Shutting down and abandoning module HTML5TargetPlatform (89)
[2018.10.20-04.11.26:558][733]LogModuleManager: Shutting down and abandoning module Android_PVRTCTargetPlatform (87)
[2018.10.20-04.11.26:558][733]LogModuleManager: Shutting down and abandoning module Android_MultiTargetPlatform (85)
[2018.10.20-04.11.26:558][733]LogModuleManager: Shutting down and abandoning module Android_ETC2TargetPlatform (83)
[2018.10.20-04.11.26:558][733]LogModuleManager: Shutting down and abandoning module Android_ETC1TargetPlatform (81)
[2018.10.20-04.11.26:558][733]LogModuleManager: Shutting down and abandoning module Android_DXTTargetPlatform (79)
[2018.10.20-04.11.26:558][733]LogModuleManager: Shutting down and abandoning module Android_ATCTargetPlatform (77)
[2018.10.20-04.11.26:559][733]LogModuleManager: Shutting down and abandoning module Android_ASTCTargetPlatform (75)
[2018.10.20-04.11.26:559][733]LogModuleManager: Shutting down and abandoning module AndroidTargetPlatform (73)
[2018.10.20-04.11.26:559][733]LogModuleManager: Shutting down and abandoning module WindowsTargetPlatform (71)
[2018.10.20-04.11.26:559][733]LogModuleManager: Shutting down and abandoning module WindowsServerTargetPlatform (69)
[2018.10.20-04.11.26:559][733]LogModuleManager: Shutting down and abandoning module WindowsNoEditorTargetPlatform (67)
[2018.10.20-04.11.26:559][733]LogModuleManager: Shutting down and abandoning module WindowsClientTargetPlatform (65)
[2018.10.20-04.11.26:559][733]LogModuleManager: Shutting down and abandoning module MacTargetPlatform (63)
[2018.10.20-04.11.26:559][733]LogModuleManager: Shutting down and abandoning module MacServerTargetPlatform (61)
[2018.10.20-04.11.26:559][733]LogModuleManager: Shutting down and abandoning module MacNoEditorTargetPlatform (59)
[2018.10.20-04.11.26:559][733]LogModuleManager: Shutting down and abandoning module MacClientTargetPlatform (57)
[2018.10.20-04.11.26:559][733]LogModuleManager: Shutting down and abandoning module AllDesktopTargetPlatform (55)
[2018.10.20-04.11.26:559][733]LogModuleManager: Shutting down and abandoning module InputCore (52)
[2018.10.20-04.11.26:559][733]LogModuleManager: Shutting down and abandoning module Settings (50)
[2018.10.20-04.11.26:559][733]LogModuleManager: Shutting down and abandoning module OculusRift (48)
[2018.10.20-04.11.26:559][733]LogModuleManager: Shutting down and abandoning module GearVR (46)
[2018.10.20-04.11.26:559][733]LogModuleManager: Shutting down and abandoning module ExampleDeviceProfileSelector (44)
[2018.10.20-04.11.26:559][733]LogModuleManager: Shutting down and abandoning module OnlineBlueprintSupport (42)
[2018.10.20-04.11.26:559][733]LogModuleManager: Shutting down and abandoning module OnlineSubsystem (38)
[2018.10.20-04.11.26:559][733]LogOnline:Display: Unloading online subsystem: NULL
[2018.10.20-04.11.26:559][733]LogModuleManager: Shutting down and abandoning module XMPP (37)
[2018.10.20-04.11.26:559][733]LogModuleManager: Shutting down and abandoning module HTTP (35)
[2018.10.20-04.11.26:559][733]LogHttp:Display: Http module shutting down, but needs to wait on 1 outstanding Http requests:
[2018.10.20-04.11.26:559][733]LogHttp:Display: 	verb=[POST] url=[https://datarouter.ol.epicgames.com/datarouter/api/v1/public/data?SessionID=%7B2E46CFC7-47F4-0507-4B90-7DB9CCBB38C2%7D&AppID=UEEditor.Rocket.Release&AppVersion=4.15.2-3416026%2B%2B%2BUE4%2BRelease-4.15&UserID=1b410e7c418ce58e9086538397e03c48%7C208ea35da04a410182c0ef589c197869%7C11cb3bca-93fb-49a4-9cd0-93aaf9e061bd&AppEnvironment=datacollector-binary&UploadType=eteventstream] status=Processing
[2018.10.20-04.11.26:581][733]LogModuleManager: Shutting down and abandoning module SSL (34)
[2018.10.20-04.11.26:583][733]LogModuleManager: Shutting down and abandoning module AudioEditor (30)
[2018.10.20-04.11.26:583][733]LogModuleManager: Shutting down and abandoning module TextureCompressor (28)
[2018.10.20-04.11.26:583][733]LogModuleManager: Shutting down and abandoning module ShaderCore (26)
[2018.10.20-04.11.26:583][733]LogModuleManager: Shutting down and abandoning module Landscape (24)
[2018.10.20-04.11.26:583][733]LogModuleManager: Shutting down and abandoning module SlateRHIRenderer (22)
[2018.10.20-04.11.26:584][733]LogModuleManager: Shutting down and abandoning module OpenGLDrv (20)
[2018.10.20-04.11.26:584][733]LogModuleManager: Shutting down and abandoning module D3D11RHI (18)
[2018.10.20-04.11.26:584][733]LogModuleManager: Shutting down and abandoning module AnimGraphRuntime (16)
[2018.10.20-04.11.26:584][733]LogModuleManager: Shutting down and abandoning module Renderer (14)
[2018.10.20-04.11.26:584][733]LogModuleManager: Shutting down and abandoning module Engine (12)
[2018.10.20-04.11.26:584][733]LogModuleManager: Shutting down and abandoning module CoreUObject (10)
[2018.10.20-04.11.26:584][733]LogModuleManager: Shutting down and abandoning module NetworkFile (8)
[2018.10.20-04.11.26:584][733]LogModuleManager: Shutting down and abandoning module StreamingFile (6)
[2018.10.20-04.11.26:584][733]LogModuleManager: Shutting down and abandoning module SandboxFile (4)
[2018.10.20-04.11.26:584][733]LogModuleManager: Shutting down and abandoning module PakFile (2)
[2018.10.20-04.11.26:587][733]LogExit: Exiting.
[2018.10.20-04.11.26:589][733]Log file closed, 10/19/18 21:11:26
