Log file open, 10/19/18 21:24:49
LogInit:Display: Running engine for game: fps
LogPlatformFile: Not using cached read wrapper
LogInit:Display: RandInit(1766691521) SRandInit(1766691521).
LogTaskGraph: Started task graph with 5 named threads and 6 total threads with 1 sets of task threads.
LogStats: Stats thread started at 0.094340
LogInit: Using libcurl 7.47.1
LogInit:  - built for x86_64-pc-win32
LogInit:  - supports SSL with OpenSSL/1.0.2g
LogInit:  - supports HTTP deflate (compression) using libz 1.2.8
LogInit:  - other features:
LogInit:      CURL_VERSION_SSL
LogInit:      CURL_VERSION_LIBZ
LogInit:      CURL_VERSION_IPV6
LogInit:      CURL_VERSION_ASYNCHDNS
LogInit:      CURL_VERSION_LARGEFILE
LogInit:      CURL_VERSION_IDN
LogInit:  CurlRequestOptions (configurable via config and command line):
LogInit:  - bVerifyPeer = false  - Libcurl will NOT verify peer certificate
LogInit:  - bUseHttpProxy = false  - Libcurl will NOT use HTTP proxy
LogInit:  - bDontReuseConnections = false  - Libcurl will reuse connections
LogInit:  - CertBundlePath = nullptr  - Libcurl will use whatever was configured at build time.
LogInit: Build: ++UE4+Release-4.15-CL-3416026
LogInit: Engine Version: 4.15.2-3416026+++UE4+Release-4.15
LogInit: Compatible Engine Version: 4.15.0-3299760+++UE4+Release-4.15
LogInit: Net CL: 3299760
LogDevObjectVersion: Number of dev versions registered: 14
LogDevObjectVersion:   Dev-Blueprints (B0D832E4-1F89-4F0D-ACCF-7EB736FD4AA2): 8
LogDevObjectVersion:   Dev-Build (E1C64328-A22C-4D53-A36C-8E866417BD8C): 0
LogDevObjectVersion:   Dev-Core (375EC13C-06E4-48FB-B500-84F0262A717E): 2
LogDevObjectVersion:   Dev-Editor (E4B068ED-F494-42E9-A231-DA0B2E46BB41): 14
LogDevObjectVersion:   Dev-Framework (CFFC743F-43B0-4480-9391-14DF171D2073): 22
LogDevObjectVersion:   Dev-Mobile (B02B49B5-BB20-44E9-A304-32B752E40360): 0
LogDevObjectVersion:   Dev-Networking (A4E4105C-59A1-49B5-A7C5-40C4547EDFEE): 0
LogDevObjectVersion:   Dev-Online (39C831C9-5AE6-47DC-9A44-9C173E1C8E7C): 0
LogDevObjectVersion:   Dev-Physics (78F01B33-EBEA-4F98-B9B4-84EACCB95AA2): 0
LogDevObjectVersion:   Dev-Platform (6631380F-2D4D-43E0-8009-CF276956A95A): 0
LogDevObjectVersion:   Dev-Rendering (12F88B9F-8875-4AFC-A67C-D90C383ABD29): 12
LogDevObjectVersion:   Dev-Sequencer (7B5AE74C-D270-4C10-A958-57980B212A5A): 3
LogDevObjectVersion:   Dev-VR (D7296918-1DD6-4BDD-9DE2-64A83CC13884): 0
LogDevObjectVersion:   Dev-LoadTimes (C2A15278-BFE7-4AFE-6C17-90FF531DF755): 1
LogInit: Compiled (64-bit): May  1 2017 13:11:28
LogInit: Compiled with Visual C++: 19.00.23026.00
LogInit: Build Configuration: Development
LogInit: Branch Name: ++UE4+Release-4.15
LogInit: Command line:  
LogInit: Base directory: C:/Program Files/Epic Games/UE_4.15/Engine/Binaries/Win64/
LogInit: Installed Engine Build: 1
LogInit: Presizing for max 8388607 objects, including 0 objects not considered by GC, pre-allocating 0 bytes for permanent pool.
LogInit: Object subsystem initialized
[2018.10.20-04.24.51:362][  0]LogInit: Selected Device Profile: [Windows]
[2018.10.20-04.24.51:362][  0]LogInit: Applying CVar settings loaded from the selected device profile: [Windows]
[2018.10.20-04.24.51:509][  0]LogInit: Computer: DESKTOP-B3GUKJU
[2018.10.20-04.24.51:509][  0]LogInit: User: HP
[2018.10.20-04.24.51:509][  0]LogInit: CPU Page size=65536, Cores=2
[2018.10.20-04.24.51:509][  0]LogInit: High frequency timer resolution =1.851181 MHz
[2018.10.20-04.24.51:509][  0]LogMemory: Memory total: Physical=5.9GB (6GB approx)
[2018.10.20-04.24.51:509][  0]LogMemory: Platform Memory Stats for Windows
[2018.10.20-04.24.51:509][  0]LogMemory: Process Physical Memory: 262.63 MB used, 262.63 MB peak
[2018.10.20-04.24.51:509][  0]LogMemory: Process Virtual Memory: 261.89 MB used, 261.89 MB peak
[2018.10.20-04.24.51:509][  0]LogMemory: Physical Memory: 2699.32 MB used,  3374.83 MB free, 6074.15 MB total
[2018.10.20-04.24.51:509][  0]LogMemory: Virtual Memory: 681.10 MB used,  3374.83 MB free, 134217728.00 MB total
[2018.10.20-04.24.52:220][  0]LogTextLocalizationManager: No specific translations for ('en-US') exist, so ('en') translations will be used.
[2018.10.20-04.24.58:045][  0]LogD3D11RHI: D3D11 adapters:
[2018.10.20-04.24.58:055][  0]LogD3D11RHI:    0. 'Intel(R) HD Graphics Family' (Feature Level 11_0)
[2018.10.20-04.24.58:055][  0]LogD3D11RHI:       112/0/2048 MB DedicatedVideo/DedicatedSystem/SharedSystem, Outputs:1, VendorId:0x8086
[2018.10.20-04.24.58:059][  0]LogD3D11RHI:    1. 'Microsoft Basic Render Driver' (Feature Level 11_0)
[2018.10.20-04.24.58:059][  0]LogD3D11RHI:       0/0/3037 MB DedicatedVideo/DedicatedSystem/SharedSystem, Outputs:0, VendorId:0x1414
[2018.10.20-04.24.58:059][  0]LogD3D11RHI: Chosen D3D11 Adapter: 0
[2018.10.20-04.24.58:068][  0]LogD3D11RHI: Creating new Direct3DDevice
[2018.10.20-04.24.58:068][  0]LogD3D11RHI:     GPU DeviceId: 0xa16 (for the marketing name, search the web for "GPU Device Id")
[2018.10.20-04.24.58:068][  0]LogWindows: EnumDisplayDevices:
[2018.10.20-04.24.58:069][  0]LogWindows:    0. 'Intel(R) HD Graphics Family' (P:1 D:1)
[2018.10.20-04.24.58:069][  0]LogWindows:    1. 'Intel(R) HD Graphics Family' (P:0 D:0)
[2018.10.20-04.24.58:069][  0]LogWindows:    2. 'Intel(R) HD Graphics Family' (P:0 D:0)
[2018.10.20-04.24.58:069][  0]LogWindows: DebugString: GetVideoDriverDetailsInvalid PrimaryIsNotTheChoosenAdapter GetVideoDriverDetailsInvalid PrimaryIsNotTheChoosenAdapter GetVideoDriverDetailsInvalid PrimaryIsNotTheChoosenAdapter FoundDriverCount:0 
[2018.10.20-04.24.58:069][  0]LogD3D11RHI:     Adapter Name: Intel(R) HD Graphics Family
[2018.10.20-04.24.58:069][  0]LogD3D11RHI:   Driver Version: Unknown (internal:Unknown, unified:Unknown)
[2018.10.20-04.24.58:069][  0]LogD3D11RHI:      Driver Date: Unknown
[2018.10.20-04.24.58:069][  0]LogRHI: Texture pool is 795 MB (70% of 1136 MB)
[2018.10.20-04.24.58:077][  0]LogD3D11RHI: Async texture creation enabled
[2018.10.20-04.24.58:088][  0]LogD3D11RHI: GPU Timing Frequency: 12.500000 (Debug: 2 0)
[2018.10.20-04.24.58:089][  0]LogShaderCompilers: Guid format shader working directory is -13 characters bigger than the processId version (../../../../../../Users/HP/Documents/Unreal Projects/fps/Intermediate/Shaders/WorkingDirectory/5880/).
[2018.10.20-04.24.58:090][  0]LogShaderCompilers: Cleaned the shader compiler working directory 'C:/Users/HP/AppData/Local/Temp/UnrealShaderWorkingDir/537239DD46D4BC0A0CD368B1B1C36E07/'.
[2018.10.20-04.24.58:090][  0]LogShaderCompilers:Display: Using Local Shader Compiler.
[2018.10.20-04.25.04:208][  0]LogTemp:Display: Loaded TP AllDesktopTargetPlatform
[2018.10.20-04.25.04:328][  0]LogTemp:Display: Loaded TP MacClientTargetPlatform
[2018.10.20-04.25.04:451][  0]LogTemp:Display: Loaded TP MacNoEditorTargetPlatform
[2018.10.20-04.25.04:564][  0]LogTemp:Display: Loaded TP MacServerTargetPlatform
[2018.10.20-04.25.04:740][  0]LogTemp:Display: Loaded TP MacTargetPlatform
[2018.10.20-04.25.04:871][  0]LogTemp:Display: Loaded TP WindowsClientTargetPlatform
[2018.10.20-04.25.04:992][  0]LogTemp:Display: Loaded TP WindowsNoEditorTargetPlatform
[2018.10.20-04.25.05:118][  0]LogTemp:Display: Loaded TP WindowsServerTargetPlatform
[2018.10.20-04.25.05:228][  0]LogTemp:Display: Loaded TP WindowsTargetPlatform
[2018.10.20-04.25.05:391][  0]LogTemp:Display: Loaded TP AndroidTargetPlatform
[2018.10.20-04.25.05:512][  0]LogTemp:Display: Loaded TP Android_ASTCTargetPlatform
[2018.10.20-04.25.05:671][  0]LogTemp:Display: Loaded TP Android_ATCTargetPlatform
[2018.10.20-04.25.05:837][  0]LogTemp:Display: Loaded TP Android_DXTTargetPlatform
[2018.10.20-04.25.05:973][  0]LogTemp:Display: Loaded TP Android_ETC1TargetPlatform
[2018.10.20-04.25.06:104][  0]LogTemp:Display: Loaded TP Android_ETC2TargetPlatform
[2018.10.20-04.25.06:410][  0]LogTemp:Display: Loaded TP Android_MultiTargetPlatform
[2018.10.20-04.25.06:410][  0]LogTemp:Display: Loaded TP Android_PVRTCTargetPlatform
[2018.10.20-04.25.06:588][  0]LogTemp:Display: Loaded TP HTML5TargetPlatform
[2018.10.20-04.25.06:902][  0]LogTemp:Display: Loaded TP IOSTargetPlatform
[2018.10.20-04.25.06:996][  0]LogTemp:Display: Loaded TP TVOSTargetPlatform
[2018.10.20-04.25.07:141][  0]LogTemp:Display: Loaded TP LinuxClientTargetPlatform
[2018.10.20-04.25.07:275][  0]LogTemp:Display: Loaded TP LinuxNoEditorTargetPlatform
[2018.10.20-04.25.07:396][  0]LogTemp:Display: Loaded TP LinuxServerTargetPlatform
[2018.10.20-04.25.07:561][  0]LogTemp:Display: Loaded TP LinuxTargetPlatform
[2018.10.20-04.25.07:561][  0]LogTargetPlatformManager:Display: Building Assets For Windows
[2018.10.20-04.25.09:112][  0]LogDerivedDataCache:Display: Max Cache Size: 512 MB
[2018.10.20-04.25.09:824][  0]LogDerivedDataCache: Loaded boot cache 0.71s 50MB C:/Users/HP/AppData/Local/UnrealEngine/4.15/DerivedDataCache/Boot.ddc.
[2018.10.20-04.25.09:824][  0]LogDerivedDataCache:Display: Loaded Boot cache: C:/Users/HP/AppData/Local/UnrealEngine/4.15/DerivedDataCache/Boot.ddc
[2018.10.20-04.25.09:824][  0]LogDerivedDataCache: FDerivedDataBackendGraph:  Pak pak cache file ../../../../../../Users/HP/Documents/Unreal Projects/fps/DerivedDataCache/DDC.ddp not found, will not use a pak cache.
[2018.10.20-04.25.09:824][  0]LogDerivedDataCache: Unable to find inner node Pak for hierarchical cache Hierarchy.
[2018.10.20-04.25.09:824][  0]LogDerivedDataCache: FDerivedDataBackendGraph:  CompressedPak pak cache file ../../../../../../Users/HP/Documents/Unreal Projects/fps/DerivedDataCache/Compressed.ddp not found, will not use a pak cache.
[2018.10.20-04.25.09:824][  0]LogDerivedDataCache: Unable to find inner node CompressedPak for hierarchical cache Hierarchy.
[2018.10.20-04.25.09:885][  0]LogDerivedDataCache:Display: Pak cache opened for reading ../../../Engine/DerivedDataCache/Compressed.ddp.
[2018.10.20-04.25.09:899][  0]LogDerivedDataCache: Using Local data cache path C:/Users/HP/AppData/Local/UnrealEngine/Common/DerivedDataCache: Writable
[2018.10.20-04.25.09:920][  0]LogSlate: Using Freetype 2.6.0
[2018.10.20-04.25.09:971][  0]LogSlate: SlateFontCache - WITH_FREETYPE: 1, WITH_HARFBUZZ: 1
[2018.10.20-04.25.09:971][  0]LogSlate: SlateFontCache - WITH_FREETYPE: 1, WITH_HARFBUZZ: 1
[2018.10.20-04.25.15:161][  0]LogInit: Selected Device Profile: [Windows]
[2018.10.20-04.25.15:168][  0]LogContentStreaming: Texture pool size is 0.00 MB
[2018.10.20-04.25.15:646][  0]LogMeshUtilities: Using QuadricMeshReduction for automatic static mesh reduction
[2018.10.20-04.25.15:796][  0]LogSimplygon: Simplygon DLL not present - disabling.
[2018.10.20-04.25.15:906][  0]LogMeshUtilities: Using SimplygonSwarm for distributed automatic mesh merging
[2018.10.20-04.25.15:906][  0]LogMeshUtilities: No automatic skeletal mesh reduction module available
[2018.10.20-04.25.15:906][  0]LogMeshUtilities: No automatic mesh merging module available
[2018.10.20-04.25.17:131][  0]LogNetVersion: GetLocalNetworkVersion: CL: 3299760, ProjectName: fps, ProjectVersion: , EngineNetworkVersion: 2, GameNetworkVersion: 0, NetworkChecksum: 227962739
[2018.10.20-04.25.17:243][  0]LogAssetRegistry: FAssetRegistry took 0.0235 seconds to start up
[2018.10.20-04.25.17:372][  0]LogPackageLocalizationCache: Processed 3 localized package path(s) for 2 prioritized culture(s) in 0.080098 seconds
[2018.10.20-04.25.17:384][  0]LogUObjectArray: 32493 objects as part of root set at end of initial load.
[2018.10.20-04.25.17:384][  0]LogUObjectAllocator: 7077024 out of 0 bytes used by permanent object pool.
[2018.10.20-04.25.17:384][  0]LogUObjectArray: CloseDisregardForGC: 0/0 objects in disregard for GC pool
[2018.10.20-04.25.17:553][  0]LogInit: WinSock: version 1.1 (2.2), MaxSocks=32767, MaxUdp=65467
[2018.10.20-04.25.42:710][  0]LogTcpMessaging: Initializing TcpMessaging bridge
[2018.10.20-04.25.42:797][  0]LogUdpMessaging: Initializing bridge on interface 0.0.0.0:0 to multicast group 230.0.0.1:6666.
[2018.10.20-04.25.44:214][  0]LogMaterial: Uniform references updated for custom material expression Custom.
[2018.10.20-04.25.45:189][  0]SourceControl: Info Source control is disabled
[2018.10.20-04.25.45:519][  0]SourceControl: Info Source control is disabled
[2018.10.20-04.25.45:669][  0]SourceControl: Info Source control is disabled
[2018.10.20-04.25.45:817][  0]SourceControl: Info Source control is disabled
[2018.10.20-04.25.49:521][  0]LogEngine: Initializing Engine...
[2018.10.20-04.25.49:522][  0]LogHMD: Failed to initialize OpenVR with code 110
[2018.10.20-04.25.49:755][  0]LogStats: UGameplayTagsManager::ConstructGameplayTagTree: Construct from data asset -  0.000 s
[2018.10.20-04.25.49:755][  0]LogStats: UGameplayTagsManager::ConstructGameplayTagTree: GameplayTagTreeChangedEvent.Broadcast -  0.000 s
[2018.10.20-04.25.50:122][  0]LogAIModule: Creating AISystem for world Untitled
[2018.10.20-04.25.50:132][  0]LogInit: XAudio2 using 'Speaker/HP (Realtek High Definition Audio)' : 2 channels at 48 kHz using 32 bits per sample (channel mask 0x3)
[2018.10.20-04.25.50:169][  0]LogInit: FAudioDevice initialized.
[2018.10.20-04.25.50:214][  0]LogDerivedDataCache: Saved boot cache 0.04s 50MB C:/Users/HP/AppData/Local/UnrealEngine/4.15/DerivedDataCache/Boot.ddc.
[2018.10.20-04.25.50:226][  0]LogInit: Texture streaming: Enabled
[2018.10.20-04.25.50:474][  0]LogEngineSessionManager: EngineSessionManager initialized
[2018.10.20-04.25.50:806][  0]LogInit: Transaction tracking system initialized
[2018.10.20-04.25.51:761][  0]BlueprintLog: New page: Editor Load
[2018.10.20-04.25.54:450][  0]LocalizationService: Info Localization service is disabled
[2018.10.20-04.25.56:339][  0]LogConsoleResponse:Display: 
[2018.10.20-04.25.57:113][  0]LogCook:Display: Max memory allowance for cook 16384mb min free memory 0mb
[2018.10.20-04.25.57:113][  0]LogCook:Display: Mobile HDR setting 1
[2018.10.20-04.25.57:199][  0]LogFileCache: Scanning file cache for directory 'C:/Users/HP/Documents/Unreal Projects/fps/Content/' took 0.02s
[2018.10.20-04.26.00:532][  0]SourceControl: Info Source control is disabled
[2018.10.20-04.26.00:532][  0]Cmd: MAP LOAD FILE="../../../../../../Users/HP/Documents/Unreal Projects/fps/Content/StarterContent/Maps/Minimal_Default.umap" TEMPLATE=0 SHOWPROGRESS=1 FEATURELEVEL=3
[2018.10.20-04.26.00:533][  0]LightingResults: New page: Lighting Build
[2018.10.20-04.26.00:612][  0]MapCheck: New page: Map Check
[2018.10.20-04.26.00:612][  0]LightingResults: New page: Lighting Build
[2018.10.20-04.26.01:201][  0]LogAIModule: Creating AISystem for world Minimal_Default
[2018.10.20-04.26.01:261][  0]LogEditorServer: Finished looking for orphan Actors (0.000 secs)
[2018.10.20-04.26.01:262][  0]Cmd: MAP CHECKDEP NOCLEARLOG
[2018.10.20-04.26.01:382][  0]MapCheck: Info Map check complete: 0 Error(s), 0 Warning(s), took 120.587ms to complete.
[2018.10.20-04.26.01:383][  0]LogFileHelpers: Loading map 'Minimal_Default' took 0.850
[2018.10.20-04.26.01:785][  0]LogCollectionManager: Loaded 0 collections in 0.002408 seconds
[2018.10.20-04.26.01:920][  0]LogFileCache: Scanning file cache for directory 'C:/Users/HP/Documents/Unreal Projects/fps/Saved/Collections/' took 0.01s
[2018.10.20-04.26.01:920][  0]LogFileCache: Scanning file cache for directory 'C:/Users/HP/Documents/Unreal Projects/fps/Content/Developers/HP/Collections/' took 0.01s
[2018.10.20-04.26.01:920][  0]LogFileCache: Scanning file cache for directory 'C:/Users/HP/Documents/Unreal Projects/fps/Content/Collections/' took 0.01s
[2018.10.20-04.26.01:920][  0]LogCollectionManager: Rebuilt the GUID cache for 0 collections in 0.000003 seconds
[2018.10.20-04.26.01:937][  0]LogContentBrowser: Native class hierarchy populated in 0.0165 seconds. Added 2245 classes and 453 folders.
[2018.10.20-04.26.02:094][  0]LogContentBrowser: Native class hierarchy updated for 'WidgetCarousel' in 0.0012 seconds. Added 0 classes and 0 folders.
[2018.10.20-04.26.03:573][  0]LogContentBrowser: Native class hierarchy updated for 'AddContentDialog' in 0.0008 seconds. Added 0 classes and 0 folders.
[2018.10.20-04.26.03:715][  0]LogContentBrowser: Native class hierarchy updated for 'SceneOutliner' in 0.0008 seconds. Added 1 classes and 2 folders.
[2018.10.20-04.26.03:823][  0]LogCrashTracker: Crashtracker disabled due to settings.
[2018.10.20-04.26.03:835][  0]LogUObjectGlobals:Warning: Failed to find object 'Class None.'
[2018.10.20-04.26.03:992][  0]LogContentBrowser: Native class hierarchy updated for 'HierarchicalLODOutliner' in 0.0009 seconds. Added 1 classes and 2 folders.
[2018.10.20-04.26.03:992][  0]LogLoad: (Engine Initialization) Total time: 79.32 seconds
[2018.10.20-04.26.03:992][  0]LogLoad: (Engine Initialization) Total Blueprint compile time: 0.22 seconds
[2018.10.20-04.26.03:992][  0]LogExternalProfiler: No external profilers were discovered.  External profiling features will not be available.
[2018.10.20-04.26.04:012][  0]LogOcInput: OculusInput pre-init called
[2018.10.20-04.26.04:033][  0]LogContentStreaming: Texture pool size now 3000 MB
[2018.10.20-04.26.04:063][  0]LogSlate: Took 0.029694 seconds to synchronously load lazily loaded font '../../../Engine/Content/Slate/Fonts/Roboto-Regular.ttf' (155K)
[2018.10.20-04.26.04:083][  0]LogSlate: Took 0.014940 seconds to synchronously load lazily loaded font '../../../Engine/Content/Slate/Fonts/Roboto-Bold.ttf' (160K)
[2018.10.20-04.26.04:120][  0]LogSlate: Took 0.028076 seconds to synchronously load lazily loaded font '../../../Engine/Content/Editor/Slate/Fonts/FontAwesome.ttf' (139K)
[2018.10.20-04.26.04:377][  0]LogRenderer: Reallocating scene render targets to support 856x372 NumSamples 1 (Frame:2).
[2018.10.20-04.26.04:996][  0]LogSlate: Took 0.027403 seconds to synchronously load lazily loaded font '../../../Engine/Content/Slate/Fonts/Roboto-Light.ttf' (159K)
[2018.10.20-04.26.05:266][  2]LogAssetRegistry: Asset discovery search completed in 48.0467 seconds
[2018.10.20-04.26.05:266][  2]LogCollectionManager: Rebuilt the object cache for 0 collections in 0.000015 seconds (found 0 objects)
[2018.10.20-04.26.05:266][  2]LogCollectionManager: Fixed up redirectors for 0 collections in 0.000048 seconds (updated 0 objects)
[2018.10.20-04.27.35:532][346]LogSlate: Took 0.000254 seconds to synchronously load lazily loaded font '../../../Engine/Content/Slate/Fonts/Roboto-Light.ttf' (159K)
[2018.10.20-04.27.35:791][346]LogBlueprint:Warning: [Compiler ThirdPersonCharacter] Warning InputAction Event references unknown Action 'ResetVR' for  InputAction ResetVR
[2018.10.20-04.27.35:799][346]LogBlueprint:Warning: [Compiler ThirdPersonCharacter] Warning [0171.13] Compile of ThirdPersonCharacter successful, but with 1 Warning(s) [in 16 ms] (/Game/ThirdPersonBP/Blueprints/ThirdPersonCharacter.ThirdPersonCharacter)
[2018.10.20-04.27.35:799][346]LogBlueprint:Warning: [Compiler ThirdPersonCharacter] Warning [0171.13] Compile of ThirdPersonCharacter successful, but with 2 Warning(s) [in 0 ms] (/Game/ThirdPersonBP/Blueprints/ThirdPersonCharacter.ThirdPersonCharacter)
[2018.10.20-04.27.35:799][346]LogBlueprint:Warning: [Compiler ThirdPersonCharacter] Warning [0171.13] Compile of ThirdPersonCharacter successful, but with 3 Warning(s) [in 0 ms] (/Game/ThirdPersonBP/Blueprints/ThirdPersonCharacter.ThirdPersonCharacter)
[2018.10.20-04.27.35:810][346]LogBlueprint:Warning: [Compiler ThirdPersonCharacter] Warning InputAction Event references unknown Action 'ResetVR' for  InputAction ResetVR
[2018.10.20-04.27.35:817][346]LogBlueprint:Warning: [Compiler ThirdPersonCharacter] Warning [0171.14] Compile of ThirdPersonCharacter successful, but with 1 Warning(s) [in 14 ms] (/Game/ThirdPersonBP/Blueprints/ThirdPersonCharacter.ThirdPersonCharacter)
[2018.10.20-04.27.35:817][346]LogBlueprint:Warning: [Compiler ThirdPersonCharacter] Warning [0171.14] Compile of ThirdPersonCharacter successful, but with 2 Warning(s) [in 0 ms] (/Game/ThirdPersonBP/Blueprints/ThirdPersonCharacter.ThirdPersonCharacter)
[2018.10.20-04.27.35:817][346]LogBlueprint:Warning: [Compiler ThirdPersonCharacter] Warning [0171.14] Compile of ThirdPersonCharacter successful, but with 3 Warning(s) [in 0 ms] (/Game/ThirdPersonBP/Blueprints/ThirdPersonCharacter.ThirdPersonCharacter)
[2018.10.20-04.27.36:439][346]LogSlate: Took 0.000650 seconds to synchronously load lazily loaded font '../../../Engine/Content/Slate/Fonts/Roboto-Regular.ttf' (155K)
[2018.10.20-04.27.37:374][346]LogAIModule: Creating AISystem for world ThirdPersonExampleMap
[2018.10.20-04.27.37:548][346]Cmd: MAP LOAD FILE="../../../../../../Users/HP/Documents/Unreal Projects/fps/Content/ThirdPersonBP/Maps/ThirdPersonExampleMap.umap" TEMPLATE=0 SHOWPROGRESS=1 FEATURELEVEL=3
[2018.10.20-04.27.37:548][346]LightingResults: New page: Lighting Build
[2018.10.20-04.27.37:551][346]LoadErrors: New page: Loading map: ThirdPersonExampleMap.umap
[2018.10.20-04.27.37:563][346]MapCheck: New page: Map Check
[2018.10.20-04.27.37:563][346]LightingResults: New page: Lighting Build
[2018.10.20-04.27.37:661][346]LogEditorServer: Finished looking for orphan Actors (0.000 secs)
[2018.10.20-04.27.37:730][346]Cmd: MAP CHECKDEP NOCLEARLOG
[2018.10.20-04.27.37:833][346]MapCheck: Info Map check complete: 0 Error(s), 0 Warning(s), took 103.294ms to complete.
[2018.10.20-04.27.37:833][346]LogFileHelpers: Loading map 'ThirdPersonExampleMap' took 0.297
[2018.10.20-04.27.55:813][257]LogContentBrowser: Native class hierarchy updated for 'BlueprintGraph' in 0.0015 seconds. Added 112 classes and 0 folders.
[2018.10.20-04.27.59:019][257]LogSlate: Took 0.022017 seconds to synchronously load lazily loaded font '../../../Engine/Content/Editor/Slate/Fonts/Roboto-BoldCondensed.ttf' (158K)
[2018.10.20-04.28.01:083][258]LogSlate: Took 0.031531 seconds to synchronously load lazily loaded font '../../../Engine/Content/Editor/Slate/Fonts/Roboto-Italic.ttf' (157K)
[2018.10.20-04.29.04:913][879]LogTexture:Display: Building textures: HQ_Lightmap0_2 (AutoDXT, 1024X1024) - 111 MB total VRAM
[2018.10.20-04.29.05:739][879]LogTexture:Display: Building textures: HQ_Lightmap1_1 (AutoDXT, 1024X1024) - 111 MB total VRAM
[2018.10.20-04.29.06:414][879]LogTexture:Display: Building textures: LQ_Lightmap_0_2 (DXT1, 1024X1024) - 111 MB total VRAM
[2018.10.20-04.29.06:696][879]LogTexture:Display: Building textures: LQ_Lightmap_1_1 (DXT1, 1024X1024) - 112 MB total VRAM
[2018.10.20-04.29.06:922][879]LogTexture:Display: Building textures: SkyOcclusion0_2 (AutoDXT, 1024X512) - 112 MB total VRAM
[2018.10.20-04.29.07:380][879]LogTexture:Display: Building textures: SkyOcclusion1_1 (AutoDXT, 1024X512) - 112 MB total VRAM
[2018.10.20-04.29.07:700][879]LogTexture:Display: Building textures: ShadowMapTexture2D_2 (G8, 1024X1024) - 112 MB total VRAM
[2018.10.20-04.29.08:027][879]LogAIModule: Creating AISystem for world lina
[2018.10.20-04.29.08:156][879]Cmd: MAP LOAD FILE="../../../../../../Users/HP/Documents/Unreal Projects/fps/Content/Maps/lina.umap" TEMPLATE=0 SHOWPROGRESS=1 FEATURELEVEL=3
[2018.10.20-04.29.08:156][879]LightingResults: New page: Lighting Build
[2018.10.20-04.29.08:159][879]LoadErrors: New page: Loading map: lina.umap
[2018.10.20-04.29.08:160][879]MapCheck: New page: Map Check
[2018.10.20-04.29.08:160][879]LightingResults: New page: Lighting Build
[2018.10.20-04.29.08:254][879]LogEditorServer: Finished looking for orphan Actors (0.000 secs)
[2018.10.20-04.29.08:315][879]Cmd: MAP CHECKDEP NOCLEARLOG
[2018.10.20-04.29.08:433][879]MapCheck: Info Map check complete: 0 Error(s), 0 Warning(s), took 117.453ms to complete.
[2018.10.20-04.29.08:433][879]LogFileHelpers: Loading map 'lina' took 0.277
[2018.10.20-04.29.11:684][ 45]LogTemp: Repeting last play command: Selected Viewport
[2018.10.20-04.29.11:723][ 45]LogBlueprintUserMessages: Early PlayInEditor Detection: Level '/Game/Maps/lina.lina:PersistentLevel' has LevelScriptBlueprint '/Game/Maps/lina.lina:PersistentLevel.lina' with GeneratedClass '/Game/Maps/lina.lina_C' with ClassGeneratedBy '/Game/Maps/lina.lina:PersistentLevel.lina'
[2018.10.20-04.29.11:723][ 45]LogPlayLevel: PlayLevel: No blueprints needed recompiling
[2018.10.20-04.29.11:723][ 45]PIE: New page: PIE session: lina (Oct 19, 2018, 2:29:11 PM)
[2018.10.20-04.29.11:723][ 45]LogPlayLevel: Creating play world package: /Game/Maps/UEDPIE_0_lina
[2018.10.20-04.29.11:768][ 45]LogPlayLevel: PIE: StaticDuplicateObject took: (0.045086s)
[2018.10.20-04.29.11:769][ 45]LogAIModule: Creating AISystem for world lina
[2018.10.20-04.29.11:770][ 45]LogPlayLevel: PIE: World Init took: (0.001115s)
[2018.10.20-04.29.11:770][ 45]LogPlayLevel: PIE: Created PIE world by copying editor world from /Game/Maps/lina.lina to /Game/Maps/UEDPIE_0_lina.lina (0.046543s)
[2018.10.20-04.29.11:815][ 45]LogInit: XAudio2 using 'Speaker/HP (Realtek High Definition Audio)' : 2 channels at 48 kHz using 32 bits per sample (channel mask 0x3)
[2018.10.20-04.29.11:840][ 45]LogInit: FAudioDevice initialized.
[2018.10.20-04.29.11:913][ 45]LogLoad: Game class is 'FPS_GameMode_C'
[2018.10.20-04.29.11:920][ 45]LogWorld: Bringing World /Game/Maps/UEDPIE_0_lina.lina up for play (max tick rate 60) at 2018.10.19-21.29.11
[2018.10.20-04.29.11:940][ 45]LogWorld: Bringing up level for play took: 0.025451
[2018.10.20-04.29.12:027][ 45]LogContentBrowser: Native class hierarchy updated for 'MovieSceneCapture' in 0.0009 seconds. Added 11 classes and 0 folders.
[2018.10.20-04.29.12:030][ 45]PIE: Info Play in editor start time for /Game/Maps/UEDPIE_0_lina 0.995
[2018.10.20-04.29.12:030][ 45]LogBlueprintUserMessages: Late PlayInEditor Detection: Level '/Game/Maps/lina.lina:PersistentLevel' has LevelScriptBlueprint '/Game/Maps/lina.lina:PersistentLevel.lina' with GeneratedClass '/Game/Maps/lina.lina_C' with ClassGeneratedBy '/Game/Maps/lina.lina:PersistentLevel.lina'
[2018.10.20-04.29.50:946][ 33]LogBlueprintUserMessages: Early EndPlayMap Detection: Level '/Game/Maps/lina.lina:PersistentLevel' has LevelScriptBlueprint '/Game/Maps/lina.lina:PersistentLevel.lina' with GeneratedClass '/Game/Maps/lina.lina_C' with ClassGeneratedBy '/Game/Maps/lina.lina:PersistentLevel.lina'
[2018.10.20-04.29.51:038][ 33]LogBlueprintUserMessages: Late EndPlayMap Detection: Level '/Game/Maps/lina.lina:PersistentLevel' has LevelScriptBlueprint '/Game/Maps/lina.lina:PersistentLevel.lina' with GeneratedClass '/Game/Maps/lina.lina_C' with ClassGeneratedBy '/Game/Maps/lina.lina:PersistentLevel.lina'
[2018.10.20-04.30.05:830][729]LogLinker:Warning: Unable to load package (../../../../../../Users/HP/Documents/Unreal Projects/fps/Content/Maps/Mikasa.umap). Post Tag is not valid. File might be corrupted.
[2018.10.20-04.30.05:832][729]LogLinker:Warning: Unable to load package (../../../../../../Users/HP/Documents/Unreal Projects/fps/Content/Maps/Mikasa.umap). Post Tag is not valid. File might be corrupted.
[2018.10.20-04.30.05:833][729]LogUObjectGlobals:Warning: Failed to find object 'Object /Game/Maps/Mikasa.Mikasa'
[2018.10.20-04.30.07:249][813]LogLinker:Warning: Unable to load package (../../../../../../Users/HP/Documents/Unreal Projects/fps/Content/Maps/Mikasa.umap). Post Tag is not valid. File might be corrupted.
[2018.10.20-04.30.10:819][ 26]LogLinker:Warning: Unable to load package (../../../../../../Users/HP/Documents/Unreal Projects/fps/Content/Maps/Mikasa.umap). Post Tag is not valid. File might be corrupted.
[2018.10.20-04.30.11:114][ 43]LogLinker:Warning: Unable to load package (../../../../../../Users/HP/Documents/Unreal Projects/fps/Content/Maps/Mikasa.umap). Post Tag is not valid. File might be corrupted.
[2018.10.20-04.30.12:211][103]Cmd: MAP LOAD FILE="../../../../../../Users/HP/Documents/Unreal Projects/fps/Content/Maps/lina.umap" TEMPLATE=0 SHOWPROGRESS=1 FEATURELEVEL=3
[2018.10.20-04.30.12:211][103]LightingResults: New page: Lighting Build
[2018.10.20-04.30.12:213][103]LoadErrors: New page: Loading map: lina.umap
[2018.10.20-04.30.12:215][103]MapCheck: New page: Map Check
[2018.10.20-04.30.12:215][103]LightingResults: New page: Lighting Build
[2018.10.20-04.30.12:332][103]LogAIModule: Creating AISystem for world lina
[2018.10.20-04.30.12:345][103]LogEditorServer: Finished looking for orphan Actors (0.000 secs)
[2018.10.20-04.30.12:393][103]Cmd: MAP CHECKDEP NOCLEARLOG
[2018.10.20-04.30.12:505][103]MapCheck: Info Map check complete: 0 Error(s), 0 Warning(s), took 111.305ms to complete.
[2018.10.20-04.30.12:506][103]LogFileHelpers: Loading map 'lina' took 0.296
[2018.10.20-04.30.14:270][190]LogLinker:Warning: Unable to load package (../../../../../../Users/HP/Documents/Unreal Projects/fps/Content/Maps/Mikasa.umap). Post Tag is not valid. File might be corrupted.
[2018.10.20-04.30.14:272][190]LogLinker:Warning: Unable to load package (../../../../../../Users/HP/Documents/Unreal Projects/fps/Content/Maps/Mikasa.umap). Post Tag is not valid. File might be corrupted.
[2018.10.20-04.30.15:364][255]LogLinker:Warning: Unable to load package (../../../../../../Users/HP/Documents/Unreal Projects/fps/Content/Maps/Mikasa.umap). Post Tag is not valid. File might be corrupted.
[2018.10.20-04.30.15:705][275]LogLinker:Warning: Unable to load package (../../../../../../Users/HP/Documents/Unreal Projects/fps/Content/Maps/Mikasa.umap). Post Tag is not valid. File might be corrupted.
[2018.10.20-04.30.21:548][625]LogLinker:Warning: Unable to load package (../../../../../../Users/HP/Documents/Unreal Projects/fps/Content/Maps/Mikasa.umap). Post Tag is not valid. File might be corrupted.
[2018.10.20-04.30.21:876][644]LogLinker:Warning: Unable to load package (../../../../../../Users/HP/Documents/Unreal Projects/fps/Content/Maps/Mikasa.umap). Post Tag is not valid. File might be corrupted.
[2018.10.20-04.30.22:627][688]LogLinker:Warning: Unable to load package (../../../../../../Users/HP/Documents/Unreal Projects/fps/Content/Maps/Mikasa.umap). Post Tag is not valid. File might be corrupted.
[2018.10.20-04.30.24:112][775]LogLinker:Warning: Unable to load package (../../../../../../Users/HP/Documents/Unreal Projects/fps/Content/Maps/Mikasa.umap). Post Tag is not valid. File might be corrupted.
[2018.10.20-04.30.28:838][ 42]LogLinker:Warning: Unable to load package (../../../../../../Users/HP/Documents/Unreal Projects/fps/Content/Maps/Mikasa.umap). Post Tag is not valid. File might be corrupted.
[2018.10.20-04.30.51:942][269]LogWindowsTextInputMethodSystem:Display: IME system now deactivated.
[2018.10.20-04.30.52:262][270]Cmd: QUIT_EDITOR
[2018.10.20-04.30.53:355][270]LogExit: Preparing to exit.
[2018.10.20-04.30.54:100][270]LogDirectoryWatcher: A directory notification for 'C:/Users/HP/Documents/Unreal Projects/fps/Content/' was aborted.
[2018.10.20-04.30.54:154][270]LogExit: Editor shut down
[2018.10.20-04.30.54:154][270]LogExit: Transaction tracking system shut down
[2018.10.20-04.30.54:352][270]LogObj: Freed 0b from 0 cluster array pools.
[2018.10.20-04.30.54:352][270]LogExit: Object subsystem successfully closed.
[2018.10.20-04.30.54:384][270]LogD3D11RHI: Shutdown
[2018.10.20-04.30.54:384][270]LogD3D11RHI: CleanupD3DDevice
[2018.10.20-04.30.54:788][270]LogD3D11RHI: ~FD3D11DynamicRHI
[2018.10.20-04.30.54:857][270]LogModuleManager: Shutting down and abandoning module MovieSceneCapture (504)
[2018.10.20-04.30.54:857][270]LogModuleManager: Shutting down and abandoning module BlueprintGraph (502)
[2018.10.20-04.30.54:857][270]LogModuleManager: Shutting down and abandoning module BlueprintProfiler (500)
[2018.10.20-04.30.54:866][270]LogModuleManager: Shutting down and abandoning module HierarchicalLODOutliner (498)
[2018.10.20-04.30.54:866][270]LogModuleManager: Shutting down and abandoning module CrashTracker (496)
[2018.10.20-04.30.54:866][270]LogModuleManager: Shutting down and abandoning module SceneOutliner (494)
[2018.10.20-04.30.54:866][270]LogModuleManager: Shutting down and abandoning module AddContentDialog (492)
[2018.10.20-04.30.54:866][270]LogDirectoryWatcher: A directory notification for 'C:/Program Files/Epic Games/UE_4.15/FeaturePacks/' was aborted.
[2018.10.20-04.30.54:868][270]LogModuleManager: Shutting down and abandoning module WidgetCarousel (491)
[2018.10.20-04.30.54:868][270]LogModuleManager: Shutting down and abandoning module EditorWidgets (488)
[2018.10.20-04.30.54:868][270]LogModuleManager: Shutting down and abandoning module CollectionManager (486)
[2018.10.20-04.30.54:868][270]LogDirectoryWatcher: A directory notification for 'C:/Users/HP/Documents/Unreal Projects/fps/Content/Collections/' was aborted.
[2018.10.20-04.30.54:868][270]LogDirectoryWatcher: A directory notification for 'C:/Users/HP/Documents/Unreal Projects/fps/Content/Developers/HP/Collections/' was aborted.
[2018.10.20-04.30.54:868][270]LogDirectoryWatcher: A directory notification for 'C:/Users/HP/Documents/Unreal Projects/fps/Saved/Collections/' was aborted.
[2018.10.20-04.30.54:868][270]LogModuleManager: Shutting down and abandoning module StatsViewer (484)
[2018.10.20-04.30.54:868][270]LogModuleManager: Shutting down and abandoning module FoliageEdit (482)
[2018.10.20-04.30.54:868][270]LogModuleManager: Shutting down and abandoning module LandscapeEditor (480)
[2018.10.20-04.30.54:869][270]LogModuleManager: Shutting down and abandoning module SceneDepthPickerMode (478)
[2018.10.20-04.30.54:869][270]LogModuleManager: Shutting down and abandoning module ActorPickerMode (476)
[2018.10.20-04.30.54:869][270]LogModuleManager: Shutting down and abandoning module GeometryMode (474)
[2018.10.20-04.30.54:869][270]LogModuleManager: Shutting down and abandoning module TextureAlignMode (472)
[2018.10.20-04.30.54:869][270]LogModuleManager: Shutting down and abandoning module BspMode (470)
[2018.10.20-04.30.54:869][270]LogModuleManager: Shutting down and abandoning module HardwareSurvey (468)
[2018.10.20-04.30.54:869][270]LogModuleManager: Shutting down and abandoning module SequenceRecorderSections (466)
[2018.10.20-04.30.54:869][270]LogModuleManager: Shutting down and abandoning module AutomationWorker (464)
[2018.10.20-04.30.54:869][270]LogModuleManager: Shutting down and abandoning module MatineeToLevelSequence (462)
[2018.10.20-04.30.54:869][270]LogModuleManager: Shutting down and abandoning module LevelSequenceEditor (460)
[2018.10.20-04.30.54:869][270]LogModuleManager: Shutting down and abandoning module PlacementMode (459)
[2018.10.20-04.30.54:869][270]LogModuleManager: Shutting down and abandoning module WmfMediaFactory (456)
[2018.10.20-04.30.54:869][270]LogModuleManager: Shutting down and abandoning module WmfMediaEditor (454)
[2018.10.20-04.30.54:869][270]LogModuleManager: Shutting down and abandoning module MfMediaFactory (452)
[2018.10.20-04.30.54:869][270]LogModuleManager: Shutting down and abandoning module MfMediaEditor (450)
[2018.10.20-04.30.54:869][270]LogModuleManager: Shutting down and abandoning module AvfMediaFactory (448)
[2018.10.20-04.30.54:869][270]LogModuleManager: Shutting down and abandoning module AvfMediaEditor (446)
[2018.10.20-04.30.54:869][270]LogModuleManager: Shutting down and abandoning module AndroidMediaFactory (444)
[2018.10.20-04.30.54:869][270]LogModuleManager: Shutting down and abandoning module Media (443)
[2018.10.20-04.30.54:869][270]LogModuleManager: Shutting down and abandoning module AndroidMediaEditor (440)
[2018.10.20-04.30.54:869][270]LogModuleManager: Shutting down and abandoning module CharacterAI (438)
[2018.10.20-04.30.54:869][270]LogModuleManager: Shutting down and abandoning module AudioCapture (436)
[2018.10.20-04.30.54:869][270]LogModuleManager: Shutting down and abandoning module SequenceRecorder (435)
[2018.10.20-04.30.54:869][270]LogModuleManager: Shutting down and abandoning module SmartSnapping (432)
[2018.10.20-04.30.54:869][270]LogModuleManager: Shutting down and abandoning module SessionServices (430)
[2018.10.20-04.30.54:869][270]LogModuleManager: Shutting down and abandoning module ViewportSnapping (428)
[2018.10.20-04.30.54:869][270]LogModuleManager: Shutting down and abandoning module ViewportInteraction (426)
[2018.10.20-04.30.54:869][270]LogModuleManager: Shutting down and abandoning module LogVisualizer (424)
[2018.10.20-04.30.54:870][270]LogModuleManager: Shutting down and abandoning module IntroTutorials (422)
[2018.10.20-04.30.54:870][270]LogModuleManager: Shutting down and abandoning module GameProjectGeneration (421)
[2018.10.20-04.30.54:870][270]LogModuleManager: Shutting down and abandoning module EditorLiveStreaming (418)
[2018.10.20-04.30.54:870][270]LogModuleManager: Shutting down and abandoning module IOSPlatformEditor (416)
[2018.10.20-04.30.54:870][270]LogModuleManager: Shutting down and abandoning module HTML5PlatformEditor (414)
[2018.10.20-04.30.54:870][270]LogModuleManager: Shutting down and abandoning module AndroidPlatformEditor (412)
[2018.10.20-04.30.54:870][270]LogModuleManager: Shutting down and abandoning module AndroidDeviceDetection (411)
[2018.10.20-04.30.55:638][270]LogModuleManager: Shutting down and abandoning module IOSRuntimeSettings (408)
[2018.10.20-04.30.55:638][270]LogModuleManager: Shutting down and abandoning module AndroidRuntimeSettings (406)
[2018.10.20-04.30.55:638][270]LogModuleManager: Shutting down and abandoning module InputBindingEditor (404)
[2018.10.20-04.30.55:638][270]LogModuleManager: Shutting down and abandoning module NiagaraEditor (402)
[2018.10.20-04.30.55:638][270]LogModuleManager: Shutting down and abandoning module MergeActors (400)
[2018.10.20-04.30.55:638][270]LogModuleManager: Shutting down and abandoning module SizeMap (398)
[2018.10.20-04.30.55:638][270]LogModuleManager: Shutting down and abandoning module TreeMap (396)
[2018.10.20-04.30.55:638][270]LogModuleManager: Shutting down and abandoning module ReferenceViewer (394)
[2018.10.20-04.30.55:638][270]LogModuleManager: Shutting down and abandoning module LocalizationDashboard (392)
[2018.10.20-04.30.55:638][270]LogModuleManager: Shutting down and abandoning module LocalizationService (391)
[2018.10.20-04.30.55:638][270]LogModuleManager: Shutting down and abandoning module HardwareTargeting (388)
[2018.10.20-04.30.55:638][270]LogModuleManager: Shutting down and abandoning module DeviceProfileEditor (386)
[2018.10.20-04.30.55:638][270]LogModuleManager: Shutting down and abandoning module UndoHistory (384)
[2018.10.20-04.30.55:638][270]LogModuleManager: Shutting down and abandoning module UserFeedback (382)
[2018.10.20-04.30.55:638][270]LogModuleManager: Shutting down and abandoning module XmlParser (380)
[2018.10.20-04.30.55:639][270]LogModuleManager: Shutting down and abandoning module Blutility (378)
[2018.10.20-04.30.55:639][270]LogModuleManager: Shutting down and abandoning module ProjectSettingsViewer (376)
[2018.10.20-04.30.55:639][270]LogModuleManager: Shutting down and abandoning module ProjectTargetPlatformEditor (375)
[2018.10.20-04.30.55:639][270]LogModuleManager: Shutting down and abandoning module EditorSettingsViewer (372)
[2018.10.20-04.30.55:639][270]LogModuleManager: Shutting down and abandoning module SettingsEditor (370)
[2018.10.20-04.30.55:639][270]LogModuleManager: Shutting down and abandoning module ProjectLauncher (368)
[2018.10.20-04.30.55:639][270]LogModuleManager: Shutting down and abandoning module SessionFrontend (366)
[2018.10.20-04.30.55:639][270]LogModuleManager: Shutting down and abandoning module ProfilerClient (364)
[2018.10.20-04.30.55:639][270]LogModuleManager: Shutting down and abandoning module DeviceManager (362)
[2018.10.20-04.30.55:639][270]LogModuleManager: Shutting down and abandoning module TargetDeviceServices (361)
[2018.10.20-04.30.55:692][270]LogModuleManager: Shutting down and abandoning module AutomationController (358)
[2018.10.20-04.30.55:692][270]LogModuleManager: Shutting down and abandoning module AutomationWindow (356)
[2018.10.20-04.30.55:692][270]LogModuleManager: Shutting down and abandoning module Layers (354)
[2018.10.20-04.30.55:692][270]LogModuleManager: Shutting down and abandoning module ComponentVisualizers (352)
[2018.10.20-04.30.55:692][270]LogModuleManager: Shutting down and abandoning module DetailCustomizations (350)
[2018.10.20-04.30.55:692][270]LogModuleManager: Shutting down and abandoning module PackagesDialog (348)
[2018.10.20-04.30.55:692][270]LogModuleManager: Shutting down and abandoning module Persona (346)
[2018.10.20-04.30.55:692][270]LogModuleManager: Shutting down and abandoning module AnimGraph (345)
[2018.10.20-04.30.55:692][270]LogModuleManager: Shutting down and abandoning module Kismet (342)
[2018.10.20-04.30.55:703][270]LogModuleManager: Shutting down and abandoning module GraphEditor (340)
[2018.10.20-04.30.55:703][270]LogModuleManager: Shutting down and abandoning module ClassViewer (338)
[2018.10.20-04.30.55:703][270]LogModuleManager: Shutting down and abandoning module Toolbox (336)
[2018.10.20-04.30.55:703][270]LogModuleManager: Shutting down and abandoning module ModuleUI (334)
[2018.10.20-04.30.55:703][270]LogModuleManager: Shutting down and abandoning module MovieSceneTools (332)
[2018.10.20-04.30.55:703][270]LogModuleManager: Shutting down and abandoning module OutputLog (330)
[2018.10.20-04.30.55:704][270]LogModuleManager: Shutting down and abandoning module GammaUI (328)
[2018.10.20-04.30.55:704][270]LogModuleManager: Shutting down and abandoning module Documentation (326)
[2018.10.20-04.30.55:704][270]LogModuleManager: Shutting down and abandoning module Niagara (324)
[2018.10.20-04.30.55:704][270]LogModuleManager: Shutting down and abandoning module StreamingPauseRendering (322)
[2018.10.20-04.30.55:704][270]LogModuleManager: Shutting down and abandoning module AnalyticsET (320)
[2018.10.20-04.30.55:704][270]LogModuleManager: Shutting down and abandoning module PortalServices (318)
[2018.10.20-04.30.55:704][270]LogModuleManager: Shutting down and abandoning module PortalRpc (316)
[2018.10.20-04.30.55:704][270]LogModuleManager: Shutting down and abandoning module MessagingRpc (314)
[2018.10.20-04.30.55:704][270]LogModuleManager: Shutting down and abandoning module AIModule (312)
[2018.10.20-04.30.55:704][270]LogModuleManager: Shutting down and abandoning module GameplayDebugger (311)
[2018.10.20-04.30.55:704][270]LogModuleManager: Shutting down and abandoning module AITestSuite (309)
[2018.10.20-04.30.55:704][270]LogModuleManager: Shutting down and abandoning module ProfilerService (306)
[2018.10.20-04.30.55:730][270]LogModuleManager: Shutting down and abandoning module TaskGraph (304)
[2018.10.20-04.30.55:730][270]LogModuleManager: Shutting down and abandoning module SteamVRController (302)
[2018.10.20-04.30.55:730][270]LogModuleManager: Shutting down and abandoning module SteamVR (300)
[2018.10.20-04.30.55:730][270]LogModuleManager: Shutting down and abandoning module ProceduralMeshComponentEditor (298)
[2018.10.20-04.30.55:730][270]LogModuleManager: Shutting down and abandoning module ProceduralMeshComponent (296)
[2018.10.20-04.30.55:730][270]LogModuleManager: Shutting down and abandoning module OculusLibrary (294)
[2018.10.20-04.30.55:730][270]LogModuleManager: Shutting down and abandoning module OculusInput (292)
[2018.10.20-04.30.55:730][270]LogModuleManager: Shutting down and abandoning module MobilePatchingUtils (290)
[2018.10.20-04.30.55:730][270]LogModuleManager: Shutting down and abandoning module CustomMeshComponent (288)
[2018.10.20-04.30.55:730][270]LogModuleManager: Shutting down and abandoning module CableComponent (286)
[2018.10.20-04.30.55:730][270]LogModuleManager: Shutting down and abandoning module ArchVisCharacter (284)
[2018.10.20-04.30.55:730][270]LogModuleManager: Shutting down and abandoning module MediaPlayerEditor (280)
[2018.10.20-04.30.55:730][270]LogModuleManager: Shutting down and abandoning module HTML5Networking (278)
[2018.10.20-04.30.55:730][270]LogModuleManager: Shutting down and abandoning module AlembicImporter (276)
[2018.10.20-04.30.55:730][270]LogModuleManager: Shutting down and abandoning module AlembicLibrary (275)
[2018.10.20-04.30.55:730][270]LogModuleManager: Shutting down and abandoning module GeometryCache (274)
[2018.10.20-04.30.55:730][270]LogModuleManager: Shutting down and abandoning module GeometryCacheEd (273)
[2018.10.20-04.30.55:730][270]LogModuleManager: Shutting down and abandoning module SuperSearchEditor (268)
[2018.10.20-04.30.55:730][270]LogModuleManager: Shutting down and abandoning module SuperSearch (267)
[2018.10.20-04.30.55:730][270]LogModuleManager: Shutting down and abandoning module SpeedTreeImporter (264)
[2018.10.20-04.30.55:730][270]LogModuleManager: Shutting down and abandoning module PluginBrowser (262)
[2018.10.20-04.30.55:730][270]LogModuleManager: Shutting down and abandoning module MobileLauncherProfileWizard (260)
[2018.10.20-04.30.55:730][270]LogModuleManager: Shutting down and abandoning module EpicSurvey (258)
[2018.10.20-04.30.55:730][270]LogModuleManager: Shutting down and abandoning module VisualStudioSourceCodeAccess (256)
[2018.10.20-04.30.55:730][270]LogModuleManager: Shutting down and abandoning module DesktopPlatform (255)
[2018.10.20-04.30.55:730][270]LogModuleManager: Shutting down and abandoning module UObjectPlugin (252)
[2018.10.20-04.30.55:730][270]LogModuleManager: Shutting down and abandoning module SubversionSourceControl (250)
[2018.10.20-04.30.55:730][270]LogModuleManager: Shutting down and abandoning module PerforceSourceControl (248)
[2018.10.20-04.30.55:730][270]LogModuleManager: Shutting down and abandoning module GitSourceControl (246)
[2018.10.20-04.30.55:730][270]LogModuleManager: Shutting down and abandoning module SourceControl (245)
[2018.10.20-04.30.55:730][270]LogModuleManager: Shutting down and abandoning module LightPropagationVolumeEditor (242)
[2018.10.20-04.30.55:730][270]LogModuleManager: Shutting down and abandoning module PaperTiledImporter (240)
[2018.10.20-04.30.55:730][270]LogModuleManager: Shutting down and abandoning module PaperSpriteSheetImporter (238)
[2018.10.20-04.30.55:730][270]LogModuleManager: Shutting down and abandoning module Paper2DEditor (236)
[2018.10.20-04.30.55:730][270]LogModuleManager: Shutting down and abandoning module MeshPaint (235)
[2018.10.20-04.30.55:730][270]LogModuleManager: Shutting down and abandoning module LevelEditor (233)
[2018.10.20-04.30.55:731][270]LogModuleManager: Shutting down and abandoning module PixelInspectorModule (232)
[2018.10.20-04.30.55:731][270]LogModuleManager: Shutting down and abandoning module MainFrame (230)
[2018.10.20-04.30.55:732][270]LogModuleManager: Shutting down and abandoning module HotReload (229)
[2018.10.20-04.30.55:732][270]LogModuleManager: Shutting down and abandoning module ContentBrowser (225)
[2018.10.20-04.30.55:734][270]LogModuleManager: Shutting down and abandoning module PhysXVehiclesEditor (222)
[2018.10.20-04.30.55:734][270]LogModuleManager: Shutting down and abandoning module PhysXVehicles (220)
[2018.10.20-04.30.55:734][270]LogModuleManager: Shutting down and abandoning module LocationServicesBPLibrary (218)
[2018.10.20-04.30.55:734][270]LogModuleManager: Shutting down and abandoning module UdpMessaging (216)
[2018.10.20-04.30.55:834][270]LogModuleManager: Shutting down and abandoning module TcpMessaging (214)
[2018.10.20-04.30.55:935][270]LogModuleManager: Shutting down and abandoning module GameplayTagsEditor (212)
[2018.10.20-04.30.55:935][270]LogModuleManager: Shutting down and abandoning module FacialAnimationEditor (210)
[2018.10.20-04.30.55:935][270]LogModuleManager: Shutting down and abandoning module FacialAnimation (208)
[2018.10.20-04.30.55:935][270]LogModuleManager: Shutting down and abandoning module LightPropagationVolumeRuntime (206)
[2018.10.20-04.30.55:935][270]LogModuleManager: Shutting down and abandoning module Paper2D (204)
[2018.10.20-04.30.55:935][270]LogModuleManager: Shutting down and abandoning module WindowsMoviePlayer (202)
[2018.10.20-04.30.55:935][270]LogModuleManager: Shutting down and abandoning module WmfMedia (200)
[2018.10.20-04.30.55:941][270]LogModuleManager: Shutting down and abandoning module MfMedia (198)
[2018.10.20-04.30.55:941][270]LogModuleManager: Shutting down and abandoning module MediaAssets (196)
[2018.10.20-04.30.55:941][270]LogModuleManager: Shutting down and abandoning module GameLiveStreaming (194)
[2018.10.20-04.30.55:941][270]LogModuleManager: Shutting down and abandoning module VREditor (192)
[2018.10.20-04.30.55:941][270]LogModuleManager: Shutting down and abandoning module GameplayTasksEditor (190)
[2018.10.20-04.30.55:941][270]LogModuleManager: Shutting down and abandoning module BehaviorTreeEditor (188)
[2018.10.20-04.30.55:941][270]LogModuleManager: Shutting down and abandoning module FunctionalTesting (186)
[2018.10.20-04.30.55:941][270]LogModuleManager: Shutting down and abandoning module CollisionAnalyzer (184)
[2018.10.20-04.30.55:941][270]LogModuleManager: Shutting down and abandoning module UMG (182)
[2018.10.20-04.30.55:941][270]LogModuleManager: Shutting down and abandoning module UMGEditor (181)
[2018.10.20-04.30.55:941][270]LogModuleManager: Shutting down and abandoning module Sequencer (180)
[2018.10.20-04.30.55:942][270]LogModuleManager: Shutting down and abandoning module AssetTools (178)
[2018.10.20-04.30.55:942][270]LogModuleManager: Shutting down and abandoning module MessageLog (177)
[2018.10.20-04.30.55:942][270]LogModuleManager: Shutting down and abandoning module WorkspaceMenuStructure (176)
[2018.10.20-04.30.55:942][270]LogModuleManager: Shutting down and abandoning module SlateReflector (170)
[2018.10.20-04.30.55:942][270]LogModuleManager: Shutting down and abandoning module Slate (168)
[2018.10.20-04.30.55:942][270]LogModuleManager: Shutting down and abandoning module EditorStyle (166)
[2018.10.20-04.30.55:945][270]LogModuleManager: Shutting down and abandoning module SourceCodeAccess (164)
[2018.10.20-04.30.55:946][270]LogModuleManager: Shutting down and abandoning module HeadMountedDisplay (162)
[2018.10.20-04.30.55:946][270]LogModuleManager: Shutting down and abandoning module XAudio2 (160)
[2018.10.20-04.30.55:946][270]LogModuleManager: Shutting down and abandoning module Networking (158)
[2018.10.20-04.30.55:946][270]LogModuleManager: Shutting down and abandoning module Core (154)
[2018.10.20-04.30.55:946][270]LogModuleManager: Shutting down and abandoning module AssetRegistry (152)
[2018.10.20-04.30.56:152][270]LogDirectoryWatcher: A directory notification for '../../../Engine/Content/' was aborted.
[2018.10.20-04.30.56:152][270]LogDirectoryWatcher: A directory notification for '../../../../../../Users/HP/Documents/Unreal Projects/fps/Content/' was aborted.
[2018.10.20-04.30.56:152][270]LogDirectoryWatcher: A directory notification for '../../../Engine/Plugins/2D/Paper2D/Content/' was aborted.
[2018.10.20-04.30.56:153][270]LogModuleManager: Shutting down and abandoning module DirectoryWatcher (151)
[2018.10.20-04.30.56:154][270]LogModuleManager: Shutting down and abandoning module KismetCompiler (148)
[2018.10.20-04.30.56:154][270]LogModuleManager: Shutting down and abandoning module PhysXFormats (146)
[2018.10.20-04.30.56:154][270]LogModuleManager: Shutting down and abandoning module MeshUtilities (144)
[2018.10.20-04.30.56:154][270]LogModuleManager: Shutting down and abandoning module SimplygonSwarm (143)
[2018.10.20-04.30.56:154][270]LogModuleManager: Shutting down and abandoning module SimplygonMeshReduction (141)
[2018.10.20-04.30.56:154][270]LogModuleManager: Shutting down and abandoning module QuadricMeshReduction (139)
[2018.10.20-04.30.56:154][270]LogModuleManager: Shutting down and abandoning module PropertyEditor (137)
[2018.10.20-04.30.56:154][270]LogModuleManager: Shutting down and abandoning module DerivedDataCache (134)
[2018.10.20-04.30.56:157][270]LogDerivedDataCache: Shutdown
[2018.10.20-04.30.56:157][270]LogModuleManager: Shutting down and abandoning module TargetPlatform (132)
[2018.10.20-04.30.56:157][270]LogModuleManager: Shutting down and abandoning module VulkanShaderFormat (131)
[2018.10.20-04.30.56:157][270]LogModuleManager: Shutting down and abandoning module ShaderFormatOpenGL (129)
[2018.10.20-04.30.56:157][270]LogModuleManager: Shutting down and abandoning module ShaderFormatD3D (127)
[2018.10.20-04.30.56:157][270]LogModuleManager: Shutting down and abandoning module MetalShaderFormat (125)
[2018.10.20-04.30.56:157][270]LogModuleManager: Shutting down and abandoning module TextureFormatUncompressed (123)
[2018.10.20-04.30.56:157][270]LogModuleManager: Shutting down and abandoning module TextureFormatPVR (121)
[2018.10.20-04.30.56:157][270]LogModuleManager: Shutting down and abandoning module TextureFormatDXT (119)
[2018.10.20-04.30.56:157][270]LogModuleManager: Shutting down and abandoning module TextureFormatIntelISPCTexComp (117)
[2018.10.20-04.30.56:158][270]LogModuleManager: Shutting down and abandoning module TextureFormatASTC (115)
[2018.10.20-04.30.56:158][270]LogModuleManager: Shutting down and abandoning module ImageWrapper (114)
[2018.10.20-04.30.56:158][270]LogModuleManager: Shutting down and abandoning module TextureFormatAndroid (111)
[2018.10.20-04.30.56:158][270]LogModuleManager: Shutting down and abandoning module AudioFormatOpus (109)
[2018.10.20-04.30.56:158][270]LogModuleManager: Shutting down and abandoning module AudioFormatOgg (107)
[2018.10.20-04.30.56:158][270]LogModuleManager: Shutting down and abandoning module AudioFormatADPCM (105)
[2018.10.20-04.30.56:158][270]LogModuleManager: Shutting down and abandoning module LinuxTargetPlatform (103)
[2018.10.20-04.30.56:158][270]LogModuleManager: Shutting down and abandoning module LinuxServerTargetPlatform (101)
[2018.10.20-04.30.56:158][270]LogModuleManager: Shutting down and abandoning module LinuxNoEditorTargetPlatform (99)
[2018.10.20-04.30.56:158][270]LogModuleManager: Shutting down and abandoning module LinuxClientTargetPlatform (97)
[2018.10.20-04.30.56:158][270]LogModuleManager: Shutting down and abandoning module TVOSTargetPlatform (95)
[2018.10.20-04.30.56:158][270]LogModuleManager: Shutting down and abandoning module Messaging (93)
[2018.10.20-04.30.56:158][270]LogModuleManager: Shutting down and abandoning module IOSTargetPlatform (91)
[2018.10.20-04.30.56:158][270]LogModuleManager: Shutting down and abandoning module HTML5TargetPlatform (89)
[2018.10.20-04.30.56:158][270]LogModuleManager: Shutting down and abandoning module Android_PVRTCTargetPlatform (87)
[2018.10.20-04.30.56:158][270]LogModuleManager: Shutting down and abandoning module Android_MultiTargetPlatform (85)
[2018.10.20-04.30.56:158][270]LogModuleManager: Shutting down and abandoning module Android_ETC2TargetPlatform (83)
[2018.10.20-04.30.56:158][270]LogModuleManager: Shutting down and abandoning module Android_ETC1TargetPlatform (81)
[2018.10.20-04.30.56:158][270]LogModuleManager: Shutting down and abandoning module Android_DXTTargetPlatform (79)
[2018.10.20-04.30.56:158][270]LogModuleManager: Shutting down and abandoning module Android_ATCTargetPlatform (77)
[2018.10.20-04.30.56:158][270]LogModuleManager: Shutting down and abandoning module Android_ASTCTargetPlatform (75)
[2018.10.20-04.30.56:158][270]LogModuleManager: Shutting down and abandoning module AndroidTargetPlatform (73)
[2018.10.20-04.30.56:158][270]LogModuleManager: Shutting down and abandoning module WindowsTargetPlatform (71)
[2018.10.20-04.30.56:158][270]LogModuleManager: Shutting down and abandoning module WindowsServerTargetPlatform (69)
[2018.10.20-04.30.56:158][270]LogModuleManager: Shutting down and abandoning module WindowsNoEditorTargetPlatform (67)
[2018.10.20-04.30.56:158][270]LogModuleManager: Shutting down and abandoning module WindowsClientTargetPlatform (65)
[2018.10.20-04.30.56:158][270]LogModuleManager: Shutting down and abandoning module MacTargetPlatform (63)
[2018.10.20-04.30.56:158][270]LogModuleManager: Shutting down and abandoning module MacServerTargetPlatform (61)
[2018.10.20-04.30.56:158][270]LogModuleManager: Shutting down and abandoning module MacNoEditorTargetPlatform (59)
[2018.10.20-04.30.56:158][270]LogModuleManager: Shutting down and abandoning module MacClientTargetPlatform (57)
[2018.10.20-04.30.56:158][270]LogModuleManager: Shutting down and abandoning module AllDesktopTargetPlatform (55)
[2018.10.20-04.30.56:158][270]LogModuleManager: Shutting down and abandoning module InputCore (52)
[2018.10.20-04.30.56:159][270]LogModuleManager: Shutting down and abandoning module Settings (50)
[2018.10.20-04.30.56:159][270]LogModuleManager: Shutting down and abandoning module OculusRift (48)
[2018.10.20-04.30.56:159][270]LogModuleManager: Shutting down and abandoning module GearVR (46)
[2018.10.20-04.30.56:159][270]LogModuleManager: Shutting down and abandoning module ExampleDeviceProfileSelector (44)
[2018.10.20-04.30.56:159][270]LogModuleManager: Shutting down and abandoning module OnlineBlueprintSupport (42)
[2018.10.20-04.30.56:159][270]LogModuleManager: Shutting down and abandoning module OnlineSubsystem (38)
[2018.10.20-04.30.56:159][270]LogOnline:Display: Unloading online subsystem: NULL
[2018.10.20-04.30.56:159][270]LogModuleManager: Shutting down and abandoning module XMPP (37)
[2018.10.20-04.30.56:159][270]LogModuleManager: Shutting down and abandoning module HTTP (35)
[2018.10.20-04.30.56:159][270]LogHttp:Display: Http module shutting down, but needs to wait on 1 outstanding Http requests:
[2018.10.20-04.30.56:159][270]LogHttp:Display: 	verb=[POST] url=[https://datarouter.ol.epicgames.com/datarouter/api/v1/public/data?SessionID=%7BA689A082-4419-7733-25BD-8F8D68BCED51%7D&AppID=UEEditor.Rocket.Release&AppVersion=4.15.2-3416026%2B%2B%2BUE4%2BRelease-4.15&UserID=1b410e7c418ce58e9086538397e03c48%7C208ea35da04a410182c0ef589c197869%7C11cb3bca-93fb-49a4-9cd0-93aaf9e061bd&AppEnvironment=datacollector-binary&UploadType=eteventstream] status=Processing
[2018.10.20-04.30.56:185][270]LogModuleManager: Shutting down and abandoning module SSL (34)
[2018.10.20-04.30.56:187][270]LogModuleManager: Shutting down and abandoning module AudioEditor (30)
[2018.10.20-04.30.56:187][270]LogModuleManager: Shutting down and abandoning module TextureCompressor (28)
[2018.10.20-04.30.56:187][270]LogModuleManager: Shutting down and abandoning module ShaderCore (26)
[2018.10.20-04.30.56:187][270]LogModuleManager: Shutting down and abandoning module Landscape (24)
[2018.10.20-04.30.56:187][270]LogModuleManager: Shutting down and abandoning module SlateRHIRenderer (22)
[2018.10.20-04.30.56:193][270]LogModuleManager: Shutting down and abandoning module OpenGLDrv (20)
[2018.10.20-04.30.56:193][270]LogModuleManager: Shutting down and abandoning module D3D11RHI (18)
[2018.10.20-04.30.56:193][270]LogModuleManager: Shutting down and abandoning module AnimGraphRuntime (16)
[2018.10.20-04.30.56:193][270]LogModuleManager: Shutting down and abandoning module Renderer (14)
[2018.10.20-04.30.56:193][270]LogModuleManager: Shutting down and abandoning module Engine (12)
[2018.10.20-04.30.56:193][270]LogModuleManager: Shutting down and abandoning module CoreUObject (10)
[2018.10.20-04.30.56:193][270]LogModuleManager: Shutting down and abandoning module NetworkFile (8)
[2018.10.20-04.30.56:193][270]LogModuleManager: Shutting down and abandoning module StreamingFile (6)
[2018.10.20-04.30.56:193][270]LogModuleManager: Shutting down and abandoning module SandboxFile (4)
[2018.10.20-04.30.56:193][270]LogModuleManager: Shutting down and abandoning module PakFile (2)
[2018.10.20-04.30.56:196][270]LogExit: Exiting.
[2018.10.20-04.30.56:199][270]Log file closed, 10/19/18 21:30:56
