Log file open, 11/20/17 13:19:34
LogInit:Display: Running engine for game: fps
LogPlatformFile: Not using cached read wrapper
LogInit:Display: RandInit(-1875442113) SRandInit(-1875442113).
LogTaskGraph: Started task graph with 5 named threads and 6 total threads with 1 sets of task threads.
LogStats: Stats thread started at 0.074339
LogInit: Using libcurl 7.47.1
LogInit:  - built for x86_64-pc-win32
LogInit:  - supports SSL with OpenSSL/1.0.2g
LogInit:  - supports HTTP deflate (compression) using libz 1.2.8
LogInit:  - other features:
LogInit:      CURL_VERSION_SSL
LogInit:      CURL_VERSION_LIBZ
LogInit:      CURL_VERSION_IPV6
LogInit:      CURL_VERSION_ASYNCHDNS
LogInit:      CURL_VERSION_LARGEFILE
LogInit:      CURL_VERSION_IDN
LogInit:  CurlRequestOptions (configurable via config and command line):
LogInit:  - bVerifyPeer = false  - Libcurl will NOT verify peer certificate
LogInit:  - bUseHttpProxy = false  - Libcurl will NOT use HTTP proxy
LogInit:  - bDontReuseConnections = false  - Libcurl will reuse connections
LogInit:  - CertBundlePath = nullptr  - Libcurl will use whatever was configured at build time.
LogInit: Build: ++UE4+Release-4.15-CL-3416026
LogInit: Engine Version: 4.15.2-3416026+++UE4+Release-4.15
LogInit: Compatible Engine Version: 4.15.0-3299760+++UE4+Release-4.15
LogInit: Net CL: 3299760
LogDevObjectVersion: Number of dev versions registered: 14
LogDevObjectVersion:   Dev-Blueprints (B0D832E4-1F89-4F0D-ACCF-7EB736FD4AA2): 8
LogDevObjectVersion:   Dev-Build (E1C64328-A22C-4D53-A36C-8E866417BD8C): 0
LogDevObjectVersion:   Dev-Core (375EC13C-06E4-48FB-B500-84F0262A717E): 2
LogDevObjectVersion:   Dev-Editor (E4B068ED-F494-42E9-A231-DA0B2E46BB41): 14
LogDevObjectVersion:   Dev-Framework (CFFC743F-43B0-4480-9391-14DF171D2073): 22
LogDevObjectVersion:   Dev-Mobile (B02B49B5-BB20-44E9-A304-32B752E40360): 0
LogDevObjectVersion:   Dev-Networking (A4E4105C-59A1-49B5-A7C5-40C4547EDFEE): 0
LogDevObjectVersion:   Dev-Online (39C831C9-5AE6-47DC-9A44-9C173E1C8E7C): 0
LogDevObjectVersion:   Dev-Physics (78F01B33-EBEA-4F98-B9B4-84EACCB95AA2): 0
LogDevObjectVersion:   Dev-Platform (6631380F-2D4D-43E0-8009-CF276956A95A): 0
LogDevObjectVersion:   Dev-Rendering (12F88B9F-8875-4AFC-A67C-D90C383ABD29): 12
LogDevObjectVersion:   Dev-Sequencer (7B5AE74C-D270-4C10-A958-57980B212A5A): 3
LogDevObjectVersion:   Dev-VR (D7296918-1DD6-4BDD-9DE2-64A83CC13884): 0
LogDevObjectVersion:   Dev-LoadTimes (C2A15278-BFE7-4AFE-6C17-90FF531DF755): 1
LogInit: Compiled (64-bit): May  1 2017 13:11:28
LogInit: Compiled with Visual C++: 19.00.23026.00
LogInit: Build Configuration: Development
LogInit: Branch Name: ++UE4+Release-4.15
LogInit: Command line:  
LogInit: Base directory: C:/Program Files/Epic Games/UE_4.15/Engine/Binaries/Win64/
LogInit: Installed Engine Build: 1
LogInit: Presizing for max 8388607 objects, including 0 objects not considered by GC, pre-allocating 0 bytes for permanent pool.
LogInit: Object subsystem initialized
[2017.11.20-21.19.36:453][  0]LogInit: Selected Device Profile: [Windows]
[2017.11.20-21.19.36:453][  0]LogInit: Applying CVar settings loaded from the selected device profile: [Windows]
[2017.11.20-21.19.36:475][  0]LogInit: Computer: DESKTOP-B3GUKJU
[2017.11.20-21.19.36:475][  0]LogInit: User: HP
[2017.11.20-21.19.36:475][  0]LogInit: CPU Page size=65536, Cores=2
[2017.11.20-21.19.36:475][  0]LogInit: High frequency timer resolution =1.851184 MHz
[2017.11.20-21.19.36:476][  0]LogMemory: Memory total: Physical=5.9GB (6GB approx)
[2017.11.20-21.19.36:476][  0]LogMemory: Platform Memory Stats for Windows
[2017.11.20-21.19.36:476][  0]LogMemory: Process Physical Memory: 262.52 MB used, 262.52 MB peak
[2017.11.20-21.19.36:476][  0]LogMemory: Process Virtual Memory: 261.93 MB used, 261.93 MB peak
[2017.11.20-21.19.36:476][  0]LogMemory: Physical Memory: 2804.35 MB used,  3269.80 MB free, 6074.15 MB total
[2017.11.20-21.19.36:476][  0]LogMemory: Virtual Memory: 642.93 MB used,  3269.80 MB free, 134217728.00 MB total
[2017.11.20-21.19.36:653][  0]LogTextLocalizationManager: No specific translations for ('en-US') exist, so ('en') translations will be used.
[2017.11.20-21.19.43:685][  0]LogD3D11RHI: D3D11 adapters:
[2017.11.20-21.19.43:696][  0]LogD3D11RHI:    0. 'Intel(R) HD Graphics Family' (Feature Level 11_0)
[2017.11.20-21.19.43:696][  0]LogD3D11RHI:       112/0/2048 MB DedicatedVideo/DedicatedSystem/SharedSystem, Outputs:1, VendorId:0x8086
[2017.11.20-21.19.43:698][  0]LogD3D11RHI:    1. 'Microsoft Basic Render Driver' (Feature Level 11_0)
[2017.11.20-21.19.43:698][  0]LogD3D11RHI:       0/0/3037 MB DedicatedVideo/DedicatedSystem/SharedSystem, Outputs:0, VendorId:0x1414
[2017.11.20-21.19.43:698][  0]LogD3D11RHI: Chosen D3D11 Adapter: 0
[2017.11.20-21.19.43:731][  0]LogD3D11RHI: Creating new Direct3DDevice
[2017.11.20-21.19.43:731][  0]LogD3D11RHI:     GPU DeviceId: 0xa16 (for the marketing name, search the web for "GPU Device Id")
[2017.11.20-21.19.43:731][  0]LogWindows: EnumDisplayDevices:
[2017.11.20-21.19.43:731][  0]LogWindows:    0. 'Intel(R) HD Graphics Family' (P:1 D:1)
[2017.11.20-21.19.43:731][  0]LogWindows:    1. 'Intel(R) HD Graphics Family' (P:0 D:0)
[2017.11.20-21.19.43:732][  0]LogWindows:    2. 'Intel(R) HD Graphics Family' (P:0 D:0)
[2017.11.20-21.19.43:732][  0]LogWindows: DebugString: FoundDriverCount:3 
[2017.11.20-21.19.43:732][  0]LogD3D11RHI:     Adapter Name: Intel(R) HD Graphics Family
[2017.11.20-21.19.43:732][  0]LogD3D11RHI:   Driver Version: 10.18.15.4278 (internal:10.18.15.4278, unified:10.18.15.4278)
[2017.11.20-21.19.43:732][  0]LogD3D11RHI:      Driver Date: 8-17-2015
[2017.11.20-21.19.43:732][  0]LogRHI: Texture pool is 795 MB (70% of 1136 MB)
[2017.11.20-21.19.43:746][  0]LogD3D11RHI: Async texture creation enabled
[2017.11.20-21.19.44:134][  0]LogD3D11RHI: GPU Timing Frequency: 12.500000 (Debug: 2 0)
[2017.11.20-21.19.44:241][  0]LogShaderCompilers: Guid format shader working directory is -13 characters bigger than the processId version (../../../../../../Users/HP/Documents/Unreal Projects/fps/Intermediate/Shaders/WorkingDirectory/1308/).
[2017.11.20-21.19.44:241][  0]LogShaderCompilers: Cleaned the shader compiler working directory 'C:/Users/HP/AppData/Local/Temp/UnrealShaderWorkingDir/7C1CCF92401A7B1AD22AA795E42CC6BA/'.
[2017.11.20-21.19.44:257][  0]LogShaderCompilers:Display: Using Local Shader Compiler.
[2017.11.20-21.19.55:605][  0]LogTemp:Display: Loaded TP AllDesktopTargetPlatform
[2017.11.20-21.19.55:728][  0]LogTemp:Display: Loaded TP MacClientTargetPlatform
[2017.11.20-21.19.55:858][  0]LogTemp:Display: Loaded TP MacNoEditorTargetPlatform
[2017.11.20-21.19.55:985][  0]LogTemp:Display: Loaded TP MacServerTargetPlatform
[2017.11.20-21.19.56:151][  0]LogTemp:Display: Loaded TP MacTargetPlatform
[2017.11.20-21.19.56:271][  0]LogTemp:Display: Loaded TP WindowsClientTargetPlatform
[2017.11.20-21.19.56:450][  0]LogTemp:Display: Loaded TP WindowsNoEditorTargetPlatform
[2017.11.20-21.19.56:607][  0]LogTemp:Display: Loaded TP WindowsServerTargetPlatform
[2017.11.20-21.19.56:734][  0]LogTemp:Display: Loaded TP WindowsTargetPlatform
[2017.11.20-21.19.56:890][  0]LogTemp:Display: Loaded TP AndroidTargetPlatform
[2017.11.20-21.19.57:011][  0]LogTemp:Display: Loaded TP Android_ASTCTargetPlatform
[2017.11.20-21.19.57:148][  0]LogTemp:Display: Loaded TP Android_ATCTargetPlatform
[2017.11.20-21.19.57:323][  0]LogTemp:Display: Loaded TP Android_DXTTargetPlatform
[2017.11.20-21.19.57:437][  0]LogTemp:Display: Loaded TP Android_ETC1TargetPlatform
[2017.11.20-21.19.57:612][  0]LogTemp:Display: Loaded TP Android_ETC2TargetPlatform
[2017.11.20-21.19.57:917][  0]LogTemp:Display: Loaded TP Android_MultiTargetPlatform
[2017.11.20-21.19.57:917][  0]LogTemp:Display: Loaded TP Android_PVRTCTargetPlatform
[2017.11.20-21.19.58:014][  0]LogTemp:Display: Loaded TP HTML5TargetPlatform
[2017.11.20-21.19.58:283][  0]LogTemp:Display: Loaded TP IOSTargetPlatform
[2017.11.20-21.19.58:360][  0]LogTemp:Display: Loaded TP TVOSTargetPlatform
[2017.11.20-21.19.58:487][  0]LogTemp:Display: Loaded TP LinuxClientTargetPlatform
[2017.11.20-21.19.58:639][  0]LogTemp:Display: Loaded TP LinuxNoEditorTargetPlatform
[2017.11.20-21.19.58:823][  0]LogTemp:Display: Loaded TP LinuxServerTargetPlatform
[2017.11.20-21.19.59:033][  0]LogTemp:Display: Loaded TP LinuxTargetPlatform
[2017.11.20-21.19.59:033][  0]LogTargetPlatformManager:Display: Building Assets For Windows
[2017.11.20-21.20.01:022][  0]LogDerivedDataCache:Display: Max Cache Size: 512 MB
[2017.11.20-21.20.01:632][  0]LogDerivedDataCache: Loaded boot cache 0.59s 50MB C:/Users/HP/AppData/Local/UnrealEngine/4.15/DerivedDataCache/Boot.ddc.
[2017.11.20-21.20.01:632][  0]LogDerivedDataCache:Display: Loaded Boot cache: C:/Users/HP/AppData/Local/UnrealEngine/4.15/DerivedDataCache/Boot.ddc
[2017.11.20-21.20.01:632][  0]LogDerivedDataCache: FDerivedDataBackendGraph:  Pak pak cache file ../../../../../../Users/HP/Documents/Unreal Projects/fps/DerivedDataCache/DDC.ddp not found, will not use a pak cache.
[2017.11.20-21.20.01:632][  0]LogDerivedDataCache: Unable to find inner node Pak for hierarchical cache Hierarchy.
[2017.11.20-21.20.01:632][  0]LogDerivedDataCache: FDerivedDataBackendGraph:  CompressedPak pak cache file ../../../../../../Users/HP/Documents/Unreal Projects/fps/DerivedDataCache/Compressed.ddp not found, will not use a pak cache.
[2017.11.20-21.20.01:632][  0]LogDerivedDataCache: Unable to find inner node CompressedPak for hierarchical cache Hierarchy.
[2017.11.20-21.20.01:758][  0]LogDerivedDataCache:Display: Pak cache opened for reading ../../../Engine/DerivedDataCache/Compressed.ddp.
[2017.11.20-21.20.01:772][  0]LogDerivedDataCache: Using Local data cache path C:/Users/HP/AppData/Local/UnrealEngine/Common/DerivedDataCache: Writable
[2017.11.20-21.20.02:008][  0]LogSlate: Using Freetype 2.6.0
[2017.11.20-21.20.02:196][  0]LogSlate: SlateFontCache - WITH_FREETYPE: 1, WITH_HARFBUZZ: 1
[2017.11.20-21.20.02:196][  0]LogSlate: SlateFontCache - WITH_FREETYPE: 1, WITH_HARFBUZZ: 1
[2017.11.20-21.20.15:928][  0]LogInit: Selected Device Profile: [Windows]
[2017.11.20-21.20.16:034][  0]LogContentStreaming: Texture pool size is 0.00 MB
[2017.11.20-21.20.17:342][  0]LogMeshUtilities: Using QuadricMeshReduction for automatic static mesh reduction
[2017.11.20-21.20.17:517][  0]LogSimplygon: Simplygon DLL not present - disabling.
[2017.11.20-21.20.17:671][  0]LogMeshUtilities: Using SimplygonSwarm for distributed automatic mesh merging
[2017.11.20-21.20.17:671][  0]LogMeshUtilities: No automatic skeletal mesh reduction module available
[2017.11.20-21.20.17:671][  0]LogMeshUtilities: No automatic mesh merging module available
[2017.11.20-21.20.26:661][  0]LogNetVersion: GetLocalNetworkVersion: CL: 3299760, ProjectName: fps, ProjectVersion: , EngineNetworkVersion: 2, GameNetworkVersion: 0, NetworkChecksum: 227962739
[2017.11.20-21.20.26:942][  0]LogAssetRegistry: FAssetRegistry took 0.0281 seconds to start up
[2017.11.20-21.20.27:372][  0]LogAssetRegistry:Error: Failed to open file for write ../../../../../../Users/HP/Documents/Unreal Projects/fps/Intermediate/AssetRegistryCache/1d5167fa.bin
[2017.11.20-21.20.27:467][  0]LogAssetRegistry:Error: Failed to open file for write ../../../../../../Users/HP/Documents/Unreal Projects/fps/Intermediate/AssetRegistryCache/94c5d5a7.bin
[2017.11.20-21.20.27:533][  0]LogPackageLocalizationCache: Processed 3 localized package path(s) for 2 prioritized culture(s) in 0.378444 seconds
[2017.11.20-21.20.27:555][  0]LogUObjectArray: 32493 objects as part of root set at end of initial load.
[2017.11.20-21.20.27:555][  0]LogUObjectAllocator: 7077024 out of 0 bytes used by permanent object pool.
[2017.11.20-21.20.27:555][  0]LogUObjectArray: CloseDisregardForGC: 0/0 objects in disregard for GC pool
[2017.11.20-21.20.27:723][  0]LogInit: WinSock: version 1.1 (2.2), MaxSocks=32767, MaxUdp=65467
[2017.11.20-21.20.57:962][  0]LogTcpMessaging: Initializing TcpMessaging bridge
[2017.11.20-21.20.58:035][  0]LogUdpMessaging: Initializing bridge on interface 0.0.0.0:0 to multicast group 230.0.0.1:6666.
[2017.11.20-21.21.00:773][  0]LogMaterial: Uniform references updated for custom material expression Custom.
[2017.11.20-21.21.02:638][  0]SourceControl: Info Source control is disabled
[2017.11.20-21.21.02:726][  0]SourceControl: Info Source control is disabled
[2017.11.20-21.21.02:935][  0]SourceControl: Info Source control is disabled
[2017.11.20-21.21.03:094][  0]SourceControl: Info Source control is disabled
[2017.11.20-21.21.07:832][  0]LogEngine: Initializing Engine...
[2017.11.20-21.21.07:850][  0]LogHMD: Failed to initialize OpenVR with code 110
[2017.11.20-21.21.08:901][  0]LogStats: UGameplayTagsManager::ConstructGameplayTagTree: Construct from data asset -  0.000 s
[2017.11.20-21.21.08:906][  0]LogStats: UGameplayTagsManager::ConstructGameplayTagTree: GameplayTagTreeChangedEvent.Broadcast -  0.000 s
[2017.11.20-21.21.09:595][  0]LogAIModule: Creating AISystem for world Untitled
[2017.11.20-21.21.09:750][  0]LogInit: XAudio2 using 'Speaker/HP (Realtek High Definition Audio)' : 2 channels at 48 kHz using 32 bits per sample (channel mask 0x3)
[2017.11.20-21.21.09:927][  0]LogInit: FAudioDevice initialized.
[2017.11.20-21.21.09:976][  0]LogDerivedDataCache: Saved boot cache 0.05s 50MB C:/Users/HP/AppData/Local/UnrealEngine/4.15/DerivedDataCache/Boot.ddc.
[2017.11.20-21.21.09:986][  0]LogInit: Texture streaming: Enabled
[2017.11.20-21.21.10:295][  0]LogEngineSessionManager: EngineSessionManager initialized
[2017.11.20-21.21.10:648][  0]LogInit: Transaction tracking system initialized
[2017.11.20-21.21.11:977][  0]BlueprintLog: New page: Editor Load
[2017.11.20-21.21.15:644][  0]LogConfig:Warning: Failed to saved backup for config[LocalizationServiceSettings]
[2017.11.20-21.21.15:650][  0]LocalizationService: Info Localization service is disabled
[2017.11.20-21.21.18:230][  0]LogConsoleResponse:Display: 
[2017.11.20-21.21.24:505][  0]LogFileCache: Scanning file cache for directory 'C:/Users/HP/Documents/Unreal Projects/fps/Content/' took 0.07s
[2017.11.20-21.21.24:505][  0]LogCook:Display: Max memory allowance for cook 16384mb min free memory 0mb
[2017.11.20-21.21.24:505][  0]LogCook:Display: Mobile HDR setting 1
[2017.11.20-21.21.29:220][  0]SourceControl: Info Source control is disabled
[2017.11.20-21.21.29:254][  0]Cmd: MAP LOAD FILE="../../../../../../Users/HP/Documents/Unreal Projects/fps/Content/StarterContent/Maps/Minimal_Default.umap" TEMPLATE=0 SHOWPROGRESS=1 FEATURELEVEL=3
[2017.11.20-21.21.29:314][  0]LightingResults: New page: Lighting Build
[2017.11.20-21.21.29:556][  0]MapCheck: New page: Map Check
[2017.11.20-21.21.29:556][  0]LightingResults: New page: Lighting Build
[2017.11.20-21.21.32:081][  0]LogAIModule: Creating AISystem for world Minimal_Default
[2017.11.20-21.21.32:618][  0]LogEditorServer: Finished looking for orphan Actors (0.000 secs)
[2017.11.20-21.21.32:669][  0]Cmd: MAP CHECKDEP NOCLEARLOG
[2017.11.20-21.21.32:766][  0]MapCheck: Info Map check complete: 0 Error(s), 0 Warning(s), took 96.493ms to complete.
[2017.11.20-21.21.32:766][  0]LogFileHelpers: Loading map 'Minimal_Default' took 3.517
[2017.11.20-21.21.34:969][  0]LogCollectionManager: Loaded 0 collections in 0.015866 seconds
[2017.11.20-21.21.35:405][  0]LogFileCache: Scanning file cache for directory 'C:/Users/HP/Documents/Unreal Projects/fps/Saved/Collections/' took 0.01s
[2017.11.20-21.21.35:405][  0]LogFileCache: Scanning file cache for directory 'C:/Users/HP/Documents/Unreal Projects/fps/Content/Developers/HP/Collections/' took 0.01s
[2017.11.20-21.21.35:405][  0]LogFileCache: Scanning file cache for directory 'C:/Users/HP/Documents/Unreal Projects/fps/Content/Collections/' took 0.01s
[2017.11.20-21.21.35:405][  0]LogCollectionManager: Rebuilt the GUID cache for 0 collections in 0.000007 seconds
[2017.11.20-21.21.35:469][  0]LogContentBrowser: Native class hierarchy populated in 0.0386 seconds. Added 2245 classes and 453 folders.
[2017.11.20-21.21.35:742][  0]LogContentBrowser: Native class hierarchy updated for 'WidgetCarousel' in 0.0012 seconds. Added 0 classes and 0 folders.
[2017.11.20-21.21.37:975][  0]LogContentBrowser: Native class hierarchy updated for 'AddContentDialog' in 0.0008 seconds. Added 0 classes and 0 folders.
[2017.11.20-21.21.38:171][  0]LogContentBrowser: Native class hierarchy updated for 'SceneOutliner' in 0.0008 seconds. Added 1 classes and 2 folders.
[2017.11.20-21.21.38:945][  0]LogCrashTracker: Crashtracker disabled due to settings.
[2017.11.20-21.21.39:132][  0]LogUObjectGlobals:Warning: Failed to find object 'Class None.'
[2017.11.20-21.21.39:402][  0]LogContentBrowser: Native class hierarchy updated for 'HierarchicalLODOutliner' in 0.0009 seconds. Added 1 classes and 2 folders.
[2017.11.20-21.21.39:403][  0]LogLoad: (Engine Initialization) Total time: 126.38 seconds
[2017.11.20-21.21.39:403][  0]LogLoad: (Engine Initialization) Total Blueprint compile time: 0.62 seconds
[2017.11.20-21.21.39:403][  0]LogExternalProfiler: No external profilers were discovered.  External profiling features will not be available.
[2017.11.20-21.21.39:463][  0]LogWindowsTextInputMethodSystem:Display: IME system now deactivated.
[2017.11.20-21.21.39:464][  0]LogOcInput: OculusInput pre-init called
[2017.11.20-21.21.39:579][  0]LogContentStreaming: Texture pool size now 3000 MB
[2017.11.20-21.21.39:692][  0]LogSlate: Took 0.027414 seconds to synchronously load lazily loaded font '../../../Engine/Content/Slate/Fonts/Roboto-Regular.ttf' (155K)
[2017.11.20-21.21.39:740][  0]LogSlate: Took 0.038941 seconds to synchronously load lazily loaded font '../../../Engine/Content/Slate/Fonts/Roboto-Bold.ttf' (160K)
[2017.11.20-21.21.39:789][  0]LogSlate: Took 0.025195 seconds to synchronously load lazily loaded font '../../../Engine/Content/Editor/Slate/Fonts/FontAwesome.ttf' (139K)
[2017.11.20-21.21.40:770][  0]LogRenderer: Reallocating scene render targets to support 856x372 NumSamples 1 (Frame:2).
[2017.11.20-21.21.41:887][  0]LogSlate: Took 0.018603 seconds to synchronously load lazily loaded font '../../../Engine/Content/Slate/Fonts/Roboto-Light.ttf' (159K)
[2017.11.20-21.21.42:806][  4]LogAssetRegistry: Asset discovery search completed in 75.8874 seconds
[2017.11.20-21.21.42:806][  4]LogCollectionManager: Rebuilt the object cache for 0 collections in 0.000009 seconds (found 0 objects)
[2017.11.20-21.21.42:806][  4]LogCollectionManager: Fixed up redirectors for 0 collections in 0.000031 seconds (updated 0 objects)
[2017.11.20-21.22.51:833][113]LogSlate: Took 0.000233 seconds to synchronously load lazily loaded font '../../../Engine/Content/Slate/Fonts/Roboto-Light.ttf' (159K)
[2017.11.20-21.22.51:848][113]LogLinker:Warning: Unable to load package (../../../../../../Users/HP/Documents/Unreal Projects/fps/Content/Maps/Mikasa.umap). Post Tag is not valid. File might be corrupted.
[2017.11.20-21.22.51:849][113]LogLinker:Warning: Unable to load package (../../../../../../Users/HP/Documents/Unreal Projects/fps/Content/Maps/Mikasa.umap). Post Tag is not valid. File might be corrupted.
[2017.11.20-21.22.51:855][113]LogUObjectGlobals:Warning: Failed to find object 'Object /Game/Maps/Mikasa.Mikasa'
[2017.11.20-21.22.53:365][200]LogLinker:Warning: Unable to load package (../../../../../../Users/HP/Documents/Unreal Projects/fps/Content/Maps/Mikasa.umap). Post Tag is not valid. File might be corrupted.
[2017.11.20-21.22.54:466][265]LogLinker:Warning: Unable to load package (../../../../../../Users/HP/Documents/Unreal Projects/fps/Content/Maps/Mikasa.umap). Post Tag is not valid. File might be corrupted.
[2017.11.20-21.22.54:789][283]LogLinker:Warning: Unable to load package (../../../../../../Users/HP/Documents/Unreal Projects/fps/Content/Maps/Mikasa.umap). Post Tag is not valid. File might be corrupted.
[2017.11.20-21.22.56:792][345]LogSlate: Took 0.031986 seconds to synchronously load lazily loaded font '../../../Engine/Content/Slate/Fonts/Roboto-Regular.ttf' (155K)
[2017.11.20-21.22.57:177][345]LogTexture:Display: Building textures: HQ_Lightmap0_2 (AutoDXT, 1024X1024) - 85 MB total VRAM
[2017.11.20-21.22.58:104][345]LogTexture:Display: Building textures: HQ_Lightmap1_1 (AutoDXT, 1024X1024) - 85 MB total VRAM
[2017.11.20-21.22.58:801][345]LogTexture:Display: Building textures: LQ_Lightmap_0_2 (DXT1, 1024X1024) - 85 MB total VRAM
[2017.11.20-21.22.59:162][345]LogTexture:Display: Building textures: LQ_Lightmap_1_1 (DXT1, 1024X1024) - 85 MB total VRAM
[2017.11.20-21.22.59:421][345]LogTexture:Display: Building textures: SkyOcclusion0_2 (AutoDXT, 1024X512) - 85 MB total VRAM
[2017.11.20-21.22.59:900][345]LogTexture:Display: Building textures: SkyOcclusion1_1 (AutoDXT, 1024X512) - 85 MB total VRAM
[2017.11.20-21.23.00:293][345]LogAIModule: Creating AISystem for world lina
[2017.11.20-21.23.00:468][345]Cmd: MAP LOAD FILE="../../../../../../Users/HP/Documents/Unreal Projects/fps/Content/Maps/lina.umap" TEMPLATE=0 SHOWPROGRESS=1 FEATURELEVEL=3
[2017.11.20-21.23.00:468][345]LightingResults: New page: Lighting Build
[2017.11.20-21.23.00:471][345]LoadErrors: New page: Loading map: lina.umap
[2017.11.20-21.23.00:519][345]MapCheck: New page: Map Check
[2017.11.20-21.23.00:519][345]LightingResults: New page: Lighting Build
[2017.11.20-21.23.00:648][345]LogEditorServer: Finished looking for orphan Actors (0.000 secs)
[2017.11.20-21.23.00:735][345]Cmd: MAP CHECKDEP NOCLEARLOG
[2017.11.20-21.23.00:823][345]MapCheck: Info Map check complete: 0 Error(s), 0 Warning(s), took 88.112ms to complete.
[2017.11.20-21.23.00:824][345]LogFileHelpers: Loading map 'lina' took 0.366
[2017.11.20-21.23.03:958][503]LogTemp: Repeting last play command: Selected Viewport
[2017.11.20-21.23.04:001][503]LogBlueprintUserMessages: Early PlayInEditor Detection: Level '/Game/Maps/lina.lina:PersistentLevel' has LevelScriptBlueprint '/Game/Maps/lina.lina:PersistentLevel.lina' with GeneratedClass '/Game/Maps/lina.lina_C' with ClassGeneratedBy '/Game/Maps/lina.lina:PersistentLevel.lina'
[2017.11.20-21.23.04:001][503]LogPlayLevel: PlayLevel: No blueprints needed recompiling
[2017.11.20-21.23.04:040][503]PIE: New page: PIE session: lina (Nov 20, 2017, 5:23:04 AM)
[2017.11.20-21.23.04:051][503]LogPlayLevel: Creating play world package: /Game/Maps/UEDPIE_0_lina
[2017.11.20-21.23.04:168][503]LogPlayLevel: PIE: StaticDuplicateObject took: (0.116261s)
[2017.11.20-21.23.04:171][503]LogAIModule: Creating AISystem for world lina
[2017.11.20-21.23.04:171][503]LogPlayLevel: PIE: World Init took: (0.002890s)
[2017.11.20-21.23.04:172][503]LogPlayLevel: PIE: Created PIE world by copying editor world from /Game/Maps/lina.lina to /Game/Maps/UEDPIE_0_lina.lina (0.131013s)
[2017.11.20-21.23.04:221][503]LogInit: XAudio2 using 'Speaker/HP (Realtek High Definition Audio)' : 2 channels at 48 kHz using 32 bits per sample (channel mask 0x3)
[2017.11.20-21.23.04:242][503]LogInit: FAudioDevice initialized.
[2017.11.20-21.23.05:679][503]LogBlueprint:Warning: [Compiler ThirdPersonCharacter] Warning InputAction Event references unknown Action 'ResetVR' for  InputAction ResetVR
[2017.11.20-21.23.05:687][503]LogBlueprint:Warning: [Compiler ThirdPersonCharacter] Warning [0212.66] Compile of ThirdPersonCharacter successful, but with 1 Warning(s) [in 32 ms] (/Game/ThirdPersonBP/Blueprints/ThirdPersonCharacter.ThirdPersonCharacter)
[2017.11.20-21.23.05:687][503]LogBlueprint:Warning: [Compiler ThirdPersonCharacter] Warning [0212.67] Compile of ThirdPersonCharacter successful, but with 2 Warning(s) [in 0 ms] (/Game/ThirdPersonBP/Blueprints/ThirdPersonCharacter.ThirdPersonCharacter)
[2017.11.20-21.23.05:687][503]LogBlueprint:Warning: [Compiler ThirdPersonCharacter] Warning [0212.67] Compile of ThirdPersonCharacter successful, but with 3 Warning(s) [in 0 ms] (/Game/ThirdPersonBP/Blueprints/ThirdPersonCharacter.ThirdPersonCharacter)
[2017.11.20-21.23.05:712][503]LogBlueprint:Warning: [Compiler ThirdPersonCharacter] Warning InputAction Event references unknown Action 'ResetVR' for  InputAction ResetVR
[2017.11.20-21.23.05:723][503]LogBlueprint:Warning: [Compiler ThirdPersonCharacter] Warning [0212.70] Compile of ThirdPersonCharacter successful, but with 1 Warning(s) [in 20 ms] (/Game/ThirdPersonBP/Blueprints/ThirdPersonCharacter.ThirdPersonCharacter)
[2017.11.20-21.23.05:723][503]LogBlueprint:Warning: [Compiler ThirdPersonCharacter] Warning [0212.70] Compile of ThirdPersonCharacter successful, but with 2 Warning(s) [in 0 ms] (/Game/ThirdPersonBP/Blueprints/ThirdPersonCharacter.ThirdPersonCharacter)
[2017.11.20-21.23.05:723][503]LogBlueprint:Warning: [Compiler ThirdPersonCharacter] Warning [0212.70] Compile of ThirdPersonCharacter successful, but with 3 Warning(s) [in 0 ms] (/Game/ThirdPersonBP/Blueprints/ThirdPersonCharacter.ThirdPersonCharacter)
[2017.11.20-21.23.06:188][503]LogLoad: Game class is 'FPS_GameMode_C'
[2017.11.20-21.23.06:257][503]LogWorld: Bringing World /Game/Maps/UEDPIE_0_lina.lina up for play (max tick rate 60) at 2017.11.20-13.23.06
[2017.11.20-21.23.06:313][503]LogWorld: Bringing up level for play took: 0.060208
[2017.11.20-21.23.06:525][503]LogContentBrowser: Native class hierarchy updated for 'MovieSceneCapture' in 0.0009 seconds. Added 11 classes and 0 folders.
[2017.11.20-21.23.06:689][503]PIE: Info Play in editor start time for /Game/Maps/UEDPIE_0_lina 2.632
[2017.11.20-21.23.06:701][503]LogBlueprintUserMessages: Late PlayInEditor Detection: Level '/Game/Maps/lina.lina:PersistentLevel' has LevelScriptBlueprint '/Game/Maps/lina.lina:PersistentLevel.lina' with GeneratedClass '/Game/Maps/lina.lina_C' with ClassGeneratedBy '/Game/Maps/lina.lina:PersistentLevel.lina'
[2017.11.20-21.23.52:861][551]LogBlueprintUserMessages: Early EndPlayMap Detection: Level '/Game/Maps/lina.lina:PersistentLevel' has LevelScriptBlueprint '/Game/Maps/lina.lina:PersistentLevel.lina' with GeneratedClass '/Game/Maps/lina.lina_C' with ClassGeneratedBy '/Game/Maps/lina.lina:PersistentLevel.lina'
[2017.11.20-21.23.53:007][551]LogBlueprintUserMessages: Late EndPlayMap Detection: Level '/Game/Maps/lina.lina:PersistentLevel' has LevelScriptBlueprint '/Game/Maps/lina.lina:PersistentLevel.lina' with GeneratedClass '/Game/Maps/lina.lina_C' with ClassGeneratedBy '/Game/Maps/lina.lina:PersistentLevel.lina'
[2017.11.20-21.23.55:201][670]LogLinker:Warning: Unable to load package (../../../../../../Users/HP/Documents/Unreal Projects/fps/Content/Maps/Mikasa.umap). Post Tag is not valid. File might be corrupted.
[2017.11.20-21.23.55:205][670]LogLinker:Warning: Unable to load package (../../../../../../Users/HP/Documents/Unreal Projects/fps/Content/Maps/Mikasa.umap). Post Tag is not valid. File might be corrupted.
[2017.11.20-21.23.56:016][718]LogLinker:Warning: Unable to load package (../../../../../../Users/HP/Documents/Unreal Projects/fps/Content/Maps/Mikasa.umap). Post Tag is not valid. File might be corrupted.
[2017.11.20-21.23.56:426][742]LogLinker:Warning: Unable to load package (../../../../../../Users/HP/Documents/Unreal Projects/fps/Content/Maps/Mikasa.umap). Post Tag is not valid. File might be corrupted.
[2017.11.20-21.23.56:758][761]LogLinker:Warning: Unable to load package (../../../../../../Users/HP/Documents/Unreal Projects/fps/Content/Maps/Mikasa.umap). Post Tag is not valid. File might be corrupted.
[2017.11.20-21.23.57:042][777]LogLinker:Warning: Unable to load package (../../../../../../Users/HP/Documents/Unreal Projects/fps/Content/Maps/Mikasa.umap). Post Tag is not valid. File might be corrupted.
[2017.11.20-21.23.57:319][793]LogLinker:Warning: Unable to load package (../../../../../../Users/HP/Documents/Unreal Projects/fps/Content/Maps/Mikasa.umap). Post Tag is not valid. File might be corrupted.
[2017.11.20-21.24.11:482][626]MapCheck: New page: Map Check
[2017.11.20-21.24.11:523][626]Cmd: MAP REBUILD ALLVISIBLE
[2017.11.20-21.24.11:523][626]LogEditorServer: Rebuildmap Clear paths rebuilt
[2017.11.20-21.24.11:759][626]LogMaterial: Missing cached shader map for material FDebugViewModeMaterialProxy WorldGridMaterial, compiling. Is special engine material.
[2017.11.20-21.24.11:802][626]LogTemp:Display: Added material ShaderMap 0x0000012B892E1280 with Material 0x0000012B87BEC100 to ShaderMapsBeingCompiled
[2017.11.20-21.24.11:807][626]LogTemp:Display: Kicking off shader compilation for FDebugViewModeMaterialProxy WorldGridMaterial, GameThreadShaderMap 0x0000012B892E1280
[2017.11.20-21.24.11:845][626]LogMaterial: Missing cached shader map for material FDebugViewModeMaterialProxy M_Rock_Marble_Polished, compiling. 
[2017.11.20-21.24.11:847][626]LogTemp:Display: Added material ShaderMap 0x0000012B892E0B80 with Material 0x0000012B87BECA00 to ShaderMapsBeingCompiled
[2017.11.20-21.24.11:851][626]LogTemp:Display: Kicking off shader compilation for FDebugViewModeMaterialProxy M_Rock_Marble_Polished, GameThreadShaderMap 0x0000012B892E0B80
[2017.11.20-21.24.11:867][626]LogMaterial: Missing cached shader map for material FDebugViewModeMaterialProxy M_Rock_Sandstone, compiling. 
[2017.11.20-21.24.11:870][626]LogTemp:Display: Added material ShaderMap 0x0000012B9E60BC80 with Material 0x0000012B87BED300 to ShaderMapsBeingCompiled
[2017.11.20-21.24.11:876][626]LogTemp:Display: Kicking off shader compilation for FDebugViewModeMaterialProxy M_Rock_Sandstone, GameThreadShaderMap 0x0000012B9E60BC80
[2017.11.20-21.24.11:892][626]LogMaterial: Missing cached shader map for material FDebugViewModeMaterialProxy M_Tech_Panel, compiling. 
[2017.11.20-21.24.11:894][626]LogTemp:Display: Added material ShaderMap 0x0000012B9E60B200 with Material 0x0000012B87BED900 to ShaderMapsBeingCompiled
[2017.11.20-21.24.11:899][626]LogTemp:Display: Kicking off shader compilation for FDebugViewModeMaterialProxy M_Tech_Panel, GameThreadShaderMap 0x0000012B9E60B200
[2017.11.20-21.24.11:945][626]LogMaterial: Missing cached shader map for material FDebugViewModeMaterialProxy BasicShapeMaterial, compiling. 
[2017.11.20-21.24.11:946][626]LogTemp:Display: Added material ShaderMap 0x0000012B9E60A780 with Material 0x0000012B87BEDC00 to ShaderMapsBeingCompiled
[2017.11.20-21.24.11:951][626]LogTemp:Display: Kicking off shader compilation for FDebugViewModeMaterialProxy BasicShapeMaterial, GameThreadShaderMap 0x0000012B9E60A780
[2017.11.20-21.24.11:978][626]LogMaterial: Missing cached shader map for material FDebugViewModeMaterialProxy M_Metal_Burnished_Steel, compiling. 
[2017.11.20-21.24.11:980][626]LogTemp:Display: Added material ShaderMap 0x0000012B9E609280 with Material 0x0000012B87BEEE00 to ShaderMapsBeingCompiled
[2017.11.20-21.24.11:985][626]LogTemp:Display: Kicking off shader compilation for FDebugViewModeMaterialProxy M_Metal_Burnished_Steel, GameThreadShaderMap 0x0000012B9E609280
[2017.11.20-21.24.12:023][626]LogMaterial: Missing cached shader map for material FDebugViewModeMaterialProxy M_Metal_Rust, compiling. 
[2017.11.20-21.24.12:026][626]LogTemp:Display: Added material ShaderMap 0x0000012B9E608B80 with Material 0x0000012B9E5CFD00 to ShaderMapsBeingCompiled
[2017.11.20-21.24.12:031][626]LogTemp:Display: Kicking off shader compilation for FDebugViewModeMaterialProxy M_Metal_Rust, GameThreadShaderMap 0x0000012B9E608B80
[2017.11.20-21.24.12:038][626]LogMaterial: Missing cached shader map for material FDebugViewModeMaterialProxy M_Basic_Wall, compiling. 
[2017.11.20-21.24.12:040][626]LogTemp:Display: Added material ShaderMap 0x0000012B9E5BF900 with Material 0x0000012B9E5CF700 to ShaderMapsBeingCompiled
[2017.11.20-21.24.12:047][626]LogTemp:Display: Kicking off shader compilation for FDebugViewModeMaterialProxy M_Basic_Wall, GameThreadShaderMap 0x0000012B9E5BF900
[2017.11.20-21.24.16:826][626]LogTemp:Display: Finished compile of shader map 0x0000012B892E1280
[2017.11.20-21.24.16:826][626]LogTemp:Display: Shader map FDebugViewModeMaterialProxy WorldGridMaterial complete, GameThreadShaderMap 0x0000012B892E1280, marking material FDebugViewModeMaterialProxy WorldGridMaterial as finished
[2017.11.20-21.24.16:826][626]LogTemp:Display: Marking material as finished 0x0000012B87BEC100
[2017.11.20-21.24.16:831][626]LogTemp:Display: Finished compile of shader map 0x0000012B892E0B80
[2017.11.20-21.24.16:831][626]LogTemp:Display: Shader map FDebugViewModeMaterialProxy M_Rock_Marble_Polished complete, GameThreadShaderMap 0x0000012B892E0B80, marking material FDebugViewModeMaterialProxy M_Rock_Marble_Polished as finished
[2017.11.20-21.24.16:831][626]LogTemp:Display: Marking material as finished 0x0000012B87BECA00
[2017.11.20-21.24.16:835][626]LogTemp:Display: Finished compile of shader map 0x0000012B9E60BC80
[2017.11.20-21.24.16:835][626]LogTemp:Display: Shader map FDebugViewModeMaterialProxy M_Rock_Sandstone complete, GameThreadShaderMap 0x0000012B9E60BC80, marking material FDebugViewModeMaterialProxy M_Rock_Sandstone as finished
[2017.11.20-21.24.16:835][626]LogTemp:Display: Marking material as finished 0x0000012B87BED300
[2017.11.20-21.24.17:184][626]LogTemp:Display: Finished compile of shader map 0x0000012B9E60A780
[2017.11.20-21.24.17:184][626]LogTemp:Display: Shader map FDebugViewModeMaterialProxy BasicShapeMaterial complete, GameThreadShaderMap 0x0000012B9E60A780, marking material FDebugViewModeMaterialProxy BasicShapeMaterial as finished
[2017.11.20-21.24.17:184][626]LogTemp:Display: Marking material as finished 0x0000012B87BEDC00
[2017.11.20-21.24.17:621][626]LogFileManager:Warning: Error deleting file: C:/Users/HP/AppData/Local/Temp/UnrealShaderWorkingDir/7C1CCF92401A7B1AD22AA795E42CC6BA/2/WorkerOutputOnly.out (Error Code 32)
[2017.11.20-21.24.17:621][626]LogTemp:Display: Finished compile of shader map 0x0000012B9E609280
[2017.11.20-21.24.17:621][626]LogTemp:Display: Shader map FDebugViewModeMaterialProxy M_Metal_Burnished_Steel complete, GameThreadShaderMap 0x0000012B9E609280, marking material FDebugViewModeMaterialProxy M_Metal_Burnished_Steel as finished
[2017.11.20-21.24.17:621][626]LogTemp:Display: Marking material as finished 0x0000012B87BEEE00
[2017.11.20-21.24.17:878][626]LogTemp:Display: Finished compile of shader map 0x0000012B9E60B200
[2017.11.20-21.24.17:878][626]LogTemp:Display: Shader map FDebugViewModeMaterialProxy M_Tech_Panel complete, GameThreadShaderMap 0x0000012B9E60B200, marking material FDebugViewModeMaterialProxy M_Tech_Panel as finished
[2017.11.20-21.24.17:878][626]LogTemp:Display: Marking material as finished 0x0000012B87BED900
[2017.11.20-21.24.17:970][626]LogTemp:Display: Finished compile of shader map 0x0000012B9E5BF900
[2017.11.20-21.24.17:970][626]LogTemp:Display: Shader map FDebugViewModeMaterialProxy M_Basic_Wall complete, GameThreadShaderMap 0x0000012B9E5BF900, marking material FDebugViewModeMaterialProxy M_Basic_Wall as finished
[2017.11.20-21.24.17:970][626]LogTemp:Display: Marking material as finished 0x0000012B9E5CF700
[2017.11.20-21.24.21:350][626]LogTemp:Display: Finished compile of shader map 0x0000012B9E608B80
[2017.11.20-21.24.21:350][626]LogTemp:Display: Shader map FDebugViewModeMaterialProxy M_Metal_Rust complete, GameThreadShaderMap 0x0000012B9E608B80, marking material FDebugViewModeMaterialProxy M_Metal_Rust as finished
[2017.11.20-21.24.21:350][626]LogTemp:Display: Marking material as finished 0x0000012B9E5CFD00
[2017.11.20-21.24.21:353][626]TextureStreamingBuild:Display: Compiling optional shaders took 9.606 seconds.
[2017.11.20-21.24.21:468][626]LogLevel:Display: Export Material TexCoord Scales took 0.115 seconds.
[2017.11.20-21.24.21:489][626]TextureStreamingBuild:Display: Build Texture Streaming took 0.020 seconds.
[2017.11.20-21.24.21:540][626]LogEditorBuildUtils: Build time 0:10
[2017.11.20-21.24.23:710][751]LogTemp: Repeting last play command: Selected Viewport
[2017.11.20-21.24.23:731][751]LogBlueprintUserMessages: Early PlayInEditor Detection: Level '/Game/Maps/lina.lina:PersistentLevel' has LevelScriptBlueprint '/Game/Maps/lina.lina:PersistentLevel.lina' with GeneratedClass '/Game/Maps/lina.lina_C' with ClassGeneratedBy '/Game/Maps/lina.lina:PersistentLevel.lina'
[2017.11.20-21.24.23:731][751]LogPlayLevel: PlayLevel: No blueprints needed recompiling
[2017.11.20-21.24.23:731][751]PIE: New page: PIE session: lina (Nov 20, 2017, 5:24:23 AM)
[2017.11.20-21.24.23:731][751]LogPlayLevel: Creating play world package: /Game/Maps/UEDPIE_0_lina
[2017.11.20-21.24.23:795][751]LogPlayLevel: PIE: StaticDuplicateObject took: (0.064219s)
[2017.11.20-21.24.23:797][751]LogAIModule: Creating AISystem for world lina
[2017.11.20-21.24.23:797][751]LogPlayLevel: PIE: World Init took: (0.001550s)
[2017.11.20-21.24.23:797][751]LogPlayLevel: PIE: Created PIE world by copying editor world from /Game/Maps/lina.lina to /Game/Maps/UEDPIE_0_lina.lina (0.066250s)
[2017.11.20-21.24.23:830][751]LogInit: XAudio2 using 'Speaker/HP (Realtek High Definition Audio)' : 2 channels at 48 kHz using 32 bits per sample (channel mask 0x3)
[2017.11.20-21.24.23:852][751]LogInit: FAudioDevice initialized.
[2017.11.20-21.24.23:891][751]LogLoad: Game class is 'FPS_GameMode_C'
[2017.11.20-21.24.23:898][751]LogWorld: Bringing World /Game/Maps/UEDPIE_0_lina.lina up for play (max tick rate 60) at 2017.11.20-13.24.23
[2017.11.20-21.24.23:898][751]LogWorld: Bringing up level for play took: 0.006297
[2017.11.20-21.24.23:903][751]PIE: Info Play in editor start time for /Game/Maps/UEDPIE_0_lina -0.155
[2017.11.20-21.24.23:903][751]LogBlueprintUserMessages: Late PlayInEditor Detection: Level '/Game/Maps/lina.lina:PersistentLevel' has LevelScriptBlueprint '/Game/Maps/lina.lina:PersistentLevel.lina' with GeneratedClass '/Game/Maps/lina.lina_C' with ClassGeneratedBy '/Game/Maps/lina.lina:PersistentLevel.lina'
[2017.11.20-21.24.28:786][818]LogBlueprintUserMessages: Early EndPlayMap Detection: Level '/Game/Maps/lina.lina:PersistentLevel' has LevelScriptBlueprint '/Game/Maps/lina.lina:PersistentLevel.lina' with GeneratedClass '/Game/Maps/lina.lina_C' with ClassGeneratedBy '/Game/Maps/lina.lina:PersistentLevel.lina'
[2017.11.20-21.24.28:817][818]LogBlueprintUserMessages: Late EndPlayMap Detection: Level '/Game/Maps/lina.lina:PersistentLevel' has LevelScriptBlueprint '/Game/Maps/lina.lina:PersistentLevel.lina' with GeneratedClass '/Game/Maps/lina.lina_C' with ClassGeneratedBy '/Game/Maps/lina.lina:PersistentLevel.lina'
[2017.11.20-21.24.29:058][819]Cmd: QUIT_EDITOR
[2017.11.20-21.24.29:933][819]LogWindowsTextInputMethodSystem:Display: IME system now deactivated.
[2017.11.20-21.24.30:002][819]LogExit: Preparing to exit.
[2017.11.20-21.24.31:407][819]LogDirectoryWatcher: A directory notification for 'C:/Users/HP/Documents/Unreal Projects/fps/Content/' was aborted.
[2017.11.20-21.24.31:557][819]LogExit: Editor shut down
[2017.11.20-21.24.31:558][819]LogExit: Transaction tracking system shut down
[2017.11.20-21.24.32:592][819]LogObj: Freed 0b from 0 cluster array pools.
[2017.11.20-21.24.32:592][819]LogExit: Object subsystem successfully closed.
[2017.11.20-21.24.32:720][819]LogD3D11RHI: Shutdown
[2017.11.20-21.24.32:720][819]LogD3D11RHI: CleanupD3DDevice
[2017.11.20-21.24.33:022][819]LogD3D11RHI: ~FD3D11DynamicRHI
[2017.11.20-21.24.33:605][819]LogModuleManager: Shutting down and abandoning module HierarchicalLODUtilities (502)
[2017.11.20-21.24.33:605][819]LogModuleManager: Shutting down and abandoning module MovieSceneCapture (500)
[2017.11.20-21.24.33:605][819]LogModuleManager: Shutting down and abandoning module HierarchicalLODOutliner (498)
[2017.11.20-21.24.33:605][819]LogModuleManager: Shutting down and abandoning module CrashTracker (496)
[2017.11.20-21.24.33:605][819]LogModuleManager: Shutting down and abandoning module SceneOutliner (494)
[2017.11.20-21.24.33:605][819]LogModuleManager: Shutting down and abandoning module AddContentDialog (492)
[2017.11.20-21.24.33:627][819]LogDirectoryWatcher: A directory notification for 'C:/Program Files/Epic Games/UE_4.15/FeaturePacks/' was aborted.
[2017.11.20-21.24.33:644][819]LogModuleManager: Shutting down and abandoning module WidgetCarousel (491)
[2017.11.20-21.24.33:644][819]LogModuleManager: Shutting down and abandoning module EditorWidgets (488)
[2017.11.20-21.24.33:644][819]LogModuleManager: Shutting down and abandoning module CollectionManager (486)
[2017.11.20-21.24.33:644][819]LogDirectoryWatcher: A directory notification for 'C:/Users/HP/Documents/Unreal Projects/fps/Content/Collections/' was aborted.
[2017.11.20-21.24.33:644][819]LogDirectoryWatcher: A directory notification for 'C:/Users/HP/Documents/Unreal Projects/fps/Content/Developers/HP/Collections/' was aborted.
[2017.11.20-21.24.33:644][819]LogDirectoryWatcher: A directory notification for 'C:/Users/HP/Documents/Unreal Projects/fps/Saved/Collections/' was aborted.
[2017.11.20-21.24.33:645][819]LogModuleManager: Shutting down and abandoning module StatsViewer (484)
[2017.11.20-21.24.33:645][819]LogModuleManager: Shutting down and abandoning module FoliageEdit (482)
[2017.11.20-21.24.33:645][819]LogModuleManager: Shutting down and abandoning module LandscapeEditor (480)
[2017.11.20-21.24.33:660][819]LogModuleManager: Shutting down and abandoning module SceneDepthPickerMode (478)
[2017.11.20-21.24.33:660][819]LogModuleManager: Shutting down and abandoning module ActorPickerMode (476)
[2017.11.20-21.24.33:660][819]LogModuleManager: Shutting down and abandoning module GeometryMode (474)
[2017.11.20-21.24.33:660][819]LogModuleManager: Shutting down and abandoning module TextureAlignMode (472)
[2017.11.20-21.24.33:660][819]LogModuleManager: Shutting down and abandoning module BspMode (470)
[2017.11.20-21.24.33:660][819]LogModuleManager: Shutting down and abandoning module HardwareSurvey (468)
[2017.11.20-21.24.33:660][819]LogModuleManager: Shutting down and abandoning module SequenceRecorderSections (466)
[2017.11.20-21.24.33:660][819]LogModuleManager: Shutting down and abandoning module AutomationWorker (464)
[2017.11.20-21.24.33:660][819]LogModuleManager: Shutting down and abandoning module MatineeToLevelSequence (462)
[2017.11.20-21.24.33:660][819]LogModuleManager: Shutting down and abandoning module LevelSequenceEditor (460)
[2017.11.20-21.24.33:696][819]LogModuleManager: Shutting down and abandoning module PlacementMode (459)
[2017.11.20-21.24.33:696][819]LogModuleManager: Shutting down and abandoning module WmfMediaFactory (456)
[2017.11.20-21.24.33:696][819]LogModuleManager: Shutting down and abandoning module WmfMediaEditor (454)
[2017.11.20-21.24.33:696][819]LogModuleManager: Shutting down and abandoning module MfMediaFactory (452)
[2017.11.20-21.24.33:696][819]LogModuleManager: Shutting down and abandoning module MfMediaEditor (450)
[2017.11.20-21.24.33:696][819]LogModuleManager: Shutting down and abandoning module AvfMediaFactory (448)
[2017.11.20-21.24.33:696][819]LogModuleManager: Shutting down and abandoning module AvfMediaEditor (446)
[2017.11.20-21.24.33:696][819]LogModuleManager: Shutting down and abandoning module AndroidMediaFactory (444)
[2017.11.20-21.24.33:696][819]LogModuleManager: Shutting down and abandoning module Media (443)
[2017.11.20-21.24.33:696][819]LogModuleManager: Shutting down and abandoning module AndroidMediaEditor (440)
[2017.11.20-21.24.33:696][819]LogModuleManager: Shutting down and abandoning module CharacterAI (438)
[2017.11.20-21.24.33:696][819]LogModuleManager: Shutting down and abandoning module AudioCapture (436)
[2017.11.20-21.24.33:696][819]LogModuleManager: Shutting down and abandoning module SequenceRecorder (435)
[2017.11.20-21.24.33:696][819]LogModuleManager: Shutting down and abandoning module SmartSnapping (432)
[2017.11.20-21.24.33:696][819]LogModuleManager: Shutting down and abandoning module SessionServices (430)
[2017.11.20-21.24.33:696][819]LogModuleManager: Shutting down and abandoning module ViewportSnapping (428)
[2017.11.20-21.24.33:696][819]LogModuleManager: Shutting down and abandoning module ViewportInteraction (426)
[2017.11.20-21.24.33:696][819]LogModuleManager: Shutting down and abandoning module LogVisualizer (424)
[2017.11.20-21.24.33:724][819]LogModuleManager: Shutting down and abandoning module IntroTutorials (422)
[2017.11.20-21.24.33:736][819]LogModuleManager: Shutting down and abandoning module GameProjectGeneration (421)
[2017.11.20-21.24.33:751][819]LogModuleManager: Shutting down and abandoning module EditorLiveStreaming (418)
[2017.11.20-21.24.33:751][819]LogModuleManager: Shutting down and abandoning module IOSPlatformEditor (416)
[2017.11.20-21.24.33:751][819]LogModuleManager: Shutting down and abandoning module HTML5PlatformEditor (414)
[2017.11.20-21.24.33:751][819]LogModuleManager: Shutting down and abandoning module AndroidPlatformEditor (412)
[2017.11.20-21.24.33:752][819]LogModuleManager: Shutting down and abandoning module AndroidDeviceDetection (411)
[2017.11.20-21.24.34:156][819]LogModuleManager: Shutting down and abandoning module IOSRuntimeSettings (408)
[2017.11.20-21.24.34:156][819]LogModuleManager: Shutting down and abandoning module AndroidRuntimeSettings (406)
[2017.11.20-21.24.34:156][819]LogModuleManager: Shutting down and abandoning module InputBindingEditor (404)
[2017.11.20-21.24.34:156][819]LogModuleManager: Shutting down and abandoning module NiagaraEditor (402)
[2017.11.20-21.24.34:214][819]LogModuleManager: Shutting down and abandoning module MergeActors (400)
[2017.11.20-21.24.34:228][819]LogModuleManager: Shutting down and abandoning module SizeMap (398)
[2017.11.20-21.24.34:228][819]LogModuleManager: Shutting down and abandoning module TreeMap (396)
[2017.11.20-21.24.34:228][819]LogModuleManager: Shutting down and abandoning module ReferenceViewer (394)
[2017.11.20-21.24.34:228][819]LogModuleManager: Shutting down and abandoning module LocalizationDashboard (392)
[2017.11.20-21.24.34:233][819]LogModuleManager: Shutting down and abandoning module LocalizationService (391)
[2017.11.20-21.24.34:243][819]LogModuleManager: Shutting down and abandoning module HardwareTargeting (388)
[2017.11.20-21.24.34:243][819]LogModuleManager: Shutting down and abandoning module DeviceProfileEditor (386)
[2017.11.20-21.24.34:267][819]LogModuleManager: Shutting down and abandoning module UndoHistory (384)
[2017.11.20-21.24.34:267][819]LogModuleManager: Shutting down and abandoning module UserFeedback (382)
[2017.11.20-21.24.34:267][819]LogModuleManager: Shutting down and abandoning module XmlParser (380)
[2017.11.20-21.24.34:267][819]LogModuleManager: Shutting down and abandoning module Blutility (378)
[2017.11.20-21.24.34:267][819]LogModuleManager: Shutting down and abandoning module ProjectSettingsViewer (376)
[2017.11.20-21.24.34:267][819]LogModuleManager: Shutting down and abandoning module ProjectTargetPlatformEditor (375)
[2017.11.20-21.24.34:268][819]LogModuleManager: Shutting down and abandoning module EditorSettingsViewer (372)
[2017.11.20-21.24.34:268][819]LogModuleManager: Shutting down and abandoning module SettingsEditor (370)
[2017.11.20-21.24.34:268][819]LogModuleManager: Shutting down and abandoning module ProjectLauncher (368)
[2017.11.20-21.24.34:292][819]LogModuleManager: Shutting down and abandoning module SessionFrontend (366)
[2017.11.20-21.24.34:302][819]LogModuleManager: Shutting down and abandoning module ProfilerClient (364)
[2017.11.20-21.24.34:309][819]LogModuleManager: Shutting down and abandoning module DeviceManager (362)
[2017.11.20-21.24.34:323][819]LogModuleManager: Shutting down and abandoning module TargetDeviceServices (361)
[2017.11.20-21.24.34:376][819]LogModuleManager: Shutting down and abandoning module AutomationController (358)
[2017.11.20-21.24.34:376][819]LogModuleManager: Shutting down and abandoning module AutomationWindow (356)
[2017.11.20-21.24.34:405][819]LogModuleManager: Shutting down and abandoning module Layers (354)
[2017.11.20-21.24.34:432][819]LogModuleManager: Shutting down and abandoning module ComponentVisualizers (352)
[2017.11.20-21.24.34:433][819]LogModuleManager: Shutting down and abandoning module DetailCustomizations (350)
[2017.11.20-21.24.34:446][819]LogModuleManager: Shutting down and abandoning module PackagesDialog (348)
[2017.11.20-21.24.34:447][819]LogModuleManager: Shutting down and abandoning module Persona (346)
[2017.11.20-21.24.34:453][819]LogModuleManager: Shutting down and abandoning module AnimGraph (345)
[2017.11.20-21.24.34:453][819]LogModuleManager: Shutting down and abandoning module Kismet (342)
[2017.11.20-21.24.34:454][819]LogModuleManager: Shutting down and abandoning module GraphEditor (340)
[2017.11.20-21.24.34:548][819]LogModuleManager: Shutting down and abandoning module ClassViewer (338)
[2017.11.20-21.24.34:548][819]LogModuleManager: Shutting down and abandoning module Toolbox (336)
[2017.11.20-21.24.34:548][819]LogModuleManager: Shutting down and abandoning module ModuleUI (334)
[2017.11.20-21.24.34:564][819]LogModuleManager: Shutting down and abandoning module MovieSceneTools (332)
[2017.11.20-21.24.34:602][819]LogModuleManager: Shutting down and abandoning module OutputLog (330)
[2017.11.20-21.24.34:602][819]LogModuleManager: Shutting down and abandoning module GammaUI (328)
[2017.11.20-21.24.34:602][819]LogModuleManager: Shutting down and abandoning module Documentation (326)
[2017.11.20-21.24.34:602][819]LogModuleManager: Shutting down and abandoning module Niagara (324)
[2017.11.20-21.24.34:602][819]LogModuleManager: Shutting down and abandoning module StreamingPauseRendering (322)
[2017.11.20-21.24.34:602][819]LogModuleManager: Shutting down and abandoning module AnalyticsET (320)
[2017.11.20-21.24.34:602][819]LogModuleManager: Shutting down and abandoning module PortalServices (318)
[2017.11.20-21.24.34:603][819]LogModuleManager: Shutting down and abandoning module PortalRpc (316)
[2017.11.20-21.24.34:603][819]LogModuleManager: Shutting down and abandoning module MessagingRpc (314)
[2017.11.20-21.24.34:603][819]LogModuleManager: Shutting down and abandoning module AIModule (312)
[2017.11.20-21.24.34:615][819]LogModuleManager: Shutting down and abandoning module GameplayDebugger (311)
[2017.11.20-21.24.34:615][819]LogModuleManager: Shutting down and abandoning module AITestSuite (309)
[2017.11.20-21.24.34:616][819]LogModuleManager: Shutting down and abandoning module ProfilerService (306)
[2017.11.20-21.24.34:730][819]LogModuleManager: Shutting down and abandoning module TaskGraph (304)
[2017.11.20-21.24.34:762][819]LogModuleManager: Shutting down and abandoning module SteamVRController (302)
[2017.11.20-21.24.34:763][819]LogModuleManager: Shutting down and abandoning module SteamVR (300)
[2017.11.20-21.24.34:763][819]LogModuleManager: Shutting down and abandoning module ProceduralMeshComponentEditor (298)
[2017.11.20-21.24.34:763][819]LogModuleManager: Shutting down and abandoning module ProceduralMeshComponent (296)
[2017.11.20-21.24.34:763][819]LogModuleManager: Shutting down and abandoning module OculusLibrary (294)
[2017.11.20-21.24.34:763][819]LogModuleManager: Shutting down and abandoning module OculusInput (292)
[2017.11.20-21.24.34:763][819]LogModuleManager: Shutting down and abandoning module MobilePatchingUtils (290)
[2017.11.20-21.24.34:763][819]LogModuleManager: Shutting down and abandoning module CustomMeshComponent (288)
[2017.11.20-21.24.34:763][819]LogModuleManager: Shutting down and abandoning module CableComponent (286)
[2017.11.20-21.24.34:763][819]LogModuleManager: Shutting down and abandoning module ArchVisCharacter (284)
[2017.11.20-21.24.34:763][819]LogModuleManager: Shutting down and abandoning module MediaPlayerEditor (280)
[2017.11.20-21.24.34:787][819]LogModuleManager: Shutting down and abandoning module HTML5Networking (278)
[2017.11.20-21.24.34:787][819]LogModuleManager: Shutting down and abandoning module AlembicImporter (276)
[2017.11.20-21.24.34:787][819]LogModuleManager: Shutting down and abandoning module AlembicLibrary (275)
[2017.11.20-21.24.34:787][819]LogModuleManager: Shutting down and abandoning module GeometryCache (274)
[2017.11.20-21.24.34:787][819]LogModuleManager: Shutting down and abandoning module GeometryCacheEd (273)
[2017.11.20-21.24.34:787][819]LogModuleManager: Shutting down and abandoning module SuperSearchEditor (268)
[2017.11.20-21.24.34:787][819]LogModuleManager: Shutting down and abandoning module SuperSearch (267)
[2017.11.20-21.24.34:787][819]LogModuleManager: Shutting down and abandoning module SpeedTreeImporter (264)
[2017.11.20-21.24.34:787][819]LogModuleManager: Shutting down and abandoning module PluginBrowser (262)
[2017.11.20-21.24.34:795][819]LogModuleManager: Shutting down and abandoning module MobileLauncherProfileWizard (260)
[2017.11.20-21.24.34:807][819]LogModuleManager: Shutting down and abandoning module EpicSurvey (258)
[2017.11.20-21.24.34:807][819]LogModuleManager: Shutting down and abandoning module VisualStudioSourceCodeAccess (256)
[2017.11.20-21.24.34:807][819]LogModuleManager: Shutting down and abandoning module DesktopPlatform (255)
[2017.11.20-21.24.34:807][819]LogModuleManager: Shutting down and abandoning module UObjectPlugin (252)
[2017.11.20-21.24.34:807][819]LogModuleManager: Shutting down and abandoning module SubversionSourceControl (250)
[2017.11.20-21.24.34:807][819]LogModuleManager: Shutting down and abandoning module PerforceSourceControl (248)
[2017.11.20-21.24.34:819][819]LogModuleManager: Shutting down and abandoning module GitSourceControl (246)
[2017.11.20-21.24.34:819][819]LogModuleManager: Shutting down and abandoning module SourceControl (245)
[2017.11.20-21.24.34:829][819]LogModuleManager: Shutting down and abandoning module LightPropagationVolumeEditor (242)
[2017.11.20-21.24.34:829][819]LogModuleManager: Shutting down and abandoning module PaperTiledImporter (240)
[2017.11.20-21.24.34:829][819]LogModuleManager: Shutting down and abandoning module PaperSpriteSheetImporter (238)
[2017.11.20-21.24.34:829][819]LogModuleManager: Shutting down and abandoning module Paper2DEditor (236)
[2017.11.20-21.24.34:844][819]LogModuleManager: Shutting down and abandoning module MeshPaint (235)
[2017.11.20-21.24.34:844][819]LogModuleManager: Shutting down and abandoning module LevelEditor (233)
[2017.11.20-21.24.34:846][819]LogModuleManager: Shutting down and abandoning module PixelInspectorModule (232)
[2017.11.20-21.24.34:846][819]LogModuleManager: Shutting down and abandoning module MainFrame (230)
[2017.11.20-21.24.34:846][819]LogModuleManager: Shutting down and abandoning module HotReload (229)
[2017.11.20-21.24.34:847][819]LogModuleManager: Shutting down and abandoning module ContentBrowser (225)
[2017.11.20-21.24.34:849][819]LogModuleManager: Shutting down and abandoning module PhysXVehiclesEditor (222)
[2017.11.20-21.24.34:849][819]LogModuleManager: Shutting down and abandoning module PhysXVehicles (220)
[2017.11.20-21.24.34:849][819]LogModuleManager: Shutting down and abandoning module LocationServicesBPLibrary (218)
[2017.11.20-21.24.34:849][819]LogModuleManager: Shutting down and abandoning module UdpMessaging (216)
[2017.11.20-21.24.34:949][819]LogModuleManager: Shutting down and abandoning module TcpMessaging (214)
[2017.11.20-21.24.35:050][819]LogModuleManager: Shutting down and abandoning module GameplayTagsEditor (212)
[2017.11.20-21.24.35:063][819]LogModuleManager: Shutting down and abandoning module FacialAnimationEditor (210)
[2017.11.20-21.24.35:073][819]LogModuleManager: Shutting down and abandoning module FacialAnimation (208)
[2017.11.20-21.24.35:073][819]LogModuleManager: Shutting down and abandoning module LightPropagationVolumeRuntime (206)
[2017.11.20-21.24.35:073][819]LogModuleManager: Shutting down and abandoning module Paper2D (204)
[2017.11.20-21.24.35:082][819]LogModuleManager: Shutting down and abandoning module WindowsMoviePlayer (202)
[2017.11.20-21.24.35:082][819]LogModuleManager: Shutting down and abandoning module WmfMedia (200)
[2017.11.20-21.24.35:082][819]LogModuleManager: Shutting down and abandoning module MfMedia (198)
[2017.11.20-21.24.35:082][819]LogModuleManager: Shutting down and abandoning module MediaAssets (196)
[2017.11.20-21.24.35:082][819]LogModuleManager: Shutting down and abandoning module GameLiveStreaming (194)
[2017.11.20-21.24.35:083][819]LogModuleManager: Shutting down and abandoning module VREditor (192)
[2017.11.20-21.24.35:083][819]LogModuleManager: Shutting down and abandoning module GameplayTasksEditor (190)
[2017.11.20-21.24.35:083][819]LogModuleManager: Shutting down and abandoning module BehaviorTreeEditor (188)
[2017.11.20-21.24.35:104][819]LogModuleManager: Shutting down and abandoning module FunctionalTesting (186)
[2017.11.20-21.24.35:105][819]LogModuleManager: Shutting down and abandoning module CollisionAnalyzer (184)
[2017.11.20-21.24.35:113][819]LogModuleManager: Shutting down and abandoning module UMG (182)
[2017.11.20-21.24.35:169][819]LogModuleManager: Shutting down and abandoning module UMGEditor (181)
[2017.11.20-21.24.35:209][819]LogModuleManager: Shutting down and abandoning module Sequencer (180)
[2017.11.20-21.24.35:222][819]LogModuleManager: Shutting down and abandoning module AssetTools (178)
[2017.11.20-21.24.35:254][819]LogModuleManager: Shutting down and abandoning module MessageLog (177)
[2017.11.20-21.24.35:254][819]LogModuleManager: Shutting down and abandoning module WorkspaceMenuStructure (176)
[2017.11.20-21.24.35:254][819]LogModuleManager: Shutting down and abandoning module SlateReflector (170)
[2017.11.20-21.24.35:271][819]LogModuleManager: Shutting down and abandoning module Slate (168)
[2017.11.20-21.24.35:271][819]LogModuleManager: Shutting down and abandoning module EditorStyle (166)
[2017.11.20-21.24.35:275][819]LogModuleManager: Shutting down and abandoning module SourceCodeAccess (164)
[2017.11.20-21.24.35:281][819]LogModuleManager: Shutting down and abandoning module HeadMountedDisplay (162)
[2017.11.20-21.24.35:281][819]LogModuleManager: Shutting down and abandoning module XAudio2 (160)
[2017.11.20-21.24.35:281][819]LogModuleManager: Shutting down and abandoning module Networking (158)
[2017.11.20-21.24.35:281][819]LogModuleManager: Shutting down and abandoning module Core (154)
[2017.11.20-21.24.35:281][819]LogModuleManager: Shutting down and abandoning module AssetRegistry (152)
[2017.11.20-21.24.35:368][819]LogDirectoryWatcher: A directory notification for '../../../Engine/Content/' was aborted.
[2017.11.20-21.24.35:369][819]LogDirectoryWatcher: A directory notification for '../../../../../../Users/HP/Documents/Unreal Projects/fps/Content/' was aborted.
[2017.11.20-21.24.35:369][819]LogDirectoryWatcher: A directory notification for '../../../Engine/Plugins/2D/Paper2D/Content/' was aborted.
[2017.11.20-21.24.35:369][819]LogModuleManager: Shutting down and abandoning module DirectoryWatcher (151)
[2017.11.20-21.24.35:370][819]LogModuleManager: Shutting down and abandoning module KismetCompiler (148)
[2017.11.20-21.24.35:370][819]LogModuleManager: Shutting down and abandoning module PhysXFormats (146)
[2017.11.20-21.24.35:370][819]LogModuleManager: Shutting down and abandoning module MeshUtilities (144)
[2017.11.20-21.24.35:370][819]LogModuleManager: Shutting down and abandoning module SimplygonSwarm (143)
[2017.11.20-21.24.35:370][819]LogModuleManager: Shutting down and abandoning module SimplygonMeshReduction (141)
[2017.11.20-21.24.35:370][819]LogModuleManager: Shutting down and abandoning module QuadricMeshReduction (139)
[2017.11.20-21.24.35:370][819]LogModuleManager: Shutting down and abandoning module PropertyEditor (137)
[2017.11.20-21.24.35:409][819]LogModuleManager: Shutting down and abandoning module DerivedDataCache (134)
[2017.11.20-21.24.35:413][819]LogDerivedDataCache: Shutdown
[2017.11.20-21.24.35:413][819]LogModuleManager: Shutting down and abandoning module TargetPlatform (132)
[2017.11.20-21.24.35:413][819]LogModuleManager: Shutting down and abandoning module VulkanShaderFormat (131)
[2017.11.20-21.24.35:413][819]LogModuleManager: Shutting down and abandoning module ShaderFormatOpenGL (129)
[2017.11.20-21.24.35:430][819]LogModuleManager: Shutting down and abandoning module ShaderFormatD3D (127)
[2017.11.20-21.24.35:430][819]LogModuleManager: Shutting down and abandoning module MetalShaderFormat (125)
[2017.11.20-21.24.35:466][819]LogModuleManager: Shutting down and abandoning module TextureFormatUncompressed (123)
[2017.11.20-21.24.35:466][819]LogModuleManager: Shutting down and abandoning module TextureFormatPVR (121)
[2017.11.20-21.24.35:466][819]LogModuleManager: Shutting down and abandoning module TextureFormatDXT (119)
[2017.11.20-21.24.35:466][819]LogModuleManager: Shutting down and abandoning module TextureFormatIntelISPCTexComp (117)
[2017.11.20-21.24.35:466][819]LogModuleManager: Shutting down and abandoning module TextureFormatASTC (115)
[2017.11.20-21.24.35:466][819]LogModuleManager: Shutting down and abandoning module ImageWrapper (114)
[2017.11.20-21.24.35:466][819]LogModuleManager: Shutting down and abandoning module TextureFormatAndroid (111)
[2017.11.20-21.24.35:466][819]LogModuleManager: Shutting down and abandoning module AudioFormatOpus (109)
[2017.11.20-21.24.35:466][819]LogModuleManager: Shutting down and abandoning module AudioFormatOgg (107)
[2017.11.20-21.24.35:467][819]LogModuleManager: Shutting down and abandoning module AudioFormatADPCM (105)
[2017.11.20-21.24.35:467][819]LogModuleManager: Shutting down and abandoning module LinuxTargetPlatform (103)
[2017.11.20-21.24.35:467][819]LogModuleManager: Shutting down and abandoning module LinuxServerTargetPlatform (101)
[2017.11.20-21.24.35:467][819]LogModuleManager: Shutting down and abandoning module LinuxNoEditorTargetPlatform (99)
[2017.11.20-21.24.35:467][819]LogModuleManager: Shutting down and abandoning module LinuxClientTargetPlatform (97)
[2017.11.20-21.24.35:467][819]LogModuleManager: Shutting down and abandoning module TVOSTargetPlatform (95)
[2017.11.20-21.24.35:467][819]LogModuleManager: Shutting down and abandoning module Messaging (93)
[2017.11.20-21.24.35:467][819]LogModuleManager: Shutting down and abandoning module IOSTargetPlatform (91)
[2017.11.20-21.24.35:467][819]LogModuleManager: Shutting down and abandoning module HTML5TargetPlatform (89)
[2017.11.20-21.24.35:467][819]LogModuleManager: Shutting down and abandoning module Android_PVRTCTargetPlatform (87)
[2017.11.20-21.24.35:467][819]LogModuleManager: Shutting down and abandoning module Android_MultiTargetPlatform (85)
[2017.11.20-21.24.35:467][819]LogModuleManager: Shutting down and abandoning module Android_ETC2TargetPlatform (83)
[2017.11.20-21.24.35:467][819]LogModuleManager: Shutting down and abandoning module Android_ETC1TargetPlatform (81)
[2017.11.20-21.24.35:467][819]LogModuleManager: Shutting down and abandoning module Android_DXTTargetPlatform (79)
[2017.11.20-21.24.35:467][819]LogModuleManager: Shutting down and abandoning module Android_ATCTargetPlatform (77)
[2017.11.20-21.24.35:467][819]LogModuleManager: Shutting down and abandoning module Android_ASTCTargetPlatform (75)
[2017.11.20-21.24.35:467][819]LogModuleManager: Shutting down and abandoning module AndroidTargetPlatform (73)
[2017.11.20-21.24.35:467][819]LogModuleManager: Shutting down and abandoning module WindowsTargetPlatform (71)
[2017.11.20-21.24.35:467][819]LogModuleManager: Shutting down and abandoning module WindowsServerTargetPlatform (69)
[2017.11.20-21.24.35:467][819]LogModuleManager: Shutting down and abandoning module WindowsNoEditorTargetPlatform (67)
[2017.11.20-21.24.35:467][819]LogModuleManager: Shutting down and abandoning module WindowsClientTargetPlatform (65)
[2017.11.20-21.24.35:467][819]LogModuleManager: Shutting down and abandoning module MacTargetPlatform (63)
[2017.11.20-21.24.35:467][819]LogModuleManager: Shutting down and abandoning module MacServerTargetPlatform (61)
[2017.11.20-21.24.35:467][819]LogModuleManager: Shutting down and abandoning module MacNoEditorTargetPlatform (59)
[2017.11.20-21.24.35:467][819]LogModuleManager: Shutting down and abandoning module MacClientTargetPlatform (57)
[2017.11.20-21.24.35:467][819]LogModuleManager: Shutting down and abandoning module AllDesktopTargetPlatform (55)
[2017.11.20-21.24.35:467][819]LogModuleManager: Shutting down and abandoning module InputCore (52)
[2017.11.20-21.24.35:467][819]LogModuleManager: Shutting down and abandoning module Settings (50)
[2017.11.20-21.24.35:467][819]LogModuleManager: Shutting down and abandoning module OculusRift (48)
[2017.11.20-21.24.35:467][819]LogModuleManager: Shutting down and abandoning module GearVR (46)
[2017.11.20-21.24.35:467][819]LogModuleManager: Shutting down and abandoning module ExampleDeviceProfileSelector (44)
[2017.11.20-21.24.35:467][819]LogModuleManager: Shutting down and abandoning module OnlineBlueprintSupport (42)
[2017.11.20-21.24.35:467][819]LogModuleManager: Shutting down and abandoning module OnlineSubsystem (38)
[2017.11.20-21.24.35:467][819]LogOnline:Display: Unloading online subsystem: NULL
[2017.11.20-21.24.35:476][819]LogModuleManager: Shutting down and abandoning module XMPP (37)
[2017.11.20-21.24.35:481][819]LogModuleManager: Shutting down and abandoning module HTTP (35)
[2017.11.20-21.24.35:481][819]LogHttp:Display: Http module shutting down, but needs to wait on 1 outstanding Http requests:
[2017.11.20-21.24.35:481][819]LogHttp:Display: 	verb=[POST] url=[https://datarouter.ol.epicgames.com/datarouter/api/v1/public/data?SessionID=%7B282F24C4-4BC0-614E-2720-97A6328B6249%7D&AppID=UEEditor.Rocket.Release&AppVersion=4.15.2-3416026%2B%2B%2BUE4%2BRelease-4.15&UserID=1b410e7c418ce58e9086538397e03c48%7C208ea35da04a410182c0ef589c197869%7C11cb3bca-93fb-49a4-9cd0-93aaf9e061bd&AppEnvironment=datacollector-binary&UploadType=eteventstream] status=Processing
[2017.11.20-21.24.35:490][819]LogModuleManager: Shutting down and abandoning module SSL (34)
[2017.11.20-21.24.35:492][819]LogModuleManager: Shutting down and abandoning module AudioEditor (30)
[2017.11.20-21.24.35:509][819]LogModuleManager: Shutting down and abandoning module TextureCompressor (28)
[2017.11.20-21.24.35:509][819]LogModuleManager: Shutting down and abandoning module ShaderCore (26)
[2017.11.20-21.24.35:509][819]LogModuleManager: Shutting down and abandoning module Landscape (24)
[2017.11.20-21.24.35:509][819]LogModuleManager: Shutting down and abandoning module SlateRHIRenderer (22)
[2017.11.20-21.24.35:521][819]LogModuleManager: Shutting down and abandoning module OpenGLDrv (20)
[2017.11.20-21.24.35:532][819]LogModuleManager: Shutting down and abandoning module D3D11RHI (18)
[2017.11.20-21.24.35:532][819]LogModuleManager: Shutting down and abandoning module AnimGraphRuntime (16)
[2017.11.20-21.24.35:540][819]LogModuleManager: Shutting down and abandoning module Renderer (14)
[2017.11.20-21.24.35:540][819]LogModuleManager: Shutting down and abandoning module Engine (12)
[2017.11.20-21.24.35:540][819]LogModuleManager: Shutting down and abandoning module CoreUObject (10)
[2017.11.20-21.24.35:540][819]LogModuleManager: Shutting down and abandoning module NetworkFile (8)
[2017.11.20-21.24.35:540][819]LogModuleManager: Shutting down and abandoning module StreamingFile (6)
[2017.11.20-21.24.35:540][819]LogModuleManager: Shutting down and abandoning module SandboxFile (4)
[2017.11.20-21.24.35:540][819]LogModuleManager: Shutting down and abandoning module PakFile (2)
[2017.11.20-21.24.35:570][819]LogExit: Exiting.
[2017.11.20-21.24.35:572][819]Log file closed, 11/20/17 13:24:35
